---------------------------------------------------------------
[ 2018-02-09T19:07:44+08:00 ] 127.0.0.1 127.0.0.1 POST /admin/museum/category/select
[ info ] changzhou.admin.com/admin/museum/category/select [运行时间：0.011743s][吞吐率：85.16req/s] [内存消耗：911.35kb] [文件加载：52]
[ info ] [ LANG ] /home/calf/admin//thinkphp/lang/zh-cn.php
[ info ] [ ROUTE ] array (
  'type' => 'module',
  'module' => 
  array (
    0 => 'admin',
    1 => 'museum.category',
    2 => 'select',
  ),
  'convert' => false,
)
[ info ] [ HEADER ] array (
  'host' => 'changzhou.admin.com',
  'connection' => 'keep-alive',
  'content-length' => '13',
  'accept' => 'application/json',
  'origin' => 'http://localhost:3000',
  'user-agent' => 'Mozilla/5.0 (X11; Linux x86_64) AppleWebKit/537.36 (KHTML, like Gecko) Ubuntu Chromium/64.0.3282.119 Chrome/64.0.3282.119 Safari/537.36',
  'content-type' => 'application/json',
  'referer' => 'http://localhost:3000/admin/museum/exhibition/list',
  'accept-encoding' => 'gzip, deflate',
  'accept-language' => 'zh-CN,zh;q=0.9',
  'cookie' => '__utma=263463772.1899665212.1506839425.1508554965.1508632765.5; __utmz=263463772.1506839425.1.1.utmcsr=(direct)|utmccn=(direct)|utmcmd=(none); PHPSESSID=d14ric2ccgcjk5cdqo41vjqjl1',
)
[ info ] [ PARAM ] array (
  'tree' => true,
)
[ info ] [ SESSION ] INIT array (
  'id' => '',
  'var_session_id' => '',
  'prefix' => 'think',
  'type' => '',
  'auto_start' => true,
)
[ info ] [ LOG ] INIT File
---------------------------------------------------------------
[ 2018-02-09T19:07:44+08:00 ] 127.0.0.1 127.0.0.1 POST /admin/museum/exhibition/select
[ info ] changzhou.admin.com/admin/museum/exhibition/select [运行时间：0.014515s][吞吐率：68.89req/s] [内存消耗：911.88kb] [文件加载：52]
[ info ] [ LANG ] /home/calf/admin//thinkphp/lang/zh-cn.php
[ info ] [ ROUTE ] array (
  'type' => 'module',
  'module' => 
  array (
    0 => 'admin',
    1 => 'museum.exhibition',
    2 => 'select',
  ),
  'convert' => false,
)
[ info ] [ HEADER ] array (
  'host' => 'changzhou.admin.com',
  'connection' => 'keep-alive',
  'content-length' => '35',
  'accept' => 'application/json',
  'origin' => 'http://localhost:3000',
  'user-agent' => 'Mozilla/5.0 (X11; Linux x86_64) AppleWebKit/537.36 (KHTML, like Gecko) Ubuntu Chromium/64.0.3282.119 Chrome/64.0.3282.119 Safari/537.36',
  'content-type' => 'application/json',
  'referer' => 'http://localhost:3000/admin/museum/exhibition/list',
  'accept-encoding' => 'gzip, deflate',
  'accept-language' => 'zh-CN,zh;q=0.9',
  'cookie' => '__utma=263463772.1899665212.1506839425.1508554965.1508632765.5; __utmz=263463772.1506839425.1.1.utmcsr=(direct)|utmccn=(direct)|utmcmd=(none); PHPSESSID=d14ric2ccgcjk5cdqo41vjqjl1',
)
[ info ] [ PARAM ] array (
  'page' => 1,
  'limit' => 10,
  'category' => 
  array (
  ),
)
[ info ] [ SESSION ] INIT array (
  'id' => '',
  'var_session_id' => '',
  'prefix' => 'think',
  'type' => '',
  'auto_start' => true,
)
[ info ] [ LOG ] INIT File
