---------------------------------------------------------------
[ 2018-01-13T10:04:12+08:00 ] 127.0.0.1 127.0.0.1 POST /game/puzzle/select
[ info ] changzhou.admin.com/game/puzzle/select [运行时间：0.133437s][吞吐率：7.49req/s] [内存消耗：976.16kb] [文件加载：57]
[ info ] [ LANG ] /home/calf/admin//thinkphp/lang/zh-cn.php
[ info ] [ ROUTE ] array (
  'type' => 'module',
  'module' => 
  array (
    0 => 'game',
    1 => 'puzzle',
    2 => 'select',
  ),
  'convert' => false,
)
[ info ] [ HEADER ] array (
  'host' => 'changzhou.admin.com',
  'connection' => 'keep-alive',
  'content-length' => '2',
  'pragma' => 'no-cache',
  'cache-control' => 'no-cache',
  'accept' => 'application/json',
  'origin' => 'http://localhost:3000',
  'user-agent' => 'Mozilla/5.0 (iPhone; CPU iPhone OS 10_3 like Mac OS X) AppleWebKit/602.1.50 (KHTML, like Gecko) CriOS/56.0.2924.75 Mobile/14E5239e Safari/602.1',
  'content-type' => 'application/json',
  'referer' => 'http://localhost:3000/',
  'accept-encoding' => 'gzip, deflate',
  'accept-language' => 'zh-CN,zh;q=0.9',
)
[ info ] [ PARAM ] array (
)
[ info ] [ RUN ] app\game\controller\Puzzle->select[ /home/calf/admin/changzhou/application/game/controller/Puzzle.php ]
[ info ] [ DB ] INIT \think\mongo\Connection
[ info ] [ LOG ] INIT File
[ sql ] [ DB ] CONNECT:[ UseTime:0.000527s ] 
[ sql ] [ Mongo ] db.game_puzzle.find({"$and":[{"deleteAt":{"$exists":false}}]}).limit(0); [ RunTime:0.001801s ]
---------------------------------------------------------------
[ 2018-01-13T10:56:26+08:00 ] 127.0.0.1 127.0.0.1 POST /game/puzzle/select
[ info ] changzhou.admin.com/game/puzzle/select [运行时间：0.018909s][吞吐率：52.88req/s] [内存消耗：953.81kb] [文件加载：57]
[ info ] [ LANG ] /home/calf/admin//thinkphp/lang/zh-cn.php
[ info ] [ ROUTE ] array (
  'type' => 'module',
  'module' => 
  array (
    0 => 'game',
    1 => 'puzzle',
    2 => 'select',
  ),
  'convert' => false,
)
[ info ] [ HEADER ] array (
  'host' => 'changzhou.admin.com',
  'connection' => 'keep-alive',
  'content-length' => '2',
  'pragma' => 'no-cache',
  'cache-control' => 'no-cache',
  'accept' => 'application/json',
  'origin' => 'http://localhost:3000',
  'user-agent' => 'Mozilla/5.0 (iPhone; CPU iPhone OS 10_3 like Mac OS X) AppleWebKit/602.1.50 (KHTML, like Gecko) CriOS/56.0.2924.75 Mobile/14E5239e Safari/602.1',
  'content-type' => 'application/json',
  'referer' => 'http://localhost:3000/',
  'accept-encoding' => 'gzip, deflate',
  'accept-language' => 'zh-CN,zh;q=0.9',
)
[ info ] [ PARAM ] array (
)
[ info ] [ RUN ] app\game\controller\Puzzle->select[ /home/calf/admin/changzhou/application/game/controller/Puzzle.php ]
[ info ] [ DB ] INIT \think\mongo\Connection
[ info ] [ LOG ] INIT File
[ sql ] [ DB ] CONNECT:[ UseTime:0.000093s ] 
[ sql ] [ Mongo ] db.game_puzzle.find({"$and":[{"deleteAt":{"$exists":false}}]}).limit(0); [ RunTime:0.000684s ]
---------------------------------------------------------------
[ 2018-01-13T10:57:32+08:00 ] 127.0.0.1 127.0.0.1 POST /game/puzzle/select
[ info ] changzhou.admin.com/game/puzzle/select [运行时间：0.021873s][吞吐率：45.72req/s] [内存消耗：953.81kb] [文件加载：57]
[ info ] [ LANG ] /home/calf/admin//thinkphp/lang/zh-cn.php
[ info ] [ ROUTE ] array (
  'type' => 'module',
  'module' => 
  array (
    0 => 'game',
    1 => 'puzzle',
    2 => 'select',
  ),
  'convert' => false,
)
[ info ] [ HEADER ] array (
  'host' => 'changzhou.admin.com',
  'connection' => 'keep-alive',
  'content-length' => '2',
  'pragma' => 'no-cache',
  'cache-control' => 'no-cache',
  'accept' => 'application/json',
  'origin' => 'http://localhost:3000',
  'user-agent' => 'Mozilla/5.0 (iPhone; CPU iPhone OS 10_3 like Mac OS X) AppleWebKit/602.1.50 (KHTML, like Gecko) CriOS/56.0.2924.75 Mobile/14E5239e Safari/602.1',
  'content-type' => 'application/json',
  'referer' => 'http://localhost:3000/',
  'accept-encoding' => 'gzip, deflate',
  'accept-language' => 'zh-CN,zh;q=0.9',
)
[ info ] [ PARAM ] array (
)
[ info ] [ RUN ] app\game\controller\Puzzle->select[ /home/calf/admin/changzhou/application/game/controller/Puzzle.php ]
[ info ] [ DB ] INIT \think\mongo\Connection
[ info ] [ LOG ] INIT File
[ sql ] [ DB ] CONNECT:[ UseTime:0.000094s ] 
[ sql ] [ Mongo ] db.game_puzzle.find({"$and":[{"deleteAt":{"$exists":false}}]}).limit(0); [ RunTime:0.000756s ]
---------------------------------------------------------------
[ 2018-01-13T11:01:16+08:00 ] 127.0.0.1 127.0.0.1 POST /game/puzzle/select
[ info ] changzhou.admin.com/game/puzzle/select [运行时间：0.019926s][吞吐率：50.19req/s] [内存消耗：953.80kb] [文件加载：57]
[ info ] [ LANG ] /home/calf/admin//thinkphp/lang/zh-cn.php
[ info ] [ ROUTE ] array (
  'type' => 'module',
  'module' => 
  array (
    0 => 'game',
    1 => 'puzzle',
    2 => 'select',
  ),
  'convert' => false,
)
[ info ] [ HEADER ] array (
  'host' => 'changzhou.admin.com',
  'connection' => 'keep-alive',
  'content-length' => '2',
  'pragma' => 'no-cache',
  'cache-control' => 'no-cache',
  'accept' => 'application/json',
  'origin' => 'http://localhost:3000',
  'user-agent' => 'Mozilla/5.0 (iPhone; CPU iPhone OS 10_3 like Mac OS X) AppleWebKit/602.1.50 (KHTML, like Gecko) CriOS/56.0.2924.75 Mobile/14E5239e Safari/602.1',
  'content-type' => 'application/json',
  'referer' => 'http://localhost:3000/',
  'accept-encoding' => 'gzip, deflate',
  'accept-language' => 'zh-CN,zh;q=0.9',
)
[ info ] [ PARAM ] array (
)
[ info ] [ RUN ] app\game\controller\Puzzle->select[ /home/calf/admin/changzhou/application/game/controller/Puzzle.php ]
[ info ] [ DB ] INIT \think\mongo\Connection
[ info ] [ LOG ] INIT File
[ sql ] [ DB ] CONNECT:[ UseTime:0.000090s ] 
[ sql ] [ Mongo ] db.game_puzzle.find({"$and":[{"deleteAt":{"$exists":false}}]}).limit(0); [ RunTime:0.002964s ]
---------------------------------------------------------------
[ 2018-01-13T11:01:43+08:00 ] 127.0.0.1 127.0.0.1 POST /game/puzzle/select
[ info ] changzhou.admin.com/game/puzzle/select [运行时间：0.012174s][吞吐率：82.14req/s] [内存消耗：953.80kb] [文件加载：57]
[ info ] [ LANG ] /home/calf/admin//thinkphp/lang/zh-cn.php
[ info ] [ ROUTE ] array (
  'type' => 'module',
  'module' => 
  array (
    0 => 'game',
    1 => 'puzzle',
    2 => 'select',
  ),
  'convert' => false,
)
[ info ] [ HEADER ] array (
  'host' => 'changzhou.admin.com',
  'connection' => 'keep-alive',
  'content-length' => '2',
  'pragma' => 'no-cache',
  'cache-control' => 'no-cache',
  'accept' => 'application/json',
  'origin' => 'http://localhost:3000',
  'user-agent' => 'Mozilla/5.0 (iPhone; CPU iPhone OS 10_3 like Mac OS X) AppleWebKit/602.1.50 (KHTML, like Gecko) CriOS/56.0.2924.75 Mobile/14E5239e Safari/602.1',
  'content-type' => 'application/json',
  'referer' => 'http://localhost:3000/',
  'accept-encoding' => 'gzip, deflate',
  'accept-language' => 'zh-CN,zh;q=0.9',
)
[ info ] [ PARAM ] array (
)
[ info ] [ RUN ] app\game\controller\Puzzle->select[ /home/calf/admin/changzhou/application/game/controller/Puzzle.php ]
[ info ] [ DB ] INIT \think\mongo\Connection
[ info ] [ LOG ] INIT File
[ sql ] [ DB ] CONNECT:[ UseTime:0.000019s ] 
[ sql ] [ Mongo ] db.game_puzzle.find({"$and":[{"deleteAt":{"$exists":false}}]}).limit(0); [ RunTime:0.000350s ]
---------------------------------------------------------------
[ 2018-01-13T11:01:58+08:00 ] 127.0.0.1 127.0.0.1 POST /game/puzzle/select
[ info ] changzhou.admin.com/game/puzzle/select [运行时间：0.018255s][吞吐率：54.78req/s] [内存消耗：953.81kb] [文件加载：57]
[ info ] [ LANG ] /home/calf/admin//thinkphp/lang/zh-cn.php
[ info ] [ ROUTE ] array (
  'type' => 'module',
  'module' => 
  array (
    0 => 'game',
    1 => 'puzzle',
    2 => 'select',
  ),
  'convert' => false,
)
[ info ] [ HEADER ] array (
  'host' => 'changzhou.admin.com',
  'connection' => 'keep-alive',
  'content-length' => '2',
  'pragma' => 'no-cache',
  'cache-control' => 'no-cache',
  'accept' => 'application/json',
  'origin' => 'http://localhost:3000',
  'user-agent' => 'Mozilla/5.0 (iPhone; CPU iPhone OS 10_3 like Mac OS X) AppleWebKit/602.1.50 (KHTML, like Gecko) CriOS/56.0.2924.75 Mobile/14E5239e Safari/602.1',
  'content-type' => 'application/json',
  'referer' => 'http://localhost:3000/',
  'accept-encoding' => 'gzip, deflate',
  'accept-language' => 'zh-CN,zh;q=0.9',
)
[ info ] [ PARAM ] array (
)
[ info ] [ RUN ] app\game\controller\Puzzle->select[ /home/calf/admin/changzhou/application/game/controller/Puzzle.php ]
[ info ] [ DB ] INIT \think\mongo\Connection
[ info ] [ LOG ] INIT File
[ sql ] [ DB ] CONNECT:[ UseTime:0.000091s ] 
[ sql ] [ Mongo ] db.game_puzzle.find({"$and":[{"deleteAt":{"$exists":false}}]}).limit(0); [ RunTime:0.000711s ]
---------------------------------------------------------------
[ 2018-01-13T11:04:07+08:00 ] 127.0.0.1 127.0.0.1 POST /game/puzzle/select
[ info ] changzhou.admin.com/game/puzzle/select [运行时间：0.017982s][吞吐率：55.61req/s] [内存消耗：953.81kb] [文件加载：57]
[ info ] [ LANG ] /home/calf/admin//thinkphp/lang/zh-cn.php
[ info ] [ ROUTE ] array (
  'type' => 'module',
  'module' => 
  array (
    0 => 'game',
    1 => 'puzzle',
    2 => 'select',
  ),
  'convert' => false,
)
[ info ] [ HEADER ] array (
  'host' => 'changzhou.admin.com',
  'connection' => 'keep-alive',
  'content-length' => '2',
  'pragma' => 'no-cache',
  'cache-control' => 'no-cache',
  'accept' => 'application/json',
  'origin' => 'http://localhost:3000',
  'user-agent' => 'Mozilla/5.0 (iPhone; CPU iPhone OS 10_3 like Mac OS X) AppleWebKit/602.1.50 (KHTML, like Gecko) CriOS/56.0.2924.75 Mobile/14E5239e Safari/602.1',
  'content-type' => 'application/json',
  'referer' => 'http://localhost:3000/',
  'accept-encoding' => 'gzip, deflate',
  'accept-language' => 'zh-CN,zh;q=0.9',
)
[ info ] [ PARAM ] array (
)
[ info ] [ RUN ] app\game\controller\Puzzle->select[ /home/calf/admin/changzhou/application/game/controller/Puzzle.php ]
[ info ] [ DB ] INIT \think\mongo\Connection
[ info ] [ LOG ] INIT File
[ sql ] [ DB ] CONNECT:[ UseTime:0.000088s ] 
[ sql ] [ Mongo ] db.game_puzzle.find({"$and":[{"deleteAt":{"$exists":false}}]}).limit(0); [ RunTime:0.000675s ]
---------------------------------------------------------------
[ 2018-01-13T11:04:20+08:00 ] 127.0.0.1 127.0.0.1 POST /game/puzzle/select
[ info ] changzhou.admin.com/game/puzzle/select [运行时间：0.017137s][吞吐率：58.35req/s] [内存消耗：953.80kb] [文件加载：57]
[ info ] [ LANG ] /home/calf/admin//thinkphp/lang/zh-cn.php
[ info ] [ ROUTE ] array (
  'type' => 'module',
  'module' => 
  array (
    0 => 'game',
    1 => 'puzzle',
    2 => 'select',
  ),
  'convert' => false,
)
[ info ] [ HEADER ] array (
  'host' => 'changzhou.admin.com',
  'connection' => 'keep-alive',
  'content-length' => '2',
  'pragma' => 'no-cache',
  'cache-control' => 'no-cache',
  'accept' => 'application/json',
  'origin' => 'http://localhost:3000',
  'user-agent' => 'Mozilla/5.0 (iPhone; CPU iPhone OS 10_3 like Mac OS X) AppleWebKit/602.1.50 (KHTML, like Gecko) CriOS/56.0.2924.75 Mobile/14E5239e Safari/602.1',
  'content-type' => 'application/json',
  'referer' => 'http://localhost:3000/',
  'accept-encoding' => 'gzip, deflate',
  'accept-language' => 'zh-CN,zh;q=0.9',
)
[ info ] [ PARAM ] array (
)
[ info ] [ RUN ] app\game\controller\Puzzle->select[ /home/calf/admin/changzhou/application/game/controller/Puzzle.php ]
[ info ] [ DB ] INIT \think\mongo\Connection
[ info ] [ LOG ] INIT File
[ sql ] [ DB ] CONNECT:[ UseTime:0.000088s ] 
[ sql ] [ Mongo ] db.game_puzzle.find({"$and":[{"deleteAt":{"$exists":false}}]}).limit(0); [ RunTime:0.000891s ]
---------------------------------------------------------------
[ 2018-01-13T11:05:34+08:00 ] 127.0.0.1 127.0.0.1 POST /game/puzzle/select
[ info ] changzhou.admin.com/game/puzzle/select [运行时间：0.018506s][吞吐率：54.04req/s] [内存消耗：953.80kb] [文件加载：57]
[ info ] [ LANG ] /home/calf/admin//thinkphp/lang/zh-cn.php
[ info ] [ ROUTE ] array (
  'type' => 'module',
  'module' => 
  array (
    0 => 'game',
    1 => 'puzzle',
    2 => 'select',
  ),
  'convert' => false,
)
[ info ] [ HEADER ] array (
  'host' => 'changzhou.admin.com',
  'connection' => 'keep-alive',
  'content-length' => '2',
  'pragma' => 'no-cache',
  'cache-control' => 'no-cache',
  'accept' => 'application/json',
  'origin' => 'http://localhost:3000',
  'user-agent' => 'Mozilla/5.0 (iPhone; CPU iPhone OS 10_3 like Mac OS X) AppleWebKit/602.1.50 (KHTML, like Gecko) CriOS/56.0.2924.75 Mobile/14E5239e Safari/602.1',
  'content-type' => 'application/json',
  'referer' => 'http://localhost:3000/',
  'accept-encoding' => 'gzip, deflate',
  'accept-language' => 'zh-CN,zh;q=0.9',
)
[ info ] [ PARAM ] array (
)
[ info ] [ RUN ] app\game\controller\Puzzle->select[ /home/calf/admin/changzhou/application/game/controller/Puzzle.php ]
[ info ] [ DB ] INIT \think\mongo\Connection
[ info ] [ LOG ] INIT File
[ sql ] [ DB ] CONNECT:[ UseTime:0.000085s ] 
[ sql ] [ Mongo ] db.game_puzzle.find({"$and":[{"deleteAt":{"$exists":false}}]}).limit(0); [ RunTime:0.000619s ]
---------------------------------------------------------------
[ 2018-01-13T11:10:07+08:00 ] 127.0.0.1 127.0.0.1 POST /game/puzzle/select
[ info ] changzhou.admin.com/game/puzzle/select [运行时间：0.011423s][吞吐率：87.54req/s] [内存消耗：953.81kb] [文件加载：57]
[ info ] [ LANG ] /home/calf/admin//thinkphp/lang/zh-cn.php
[ info ] [ ROUTE ] array (
  'type' => 'module',
  'module' => 
  array (
    0 => 'game',
    1 => 'puzzle',
    2 => 'select',
  ),
  'convert' => false,
)
[ info ] [ HEADER ] array (
  'host' => 'changzhou.admin.com',
  'connection' => 'keep-alive',
  'content-length' => '2',
  'pragma' => 'no-cache',
  'cache-control' => 'no-cache',
  'accept' => 'application/json',
  'origin' => 'http://localhost:3000',
  'user-agent' => 'Mozilla/5.0 (iPhone; CPU iPhone OS 10_3 like Mac OS X) AppleWebKit/602.1.50 (KHTML, like Gecko) CriOS/56.0.2924.75 Mobile/14E5239e Safari/602.1',
  'content-type' => 'application/json',
  'referer' => 'http://localhost:3000/',
  'accept-encoding' => 'gzip, deflate',
  'accept-language' => 'zh-CN,zh;q=0.9',
)
[ info ] [ PARAM ] array (
)
[ info ] [ RUN ] app\game\controller\Puzzle->select[ /home/calf/admin/changzhou/application/game/controller/Puzzle.php ]
[ info ] [ DB ] INIT \think\mongo\Connection
[ info ] [ LOG ] INIT File
[ sql ] [ DB ] CONNECT:[ UseTime:0.000019s ] 
[ sql ] [ Mongo ] db.game_puzzle.find({"$and":[{"deleteAt":{"$exists":false}}]}).limit(0); [ RunTime:0.000371s ]
---------------------------------------------------------------
[ 2018-01-13T13:20:09+08:00 ] 127.0.0.1 127.0.0.1 POST /game/puzzle/select
[ info ] changzhou.admin.com/game/puzzle/select [运行时间：0.010879s][吞吐率：91.92req/s] [内存消耗：953.81kb] [文件加载：57]
[ info ] [ LANG ] /home/calf/admin//thinkphp/lang/zh-cn.php
[ info ] [ ROUTE ] array (
  'type' => 'module',
  'module' => 
  array (
    0 => 'game',
    1 => 'puzzle',
    2 => 'select',
  ),
  'convert' => false,
)
[ info ] [ HEADER ] array (
  'host' => 'changzhou.admin.com',
  'connection' => 'keep-alive',
  'content-length' => '2',
  'pragma' => 'no-cache',
  'cache-control' => 'no-cache',
  'accept' => 'application/json',
  'origin' => 'http://localhost:3000',
  'user-agent' => 'Mozilla/5.0 (iPhone; CPU iPhone OS 10_3 like Mac OS X) AppleWebKit/602.1.50 (KHTML, like Gecko) CriOS/56.0.2924.75 Mobile/14E5239e Safari/602.1',
  'content-type' => 'application/json',
  'referer' => 'http://localhost:3000/',
  'accept-encoding' => 'gzip, deflate',
  'accept-language' => 'zh-CN,zh;q=0.9',
)
[ info ] [ PARAM ] array (
)
[ info ] [ RUN ] app\game\controller\Puzzle->select[ /home/calf/admin/changzhou/application/game/controller/Puzzle.php ]
[ info ] [ DB ] INIT \think\mongo\Connection
[ info ] [ LOG ] INIT File
[ sql ] [ DB ] CONNECT:[ UseTime:0.000020s ] 
[ sql ] [ Mongo ] db.game_puzzle.find({"$and":[{"deleteAt":{"$exists":false}}]}).limit(0); [ RunTime:0.000373s ]
---------------------------------------------------------------
[ 2018-01-13T13:20:25+08:00 ] 127.0.0.1 127.0.0.1 POST /game/puzzle/select
[ info ] changzhou.admin.com/game/puzzle/select [运行时间：0.012024s][吞吐率：83.17req/s] [内存消耗：953.81kb] [文件加载：57]
[ info ] [ LANG ] /home/calf/admin//thinkphp/lang/zh-cn.php
[ info ] [ ROUTE ] array (
  'type' => 'module',
  'module' => 
  array (
    0 => 'game',
    1 => 'puzzle',
    2 => 'select',
  ),
  'convert' => false,
)
[ info ] [ HEADER ] array (
  'host' => 'changzhou.admin.com',
  'connection' => 'keep-alive',
  'content-length' => '2',
  'pragma' => 'no-cache',
  'cache-control' => 'no-cache',
  'accept' => 'application/json',
  'origin' => 'http://localhost:3000',
  'user-agent' => 'Mozilla/5.0 (iPhone; CPU iPhone OS 10_3 like Mac OS X) AppleWebKit/602.1.50 (KHTML, like Gecko) CriOS/56.0.2924.75 Mobile/14E5239e Safari/602.1',
  'content-type' => 'application/json',
  'referer' => 'http://localhost:3000/',
  'accept-encoding' => 'gzip, deflate',
  'accept-language' => 'zh-CN,zh;q=0.9',
)
[ info ] [ PARAM ] array (
)
[ info ] [ RUN ] app\game\controller\Puzzle->select[ /home/calf/admin/changzhou/application/game/controller/Puzzle.php ]
[ info ] [ DB ] INIT \think\mongo\Connection
[ info ] [ LOG ] INIT File
[ sql ] [ DB ] CONNECT:[ UseTime:0.000023s ] 
[ sql ] [ Mongo ] db.game_puzzle.find({"$and":[{"deleteAt":{"$exists":false}}]}).limit(0); [ RunTime:0.000405s ]
---------------------------------------------------------------
[ 2018-01-13T13:30:28+08:00 ] 127.0.0.1 127.0.0.1 GET /game/puzzle
[ info ] changzhou.admin.com/game/puzzle [运行时间：0.022674s][吞吐率：44.10req/s] [内存消耗：782.42kb] [文件加载：49]
[ info ] [ LANG ] /home/calf/admin//thinkphp/lang/zh-cn.php
[ info ] [ ROUTE ] array (
  'type' => 'module',
  'module' => 
  array (
    0 => 'game',
    1 => 'puzzle',
    2 => 'index',
  ),
  'convert' => false,
)
[ info ] [ HEADER ] array (
  'host' => 'changzhou.admin.com',
  'connection' => 'keep-alive',
  'user-agent' => 'Mozilla/5.0 (X11; Linux x86_64) AppleWebKit/537.36 (KHTML, like Gecko) Ubuntu Chromium/63.0.3239.84 Chrome/63.0.3239.84 Safari/537.36',
  'upgrade-insecure-requests' => '1',
  'accept' => 'text/html,application/xhtml+xml,application/xml;q=0.9,image/webp,image/apng,*/*;q=0.8',
  'accept-encoding' => 'gzip, deflate',
  'accept-language' => 'zh-CN,zh;q=0.9',
  'cookie' => '__utma=263463772.1899665212.1506839425.1508554965.1508632765.5; __utmz=263463772.1506839425.1.1.utmcsr=(direct)|utmccn=(direct)|utmcmd=(none)',
)
[ info ] [ PARAM ] array (
)
[ info ] [ RUN ] app\game\controller\Puzzle->index[ /home/calf/admin/changzhou/application/game/controller/Puzzle.php ]
[ info ] [ VIEW ] /home/calf/admin/changzhou/application/game/view/puzzle/index.html [ array (
) ]
[ info ] [ LOG ] INIT File
---------------------------------------------------------------
[ 2018-01-13T13:30:28+08:00 ] 127.0.0.1 127.0.0.1 POST /game/puzzle/select
[ info ] changzhou.admin.com/game/puzzle/select [运行时间：0.015636s][吞吐率：63.96req/s] [内存消耗：956.35kb] [文件加载：57]
[ info ] [ LANG ] /home/calf/admin//thinkphp/lang/zh-cn.php
[ info ] [ ROUTE ] array (
  'type' => 'module',
  'module' => 
  array (
    0 => 'game',
    1 => 'puzzle',
    2 => 'select',
  ),
  'convert' => false,
)
[ info ] [ HEADER ] array (
  'host' => 'changzhou.admin.com',
  'connection' => 'keep-alive',
  'content-length' => '2',
  'accept' => 'application/json',
  'origin' => 'http://changzhou.admin.com',
  'user-agent' => 'Mozilla/5.0 (X11; Linux x86_64) AppleWebKit/537.36 (KHTML, like Gecko) Ubuntu Chromium/63.0.3239.84 Chrome/63.0.3239.84 Safari/537.36',
  'content-type' => 'application/json',
  'referer' => 'http://changzhou.admin.com/game/puzzle',
  'accept-encoding' => 'gzip, deflate',
  'accept-language' => 'zh-CN,zh;q=0.9',
)
[ info ] [ PARAM ] array (
)
[ info ] [ RUN ] app\game\controller\Puzzle->select[ /home/calf/admin/changzhou/application/game/controller/Puzzle.php ]
[ info ] [ DB ] INIT \think\mongo\Connection
[ info ] [ LOG ] INIT File
[ sql ] [ DB ] CONNECT:[ UseTime:0.000090s ] 
[ sql ] [ Mongo ] db.game_puzzle.find({"$and":[{"deleteAt":{"$exists":false}}]}).limit(0); [ RunTime:0.000715s ]
---------------------------------------------------------------
[ 2018-01-13T13:30:28+08:00 ] 127.0.0.1 127.0.0.1 GET /static/pintu/favicon.ico
[ info ] changzhou.admin.com/static/pintu/favicon.ico [运行时间：0.016213s][吞吐率：61.68req/s] [内存消耗：739.32kb] [文件加载：47]
[ info ] [ LANG ] /home/calf/admin//thinkphp/lang/zh-cn.php
[ info ] [ ROUTE ] array (
  'type' => 'module',
  'module' => 
  array (
    0 => 'index',
    1 => 'index',
    2 => 'index',
  ),
  'convert' => false,
)
[ info ] [ HEADER ] array (
  'host' => 'changzhou.admin.com',
  'connection' => 'keep-alive',
  'user-agent' => 'Mozilla/5.0 (X11; Linux x86_64) AppleWebKit/537.36 (KHTML, like Gecko) Ubuntu Chromium/63.0.3239.84 Chrome/63.0.3239.84 Safari/537.36',
  'accept' => 'image/webp,image/apng,image/*,*/*;q=0.8',
  'referer' => 'http://changzhou.admin.com/game/puzzle',
  'accept-encoding' => 'gzip, deflate',
  'accept-language' => 'zh-CN,zh;q=0.9',
  'cookie' => '__utma=263463772.1899665212.1506839425.1508554965.1508632765.5; __utmz=263463772.1506839425.1.1.utmcsr=(direct)|utmccn=(direct)|utmcmd=(none)',
)
[ info ] [ PARAM ] array (
  'static' => 'pintu',
)
[ info ] [ RUN ] app\index\controller\Index->index[ /home/calf/admin/changzhou/application/index/controller/Index.php ]
[ info ] [ VIEW ] /home/calf/admin/changzhou/application/index/view/index/index.html [ array (
) ]
[ info ] [ LOG ] INIT File
---------------------------------------------------------------
[ 2018-01-13T13:30:31+08:00 ] 127.0.0.1 127.0.0.1 GET /game/puzzle
[ info ] changzhou.admin.com/game/puzzle [运行时间：0.009312s][吞吐率：107.39req/s] [内存消耗：738.32kb] [文件加载：47]
[ info ] [ LANG ] /home/calf/admin//thinkphp/lang/zh-cn.php
[ info ] [ ROUTE ] array (
  'type' => 'module',
  'module' => 
  array (
    0 => 'game',
    1 => 'puzzle',
    2 => 'index',
  ),
  'convert' => false,
)
[ info ] [ HEADER ] array (
  'host' => 'changzhou.admin.com',
  'connection' => 'keep-alive',
  'pragma' => 'no-cache',
  'cache-control' => 'no-cache',
  'upgrade-insecure-requests' => '1',
  'user-agent' => 'Mozilla/5.0 (iPhone; CPU iPhone OS 10_3 like Mac OS X) AppleWebKit/602.1.50 (KHTML, like Gecko) CriOS/56.0.2924.75 Mobile/14E5239e Safari/602.1',
  'accept' => 'text/html,application/xhtml+xml,application/xml;q=0.9,image/webp,image/apng,*/*;q=0.8',
  'accept-encoding' => 'gzip, deflate',
  'accept-language' => 'zh-CN,zh;q=0.9',
  'cookie' => '__utma=263463772.1899665212.1506839425.1508554965.1508632765.5; __utmz=263463772.1506839425.1.1.utmcsr=(direct)|utmccn=(direct)|utmcmd=(none)',
)
[ info ] [ PARAM ] array (
)
[ info ] [ RUN ] app\game\controller\Puzzle->index[ /home/calf/admin/changzhou/application/game/controller/Puzzle.php ]
[ info ] [ VIEW ] /home/calf/admin/changzhou/application/game/view/puzzle/index.html [ array (
) ]
[ info ] [ LOG ] INIT File
---------------------------------------------------------------
[ 2018-01-13T13:30:31+08:00 ] 127.0.0.1 127.0.0.1 POST /game/puzzle/select
[ info ] changzhou.admin.com/game/puzzle/select [运行时间：0.008345s][吞吐率：119.83req/s] [内存消耗：956.88kb] [文件加载：57]
[ info ] [ LANG ] /home/calf/admin//thinkphp/lang/zh-cn.php
[ info ] [ ROUTE ] array (
  'type' => 'module',
  'module' => 
  array (
    0 => 'game',
    1 => 'puzzle',
    2 => 'select',
  ),
  'convert' => false,
)
[ info ] [ HEADER ] array (
  'host' => 'changzhou.admin.com',
  'connection' => 'keep-alive',
  'content-length' => '2',
  'pragma' => 'no-cache',
  'cache-control' => 'no-cache',
  'accept' => 'application/json',
  'origin' => 'http://changzhou.admin.com',
  'user-agent' => 'Mozilla/5.0 (iPhone; CPU iPhone OS 10_3 like Mac OS X) AppleWebKit/602.1.50 (KHTML, like Gecko) CriOS/56.0.2924.75 Mobile/14E5239e Safari/602.1',
  'content-type' => 'application/json',
  'referer' => 'http://changzhou.admin.com/game/puzzle',
  'accept-encoding' => 'gzip, deflate',
  'accept-language' => 'zh-CN,zh;q=0.9',
)
[ info ] [ PARAM ] array (
)
[ info ] [ RUN ] app\game\controller\Puzzle->select[ /home/calf/admin/changzhou/application/game/controller/Puzzle.php ]
[ info ] [ DB ] INIT \think\mongo\Connection
[ info ] [ LOG ] INIT File
[ sql ] [ DB ] CONNECT:[ UseTime:0.000020s ] 
[ sql ] [ Mongo ] db.game_puzzle.find({"$and":[{"deleteAt":{"$exists":false}}]}).limit(0); [ RunTime:0.000255s ]
---------------------------------------------------------------
[ 2018-01-13T13:30:31+08:00 ] 127.0.0.1 127.0.0.1 GET /static/pintu/favicon.ico
[ info ] changzhou.admin.com/static/pintu/favicon.ico [运行时间：0.007529s][吞吐率：132.82req/s] [内存消耗：736.18kb] [文件加载：47]
[ info ] [ LANG ] /home/calf/admin//thinkphp/lang/zh-cn.php
[ info ] [ ROUTE ] array (
  'type' => 'module',
  'module' => 
  array (
    0 => 'index',
    1 => 'index',
    2 => 'index',
  ),
  'convert' => false,
)
[ info ] [ HEADER ] array (
  'host' => 'changzhou.admin.com',
  'connection' => 'keep-alive',
  'pragma' => 'no-cache',
  'cache-control' => 'no-cache',
  'user-agent' => 'Mozilla/5.0 (iPhone; CPU iPhone OS 10_3 like Mac OS X) AppleWebKit/602.1.50 (KHTML, like Gecko) CriOS/56.0.2924.75 Mobile/14E5239e Safari/602.1',
  'accept' => 'image/webp,image/apng,image/*,*/*;q=0.8',
  'referer' => 'http://changzhou.admin.com/game/puzzle',
  'accept-encoding' => 'gzip, deflate',
  'accept-language' => 'zh-CN,zh;q=0.9',
  'cookie' => '__utma=263463772.1899665212.1506839425.1508554965.1508632765.5; __utmz=263463772.1506839425.1.1.utmcsr=(direct)|utmccn=(direct)|utmcmd=(none)',
)
[ info ] [ PARAM ] array (
  'static' => 'pintu',
)
[ info ] [ RUN ] app\index\controller\Index->index[ /home/calf/admin/changzhou/application/index/controller/Index.php ]
[ info ] [ VIEW ] /home/calf/admin/changzhou/application/index/view/index/index.html [ array (
) ]
[ info ] [ LOG ] INIT File
---------------------------------------------------------------
[ 2018-01-13T13:32:10+08:00 ] 127.0.0.1 127.0.0.1 GET /game/puzzle
[ info ] changzhou.admin.com/game/puzzle [运行时间：0.016313s][吞吐率：61.30req/s] [内存消耗：737.45kb] [文件加载：47]
[ info ] [ LANG ] /home/calf/admin//thinkphp/lang/zh-cn.php
[ info ] [ ROUTE ] array (
  'type' => 'module',
  'module' => 
  array (
    0 => 'game',
    1 => 'puzzle',
    2 => 'index',
  ),
  'convert' => false,
)
[ info ] [ HEADER ] array (
  'host' => 'changzhou.admin.com',
  'connection' => 'keep-alive',
  'pragma' => 'no-cache',
  'cache-control' => 'no-cache',
  'upgrade-insecure-requests' => '1',
  'user-agent' => 'Mozilla/5.0 (iPhone; CPU iPhone OS 10_3 like Mac OS X) AppleWebKit/602.1.50 (KHTML, like Gecko) CriOS/56.0.2924.75 Mobile/14E5239e Safari/602.1',
  'accept' => 'text/html,application/xhtml+xml,application/xml;q=0.9,image/webp,image/apng,*/*;q=0.8',
  'accept-encoding' => 'gzip, deflate',
  'accept-language' => 'zh-CN,zh;q=0.9',
  'cookie' => '__utma=263463772.1899665212.1506839425.1508554965.1508632765.5; __utmz=263463772.1506839425.1.1.utmcsr=(direct)|utmccn=(direct)|utmcmd=(none)',
)
[ info ] [ PARAM ] array (
)
[ info ] [ RUN ] app\game\controller\Puzzle->index[ /home/calf/admin/changzhou/application/game/controller/Puzzle.php ]
[ info ] [ VIEW ] /home/calf/admin/changzhou/application/game/view/puzzle/index.html [ array (
) ]
[ info ] [ LOG ] INIT File
---------------------------------------------------------------
[ 2018-01-13T13:32:10+08:00 ] 127.0.0.1 127.0.0.1 POST /game/puzzle/select
[ info ] changzhou.admin.com/game/puzzle/select [运行时间：0.020197s][吞吐率：49.51req/s] [内存消耗：956.88kb] [文件加载：57]
[ info ] [ LANG ] /home/calf/admin//thinkphp/lang/zh-cn.php
[ info ] [ ROUTE ] array (
  'type' => 'module',
  'module' => 
  array (
    0 => 'game',
    1 => 'puzzle',
    2 => 'select',
  ),
  'convert' => false,
)
[ info ] [ HEADER ] array (
  'host' => 'changzhou.admin.com',
  'connection' => 'keep-alive',
  'content-length' => '2',
  'pragma' => 'no-cache',
  'cache-control' => 'no-cache',
  'accept' => 'application/json',
  'origin' => 'http://changzhou.admin.com',
  'user-agent' => 'Mozilla/5.0 (iPhone; CPU iPhone OS 10_3 like Mac OS X) AppleWebKit/602.1.50 (KHTML, like Gecko) CriOS/56.0.2924.75 Mobile/14E5239e Safari/602.1',
  'content-type' => 'application/json',
  'referer' => 'http://changzhou.admin.com/game/puzzle',
  'accept-encoding' => 'gzip, deflate',
  'accept-language' => 'zh-CN,zh;q=0.9',
)
[ info ] [ PARAM ] array (
)
[ info ] [ RUN ] app\game\controller\Puzzle->select[ /home/calf/admin/changzhou/application/game/controller/Puzzle.php ]
[ info ] [ DB ] INIT \think\mongo\Connection
[ info ] [ LOG ] INIT File
[ sql ] [ DB ] CONNECT:[ UseTime:0.000094s ] 
[ sql ] [ Mongo ] db.game_puzzle.find({"$and":[{"deleteAt":{"$exists":false}}]}).limit(0); [ RunTime:0.000677s ]
---------------------------------------------------------------
[ 2018-01-13T13:32:11+08:00 ] 127.0.0.1 127.0.0.1 GET /static/pintu/favicon.ico
[ info ] changzhou.admin.com/static/pintu/favicon.ico [运行时间：0.013224s][吞吐率：75.62req/s] [内存消耗：737.23kb] [文件加载：47]
[ info ] [ LANG ] /home/calf/admin//thinkphp/lang/zh-cn.php
[ info ] [ ROUTE ] array (
  'type' => 'module',
  'module' => 
  array (
    0 => 'index',
    1 => 'index',
    2 => 'index',
  ),
  'convert' => false,
)
[ info ] [ HEADER ] array (
  'host' => 'changzhou.admin.com',
  'connection' => 'keep-alive',
  'pragma' => 'no-cache',
  'cache-control' => 'no-cache',
  'user-agent' => 'Mozilla/5.0 (iPhone; CPU iPhone OS 10_3 like Mac OS X) AppleWebKit/602.1.50 (KHTML, like Gecko) CriOS/56.0.2924.75 Mobile/14E5239e Safari/602.1',
  'accept' => 'image/webp,image/apng,image/*,*/*;q=0.8',
  'referer' => 'http://changzhou.admin.com/game/puzzle',
  'accept-encoding' => 'gzip, deflate',
  'accept-language' => 'zh-CN,zh;q=0.9',
  'cookie' => '__utma=263463772.1899665212.1506839425.1508554965.1508632765.5; __utmz=263463772.1506839425.1.1.utmcsr=(direct)|utmccn=(direct)|utmcmd=(none)',
)
[ info ] [ PARAM ] array (
  'static' => 'pintu',
)
[ info ] [ RUN ] app\index\controller\Index->index[ /home/calf/admin/changzhou/application/index/controller/Index.php ]
[ info ] [ VIEW ] /home/calf/admin/changzhou/application/index/view/index/index.html [ array (
) ]
[ info ] [ LOG ] INIT File
---------------------------------------------------------------
[ 2018-01-13T13:32:32+08:00 ] 127.0.0.1 127.0.0.1 GET /game/puzzle
[ info ] changzhou.admin.com/game/puzzle [运行时间：0.010015s][吞吐率：99.85req/s] [内存消耗：736.31kb] [文件加载：47]
[ info ] [ LANG ] /home/calf/admin//thinkphp/lang/zh-cn.php
[ info ] [ ROUTE ] array (
  'type' => 'module',
  'module' => 
  array (
    0 => 'game',
    1 => 'puzzle',
    2 => 'index',
  ),
  'convert' => false,
)
[ info ] [ HEADER ] array (
  'host' => 'changzhou.admin.com',
  'connection' => 'keep-alive',
  'pragma' => 'no-cache',
  'cache-control' => 'no-cache',
  'user-agent' => 'Mozilla/5.0 (iPhone; CPU iPhone OS 10_3 like Mac OS X) AppleWebKit/602.1.50 (KHTML, like Gecko) CriOS/56.0.2924.75 Mobile/14E5239e Safari/602.1',
  'accept' => 'image/webp,image/apng,image/*,*/*;q=0.8',
  'referer' => 'http://changzhou.admin.com/game/puzzle',
  'accept-encoding' => 'gzip, deflate',
  'accept-language' => 'zh-CN,zh;q=0.9',
  'cookie' => '__utma=263463772.1899665212.1506839425.1508554965.1508632765.5; __utmz=263463772.1506839425.1.1.utmcsr=(direct)|utmccn=(direct)|utmcmd=(none)',
)
[ info ] [ PARAM ] array (
)
[ info ] [ RUN ] app\game\controller\Puzzle->index[ /home/calf/admin/changzhou/application/game/controller/Puzzle.php ]
[ info ] [ VIEW ] /home/calf/admin/changzhou/application/game/view/puzzle/index.html [ array (
) ]
[ info ] [ LOG ] INIT File
---------------------------------------------------------------
[ 2018-01-13T13:32:54+08:00 ] 127.0.0.1 127.0.0.1 GET /game/puzzle
[ info ] changzhou.admin.com/game/puzzle [运行时间：0.017685s][吞吐率：56.54req/s] [内存消耗：736.31kb] [文件加载：47]
[ info ] [ LANG ] /home/calf/admin//thinkphp/lang/zh-cn.php
[ info ] [ ROUTE ] array (
  'type' => 'module',
  'module' => 
  array (
    0 => 'game',
    1 => 'puzzle',
    2 => 'index',
  ),
  'convert' => false,
)
[ info ] [ HEADER ] array (
  'host' => 'changzhou.admin.com',
  'connection' => 'keep-alive',
  'pragma' => 'no-cache',
  'cache-control' => 'no-cache',
  'user-agent' => 'Mozilla/5.0 (iPhone; CPU iPhone OS 10_3 like Mac OS X) AppleWebKit/602.1.50 (KHTML, like Gecko) CriOS/56.0.2924.75 Mobile/14E5239e Safari/602.1',
  'accept' => 'image/webp,image/apng,image/*,*/*;q=0.8',
  'referer' => 'http://changzhou.admin.com/game/puzzle',
  'accept-encoding' => 'gzip, deflate',
  'accept-language' => 'zh-CN,zh;q=0.9',
  'cookie' => '__utma=263463772.1899665212.1506839425.1508554965.1508632765.5; __utmz=263463772.1506839425.1.1.utmcsr=(direct)|utmccn=(direct)|utmcmd=(none)',
)
[ info ] [ PARAM ] array (
)
[ info ] [ RUN ] app\game\controller\Puzzle->index[ /home/calf/admin/changzhou/application/game/controller/Puzzle.php ]
[ info ] [ VIEW ] /home/calf/admin/changzhou/application/game/view/puzzle/index.html [ array (
) ]
[ info ] [ LOG ] INIT File
---------------------------------------------------------------
[ 2018-01-13T13:33:10+08:00 ] 127.0.0.1 127.0.0.1 GET /game/puzzle
[ info ] changzhou.admin.com/game/puzzle [运行时间：0.009422s][吞吐率：106.14req/s] [内存消耗：736.31kb] [文件加载：47]
[ info ] [ LANG ] /home/calf/admin//thinkphp/lang/zh-cn.php
[ info ] [ ROUTE ] array (
  'type' => 'module',
  'module' => 
  array (
    0 => 'game',
    1 => 'puzzle',
    2 => 'index',
  ),
  'convert' => false,
)
[ info ] [ HEADER ] array (
  'host' => 'changzhou.admin.com',
  'connection' => 'keep-alive',
  'pragma' => 'no-cache',
  'cache-control' => 'no-cache',
  'user-agent' => 'Mozilla/5.0 (iPhone; CPU iPhone OS 10_3 like Mac OS X) AppleWebKit/602.1.50 (KHTML, like Gecko) CriOS/56.0.2924.75 Mobile/14E5239e Safari/602.1',
  'accept' => 'image/webp,image/apng,image/*,*/*;q=0.8',
  'referer' => 'http://changzhou.admin.com/game/puzzle',
  'accept-encoding' => 'gzip, deflate',
  'accept-language' => 'zh-CN,zh;q=0.9',
  'cookie' => '__utma=263463772.1899665212.1506839425.1508554965.1508632765.5; __utmz=263463772.1506839425.1.1.utmcsr=(direct)|utmccn=(direct)|utmcmd=(none)',
)
[ info ] [ PARAM ] array (
)
[ info ] [ RUN ] app\game\controller\Puzzle->index[ /home/calf/admin/changzhou/application/game/controller/Puzzle.php ]
[ info ] [ VIEW ] /home/calf/admin/changzhou/application/game/view/puzzle/index.html [ array (
) ]
[ info ] [ LOG ] INIT File
---------------------------------------------------------------
[ 2018-01-13T13:36:00+08:00 ] 127.0.0.1 127.0.0.1 GET /game/puzzle
[ info ] changzhou.admin.com/game/puzzle [运行时间：0.012165s][吞吐率：82.20req/s] [内存消耗：736.41kb] [文件加载：47]
[ info ] [ LANG ] /home/calf/admin//thinkphp/lang/zh-cn.php
[ info ] [ ROUTE ] array (
  'type' => 'module',
  'module' => 
  array (
    0 => 'game',
    1 => 'puzzle',
    2 => 'index',
  ),
  'convert' => false,
)
[ info ] [ HEADER ] array (
  'host' => 'changzhou.admin.com',
  'connection' => 'keep-alive',
  'pragma' => 'no-cache',
  'cache-control' => 'no-cache',
  'upgrade-insecure-requests' => '1',
  'user-agent' => 'Mozilla/5.0 (iPhone; CPU iPhone OS 10_3 like Mac OS X) AppleWebKit/602.1.50 (KHTML, like Gecko) CriOS/56.0.2924.75 Mobile/14E5239e Safari/602.1',
  'accept' => 'text/html,application/xhtml+xml,application/xml;q=0.9,image/webp,image/apng,*/*;q=0.8',
  'accept-encoding' => 'gzip, deflate',
  'accept-language' => 'zh-CN,zh;q=0.9',
  'cookie' => '__utma=263463772.1899665212.1506839425.1508554965.1508632765.5; __utmz=263463772.1506839425.1.1.utmcsr=(direct)|utmccn=(direct)|utmcmd=(none)',
)
[ info ] [ PARAM ] array (
)
[ info ] [ RUN ] app\game\controller\Puzzle->index[ /home/calf/admin/changzhou/application/game/controller/Puzzle.php ]
[ info ] [ VIEW ] /home/calf/admin/changzhou/application/game/view/puzzle/index.html [ array (
) ]
[ info ] [ LOG ] INIT File
---------------------------------------------------------------
[ 2018-01-13T13:36:02+08:00 ] 127.0.0.1 127.0.0.1 POST /game/puzzle/select
[ info ] changzhou.admin.com/game/puzzle/select [运行时间：0.013739s][吞吐率：72.78req/s] [内存消耗：956.88kb] [文件加载：57]
[ info ] [ LANG ] /home/calf/admin//thinkphp/lang/zh-cn.php
[ info ] [ ROUTE ] array (
  'type' => 'module',
  'module' => 
  array (
    0 => 'game',
    1 => 'puzzle',
    2 => 'select',
  ),
  'convert' => false,
)
[ info ] [ HEADER ] array (
  'host' => 'changzhou.admin.com',
  'connection' => 'keep-alive',
  'content-length' => '2',
  'pragma' => 'no-cache',
  'cache-control' => 'no-cache',
  'accept' => 'application/json',
  'origin' => 'http://changzhou.admin.com',
  'user-agent' => 'Mozilla/5.0 (iPhone; CPU iPhone OS 10_3 like Mac OS X) AppleWebKit/602.1.50 (KHTML, like Gecko) CriOS/56.0.2924.75 Mobile/14E5239e Safari/602.1',
  'content-type' => 'application/json',
  'referer' => 'http://changzhou.admin.com/game/puzzle',
  'accept-encoding' => 'gzip, deflate',
  'accept-language' => 'zh-CN,zh;q=0.9',
)
[ info ] [ PARAM ] array (
)
[ info ] [ RUN ] app\game\controller\Puzzle->select[ /home/calf/admin/changzhou/application/game/controller/Puzzle.php ]
[ info ] [ DB ] INIT \think\mongo\Connection
[ info ] [ LOG ] INIT File
[ sql ] [ DB ] CONNECT:[ UseTime:0.000105s ] 
[ sql ] [ Mongo ] db.game_puzzle.find({"$and":[{"deleteAt":{"$exists":false}}]}).limit(0); [ RunTime:0.000717s ]
---------------------------------------------------------------
[ 2018-01-13T13:36:03+08:00 ] 127.0.0.1 127.0.0.1 GET /static/pintu/favicon.ico
[ info ] changzhou.admin.com/static/pintu/favicon.ico [运行时间：0.008745s][吞吐率：114.35req/s] [内存消耗：736.18kb] [文件加载：47]
[ info ] [ LANG ] /home/calf/admin//thinkphp/lang/zh-cn.php
[ info ] [ ROUTE ] array (
  'type' => 'module',
  'module' => 
  array (
    0 => 'index',
    1 => 'index',
    2 => 'index',
  ),
  'convert' => false,
)
[ info ] [ HEADER ] array (
  'host' => 'changzhou.admin.com',
  'connection' => 'keep-alive',
  'pragma' => 'no-cache',
  'cache-control' => 'no-cache',
  'user-agent' => 'Mozilla/5.0 (iPhone; CPU iPhone OS 10_3 like Mac OS X) AppleWebKit/602.1.50 (KHTML, like Gecko) CriOS/56.0.2924.75 Mobile/14E5239e Safari/602.1',
  'accept' => 'image/webp,image/apng,image/*,*/*;q=0.8',
  'referer' => 'http://changzhou.admin.com/game/puzzle',
  'accept-encoding' => 'gzip, deflate',
  'accept-language' => 'zh-CN,zh;q=0.9',
  'cookie' => '__utma=263463772.1899665212.1506839425.1508554965.1508632765.5; __utmz=263463772.1506839425.1.1.utmcsr=(direct)|utmccn=(direct)|utmcmd=(none)',
)
[ info ] [ PARAM ] array (
  'static' => 'pintu',
)
[ info ] [ RUN ] app\index\controller\Index->index[ /home/calf/admin/changzhou/application/index/controller/Index.php ]
[ info ] [ VIEW ] /home/calf/admin/changzhou/application/index/view/index/index.html [ array (
) ]
[ info ] [ LOG ] INIT File
---------------------------------------------------------------
[ 2018-01-13T13:37:35+08:00 ] 127.0.0.1 127.0.0.1 POST /game/puzzle/select
[ info ] changzhou.admin.com/game/puzzle/select [运行时间：0.009098s][吞吐率：109.91req/s] [内存消耗：956.31kb] [文件加载：57]
[ info ] [ LANG ] /home/calf/admin//thinkphp/lang/zh-cn.php
[ info ] [ ROUTE ] array (
  'type' => 'module',
  'module' => 
  array (
    0 => 'game',
    1 => 'puzzle',
    2 => 'select',
  ),
  'convert' => false,
)
[ info ] [ HEADER ] array (
  'host' => 'changzhou.admin.com',
  'connection' => 'keep-alive',
  'content-length' => '2',
  'accept' => 'application/json',
  'origin' => 'http://localhost:3000',
  'user-agent' => 'Mozilla/5.0 (X11; Linux x86_64) AppleWebKit/537.36 (KHTML, like Gecko) Ubuntu Chromium/63.0.3239.84 Chrome/63.0.3239.84 Safari/537.36',
  'content-type' => 'application/json',
  'referer' => 'http://localhost:3000/',
  'accept-encoding' => 'gzip, deflate',
  'accept-language' => 'zh-CN,zh;q=0.9',
)
[ info ] [ PARAM ] array (
)
[ info ] [ RUN ] app\game\controller\Puzzle->select[ /home/calf/admin/changzhou/application/game/controller/Puzzle.php ]
[ info ] [ DB ] INIT \think\mongo\Connection
[ info ] [ LOG ] INIT File
[ sql ] [ DB ] CONNECT:[ UseTime:0.000022s ] 
[ sql ] [ Mongo ] db.game_puzzle.find({"$and":[{"deleteAt":{"$exists":false}}]}).limit(0); [ RunTime:0.000721s ]
---------------------------------------------------------------
[ 2018-01-13T13:37:39+08:00 ] 127.0.0.1 127.0.0.1 POST /game/puzzle/select
[ info ] changzhou.admin.com/game/puzzle/select [运行时间：0.012463s][吞吐率：80.24req/s] [内存消耗：956.83kb] [文件加载：57]
[ info ] [ LANG ] /home/calf/admin//thinkphp/lang/zh-cn.php
[ info ] [ ROUTE ] array (
  'type' => 'module',
  'module' => 
  array (
    0 => 'game',
    1 => 'puzzle',
    2 => 'select',
  ),
  'convert' => false,
)
[ info ] [ HEADER ] array (
  'host' => 'changzhou.admin.com',
  'connection' => 'keep-alive',
  'content-length' => '2',
  'pragma' => 'no-cache',
  'cache-control' => 'no-cache',
  'accept' => 'application/json',
  'origin' => 'http://localhost:3000',
  'user-agent' => 'Mozilla/5.0 (iPhone; CPU iPhone OS 10_3 like Mac OS X) AppleWebKit/602.1.50 (KHTML, like Gecko) CriOS/56.0.2924.75 Mobile/14E5239e Safari/602.1',
  'content-type' => 'application/json',
  'referer' => 'http://localhost:3000/',
  'accept-encoding' => 'gzip, deflate',
  'accept-language' => 'zh-CN,zh;q=0.9',
)
[ info ] [ PARAM ] array (
)
[ info ] [ RUN ] app\game\controller\Puzzle->select[ /home/calf/admin/changzhou/application/game/controller/Puzzle.php ]
[ info ] [ DB ] INIT \think\mongo\Connection
[ info ] [ LOG ] INIT File
[ sql ] [ DB ] CONNECT:[ UseTime:0.000021s ] 
[ sql ] [ Mongo ] db.game_puzzle.find({"$and":[{"deleteAt":{"$exists":false}}]}).limit(0); [ RunTime:0.000290s ]
---------------------------------------------------------------
[ 2018-01-13T13:39:56+08:00 ] 127.0.0.1 127.0.0.1 POST /game/puzzle/select
[ info ] changzhou.admin.com/game/puzzle/select [运行时间：0.015430s][吞吐率：64.81req/s] [内存消耗：956.83kb] [文件加载：57]
[ info ] [ LANG ] /home/calf/admin//thinkphp/lang/zh-cn.php
[ info ] [ ROUTE ] array (
  'type' => 'module',
  'module' => 
  array (
    0 => 'game',
    1 => 'puzzle',
    2 => 'select',
  ),
  'convert' => false,
)
[ info ] [ HEADER ] array (
  'host' => 'changzhou.admin.com',
  'connection' => 'keep-alive',
  'content-length' => '2',
  'pragma' => 'no-cache',
  'cache-control' => 'no-cache',
  'accept' => 'application/json',
  'origin' => 'http://localhost:3000',
  'user-agent' => 'Mozilla/5.0 (iPhone; CPU iPhone OS 10_3 like Mac OS X) AppleWebKit/602.1.50 (KHTML, like Gecko) CriOS/56.0.2924.75 Mobile/14E5239e Safari/602.1',
  'content-type' => 'application/json',
  'referer' => 'http://localhost:3000/',
  'accept-encoding' => 'gzip, deflate',
  'accept-language' => 'zh-CN,zh;q=0.9',
)
[ info ] [ PARAM ] array (
)
[ info ] [ RUN ] app\game\controller\Puzzle->select[ /home/calf/admin/changzhou/application/game/controller/Puzzle.php ]
[ info ] [ DB ] INIT \think\mongo\Connection
[ info ] [ LOG ] INIT File
[ sql ] [ DB ] CONNECT:[ UseTime:0.000021s ] 
[ sql ] [ Mongo ] db.game_puzzle.find({"$and":[{"deleteAt":{"$exists":false}}]}).limit(0); [ RunTime:0.000441s ]
---------------------------------------------------------------
[ 2018-01-13T13:40:19+08:00 ] 127.0.0.1 127.0.0.1 POST /game/puzzle/select
[ info ] changzhou.admin.com/game/puzzle/select [运行时间：0.015199s][吞吐率：65.79req/s] [内存消耗：956.81kb] [文件加载：57]
[ info ] [ LANG ] /home/calf/admin//thinkphp/lang/zh-cn.php
[ info ] [ ROUTE ] array (
  'type' => 'module',
  'module' => 
  array (
    0 => 'game',
    1 => 'puzzle',
    2 => 'select',
  ),
  'convert' => false,
)
[ info ] [ HEADER ] array (
  'host' => 'changzhou.admin.com',
  'connection' => 'keep-alive',
  'content-length' => '2',
  'pragma' => 'no-cache',
  'cache-control' => 'no-cache',
  'accept' => 'application/json',
  'origin' => 'http://localhost:3000',
  'user-agent' => 'Mozilla/5.0 (iPhone; CPU iPhone OS 10_3 like Mac OS X) AppleWebKit/602.1.50 (KHTML, like Gecko) CriOS/56.0.2924.75 Mobile/14E5239e Safari/602.1',
  'content-type' => 'application/json',
  'referer' => 'http://localhost:3000/',
  'accept-encoding' => 'gzip, deflate',
  'accept-language' => 'zh-CN,zh;q=0.9',
)
[ info ] [ PARAM ] array (
)
[ info ] [ RUN ] app\game\controller\Puzzle->select[ /home/calf/admin/changzhou/application/game/controller/Puzzle.php ]
[ info ] [ DB ] INIT \think\mongo\Connection
[ info ] [ LOG ] INIT File
[ sql ] [ DB ] CONNECT:[ UseTime:0.000021s ] 
[ sql ] [ Mongo ] db.game_puzzle.find({"$and":[{"deleteAt":{"$exists":false}}]}).limit(0); [ RunTime:0.000424s ]
---------------------------------------------------------------
[ 2018-01-13T13:40:29+08:00 ] 127.0.0.1 127.0.0.1 GET /game/puzzle
[ info ] changzhou.admin.com/game/puzzle [运行时间：0.010116s][吞吐率：98.85req/s] [内存消耗：736.41kb] [文件加载：47]
[ info ] [ LANG ] /home/calf/admin//thinkphp/lang/zh-cn.php
[ info ] [ ROUTE ] array (
  'type' => 'module',
  'module' => 
  array (
    0 => 'game',
    1 => 'puzzle',
    2 => 'index',
  ),
  'convert' => false,
)
[ info ] [ HEADER ] array (
  'host' => 'changzhou.admin.com',
  'connection' => 'keep-alive',
  'pragma' => 'no-cache',
  'cache-control' => 'no-cache',
  'upgrade-insecure-requests' => '1',
  'user-agent' => 'Mozilla/5.0 (iPhone; CPU iPhone OS 10_3 like Mac OS X) AppleWebKit/602.1.50 (KHTML, like Gecko) CriOS/56.0.2924.75 Mobile/14E5239e Safari/602.1',
  'accept' => 'text/html,application/xhtml+xml,application/xml;q=0.9,image/webp,image/apng,*/*;q=0.8',
  'accept-encoding' => 'gzip, deflate',
  'accept-language' => 'zh-CN,zh;q=0.9',
  'cookie' => '__utma=263463772.1899665212.1506839425.1508554965.1508632765.5; __utmz=263463772.1506839425.1.1.utmcsr=(direct)|utmccn=(direct)|utmcmd=(none)',
)
[ info ] [ PARAM ] array (
)
[ info ] [ RUN ] app\game\controller\Puzzle->index[ /home/calf/admin/changzhou/application/game/controller/Puzzle.php ]
[ info ] [ VIEW ] /home/calf/admin/changzhou/application/game/view/puzzle/index.html [ array (
) ]
[ info ] [ LOG ] INIT File
---------------------------------------------------------------
[ 2018-01-13T13:40:30+08:00 ] 127.0.0.1 127.0.0.1 POST /game/puzzle/select
[ info ] changzhou.admin.com/game/puzzle/select [运行时间：0.013387s][吞吐率：74.70req/s] [内存消耗：956.88kb] [文件加载：57]
[ info ] [ LANG ] /home/calf/admin//thinkphp/lang/zh-cn.php
[ info ] [ ROUTE ] array (
  'type' => 'module',
  'module' => 
  array (
    0 => 'game',
    1 => 'puzzle',
    2 => 'select',
  ),
  'convert' => false,
)
[ info ] [ HEADER ] array (
  'host' => 'changzhou.admin.com',
  'connection' => 'keep-alive',
  'content-length' => '2',
  'pragma' => 'no-cache',
  'cache-control' => 'no-cache',
  'accept' => 'application/json',
  'origin' => 'http://changzhou.admin.com',
  'user-agent' => 'Mozilla/5.0 (iPhone; CPU iPhone OS 10_3 like Mac OS X) AppleWebKit/602.1.50 (KHTML, like Gecko) CriOS/56.0.2924.75 Mobile/14E5239e Safari/602.1',
  'content-type' => 'application/json',
  'referer' => 'http://changzhou.admin.com/game/puzzle',
  'accept-encoding' => 'gzip, deflate',
  'accept-language' => 'zh-CN,zh;q=0.9',
)
[ info ] [ PARAM ] array (
)
[ info ] [ RUN ] app\game\controller\Puzzle->select[ /home/calf/admin/changzhou/application/game/controller/Puzzle.php ]
[ info ] [ DB ] INIT \think\mongo\Connection
[ info ] [ LOG ] INIT File
[ sql ] [ DB ] CONNECT:[ UseTime:0.000021s ] 
[ sql ] [ Mongo ] db.game_puzzle.find({"$and":[{"deleteAt":{"$exists":false}}]}).limit(0); [ RunTime:0.000448s ]
---------------------------------------------------------------
[ 2018-01-13T13:40:30+08:00 ] 127.0.0.1 127.0.0.1 GET /static/pintu/favicon.ico
[ info ] changzhou.admin.com/static/pintu/favicon.ico [运行时间：0.008807s][吞吐率：113.55req/s] [内存消耗：736.18kb] [文件加载：47]
[ info ] [ LANG ] /home/calf/admin//thinkphp/lang/zh-cn.php
[ info ] [ ROUTE ] array (
  'type' => 'module',
  'module' => 
  array (
    0 => 'index',
    1 => 'index',
    2 => 'index',
  ),
  'convert' => false,
)
[ info ] [ HEADER ] array (
  'host' => 'changzhou.admin.com',
  'connection' => 'keep-alive',
  'pragma' => 'no-cache',
  'cache-control' => 'no-cache',
  'user-agent' => 'Mozilla/5.0 (iPhone; CPU iPhone OS 10_3 like Mac OS X) AppleWebKit/602.1.50 (KHTML, like Gecko) CriOS/56.0.2924.75 Mobile/14E5239e Safari/602.1',
  'accept' => 'image/webp,image/apng,image/*,*/*;q=0.8',
  'referer' => 'http://changzhou.admin.com/game/puzzle',
  'accept-encoding' => 'gzip, deflate',
  'accept-language' => 'zh-CN,zh;q=0.9',
  'cookie' => '__utma=263463772.1899665212.1506839425.1508554965.1508632765.5; __utmz=263463772.1506839425.1.1.utmcsr=(direct)|utmccn=(direct)|utmcmd=(none)',
)
[ info ] [ PARAM ] array (
  'static' => 'pintu',
)
[ info ] [ RUN ] app\index\controller\Index->index[ /home/calf/admin/changzhou/application/index/controller/Index.php ]
[ info ] [ VIEW ] /home/calf/admin/changzhou/application/index/view/index/index.html [ array (
) ]
[ info ] [ LOG ] INIT File
---------------------------------------------------------------
[ 2018-01-13T13:46:36+08:00 ] 127.0.0.1 127.0.0.1 GET /game/puzzle
[ info ] changzhou.admin.com/game/puzzle [运行时间：0.019544s][吞吐率：51.17req/s] [内存消耗：737.34kb] [文件加载：47]
[ info ] [ LANG ] /home/calf/admin//thinkphp/lang/zh-cn.php
[ info ] [ ROUTE ] array (
  'type' => 'module',
  'module' => 
  array (
    0 => 'game',
    1 => 'puzzle',
    2 => 'index',
  ),
  'convert' => false,
)
[ info ] [ HEADER ] array (
  'host' => 'changzhou.admin.com',
  'connection' => 'keep-alive',
  'pragma' => 'no-cache',
  'cache-control' => 'no-cache',
  'user-agent' => 'Mozilla/5.0 (iPhone; CPU iPhone OS 10_3 like Mac OS X) AppleWebKit/602.1.50 (KHTML, like Gecko) CriOS/56.0.2924.75 Mobile/14E5239e Safari/602.1',
  'accept' => 'image/webp,image/apng,image/*,*/*;q=0.8',
  'referer' => 'http://changzhou.admin.com/game/puzzle',
  'accept-encoding' => 'gzip, deflate',
  'accept-language' => 'zh-CN,zh;q=0.9',
  'cookie' => '__utma=263463772.1899665212.1506839425.1508554965.1508632765.5; __utmz=263463772.1506839425.1.1.utmcsr=(direct)|utmccn=(direct)|utmcmd=(none)',
)
[ info ] [ PARAM ] array (
)
[ info ] [ RUN ] app\game\controller\Puzzle->index[ /home/calf/admin/changzhou/application/game/controller/Puzzle.php ]
[ info ] [ VIEW ] /home/calf/admin/changzhou/application/game/view/puzzle/index.html [ array (
) ]
[ info ] [ LOG ] INIT File
---------------------------------------------------------------
[ 2018-01-13T13:52:20+08:00 ] 127.0.0.1 127.0.0.1 GET /game/puzzle
[ info ] changzhou.admin.com/game/puzzle [运行时间：0.015399s][吞吐率：64.94req/s] [内存消耗：736.31kb] [文件加载：47]
[ info ] [ LANG ] /home/calf/admin//thinkphp/lang/zh-cn.php
[ info ] [ ROUTE ] array (
  'type' => 'module',
  'module' => 
  array (
    0 => 'game',
    1 => 'puzzle',
    2 => 'index',
  ),
  'convert' => false,
)
[ info ] [ HEADER ] array (
  'host' => 'changzhou.admin.com',
  'connection' => 'keep-alive',
  'pragma' => 'no-cache',
  'cache-control' => 'no-cache',
  'user-agent' => 'Mozilla/5.0 (iPhone; CPU iPhone OS 10_3 like Mac OS X) AppleWebKit/602.1.50 (KHTML, like Gecko) CriOS/56.0.2924.75 Mobile/14E5239e Safari/602.1',
  'accept' => 'image/webp,image/apng,image/*,*/*;q=0.8',
  'referer' => 'http://changzhou.admin.com/game/puzzle',
  'accept-encoding' => 'gzip, deflate',
  'accept-language' => 'zh-CN,zh;q=0.9',
  'cookie' => '__utma=263463772.1899665212.1506839425.1508554965.1508632765.5; __utmz=263463772.1506839425.1.1.utmcsr=(direct)|utmccn=(direct)|utmcmd=(none)',
)
[ info ] [ PARAM ] array (
)
[ info ] [ RUN ] app\game\controller\Puzzle->index[ /home/calf/admin/changzhou/application/game/controller/Puzzle.php ]
[ info ] [ VIEW ] /home/calf/admin/changzhou/application/game/view/puzzle/index.html [ array (
) ]
[ info ] [ LOG ] INIT File
