---------------------------------------------------------------
[ 2018-01-29T19:28:48+08:00 ] 192.168.2.137 192.168.2.80 POST /museum/exhibit/giveLike
[ info ] changzhou.admin.com/museum/exhibit/giveLike [运行时间：0.032913s][吞吐率：30.38req/s] [内存消耗：960.34kb] [文件加载：50]
[ info ] [ LANG ] /home/calf/admin//thinkphp/lang/zh-cn.php
[ info ] [ ROUTE ] array (
  'type' => 'module',
  'module' => 
  array (
    0 => 'museum',
    1 => 'exhibit',
    2 => 'giveLike',
  ),
  'convert' => false,
)
[ info ] [ HEADER ] array (
  'host' => 'changzhou.admin.com',
  'connection' => 'keep-alive',
  'content-length' => '6024',
  'pragma' => 'no-cache',
  'cache-control' => 'no-cache',
  'origin' => 'http://127.0.0.1:9973',
  'user-agent' => 'wechatdevtools appservice port/9974',
  'content-type' => 'application/json',
  'accept' => '*/*',
  'referer' => 'https://servicewechat.com/wxc08423577880f031/devtools/page-frame.html',
  'accept-encoding' => 'gzip, deflate',
)
[ info ] [ PARAM ] array (
  'openid' => 'o5mQA5USTEfXwXbnW2TumKYN9m2A',
  'exhibit' => 
  array (
    'active' => true,
    'name' => 'system',
    'source' => 
    array (
      '__wxWebviewId__' => 514,
      '__route__' => 'pages/pexhibition',
      'data' => 
      array (
        '__webviewId__' => 514,
        'exhibition' => 
        array (
          '_id' => '5a38d03883278715114bade2',
          'isShow' => true,
          'type' => 'p',
          'time' => 
          array (
            'start' => 1513672729000,
            'end' => 1513672729000,
          ),
          'category' => 
          array (
            'id' => '5a333861832787179207e182',
            'title' => '常设展览',
            'name' => 'p',
          ),
          'title' => '常州历史文化陈列',
          'intro' => '常设测试展览',
          'cover' => 'http://changzhou.admin.com/uploads/image/a2/425fb825c8159d2a176cd3ebc4800a.jpg',
          'createAt' => '2017-12-19 16:39:20',
          'updateAt' => '2018-01-12 18:03:47',
          'name' => 'ex0',
          'pType' => 0,
          'address' => '常州博物馆',
        ),
        'exhibits' => 
        array (
          0 => 
          array (
            '_id' => '5a337e9b832787178a6c37c3',
            'sort' => 0,
            'pictures' => 
            array (
            ),
            'audios' => 
            array (
              0 => 
              array (
                'src' => 'http://changzhou.admin.com/uploads/audio/0b/7257ccf2460d79b4d5dfbf3b096cc7.mp3',
              ),
            ),
            'videos' => 
            array (
            ),
            'tdModels' => 
            array (
            ),
            'tags' => 
            array (
            ),
            'exhibition' => 
            array (
              'id' => '5a38d03883278715114bade2',
              'title' => '常州历史文化陈列',
              'name' => 'ex0',
            ),
            'title' => '文物',
            'name' => '008',
            'guideNum' => '001',
            'intro' => '文物1',
            'content' => '<p>文物1</p>',
            'createAt' => '2017-12-15 15:49:47',
            'updateAt' => '2018-01-29 18:56:37',
            'isShow' => true,
            'cover' => 'http://changzhou.admin.com/uploads/image/71/ee5bce947cf97248e1f98d788989bd.jpg',
            'listen' => 1,
            'like' => 1,
            'isLike' => true,
          ),
          1 => 
          array (
            '_id' => '5a545a9883278741d439a272',
            'isShow' => true,
            'sort' => 0,
            'pictures' => 
            array (
            ),
            'audios' => 
            array (
              0 => 
              array (
                'src' => 'http://changzhou.admin.com/uploads/audio/0b/7257ccf2460d79b4d5dfbf3b096cc7.mp3',
              ),
            ),
            'videos' => 
            array (
            ),
            'tdModels' => 
            array (
            ),
            'tags' => 
            array (
            ),
            'exhibition' => 
            array (
              'id' => '5a38d03883278715114bade2',
              'title' => '常州历史文化陈列',
              'name' => 'ex0',
            ),
            'title' => 'test化石',
            'guideNum' => '002',
            'cover' => 'http://changzhou.admin.com/uploads/image/2a/d45e039bcfa4a81bb4b361bb75f577.jpg',
            'intro' => '111',
            'createAt' => '2018-01-09 14:00:56',
            'updateAt' => '2018-01-29 18:56:39',
            'content' => '<p>test化石</p>',
            'name' => '001',
            'listen' => 0,
            'like' => 1,
            'isLike' => true,
          ),
          2 => 
          array (
            '_id' => '5a659ec183278741b435fcd2',
            'isShow' => true,
            'sort' => 0,
            'pictures' => 
            array (
            ),
            'audios' => 
            array (
              0 => 
              array (
                'src' => 'http://changzhou.admin.com/uploads/audio/0b/7257ccf2460d79b4d5dfbf3b096cc7.mp3',
              ),
            ),
            'videos' => 
            array (
            ),
            'tdModels' => 
            array (
            ),
            'tags' => 
            array (
            ),
            'exhibition' => 
            array (
              'id' => '5a38d03883278715114bade2',
              'title' => '常州历史文化陈列',
              'name' => 'ex0',
            ),
            'title' => 'test12',
            'cover' => 'http://changzhou.admin.com/uploads/image/2a/d45e039bcfa4a81bb4b361bb75f577.jpg',
            'createAt' => '2018-01-22 16:20:17',
            'updateAt' => '2018-01-29 18:56:41',
            'name' => '002',
            'guideNum' => '003',
            'listen' => 0,
            'like' => 0,
            'isLike' => false,
          ),
          3 => 
          array (
            '_id' => '5a659e9b8327874101728242',
            'isShow' => true,
            'sort' => 0,
            'pictures' => 
            array (
            ),
            'audios' => 
            array (
              0 => 
              array (
                'src' => 'http://changzhou.admin.com/uploads/audio/44/25f504f58fb5e0804cd65ecd9f4728.mp3',
              ),
            ),
            'videos' => 
            array (
            ),
            'tdModels' => 
            array (
            ),
            'tags' => 
            array (
            ),
            'exhibition' => 
            array (
              'id' => '5a38d03883278715114bade2',
              'title' => '常州历史文化陈列',
              'name' => 'ex0',
            ),
            'title' => 'test11',
            'name' => '110',
            'cover' => 'http://changzhou.admin.com/uploads/image/08/cca8dae8c8795c870b67698c6f0e07.png',
            'createAt' => '2018-01-22 16:19:39',
            'updateAt' => '2018-01-29 19:01:41',
            'guideNum' => '004',
            'listen' => 1,
            'like' => 0,
            'isLike' => false,
          ),
          4 => 
          array (
            '_id' => '5a55f6ec8327876c833dda82',
            'isShow' => true,
            'sort' => 0,
            'pictures' => 
            array (
            ),
            'audios' => 
            array (
              0 => 
              array (
                'src' => 'http://changzhou.admin.com/uploads/audio/44/25f504f58fb5e0804cd65ecd9f4728.mp3',
              ),
            ),
            'videos' => 
            array (
            ),
            'tdModels' => 
            array (
            ),
            'tags' => 
            array (
            ),
            'exhibition' => 
            array (
              'id' => '5a38d03883278715114bade2',
              'title' => '常州历史文化陈列',
              'name' => 'ex0',
            ),
            'title' => 'test2',
            'cover' => 'http://changzhou.admin.com/uploads/image/b5/dd9149e112469d824200ff50cd6275.jpg',
            'createAt' => '2018-01-10 19:20:12',
            'updateAt' => '2018-01-29 18:56:18',
            'content' => '<p>2222222</p>',
            'name' => '003',
            'guideNum' => '005',
            'listen' => 0,
            'like' => 0,
            'isLike' => false,
          ),
          5 => 
          array (
            '_id' => '5a55f6ff8327871850375903',
            'isShow' => true,
            'sort' => 0,
            'pictures' => 
            array (
            ),
            'audios' => 
            array (
              0 => 
              array (
                'src' => 'http://changzhou.admin.com/uploads/audio/0b/7257ccf2460d79b4d5dfbf3b096cc7.mp3',
              ),
            ),
            'videos' => 
            array (
            ),
            'tdModels' => 
            array (
            ),
            'tags' => 
            array (
            ),
            'title' => 'test3',
            'cover' => 'http://changzhou.admin.com/uploads/image/2a/d45e039bcfa4a81bb4b361bb75f577.jpg',
            'createAt' => '2018-01-10 19:20:31',
            'updateAt' => '2018-01-29 18:56:22',
            'exhibition' => 
            array (
              'id' => '5a38d03883278715114bade2',
              'title' => '常州历史文化陈列',
              'name' => 'ex0',
            ),
            'content' => '<p>123123123</p>',
            'name' => '004',
            'guideNum' => '006',
            'listen' => 1,
            'like' => 0,
            'isLike' => false,
          ),
          6 => 
          array (
            '_id' => '5a55f71b832787173f6aaf82',
            'isShow' => true,
            'sort' => 0,
            'pictures' => 
            array (
            ),
            'audios' => 
            array (
              0 => 
              array (
                'src' => 'http://changzhou.admin.com/uploads/audio/44/25f504f58fb5e0804cd65ecd9f4728.mp3',
              ),
            ),
            'videos' => 
            array (
            ),
            'tdModels' => 
            array (
            ),
            'tags' => 
            array (
            ),
            'exhibition' => 
            array (
              'id' => '5a38d03883278715114bade2',
              'title' => '常州历史文化陈列',
              'name' => 'ex0',
            ),
            'title' => 'test4',
            'cover' => 'http://changzhou.admin.com/uploads/image/2a/d45e039bcfa4a81bb4b361bb75f577.jpg',
            'createAt' => '2018-01-10 19:20:59',
            'updateAt' => '2018-01-29 17:45:51',
            'content' => '<p>44444</p>',
            'name' => '005',
            'guideNum' => '007',
            'isLike' => false,
          ),
          7 => 
          array (
            '_id' => '5a659ee2832787577a0e02a2',
            'isShow' => true,
            'sort' => 0,
            'pictures' => 
            array (
            ),
            'audios' => 
            array (
              0 => 
              array (
                'title' => '从前有座山啊',
                'src' => 'http://changzhou.admin.com/uploads/audio/0b/7257ccf2460d79b4d5dfbf3b096cc7.mp3',
                'intro' => '山里有座庙啊',
              ),
            ),
            'videos' => 
            array (
            ),
            'tdModels' => 
            array (
            ),
            'tags' => 
            array (
            ),
            'exhibition' => 
            array (
              'id' => '5a38d03883278715114bade2',
              'title' => '常州历史文化陈列',
              'name' => 'ex0',
            ),
            'title' => 'test13',
            'cover' => 'http://changzhou.admin.com/uploads/image/b5/dd9149e112469d824200ff50cd6275.jpg',
            'createAt' => '2018-01-22 16:20:50',
            'updateAt' => '2018-01-29 18:57:28',
            'name' => '007',
            'guideNum' => '009',
            'like' => 1,
            'isLike' => true,
          ),
        ),
        'num' => '0',
        'hiddenControl' => true,
        'bgPlayer' => 
        array (
        ),
        'windowHeight' => 603,
        'rate' => 0,
        'marginTop' => 0,
        'startY' => 0,
        'scrollTop' => 0,
        'getHeader' => 'http://cdn.atmuseum.cn/changzhou/ex0.jpg',
        'getTitle' => 'http://cdn.atmuseum.cn/changzhou/title0.png',
        'getPlayBtn' => 'http://cdn.atmuseum.cn/changzhou/iconPause.png',
        '$listitem$zan1' => 'http://cdn.atmuseum.cn/changzhou/zan1.png',
        '$listitem$zan2' => 'http://cdn.atmuseum.cn/changzhou/zan2.png',
        '$listitem$item' => 
        array (
        ),
      ),
      'route' => 'pages/pexhibition',
      'options' => 
      array (
        'num' => '0',
      ),
    ),
    'type' => 'tap',
    'timeStamp' => 3298,
    'target' => 
    array (
      'id' => '',
      'offsetLeft' => 0,
      'offsetTop' => 3,
      'dataset' => 
      array (
      ),
    ),
    'currentTarget' => 
    array (
      'id' => '',
      'offsetLeft' => 89,
      'offsetTop' => 7,
      'dataset' => 
      array (
        'comIndex' => 2,
      ),
    ),
    'detail' => 
    array (
      'x' => 160,
      'y' => 414,
    ),
    'touches' => 
    array (
      0 => 
      array (
        'identifier' => 0,
        'pageX' => 160,
        'pageY' => 414,
        'clientX' => 160,
        'clientY' => 414,
      ),
    ),
    'changedTouches' => 
    array (
      0 => 
      array (
        'identifier' => 0,
        'pageX' => 160,
        'pageY' => 414,
        'clientX' => 160,
        'clientY' => 414,
      ),
    ),
  ),
)
[ info ] [ RUN ] app\museum\controller\Exhibit->giveLike[ /home/calf/admin/changzhou/application/museum/controller/Exhibit.php ]
[ info ] [ LOG ] INIT File
[ error ] [0]variable type error：array[/home/calf/admin/thinkphp/library/think/Request.php:1128]
---------------------------------------------------------------
[ 2018-01-29T19:28:49+08:00 ] 192.168.2.137 192.168.2.80 POST /museum/exhibit/giveLike
[ info ] changzhou.admin.com/museum/exhibit/giveLike [运行时间：0.027953s][吞吐率：35.77req/s] [内存消耗：960.01kb] [文件加载：50]
[ info ] [ LANG ] /home/calf/admin//thinkphp/lang/zh-cn.php
[ info ] [ ROUTE ] array (
  'type' => 'module',
  'module' => 
  array (
    0 => 'museum',
    1 => 'exhibit',
    2 => 'giveLike',
  ),
  'convert' => false,
)
[ info ] [ HEADER ] array (
  'host' => 'changzhou.admin.com',
  'connection' => 'keep-alive',
  'content-length' => '6024',
  'pragma' => 'no-cache',
  'cache-control' => 'no-cache',
  'origin' => 'http://127.0.0.1:9973',
  'user-agent' => 'wechatdevtools appservice port/9974',
  'content-type' => 'application/json',
  'accept' => '*/*',
  'referer' => 'https://servicewechat.com/wxc08423577880f031/devtools/page-frame.html',
  'accept-encoding' => 'gzip, deflate',
)
[ info ] [ PARAM ] array (
  'openid' => 'o5mQA5USTEfXwXbnW2TumKYN9m2A',
  'exhibit' => 
  array (
    'active' => true,
    'name' => 'system',
    'source' => 
    array (
      '__wxWebviewId__' => 514,
      '__route__' => 'pages/pexhibition',
      'data' => 
      array (
        '__webviewId__' => 514,
        'exhibition' => 
        array (
          '_id' => '5a38d03883278715114bade2',
          'isShow' => true,
          'type' => 'p',
          'time' => 
          array (
            'start' => 1513672729000,
            'end' => 1513672729000,
          ),
          'category' => 
          array (
            'id' => '5a333861832787179207e182',
            'title' => '常设展览',
            'name' => 'p',
          ),
          'title' => '常州历史文化陈列',
          'intro' => '常设测试展览',
          'cover' => 'http://changzhou.admin.com/uploads/image/a2/425fb825c8159d2a176cd3ebc4800a.jpg',
          'createAt' => '2017-12-19 16:39:20',
          'updateAt' => '2018-01-12 18:03:47',
          'name' => 'ex0',
          'pType' => 0,
          'address' => '常州博物馆',
        ),
        'exhibits' => 
        array (
          0 => 
          array (
            '_id' => '5a337e9b832787178a6c37c3',
            'sort' => 0,
            'pictures' => 
            array (
            ),
            'audios' => 
            array (
              0 => 
              array (
                'src' => 'http://changzhou.admin.com/uploads/audio/0b/7257ccf2460d79b4d5dfbf3b096cc7.mp3',
              ),
            ),
            'videos' => 
            array (
            ),
            'tdModels' => 
            array (
            ),
            'tags' => 
            array (
            ),
            'exhibition' => 
            array (
              'id' => '5a38d03883278715114bade2',
              'title' => '常州历史文化陈列',
              'name' => 'ex0',
            ),
            'title' => '文物',
            'name' => '008',
            'guideNum' => '001',
            'intro' => '文物1',
            'content' => '<p>文物1</p>',
            'createAt' => '2017-12-15 15:49:47',
            'updateAt' => '2018-01-29 18:56:37',
            'isShow' => true,
            'cover' => 'http://changzhou.admin.com/uploads/image/71/ee5bce947cf97248e1f98d788989bd.jpg',
            'listen' => 1,
            'like' => 1,
            'isLike' => true,
          ),
          1 => 
          array (
            '_id' => '5a545a9883278741d439a272',
            'isShow' => true,
            'sort' => 0,
            'pictures' => 
            array (
            ),
            'audios' => 
            array (
              0 => 
              array (
                'src' => 'http://changzhou.admin.com/uploads/audio/0b/7257ccf2460d79b4d5dfbf3b096cc7.mp3',
              ),
            ),
            'videos' => 
            array (
            ),
            'tdModels' => 
            array (
            ),
            'tags' => 
            array (
            ),
            'exhibition' => 
            array (
              'id' => '5a38d03883278715114bade2',
              'title' => '常州历史文化陈列',
              'name' => 'ex0',
            ),
            'title' => 'test化石',
            'guideNum' => '002',
            'cover' => 'http://changzhou.admin.com/uploads/image/2a/d45e039bcfa4a81bb4b361bb75f577.jpg',
            'intro' => '111',
            'createAt' => '2018-01-09 14:00:56',
            'updateAt' => '2018-01-29 18:56:39',
            'content' => '<p>test化石</p>',
            'name' => '001',
            'listen' => 0,
            'like' => 1,
            'isLike' => true,
          ),
          2 => 
          array (
            '_id' => '5a659ec183278741b435fcd2',
            'isShow' => true,
            'sort' => 0,
            'pictures' => 
            array (
            ),
            'audios' => 
            array (
              0 => 
              array (
                'src' => 'http://changzhou.admin.com/uploads/audio/0b/7257ccf2460d79b4d5dfbf3b096cc7.mp3',
              ),
            ),
            'videos' => 
            array (
            ),
            'tdModels' => 
            array (
            ),
            'tags' => 
            array (
            ),
            'exhibition' => 
            array (
              'id' => '5a38d03883278715114bade2',
              'title' => '常州历史文化陈列',
              'name' => 'ex0',
            ),
            'title' => 'test12',
            'cover' => 'http://changzhou.admin.com/uploads/image/2a/d45e039bcfa4a81bb4b361bb75f577.jpg',
            'createAt' => '2018-01-22 16:20:17',
            'updateAt' => '2018-01-29 18:56:41',
            'name' => '002',
            'guideNum' => '003',
            'listen' => 0,
            'like' => 0,
            'isLike' => false,
          ),
          3 => 
          array (
            '_id' => '5a659e9b8327874101728242',
            'isShow' => true,
            'sort' => 0,
            'pictures' => 
            array (
            ),
            'audios' => 
            array (
              0 => 
              array (
                'src' => 'http://changzhou.admin.com/uploads/audio/44/25f504f58fb5e0804cd65ecd9f4728.mp3',
              ),
            ),
            'videos' => 
            array (
            ),
            'tdModels' => 
            array (
            ),
            'tags' => 
            array (
            ),
            'exhibition' => 
            array (
              'id' => '5a38d03883278715114bade2',
              'title' => '常州历史文化陈列',
              'name' => 'ex0',
            ),
            'title' => 'test11',
            'name' => '110',
            'cover' => 'http://changzhou.admin.com/uploads/image/08/cca8dae8c8795c870b67698c6f0e07.png',
            'createAt' => '2018-01-22 16:19:39',
            'updateAt' => '2018-01-29 19:01:41',
            'guideNum' => '004',
            'listen' => 1,
            'like' => 0,
            'isLike' => false,
          ),
          4 => 
          array (
            '_id' => '5a55f6ec8327876c833dda82',
            'isShow' => true,
            'sort' => 0,
            'pictures' => 
            array (
            ),
            'audios' => 
            array (
              0 => 
              array (
                'src' => 'http://changzhou.admin.com/uploads/audio/44/25f504f58fb5e0804cd65ecd9f4728.mp3',
              ),
            ),
            'videos' => 
            array (
            ),
            'tdModels' => 
            array (
            ),
            'tags' => 
            array (
            ),
            'exhibition' => 
            array (
              'id' => '5a38d03883278715114bade2',
              'title' => '常州历史文化陈列',
              'name' => 'ex0',
            ),
            'title' => 'test2',
            'cover' => 'http://changzhou.admin.com/uploads/image/b5/dd9149e112469d824200ff50cd6275.jpg',
            'createAt' => '2018-01-10 19:20:12',
            'updateAt' => '2018-01-29 18:56:18',
            'content' => '<p>2222222</p>',
            'name' => '003',
            'guideNum' => '005',
            'listen' => 0,
            'like' => 0,
            'isLike' => false,
          ),
          5 => 
          array (
            '_id' => '5a55f6ff8327871850375903',
            'isShow' => true,
            'sort' => 0,
            'pictures' => 
            array (
            ),
            'audios' => 
            array (
              0 => 
              array (
                'src' => 'http://changzhou.admin.com/uploads/audio/0b/7257ccf2460d79b4d5dfbf3b096cc7.mp3',
              ),
            ),
            'videos' => 
            array (
            ),
            'tdModels' => 
            array (
            ),
            'tags' => 
            array (
            ),
            'title' => 'test3',
            'cover' => 'http://changzhou.admin.com/uploads/image/2a/d45e039bcfa4a81bb4b361bb75f577.jpg',
            'createAt' => '2018-01-10 19:20:31',
            'updateAt' => '2018-01-29 18:56:22',
            'exhibition' => 
            array (
              'id' => '5a38d03883278715114bade2',
              'title' => '常州历史文化陈列',
              'name' => 'ex0',
            ),
            'content' => '<p>123123123</p>',
            'name' => '004',
            'guideNum' => '006',
            'listen' => 1,
            'like' => 0,
            'isLike' => false,
          ),
          6 => 
          array (
            '_id' => '5a55f71b832787173f6aaf82',
            'isShow' => true,
            'sort' => 0,
            'pictures' => 
            array (
            ),
            'audios' => 
            array (
              0 => 
              array (
                'src' => 'http://changzhou.admin.com/uploads/audio/44/25f504f58fb5e0804cd65ecd9f4728.mp3',
              ),
            ),
            'videos' => 
            array (
            ),
            'tdModels' => 
            array (
            ),
            'tags' => 
            array (
            ),
            'exhibition' => 
            array (
              'id' => '5a38d03883278715114bade2',
              'title' => '常州历史文化陈列',
              'name' => 'ex0',
            ),
            'title' => 'test4',
            'cover' => 'http://changzhou.admin.com/uploads/image/2a/d45e039bcfa4a81bb4b361bb75f577.jpg',
            'createAt' => '2018-01-10 19:20:59',
            'updateAt' => '2018-01-29 17:45:51',
            'content' => '<p>44444</p>',
            'name' => '005',
            'guideNum' => '007',
            'isLike' => false,
          ),
          7 => 
          array (
            '_id' => '5a659ee2832787577a0e02a2',
            'isShow' => true,
            'sort' => 0,
            'pictures' => 
            array (
            ),
            'audios' => 
            array (
              0 => 
              array (
                'title' => '从前有座山啊',
                'src' => 'http://changzhou.admin.com/uploads/audio/0b/7257ccf2460d79b4d5dfbf3b096cc7.mp3',
                'intro' => '山里有座庙啊',
              ),
            ),
            'videos' => 
            array (
            ),
            'tdModels' => 
            array (
            ),
            'tags' => 
            array (
            ),
            'exhibition' => 
            array (
              'id' => '5a38d03883278715114bade2',
              'title' => '常州历史文化陈列',
              'name' => 'ex0',
            ),
            'title' => 'test13',
            'cover' => 'http://changzhou.admin.com/uploads/image/b5/dd9149e112469d824200ff50cd6275.jpg',
            'createAt' => '2018-01-22 16:20:50',
            'updateAt' => '2018-01-29 18:57:28',
            'name' => '007',
            'guideNum' => '009',
            'like' => 1,
            'isLike' => true,
          ),
        ),
        'num' => '0',
        'hiddenControl' => true,
        'bgPlayer' => 
        array (
        ),
        'windowHeight' => 603,
        'rate' => 0,
        'marginTop' => 0,
        'startY' => 0,
        'scrollTop' => 0,
        'getHeader' => 'http://cdn.atmuseum.cn/changzhou/ex0.jpg',
        'getTitle' => 'http://cdn.atmuseum.cn/changzhou/title0.png',
        'getPlayBtn' => 'http://cdn.atmuseum.cn/changzhou/iconPause.png',
        '$listitem$zan1' => 'http://cdn.atmuseum.cn/changzhou/zan1.png',
        '$listitem$zan2' => 'http://cdn.atmuseum.cn/changzhou/zan2.png',
        '$listitem$item' => 
        array (
        ),
      ),
      'route' => 'pages/pexhibition',
      'options' => 
      array (
        'num' => '0',
      ),
    ),
    'type' => 'tap',
    'timeStamp' => 3491,
    'target' => 
    array (
      'id' => '',
      'offsetLeft' => 0,
      'offsetTop' => 3,
      'dataset' => 
      array (
      ),
    ),
    'currentTarget' => 
    array (
      'id' => '',
      'offsetLeft' => 89,
      'offsetTop' => 7,
      'dataset' => 
      array (
        'comIndex' => 2,
      ),
    ),
    'detail' => 
    array (
      'x' => 160,
      'y' => 414,
    ),
    'touches' => 
    array (
      0 => 
      array (
        'identifier' => 0,
        'pageX' => 160,
        'pageY' => 414,
        'clientX' => 160,
        'clientY' => 414,
      ),
    ),
    'changedTouches' => 
    array (
      0 => 
      array (
        'identifier' => 0,
        'pageX' => 160,
        'pageY' => 414,
        'clientX' => 160,
        'clientY' => 414,
      ),
    ),
  ),
)
[ info ] [ RUN ] app\museum\controller\Exhibit->giveLike[ /home/calf/admin/changzhou/application/museum/controller/Exhibit.php ]
[ info ] [ LOG ] INIT File
[ error ] [0]variable type error：array[/home/calf/admin/thinkphp/library/think/Request.php:1128]
---------------------------------------------------------------
[ 2018-01-29T19:28:49+08:00 ] 192.168.2.137 192.168.2.80 POST /museum/exhibit/giveLike
[ info ] changzhou.admin.com/museum/exhibit/giveLike [运行时间：0.029307s][吞吐率：34.12req/s] [内存消耗：960.01kb] [文件加载：50]
[ info ] [ LANG ] /home/calf/admin//thinkphp/lang/zh-cn.php
[ info ] [ ROUTE ] array (
  'type' => 'module',
  'module' => 
  array (
    0 => 'museum',
    1 => 'exhibit',
    2 => 'giveLike',
  ),
  'convert' => false,
)
[ info ] [ HEADER ] array (
  'host' => 'changzhou.admin.com',
  'connection' => 'keep-alive',
  'content-length' => '6024',
  'pragma' => 'no-cache',
  'cache-control' => 'no-cache',
  'origin' => 'http://127.0.0.1:9973',
  'user-agent' => 'wechatdevtools appservice port/9974',
  'content-type' => 'application/json',
  'accept' => '*/*',
  'referer' => 'https://servicewechat.com/wxc08423577880f031/devtools/page-frame.html',
  'accept-encoding' => 'gzip, deflate',
)
[ info ] [ PARAM ] array (
  'openid' => 'o5mQA5USTEfXwXbnW2TumKYN9m2A',
  'exhibit' => 
  array (
    'active' => true,
    'name' => 'system',
    'source' => 
    array (
      '__wxWebviewId__' => 514,
      '__route__' => 'pages/pexhibition',
      'data' => 
      array (
        '__webviewId__' => 514,
        'exhibition' => 
        array (
          '_id' => '5a38d03883278715114bade2',
          'isShow' => true,
          'type' => 'p',
          'time' => 
          array (
            'start' => 1513672729000,
            'end' => 1513672729000,
          ),
          'category' => 
          array (
            'id' => '5a333861832787179207e182',
            'title' => '常设展览',
            'name' => 'p',
          ),
          'title' => '常州历史文化陈列',
          'intro' => '常设测试展览',
          'cover' => 'http://changzhou.admin.com/uploads/image/a2/425fb825c8159d2a176cd3ebc4800a.jpg',
          'createAt' => '2017-12-19 16:39:20',
          'updateAt' => '2018-01-12 18:03:47',
          'name' => 'ex0',
          'pType' => 0,
          'address' => '常州博物馆',
        ),
        'exhibits' => 
        array (
          0 => 
          array (
            '_id' => '5a337e9b832787178a6c37c3',
            'sort' => 0,
            'pictures' => 
            array (
            ),
            'audios' => 
            array (
              0 => 
              array (
                'src' => 'http://changzhou.admin.com/uploads/audio/0b/7257ccf2460d79b4d5dfbf3b096cc7.mp3',
              ),
            ),
            'videos' => 
            array (
            ),
            'tdModels' => 
            array (
            ),
            'tags' => 
            array (
            ),
            'exhibition' => 
            array (
              'id' => '5a38d03883278715114bade2',
              'title' => '常州历史文化陈列',
              'name' => 'ex0',
            ),
            'title' => '文物',
            'name' => '008',
            'guideNum' => '001',
            'intro' => '文物1',
            'content' => '<p>文物1</p>',
            'createAt' => '2017-12-15 15:49:47',
            'updateAt' => '2018-01-29 18:56:37',
            'isShow' => true,
            'cover' => 'http://changzhou.admin.com/uploads/image/71/ee5bce947cf97248e1f98d788989bd.jpg',
            'listen' => 1,
            'like' => 1,
            'isLike' => true,
          ),
          1 => 
          array (
            '_id' => '5a545a9883278741d439a272',
            'isShow' => true,
            'sort' => 0,
            'pictures' => 
            array (
            ),
            'audios' => 
            array (
              0 => 
              array (
                'src' => 'http://changzhou.admin.com/uploads/audio/0b/7257ccf2460d79b4d5dfbf3b096cc7.mp3',
              ),
            ),
            'videos' => 
            array (
            ),
            'tdModels' => 
            array (
            ),
            'tags' => 
            array (
            ),
            'exhibition' => 
            array (
              'id' => '5a38d03883278715114bade2',
              'title' => '常州历史文化陈列',
              'name' => 'ex0',
            ),
            'title' => 'test化石',
            'guideNum' => '002',
            'cover' => 'http://changzhou.admin.com/uploads/image/2a/d45e039bcfa4a81bb4b361bb75f577.jpg',
            'intro' => '111',
            'createAt' => '2018-01-09 14:00:56',
            'updateAt' => '2018-01-29 18:56:39',
            'content' => '<p>test化石</p>',
            'name' => '001',
            'listen' => 0,
            'like' => 1,
            'isLike' => true,
          ),
          2 => 
          array (
            '_id' => '5a659ec183278741b435fcd2',
            'isShow' => true,
            'sort' => 0,
            'pictures' => 
            array (
            ),
            'audios' => 
            array (
              0 => 
              array (
                'src' => 'http://changzhou.admin.com/uploads/audio/0b/7257ccf2460d79b4d5dfbf3b096cc7.mp3',
              ),
            ),
            'videos' => 
            array (
            ),
            'tdModels' => 
            array (
            ),
            'tags' => 
            array (
            ),
            'exhibition' => 
            array (
              'id' => '5a38d03883278715114bade2',
              'title' => '常州历史文化陈列',
              'name' => 'ex0',
            ),
            'title' => 'test12',
            'cover' => 'http://changzhou.admin.com/uploads/image/2a/d45e039bcfa4a81bb4b361bb75f577.jpg',
            'createAt' => '2018-01-22 16:20:17',
            'updateAt' => '2018-01-29 18:56:41',
            'name' => '002',
            'guideNum' => '003',
            'listen' => 0,
            'like' => 0,
            'isLike' => false,
          ),
          3 => 
          array (
            '_id' => '5a659e9b8327874101728242',
            'isShow' => true,
            'sort' => 0,
            'pictures' => 
            array (
            ),
            'audios' => 
            array (
              0 => 
              array (
                'src' => 'http://changzhou.admin.com/uploads/audio/44/25f504f58fb5e0804cd65ecd9f4728.mp3',
              ),
            ),
            'videos' => 
            array (
            ),
            'tdModels' => 
            array (
            ),
            'tags' => 
            array (
            ),
            'exhibition' => 
            array (
              'id' => '5a38d03883278715114bade2',
              'title' => '常州历史文化陈列',
              'name' => 'ex0',
            ),
            'title' => 'test11',
            'name' => '110',
            'cover' => 'http://changzhou.admin.com/uploads/image/08/cca8dae8c8795c870b67698c6f0e07.png',
            'createAt' => '2018-01-22 16:19:39',
            'updateAt' => '2018-01-29 19:01:41',
            'guideNum' => '004',
            'listen' => 1,
            'like' => 0,
            'isLike' => false,
          ),
          4 => 
          array (
            '_id' => '5a55f6ec8327876c833dda82',
            'isShow' => true,
            'sort' => 0,
            'pictures' => 
            array (
            ),
            'audios' => 
            array (
              0 => 
              array (
                'src' => 'http://changzhou.admin.com/uploads/audio/44/25f504f58fb5e0804cd65ecd9f4728.mp3',
              ),
            ),
            'videos' => 
            array (
            ),
            'tdModels' => 
            array (
            ),
            'tags' => 
            array (
            ),
            'exhibition' => 
            array (
              'id' => '5a38d03883278715114bade2',
              'title' => '常州历史文化陈列',
              'name' => 'ex0',
            ),
            'title' => 'test2',
            'cover' => 'http://changzhou.admin.com/uploads/image/b5/dd9149e112469d824200ff50cd6275.jpg',
            'createAt' => '2018-01-10 19:20:12',
            'updateAt' => '2018-01-29 18:56:18',
            'content' => '<p>2222222</p>',
            'name' => '003',
            'guideNum' => '005',
            'listen' => 0,
            'like' => 0,
            'isLike' => false,
          ),
          5 => 
          array (
            '_id' => '5a55f6ff8327871850375903',
            'isShow' => true,
            'sort' => 0,
            'pictures' => 
            array (
            ),
            'audios' => 
            array (
              0 => 
              array (
                'src' => 'http://changzhou.admin.com/uploads/audio/0b/7257ccf2460d79b4d5dfbf3b096cc7.mp3',
              ),
            ),
            'videos' => 
            array (
            ),
            'tdModels' => 
            array (
            ),
            'tags' => 
            array (
            ),
            'title' => 'test3',
            'cover' => 'http://changzhou.admin.com/uploads/image/2a/d45e039bcfa4a81bb4b361bb75f577.jpg',
            'createAt' => '2018-01-10 19:20:31',
            'updateAt' => '2018-01-29 18:56:22',
            'exhibition' => 
            array (
              'id' => '5a38d03883278715114bade2',
              'title' => '常州历史文化陈列',
              'name' => 'ex0',
            ),
            'content' => '<p>123123123</p>',
            'name' => '004',
            'guideNum' => '006',
            'listen' => 1,
            'like' => 0,
            'isLike' => false,
          ),
          6 => 
          array (
            '_id' => '5a55f71b832787173f6aaf82',
            'isShow' => true,
            'sort' => 0,
            'pictures' => 
            array (
            ),
            'audios' => 
            array (
              0 => 
              array (
                'src' => 'http://changzhou.admin.com/uploads/audio/44/25f504f58fb5e0804cd65ecd9f4728.mp3',
              ),
            ),
            'videos' => 
            array (
            ),
            'tdModels' => 
            array (
            ),
            'tags' => 
            array (
            ),
            'exhibition' => 
            array (
              'id' => '5a38d03883278715114bade2',
              'title' => '常州历史文化陈列',
              'name' => 'ex0',
            ),
            'title' => 'test4',
            'cover' => 'http://changzhou.admin.com/uploads/image/2a/d45e039bcfa4a81bb4b361bb75f577.jpg',
            'createAt' => '2018-01-10 19:20:59',
            'updateAt' => '2018-01-29 17:45:51',
            'content' => '<p>44444</p>',
            'name' => '005',
            'guideNum' => '007',
            'isLike' => false,
          ),
          7 => 
          array (
            '_id' => '5a659ee2832787577a0e02a2',
            'isShow' => true,
            'sort' => 0,
            'pictures' => 
            array (
            ),
            'audios' => 
            array (
              0 => 
              array (
                'title' => '从前有座山啊',
                'src' => 'http://changzhou.admin.com/uploads/audio/0b/7257ccf2460d79b4d5dfbf3b096cc7.mp3',
                'intro' => '山里有座庙啊',
              ),
            ),
            'videos' => 
            array (
            ),
            'tdModels' => 
            array (
            ),
            'tags' => 
            array (
            ),
            'exhibition' => 
            array (
              'id' => '5a38d03883278715114bade2',
              'title' => '常州历史文化陈列',
              'name' => 'ex0',
            ),
            'title' => 'test13',
            'cover' => 'http://changzhou.admin.com/uploads/image/b5/dd9149e112469d824200ff50cd6275.jpg',
            'createAt' => '2018-01-22 16:20:50',
            'updateAt' => '2018-01-29 18:57:28',
            'name' => '007',
            'guideNum' => '009',
            'like' => 1,
            'isLike' => true,
          ),
        ),
        'num' => '0',
        'hiddenControl' => true,
        'bgPlayer' => 
        array (
        ),
        'windowHeight' => 603,
        'rate' => 0,
        'marginTop' => 0,
        'startY' => 0,
        'scrollTop' => 0,
        'getHeader' => 'http://cdn.atmuseum.cn/changzhou/ex0.jpg',
        'getTitle' => 'http://cdn.atmuseum.cn/changzhou/title0.png',
        'getPlayBtn' => 'http://cdn.atmuseum.cn/changzhou/iconPause.png',
        '$listitem$zan1' => 'http://cdn.atmuseum.cn/changzhou/zan1.png',
        '$listitem$zan2' => 'http://cdn.atmuseum.cn/changzhou/zan2.png',
        '$listitem$item' => 
        array (
        ),
      ),
      'route' => 'pages/pexhibition',
      'options' => 
      array (
        'num' => '0',
      ),
    ),
    'type' => 'tap',
    'timeStamp' => 3748,
    'target' => 
    array (
      'id' => '',
      'offsetLeft' => 0,
      'offsetTop' => 3,
      'dataset' => 
      array (
      ),
    ),
    'currentTarget' => 
    array (
      'id' => '',
      'offsetLeft' => 89,
      'offsetTop' => 7,
      'dataset' => 
      array (
        'comIndex' => 2,
      ),
    ),
    'detail' => 
    array (
      'x' => 160,
      'y' => 414,
    ),
    'touches' => 
    array (
      0 => 
      array (
        'identifier' => 0,
        'pageX' => 160,
        'pageY' => 414,
        'clientX' => 160,
        'clientY' => 414,
      ),
    ),
    'changedTouches' => 
    array (
      0 => 
      array (
        'identifier' => 0,
        'pageX' => 160,
        'pageY' => 414,
        'clientX' => 160,
        'clientY' => 414,
      ),
    ),
  ),
)
[ info ] [ RUN ] app\museum\controller\Exhibit->giveLike[ /home/calf/admin/changzhou/application/museum/controller/Exhibit.php ]
[ info ] [ LOG ] INIT File
[ error ] [0]variable type error：array[/home/calf/admin/thinkphp/library/think/Request.php:1128]
---------------------------------------------------------------
[ 2018-01-29T19:28:49+08:00 ] 192.168.2.137 192.168.2.80 POST /museum/exhibit/giveLike
[ info ] changzhou.admin.com/museum/exhibit/giveLike [运行时间：0.028740s][吞吐率：34.79req/s] [内存消耗：960.01kb] [文件加载：50]
[ info ] [ LANG ] /home/calf/admin//thinkphp/lang/zh-cn.php
[ info ] [ ROUTE ] array (
  'type' => 'module',
  'module' => 
  array (
    0 => 'museum',
    1 => 'exhibit',
    2 => 'giveLike',
  ),
  'convert' => false,
)
[ info ] [ HEADER ] array (
  'host' => 'changzhou.admin.com',
  'connection' => 'keep-alive',
  'content-length' => '6024',
  'pragma' => 'no-cache',
  'cache-control' => 'no-cache',
  'origin' => 'http://127.0.0.1:9973',
  'user-agent' => 'wechatdevtools appservice port/9974',
  'content-type' => 'application/json',
  'accept' => '*/*',
  'referer' => 'https://servicewechat.com/wxc08423577880f031/devtools/page-frame.html',
  'accept-encoding' => 'gzip, deflate',
)
[ info ] [ PARAM ] array (
  'openid' => 'o5mQA5USTEfXwXbnW2TumKYN9m2A',
  'exhibit' => 
  array (
    'active' => true,
    'name' => 'system',
    'source' => 
    array (
      '__wxWebviewId__' => 514,
      '__route__' => 'pages/pexhibition',
      'data' => 
      array (
        '__webviewId__' => 514,
        'exhibition' => 
        array (
          '_id' => '5a38d03883278715114bade2',
          'isShow' => true,
          'type' => 'p',
          'time' => 
          array (
            'start' => 1513672729000,
            'end' => 1513672729000,
          ),
          'category' => 
          array (
            'id' => '5a333861832787179207e182',
            'title' => '常设展览',
            'name' => 'p',
          ),
          'title' => '常州历史文化陈列',
          'intro' => '常设测试展览',
          'cover' => 'http://changzhou.admin.com/uploads/image/a2/425fb825c8159d2a176cd3ebc4800a.jpg',
          'createAt' => '2017-12-19 16:39:20',
          'updateAt' => '2018-01-12 18:03:47',
          'name' => 'ex0',
          'pType' => 0,
          'address' => '常州博物馆',
        ),
        'exhibits' => 
        array (
          0 => 
          array (
            '_id' => '5a337e9b832787178a6c37c3',
            'sort' => 0,
            'pictures' => 
            array (
            ),
            'audios' => 
            array (
              0 => 
              array (
                'src' => 'http://changzhou.admin.com/uploads/audio/0b/7257ccf2460d79b4d5dfbf3b096cc7.mp3',
              ),
            ),
            'videos' => 
            array (
            ),
            'tdModels' => 
            array (
            ),
            'tags' => 
            array (
            ),
            'exhibition' => 
            array (
              'id' => '5a38d03883278715114bade2',
              'title' => '常州历史文化陈列',
              'name' => 'ex0',
            ),
            'title' => '文物',
            'name' => '008',
            'guideNum' => '001',
            'intro' => '文物1',
            'content' => '<p>文物1</p>',
            'createAt' => '2017-12-15 15:49:47',
            'updateAt' => '2018-01-29 18:56:37',
            'isShow' => true,
            'cover' => 'http://changzhou.admin.com/uploads/image/71/ee5bce947cf97248e1f98d788989bd.jpg',
            'listen' => 1,
            'like' => 1,
            'isLike' => true,
          ),
          1 => 
          array (
            '_id' => '5a545a9883278741d439a272',
            'isShow' => true,
            'sort' => 0,
            'pictures' => 
            array (
            ),
            'audios' => 
            array (
              0 => 
              array (
                'src' => 'http://changzhou.admin.com/uploads/audio/0b/7257ccf2460d79b4d5dfbf3b096cc7.mp3',
              ),
            ),
            'videos' => 
            array (
            ),
            'tdModels' => 
            array (
            ),
            'tags' => 
            array (
            ),
            'exhibition' => 
            array (
              'id' => '5a38d03883278715114bade2',
              'title' => '常州历史文化陈列',
              'name' => 'ex0',
            ),
            'title' => 'test化石',
            'guideNum' => '002',
            'cover' => 'http://changzhou.admin.com/uploads/image/2a/d45e039bcfa4a81bb4b361bb75f577.jpg',
            'intro' => '111',
            'createAt' => '2018-01-09 14:00:56',
            'updateAt' => '2018-01-29 18:56:39',
            'content' => '<p>test化石</p>',
            'name' => '001',
            'listen' => 0,
            'like' => 1,
            'isLike' => true,
          ),
          2 => 
          array (
            '_id' => '5a659ec183278741b435fcd2',
            'isShow' => true,
            'sort' => 0,
            'pictures' => 
            array (
            ),
            'audios' => 
            array (
              0 => 
              array (
                'src' => 'http://changzhou.admin.com/uploads/audio/0b/7257ccf2460d79b4d5dfbf3b096cc7.mp3',
              ),
            ),
            'videos' => 
            array (
            ),
            'tdModels' => 
            array (
            ),
            'tags' => 
            array (
            ),
            'exhibition' => 
            array (
              'id' => '5a38d03883278715114bade2',
              'title' => '常州历史文化陈列',
              'name' => 'ex0',
            ),
            'title' => 'test12',
            'cover' => 'http://changzhou.admin.com/uploads/image/2a/d45e039bcfa4a81bb4b361bb75f577.jpg',
            'createAt' => '2018-01-22 16:20:17',
            'updateAt' => '2018-01-29 18:56:41',
            'name' => '002',
            'guideNum' => '003',
            'listen' => 0,
            'like' => 0,
            'isLike' => false,
          ),
          3 => 
          array (
            '_id' => '5a659e9b8327874101728242',
            'isShow' => true,
            'sort' => 0,
            'pictures' => 
            array (
            ),
            'audios' => 
            array (
              0 => 
              array (
                'src' => 'http://changzhou.admin.com/uploads/audio/44/25f504f58fb5e0804cd65ecd9f4728.mp3',
              ),
            ),
            'videos' => 
            array (
            ),
            'tdModels' => 
            array (
            ),
            'tags' => 
            array (
            ),
            'exhibition' => 
            array (
              'id' => '5a38d03883278715114bade2',
              'title' => '常州历史文化陈列',
              'name' => 'ex0',
            ),
            'title' => 'test11',
            'name' => '110',
            'cover' => 'http://changzhou.admin.com/uploads/image/08/cca8dae8c8795c870b67698c6f0e07.png',
            'createAt' => '2018-01-22 16:19:39',
            'updateAt' => '2018-01-29 19:01:41',
            'guideNum' => '004',
            'listen' => 1,
            'like' => 0,
            'isLike' => false,
          ),
          4 => 
          array (
            '_id' => '5a55f6ec8327876c833dda82',
            'isShow' => true,
            'sort' => 0,
            'pictures' => 
            array (
            ),
            'audios' => 
            array (
              0 => 
              array (
                'src' => 'http://changzhou.admin.com/uploads/audio/44/25f504f58fb5e0804cd65ecd9f4728.mp3',
              ),
            ),
            'videos' => 
            array (
            ),
            'tdModels' => 
            array (
            ),
            'tags' => 
            array (
            ),
            'exhibition' => 
            array (
              'id' => '5a38d03883278715114bade2',
              'title' => '常州历史文化陈列',
              'name' => 'ex0',
            ),
            'title' => 'test2',
            'cover' => 'http://changzhou.admin.com/uploads/image/b5/dd9149e112469d824200ff50cd6275.jpg',
            'createAt' => '2018-01-10 19:20:12',
            'updateAt' => '2018-01-29 18:56:18',
            'content' => '<p>2222222</p>',
            'name' => '003',
            'guideNum' => '005',
            'listen' => 0,
            'like' => 0,
            'isLike' => false,
          ),
          5 => 
          array (
            '_id' => '5a55f6ff8327871850375903',
            'isShow' => true,
            'sort' => 0,
            'pictures' => 
            array (
            ),
            'audios' => 
            array (
              0 => 
              array (
                'src' => 'http://changzhou.admin.com/uploads/audio/0b/7257ccf2460d79b4d5dfbf3b096cc7.mp3',
              ),
            ),
            'videos' => 
            array (
            ),
            'tdModels' => 
            array (
            ),
            'tags' => 
            array (
            ),
            'title' => 'test3',
            'cover' => 'http://changzhou.admin.com/uploads/image/2a/d45e039bcfa4a81bb4b361bb75f577.jpg',
            'createAt' => '2018-01-10 19:20:31',
            'updateAt' => '2018-01-29 18:56:22',
            'exhibition' => 
            array (
              'id' => '5a38d03883278715114bade2',
              'title' => '常州历史文化陈列',
              'name' => 'ex0',
            ),
            'content' => '<p>123123123</p>',
            'name' => '004',
            'guideNum' => '006',
            'listen' => 1,
            'like' => 0,
            'isLike' => false,
          ),
          6 => 
          array (
            '_id' => '5a55f71b832787173f6aaf82',
            'isShow' => true,
            'sort' => 0,
            'pictures' => 
            array (
            ),
            'audios' => 
            array (
              0 => 
              array (
                'src' => 'http://changzhou.admin.com/uploads/audio/44/25f504f58fb5e0804cd65ecd9f4728.mp3',
              ),
            ),
            'videos' => 
            array (
            ),
            'tdModels' => 
            array (
            ),
            'tags' => 
            array (
            ),
            'exhibition' => 
            array (
              'id' => '5a38d03883278715114bade2',
              'title' => '常州历史文化陈列',
              'name' => 'ex0',
            ),
            'title' => 'test4',
            'cover' => 'http://changzhou.admin.com/uploads/image/2a/d45e039bcfa4a81bb4b361bb75f577.jpg',
            'createAt' => '2018-01-10 19:20:59',
            'updateAt' => '2018-01-29 17:45:51',
            'content' => '<p>44444</p>',
            'name' => '005',
            'guideNum' => '007',
            'isLike' => false,
          ),
          7 => 
          array (
            '_id' => '5a659ee2832787577a0e02a2',
            'isShow' => true,
            'sort' => 0,
            'pictures' => 
            array (
            ),
            'audios' => 
            array (
              0 => 
              array (
                'title' => '从前有座山啊',
                'src' => 'http://changzhou.admin.com/uploads/audio/0b/7257ccf2460d79b4d5dfbf3b096cc7.mp3',
                'intro' => '山里有座庙啊',
              ),
            ),
            'videos' => 
            array (
            ),
            'tdModels' => 
            array (
            ),
            'tags' => 
            array (
            ),
            'exhibition' => 
            array (
              'id' => '5a38d03883278715114bade2',
              'title' => '常州历史文化陈列',
              'name' => 'ex0',
            ),
            'title' => 'test13',
            'cover' => 'http://changzhou.admin.com/uploads/image/b5/dd9149e112469d824200ff50cd6275.jpg',
            'createAt' => '2018-01-22 16:20:50',
            'updateAt' => '2018-01-29 18:57:28',
            'name' => '007',
            'guideNum' => '009',
            'like' => 1,
            'isLike' => true,
          ),
        ),
        'num' => '0',
        'hiddenControl' => true,
        'bgPlayer' => 
        array (
        ),
        'windowHeight' => 603,
        'rate' => 0,
        'marginTop' => 0,
        'startY' => 0,
        'scrollTop' => 0,
        'getHeader' => 'http://cdn.atmuseum.cn/changzhou/ex0.jpg',
        'getTitle' => 'http://cdn.atmuseum.cn/changzhou/title0.png',
        'getPlayBtn' => 'http://cdn.atmuseum.cn/changzhou/iconPause.png',
        '$listitem$zan1' => 'http://cdn.atmuseum.cn/changzhou/zan1.png',
        '$listitem$zan2' => 'http://cdn.atmuseum.cn/changzhou/zan2.png',
        '$listitem$item' => 
        array (
        ),
      ),
      'route' => 'pages/pexhibition',
      'options' => 
      array (
        'num' => '0',
      ),
    ),
    'type' => 'tap',
    'timeStamp' => 3979,
    'target' => 
    array (
      'id' => '',
      'offsetLeft' => 0,
      'offsetTop' => 3,
      'dataset' => 
      array (
      ),
    ),
    'currentTarget' => 
    array (
      'id' => '',
      'offsetLeft' => 89,
      'offsetTop' => 7,
      'dataset' => 
      array (
        'comIndex' => 2,
      ),
    ),
    'detail' => 
    array (
      'x' => 160,
      'y' => 414,
    ),
    'touches' => 
    array (
      0 => 
      array (
        'identifier' => 0,
        'pageX' => 160,
        'pageY' => 414,
        'clientX' => 160,
        'clientY' => 414,
      ),
    ),
    'changedTouches' => 
    array (
      0 => 
      array (
        'identifier' => 0,
        'pageX' => 160,
        'pageY' => 414,
        'clientX' => 160,
        'clientY' => 414,
      ),
    ),
  ),
)
[ info ] [ RUN ] app\museum\controller\Exhibit->giveLike[ /home/calf/admin/changzhou/application/museum/controller/Exhibit.php ]
[ info ] [ LOG ] INIT File
[ error ] [0]variable type error：array[/home/calf/admin/thinkphp/library/think/Request.php:1128]
---------------------------------------------------------------
[ 2018-01-29T19:31:53+08:00 ] 192.168.2.137 192.168.2.80 POST /wechat/getSessionKey
[ info ] changzhou.admin.com/wechat/getSessionKey [运行时间：1.592990s][吞吐率：0.63req/s] [内存消耗：991.41kb] [文件加载：50]
[ info ] [ LANG ] /home/calf/admin//thinkphp/lang/zh-cn.php
[ info ] [ ROUTE ] array (
  'type' => 'module',
  'module' => 
  array (
    0 => 'wechat',
    1 => 'Soauth',
    2 => 'getSessionKey',
  ),
  'convert' => false,
)
[ info ] [ HEADER ] array (
  'host' => 'changzhou.admin.com',
  'connection' => 'keep-alive',
  'content-length' => '43',
  'pragma' => 'no-cache',
  'cache-control' => 'no-cache',
  'origin' => 'http://127.0.0.1:9973',
  'user-agent' => 'wechatdevtools appservice port/9974',
  'content-type' => 'application/json',
  'accept' => '*/*',
  'referer' => 'https://servicewechat.com/wxc08423577880f031/devtools/page-frame.html',
  'accept-encoding' => 'gzip, deflate',
)
[ info ] [ PARAM ] array (
  'code' => '02149Q4823JPuQ0R08782SzP48249Q4a',
)
[ info ] [ RUN ] app\wechat\controller\Soauth->getSessionKey[ /home/calf/admin/changzhou/application/wechat/controller/Soauth.php ]
[ info ] [ LOG ] INIT File
---------------------------------------------------------------
[ 2018-01-29T19:31:53+08:00 ] 192.168.2.137 192.168.2.80 POST /wechat/getSessionKey
[ info ] changzhou.admin.com/wechat/getSessionKey [运行时间：0.101892s][吞吐率：9.81req/s] [内存消耗：991.41kb] [文件加载：50]
[ info ] [ LANG ] /home/calf/admin//thinkphp/lang/zh-cn.php
[ info ] [ ROUTE ] array (
  'type' => 'module',
  'module' => 
  array (
    0 => 'wechat',
    1 => 'Soauth',
    2 => 'getSessionKey',
  ),
  'convert' => false,
)
[ info ] [ HEADER ] array (
  'host' => 'changzhou.admin.com',
  'connection' => 'keep-alive',
  'content-length' => '43',
  'pragma' => 'no-cache',
  'cache-control' => 'no-cache',
  'origin' => 'http://127.0.0.1:9973',
  'user-agent' => 'wechatdevtools appservice port/9974',
  'content-type' => 'application/json',
  'accept' => '*/*',
  'referer' => 'https://servicewechat.com/wxc08423577880f031/devtools/page-frame.html',
  'accept-encoding' => 'gzip, deflate',
)
[ info ] [ PARAM ] array (
  'code' => '081XIJi90Sinwv1WyPk90N3ui90XIJiR',
)
[ info ] [ RUN ] app\wechat\controller\Soauth->getSessionKey[ /home/calf/admin/changzhou/application/wechat/controller/Soauth.php ]
[ info ] [ LOG ] INIT File
---------------------------------------------------------------
[ 2018-01-29T19:32:02+08:00 ] 192.168.2.137 192.168.2.80 POST /museum/exhibit/giveLike
[ info ] changzhou.admin.com/museum/exhibit/giveLike [运行时间：0.022333s][吞吐率：44.78req/s] [内存消耗：1,148.58kb] [文件加载：61]
[ info ] [ LANG ] /home/calf/admin//thinkphp/lang/zh-cn.php
[ info ] [ ROUTE ] array (
  'type' => 'module',
  'module' => 
  array (
    0 => 'museum',
    1 => 'exhibit',
    2 => 'giveLike',
  ),
  'convert' => false,
)
[ info ] [ HEADER ] array (
  'host' => 'changzhou.admin.com',
  'connection' => 'keep-alive',
  'content-length' => '78',
  'pragma' => 'no-cache',
  'cache-control' => 'no-cache',
  'origin' => 'http://127.0.0.1:9973',
  'user-agent' => 'wechatdevtools appservice port/9974',
  'content-type' => 'application/json',
  'accept' => '*/*',
  'referer' => 'https://servicewechat.com/wxc08423577880f031/devtools/page-frame.html',
  'accept-encoding' => 'gzip, deflate',
)
[ info ] [ PARAM ] array (
  'openid' => 'o5mQA5USTEfXwXbnW2TumKYN9m2A',
  'exhibit' => '5a659ec183278741b435fcd2',
)
[ info ] [ RUN ] app\museum\controller\Exhibit->giveLike[ /home/calf/admin/changzhou/application/museum/controller/Exhibit.php ]
[ info ] [ DB ] INIT \think\mongo\Connection
[ info ] [ CACHE ] INIT File
[ info ] [ LOG ] INIT File
[ sql ] [ DB ] CONNECT:[ UseTime:0.000027s ] 
[ sql ] [ Mongo ] db.museum_exhibit_like.find({"$and":[{"openid":"o5mQA5USTEfXwXbnW2TumKYN9m2A"},{"exhibit":"5a659ec183278741b435fcd2"}]}).limit(1); [ RunTime:0.000708s ]
[ sql ] [ Mongo ] db.museum_exhibit_like.find({"$and":[{"_id":"5a6f053f83278715c21ed5c2"}]}).limit(0); [ RunTime:0.000421s ]
[ sql ] [ Mongo ] db.museum_exhibit_like.remove({"$and":[{"_id":"5a6f053f83278715c21ed5c2"}]}); [ RunTime:0.000515s ]
[ sql ] [ Mongo ] db.count({"count":"museum_exhibit_like","query":{"$and":[{"exhibit":"5a659ec183278741b435fcd2"}]},"limit":0}); [ RunTime:0.000325s ]
[ sql ] [ Mongo ] db.museum_exhibit.update({"$and":[{"_id":{"$oid":"5a659ec183278741b435fcd2"}}]},{"$set":{"like":0,"updateAt":1517225522}}); [ RunTime:0.000597s ]
---------------------------------------------------------------
[ 2018-01-29T19:32:03+08:00 ] 192.168.2.137 192.168.2.80 POST /museum/exhibit/giveLike
[ info ] changzhou.admin.com/museum/exhibit/giveLike [运行时间：0.017793s][吞吐率：56.20req/s] [内存消耗：1,146.72kb] [文件加载：61]
[ info ] [ LANG ] /home/calf/admin//thinkphp/lang/zh-cn.php
[ info ] [ ROUTE ] array (
  'type' => 'module',
  'module' => 
  array (
    0 => 'museum',
    1 => 'exhibit',
    2 => 'giveLike',
  ),
  'convert' => false,
)
[ info ] [ HEADER ] array (
  'host' => 'changzhou.admin.com',
  'connection' => 'keep-alive',
  'content-length' => '78',
  'pragma' => 'no-cache',
  'cache-control' => 'no-cache',
  'origin' => 'http://127.0.0.1:9973',
  'user-agent' => 'wechatdevtools appservice port/9974',
  'content-type' => 'application/json',
  'accept' => '*/*',
  'referer' => 'https://servicewechat.com/wxc08423577880f031/devtools/page-frame.html',
  'accept-encoding' => 'gzip, deflate',
)
[ info ] [ PARAM ] array (
  'openid' => 'o5mQA5USTEfXwXbnW2TumKYN9m2A',
  'exhibit' => '5a659ec183278741b435fcd2',
)
[ info ] [ RUN ] app\museum\controller\Exhibit->giveLike[ /home/calf/admin/changzhou/application/museum/controller/Exhibit.php ]
[ info ] [ DB ] INIT \think\mongo\Connection
[ info ] [ CACHE ] INIT File
[ info ] [ LOG ] INIT File
[ sql ] [ DB ] CONNECT:[ UseTime:0.000024s ] 
[ sql ] [ Mongo ] db.museum_exhibit_like.find({"$and":[{"openid":"o5mQA5USTEfXwXbnW2TumKYN9m2A"},{"exhibit":"5a659ec183278741b435fcd2"}]}).limit(1); [ RunTime:0.000562s ]
[ sql ] [ Mongo ] db.museum_exhibit_like.insert({"openid":"o5mQA5USTEfXwXbnW2TumKYN9m2A","exhibit":"5a659ec183278741b435fcd2"}); [ RunTime:0.000506s ]
[ sql ] [ Mongo ] db.count({"count":"museum_exhibit_like","query":{"$and":[{"exhibit":"5a659ec183278741b435fcd2"}]},"limit":0}); [ RunTime:0.000369s ]
[ sql ] [ Mongo ] db.museum_exhibit.update({"$and":[{"_id":{"$oid":"5a659ec183278741b435fcd2"}}]},{"$set":{"like":1,"updateAt":1517225523}}); [ RunTime:0.000553s ]
---------------------------------------------------------------
[ 2018-01-29T19:32:23+08:00 ] 192.168.2.137 192.168.2.80 POST /wechat/getSessionKey
[ info ] changzhou.admin.com/wechat/getSessionKey [运行时间：0.102754s][吞吐率：9.73req/s] [内存消耗：991.41kb] [文件加载：50]
[ info ] [ LANG ] /home/calf/admin//thinkphp/lang/zh-cn.php
[ info ] [ ROUTE ] array (
  'type' => 'module',
  'module' => 
  array (
    0 => 'wechat',
    1 => 'Soauth',
    2 => 'getSessionKey',
  ),
  'convert' => false,
)
[ info ] [ HEADER ] array (
  'host' => 'changzhou.admin.com',
  'connection' => 'keep-alive',
  'content-length' => '43',
  'pragma' => 'no-cache',
  'cache-control' => 'no-cache',
  'origin' => 'http://127.0.0.1:9973',
  'user-agent' => 'wechatdevtools appservice port/9974',
  'content-type' => 'application/json',
  'accept' => '*/*',
  'referer' => 'https://servicewechat.com/wxc08423577880f031/devtools/page-frame.html',
  'accept-encoding' => 'gzip, deflate',
)
[ info ] [ PARAM ] array (
  'code' => '011dhnMr0EmR2d1f6wKr0I8sMr0dhnM3',
)
[ info ] [ RUN ] app\wechat\controller\Soauth->getSessionKey[ /home/calf/admin/changzhou/application/wechat/controller/Soauth.php ]
[ info ] [ LOG ] INIT File
---------------------------------------------------------------
[ 2018-01-29T19:32:28+08:00 ] 192.168.2.137 192.168.2.80 POST /museum/exhibit/giveLike
[ info ] changzhou.admin.com/museum/exhibit/giveLike [运行时间：0.022028s][吞吐率：45.40req/s] [内存消耗：1,148.58kb] [文件加载：61]
[ info ] [ LANG ] /home/calf/admin//thinkphp/lang/zh-cn.php
[ info ] [ ROUTE ] array (
  'type' => 'module',
  'module' => 
  array (
    0 => 'museum',
    1 => 'exhibit',
    2 => 'giveLike',
  ),
  'convert' => false,
)
[ info ] [ HEADER ] array (
  'host' => 'changzhou.admin.com',
  'connection' => 'keep-alive',
  'content-length' => '78',
  'pragma' => 'no-cache',
  'cache-control' => 'no-cache',
  'origin' => 'http://127.0.0.1:9973',
  'user-agent' => 'wechatdevtools appservice port/9974',
  'content-type' => 'application/json',
  'accept' => '*/*',
  'referer' => 'https://servicewechat.com/wxc08423577880f031/devtools/page-frame.html',
  'accept-encoding' => 'gzip, deflate',
)
[ info ] [ PARAM ] array (
  'openid' => 'o5mQA5USTEfXwXbnW2TumKYN9m2A',
  'exhibit' => '5a659ec183278741b435fcd2',
)
[ info ] [ RUN ] app\museum\controller\Exhibit->giveLike[ /home/calf/admin/changzhou/application/museum/controller/Exhibit.php ]
[ info ] [ DB ] INIT \think\mongo\Connection
[ info ] [ CACHE ] INIT File
[ info ] [ LOG ] INIT File
[ sql ] [ DB ] CONNECT:[ UseTime:0.000027s ] 
[ sql ] [ Mongo ] db.museum_exhibit_like.find({"$and":[{"openid":"o5mQA5USTEfXwXbnW2TumKYN9m2A"},{"exhibit":"5a659ec183278741b435fcd2"}]}).limit(1); [ RunTime:0.000777s ]
[ sql ] [ Mongo ] db.museum_exhibit_like.find({"$and":[{"_id":"5a6f0633832787140822e113"}]}).limit(0); [ RunTime:0.000432s ]
[ sql ] [ Mongo ] db.museum_exhibit_like.remove({"$and":[{"_id":"5a6f0633832787140822e113"}]}); [ RunTime:0.000511s ]
[ sql ] [ Mongo ] db.count({"count":"museum_exhibit_like","query":{"$and":[{"exhibit":"5a659ec183278741b435fcd2"}]},"limit":0}); [ RunTime:0.000356s ]
[ sql ] [ Mongo ] db.museum_exhibit.update({"$and":[{"_id":{"$oid":"5a659ec183278741b435fcd2"}}]},{"$set":{"like":0,"updateAt":1517225548}}); [ RunTime:0.000540s ]
---------------------------------------------------------------
[ 2018-01-29T19:32:29+08:00 ] 192.168.2.137 192.168.2.80 POST /museum/exhibit/giveLike
[ info ] changzhou.admin.com/museum/exhibit/giveLike [运行时间：0.020260s][吞吐率：49.36req/s] [内存消耗：1,146.72kb] [文件加载：61]
[ info ] [ LANG ] /home/calf/admin//thinkphp/lang/zh-cn.php
[ info ] [ ROUTE ] array (
  'type' => 'module',
  'module' => 
  array (
    0 => 'museum',
    1 => 'exhibit',
    2 => 'giveLike',
  ),
  'convert' => false,
)
[ info ] [ HEADER ] array (
  'host' => 'changzhou.admin.com',
  'connection' => 'keep-alive',
  'content-length' => '78',
  'pragma' => 'no-cache',
  'cache-control' => 'no-cache',
  'origin' => 'http://127.0.0.1:9973',
  'user-agent' => 'wechatdevtools appservice port/9974',
  'content-type' => 'application/json',
  'accept' => '*/*',
  'referer' => 'https://servicewechat.com/wxc08423577880f031/devtools/page-frame.html',
  'accept-encoding' => 'gzip, deflate',
)
[ info ] [ PARAM ] array (
  'openid' => 'o5mQA5USTEfXwXbnW2TumKYN9m2A',
  'exhibit' => '5a659ec183278741b435fcd2',
)
[ info ] [ RUN ] app\museum\controller\Exhibit->giveLike[ /home/calf/admin/changzhou/application/museum/controller/Exhibit.php ]
[ info ] [ DB ] INIT \think\mongo\Connection
[ info ] [ CACHE ] INIT File
[ info ] [ LOG ] INIT File
[ sql ] [ DB ] CONNECT:[ UseTime:0.000027s ] 
[ sql ] [ Mongo ] db.museum_exhibit_like.find({"$and":[{"openid":"o5mQA5USTEfXwXbnW2TumKYN9m2A"},{"exhibit":"5a659ec183278741b435fcd2"}]}).limit(1); [ RunTime:0.000623s ]
[ sql ] [ Mongo ] db.museum_exhibit_like.insert({"openid":"o5mQA5USTEfXwXbnW2TumKYN9m2A","exhibit":"5a659ec183278741b435fcd2"}); [ RunTime:0.000485s ]
[ sql ] [ Mongo ] db.count({"count":"museum_exhibit_like","query":{"$and":[{"exhibit":"5a659ec183278741b435fcd2"}]},"limit":0}); [ RunTime:0.000411s ]
[ sql ] [ Mongo ] db.museum_exhibit.update({"$and":[{"_id":{"$oid":"5a659ec183278741b435fcd2"}}]},{"$set":{"like":1,"updateAt":1517225549}}); [ RunTime:0.000622s ]
---------------------------------------------------------------
[ 2018-01-29T19:37:24+08:00 ] 192.168.2.137 192.168.2.80 POST /wechat/getSessionKey
[ info ] changzhou.admin.com/wechat/getSessionKey [运行时间：0.088741s][吞吐率：11.27req/s] [内存消耗：991.41kb] [文件加载：50]
[ info ] [ LANG ] /home/calf/admin//thinkphp/lang/zh-cn.php
[ info ] [ ROUTE ] array (
  'type' => 'module',
  'module' => 
  array (
    0 => 'wechat',
    1 => 'Soauth',
    2 => 'getSessionKey',
  ),
  'convert' => false,
)
[ info ] [ HEADER ] array (
  'host' => 'changzhou.admin.com',
  'connection' => 'keep-alive',
  'content-length' => '43',
  'pragma' => 'no-cache',
  'cache-control' => 'no-cache',
  'origin' => 'http://127.0.0.1:9973',
  'user-agent' => 'wechatdevtools appservice port/9974',
  'content-type' => 'application/json',
  'accept' => '*/*',
  'referer' => 'https://servicewechat.com/wxc08423577880f031/devtools/page-frame.html',
  'accept-encoding' => 'gzip, deflate',
)
[ info ] [ PARAM ] array (
  'code' => '021N8ms624Dv1K0nvWs625Fvs62N8msU',
)
[ info ] [ RUN ] app\wechat\controller\Soauth->getSessionKey[ /home/calf/admin/changzhou/application/wechat/controller/Soauth.php ]
[ info ] [ LOG ] INIT File
---------------------------------------------------------------
[ 2018-01-29T19:37:35+08:00 ] 192.168.2.137 192.168.2.80 POST /museum/exhibit/giveLike
[ info ] changzhou.admin.com/museum/exhibit/giveLike [运行时间：0.022225s][吞吐率：44.99req/s] [内存消耗：1,148.58kb] [文件加载：61]
[ info ] [ LANG ] /home/calf/admin//thinkphp/lang/zh-cn.php
[ info ] [ ROUTE ] array (
  'type' => 'module',
  'module' => 
  array (
    0 => 'museum',
    1 => 'exhibit',
    2 => 'giveLike',
  ),
  'convert' => false,
)
[ info ] [ HEADER ] array (
  'host' => 'changzhou.admin.com',
  'connection' => 'keep-alive',
  'content-length' => '78',
  'pragma' => 'no-cache',
  'cache-control' => 'no-cache',
  'origin' => 'http://127.0.0.1:9973',
  'user-agent' => 'wechatdevtools appservice port/9974',
  'content-type' => 'application/json',
  'accept' => '*/*',
  'referer' => 'https://servicewechat.com/wxc08423577880f031/devtools/page-frame.html',
  'accept-encoding' => 'gzip, deflate',
)
[ info ] [ PARAM ] array (
  'openid' => 'o5mQA5USTEfXwXbnW2TumKYN9m2A',
  'exhibit' => '5a659ec183278741b435fcd2',
)
[ info ] [ RUN ] app\museum\controller\Exhibit->giveLike[ /home/calf/admin/changzhou/application/museum/controller/Exhibit.php ]
[ info ] [ DB ] INIT \think\mongo\Connection
[ info ] [ CACHE ] INIT File
[ info ] [ LOG ] INIT File
[ sql ] [ DB ] CONNECT:[ UseTime:0.000026s ] 
[ sql ] [ Mongo ] db.museum_exhibit_like.find({"$and":[{"openid":"o5mQA5USTEfXwXbnW2TumKYN9m2A"},{"exhibit":"5a659ec183278741b435fcd2"}]}).limit(1); [ RunTime:0.000785s ]
[ sql ] [ Mongo ] db.museum_exhibit_like.find({"$and":[{"_id":"5a6f064d8327873d6a2010f2"}]}).limit(0); [ RunTime:0.000431s ]
[ sql ] [ Mongo ] db.museum_exhibit_like.remove({"$and":[{"_id":"5a6f064d8327873d6a2010f2"}]}); [ RunTime:0.000516s ]
[ sql ] [ Mongo ] db.count({"count":"museum_exhibit_like","query":{"$and":[{"exhibit":"5a659ec183278741b435fcd2"}]},"limit":0}); [ RunTime:0.000378s ]
[ sql ] [ Mongo ] db.museum_exhibit.update({"$and":[{"_id":{"$oid":"5a659ec183278741b435fcd2"}}]},{"$set":{"like":0,"updateAt":1517225855}}); [ RunTime:0.000543s ]
---------------------------------------------------------------
[ 2018-01-29T19:37:59+08:00 ] 192.168.2.137 192.168.2.80 POST /wechat/getSessionKey
[ info ] changzhou.admin.com/wechat/getSessionKey [运行时间：0.088966s][吞吐率：11.24req/s] [内存消耗：991.41kb] [文件加载：50]
[ info ] [ LANG ] /home/calf/admin//thinkphp/lang/zh-cn.php
[ info ] [ ROUTE ] array (
  'type' => 'module',
  'module' => 
  array (
    0 => 'wechat',
    1 => 'Soauth',
    2 => 'getSessionKey',
  ),
  'convert' => false,
)
[ info ] [ HEADER ] array (
  'host' => 'changzhou.admin.com',
  'connection' => 'keep-alive',
  'content-length' => '43',
  'pragma' => 'no-cache',
  'cache-control' => 'no-cache',
  'origin' => 'http://127.0.0.1:9973',
  'user-agent' => 'wechatdevtools appservice port/9974',
  'content-type' => 'application/json',
  'accept' => '*/*',
  'referer' => 'https://servicewechat.com/wxc08423577880f031/devtools/page-frame.html',
  'accept-encoding' => 'gzip, deflate',
)
[ info ] [ PARAM ] array (
  'code' => '001YVZ231k0rzO1zZh231psV231YVZ2O',
)
[ info ] [ RUN ] app\wechat\controller\Soauth->getSessionKey[ /home/calf/admin/changzhou/application/wechat/controller/Soauth.php ]
[ info ] [ LOG ] INIT File
---------------------------------------------------------------
[ 2018-01-29T19:38:07+08:00 ] 192.168.2.137 192.168.2.80 POST /museum/exhibit/giveLike
[ info ] changzhou.admin.com/museum/exhibit/giveLike [运行时间：0.020878s][吞吐率：47.90req/s] [内存消耗：1,146.76kb] [文件加载：61]
[ info ] [ LANG ] /home/calf/admin//thinkphp/lang/zh-cn.php
[ info ] [ ROUTE ] array (
  'type' => 'module',
  'module' => 
  array (
    0 => 'museum',
    1 => 'exhibit',
    2 => 'giveLike',
  ),
  'convert' => false,
)
[ info ] [ HEADER ] array (
  'host' => 'changzhou.admin.com',
  'connection' => 'keep-alive',
  'content-length' => '78',
  'pragma' => 'no-cache',
  'cache-control' => 'no-cache',
  'origin' => 'http://127.0.0.1:9973',
  'user-agent' => 'wechatdevtools appservice port/9974',
  'content-type' => 'application/json',
  'accept' => '*/*',
  'referer' => 'https://servicewechat.com/wxc08423577880f031/devtools/page-frame.html',
  'accept-encoding' => 'gzip, deflate',
)
[ info ] [ PARAM ] array (
  'openid' => 'o5mQA5USTEfXwXbnW2TumKYN9m2A',
  'exhibit' => '5a659ec183278741b435fcd2',
)
[ info ] [ RUN ] app\museum\controller\Exhibit->giveLike[ /home/calf/admin/changzhou/application/museum/controller/Exhibit.php ]
[ info ] [ DB ] INIT \think\mongo\Connection
[ info ] [ CACHE ] INIT File
[ info ] [ LOG ] INIT File
[ sql ] [ DB ] CONNECT:[ UseTime:0.000027s ] 
[ sql ] [ Mongo ] db.museum_exhibit_like.find({"$and":[{"openid":"o5mQA5USTEfXwXbnW2TumKYN9m2A"},{"exhibit":"5a659ec183278741b435fcd2"}]}).limit(1); [ RunTime:0.000619s ]
[ sql ] [ Mongo ] db.museum_exhibit_like.insert({"openid":"o5mQA5USTEfXwXbnW2TumKYN9m2A","exhibit":"5a659ec183278741b435fcd2"}); [ RunTime:0.000359s ]
[ sql ] [ Mongo ] db.count({"count":"museum_exhibit_like","query":{"$and":[{"exhibit":"5a659ec183278741b435fcd2"}]},"limit":0}); [ RunTime:0.000274s ]
[ sql ] [ Mongo ] db.museum_exhibit.update({"$and":[{"_id":{"$oid":"5a659ec183278741b435fcd2"}}]},{"$set":{"like":1,"updateAt":1517225887}}); [ RunTime:0.000488s ]
---------------------------------------------------------------
[ 2018-01-29T19:38:08+08:00 ] 192.168.2.137 192.168.2.80 POST /museum/exhibit/giveLike
[ info ] changzhou.admin.com/museum/exhibit/giveLike [运行时间：0.021079s][吞吐率：47.44req/s] [内存消耗：1,148.54kb] [文件加载：61]
[ info ] [ LANG ] /home/calf/admin//thinkphp/lang/zh-cn.php
[ info ] [ ROUTE ] array (
  'type' => 'module',
  'module' => 
  array (
    0 => 'museum',
    1 => 'exhibit',
    2 => 'giveLike',
  ),
  'convert' => false,
)
[ info ] [ HEADER ] array (
  'host' => 'changzhou.admin.com',
  'connection' => 'keep-alive',
  'content-length' => '78',
  'pragma' => 'no-cache',
  'cache-control' => 'no-cache',
  'origin' => 'http://127.0.0.1:9973',
  'user-agent' => 'wechatdevtools appservice port/9974',
  'content-type' => 'application/json',
  'accept' => '*/*',
  'referer' => 'https://servicewechat.com/wxc08423577880f031/devtools/page-frame.html',
  'accept-encoding' => 'gzip, deflate',
)
[ info ] [ PARAM ] array (
  'openid' => 'o5mQA5USTEfXwXbnW2TumKYN9m2A',
  'exhibit' => '5a659ec183278741b435fcd2',
)
[ info ] [ RUN ] app\museum\controller\Exhibit->giveLike[ /home/calf/admin/changzhou/application/museum/controller/Exhibit.php ]
[ info ] [ DB ] INIT \think\mongo\Connection
[ info ] [ CACHE ] INIT File
[ info ] [ LOG ] INIT File
[ sql ] [ DB ] CONNECT:[ UseTime:0.000026s ] 
[ sql ] [ Mongo ] db.museum_exhibit_like.find({"$and":[{"openid":"o5mQA5USTEfXwXbnW2TumKYN9m2A"},{"exhibit":"5a659ec183278741b435fcd2"}]}).limit(1); [ RunTime:0.000491s ]
[ sql ] [ Mongo ] db.museum_exhibit_like.find({"$and":[{"_id":"5a6f079f83278714b5158fe2"}]}).limit(0); [ RunTime:0.000366s ]
[ sql ] [ Mongo ] db.museum_exhibit_like.remove({"$and":[{"_id":"5a6f079f83278714b5158fe2"}]}); [ RunTime:0.000451s ]
[ sql ] [ Mongo ] db.count({"count":"museum_exhibit_like","query":{"$and":[{"exhibit":"5a659ec183278741b435fcd2"}]},"limit":0}); [ RunTime:0.000364s ]
[ sql ] [ Mongo ] db.museum_exhibit.update({"$and":[{"_id":{"$oid":"5a659ec183278741b435fcd2"}}]},{"$set":{"like":0,"updateAt":1517225888}}); [ RunTime:0.000478s ]
---------------------------------------------------------------
[ 2018-01-29T19:38:08+08:00 ] 192.168.2.137 192.168.2.80 POST /museum/exhibit/giveLike
[ info ] changzhou.admin.com/museum/exhibit/giveLike [运行时间：0.020111s][吞吐率：49.72req/s] [内存消耗：1,146.72kb] [文件加载：61]
[ info ] [ LANG ] /home/calf/admin//thinkphp/lang/zh-cn.php
[ info ] [ ROUTE ] array (
  'type' => 'module',
  'module' => 
  array (
    0 => 'museum',
    1 => 'exhibit',
    2 => 'giveLike',
  ),
  'convert' => false,
)
[ info ] [ HEADER ] array (
  'host' => 'changzhou.admin.com',
  'connection' => 'keep-alive',
  'content-length' => '78',
  'pragma' => 'no-cache',
  'cache-control' => 'no-cache',
  'origin' => 'http://127.0.0.1:9973',
  'user-agent' => 'wechatdevtools appservice port/9974',
  'content-type' => 'application/json',
  'accept' => '*/*',
  'referer' => 'https://servicewechat.com/wxc08423577880f031/devtools/page-frame.html',
  'accept-encoding' => 'gzip, deflate',
)
[ info ] [ PARAM ] array (
  'openid' => 'o5mQA5USTEfXwXbnW2TumKYN9m2A',
  'exhibit' => '5a659ec183278741b435fcd2',
)
[ info ] [ RUN ] app\museum\controller\Exhibit->giveLike[ /home/calf/admin/changzhou/application/museum/controller/Exhibit.php ]
[ info ] [ DB ] INIT \think\mongo\Connection
[ info ] [ CACHE ] INIT File
[ info ] [ LOG ] INIT File
[ sql ] [ DB ] CONNECT:[ UseTime:0.000026s ] 
[ sql ] [ Mongo ] db.museum_exhibit_like.find({"$and":[{"openid":"o5mQA5USTEfXwXbnW2TumKYN9m2A"},{"exhibit":"5a659ec183278741b435fcd2"}]}).limit(1); [ RunTime:0.000577s ]
[ sql ] [ Mongo ] db.museum_exhibit_like.insert({"openid":"o5mQA5USTEfXwXbnW2TumKYN9m2A","exhibit":"5a659ec183278741b435fcd2"}); [ RunTime:0.000353s ]
[ sql ] [ Mongo ] db.count({"count":"museum_exhibit_like","query":{"$and":[{"exhibit":"5a659ec183278741b435fcd2"}]},"limit":0}); [ RunTime:0.000279s ]
[ sql ] [ Mongo ] db.museum_exhibit.update({"$and":[{"_id":{"$oid":"5a659ec183278741b435fcd2"}}]},{"$set":{"like":1,"updateAt":1517225888}}); [ RunTime:0.000420s ]
---------------------------------------------------------------
[ 2018-01-29T19:38:09+08:00 ] 192.168.2.137 192.168.2.80 POST /museum/exhibit/giveLike
[ info ] changzhou.admin.com/museum/exhibit/giveLike [运行时间：0.021434s][吞吐率：46.65req/s] [内存消耗：1,148.54kb] [文件加载：61]
[ info ] [ LANG ] /home/calf/admin//thinkphp/lang/zh-cn.php
[ info ] [ ROUTE ] array (
  'type' => 'module',
  'module' => 
  array (
    0 => 'museum',
    1 => 'exhibit',
    2 => 'giveLike',
  ),
  'convert' => false,
)
[ info ] [ HEADER ] array (
  'host' => 'changzhou.admin.com',
  'connection' => 'keep-alive',
  'content-length' => '78',
  'pragma' => 'no-cache',
  'cache-control' => 'no-cache',
  'origin' => 'http://127.0.0.1:9973',
  'user-agent' => 'wechatdevtools appservice port/9974',
  'content-type' => 'application/json',
  'accept' => '*/*',
  'referer' => 'https://servicewechat.com/wxc08423577880f031/devtools/page-frame.html',
  'accept-encoding' => 'gzip, deflate',
)
[ info ] [ PARAM ] array (
  'openid' => 'o5mQA5USTEfXwXbnW2TumKYN9m2A',
  'exhibit' => '5a659ec183278741b435fcd2',
)
[ info ] [ RUN ] app\museum\controller\Exhibit->giveLike[ /home/calf/admin/changzhou/application/museum/controller/Exhibit.php ]
[ info ] [ DB ] INIT \think\mongo\Connection
[ info ] [ CACHE ] INIT File
[ info ] [ LOG ] INIT File
[ sql ] [ DB ] CONNECT:[ UseTime:0.000026s ] 
[ sql ] [ Mongo ] db.museum_exhibit_like.find({"$and":[{"openid":"o5mQA5USTEfXwXbnW2TumKYN9m2A"},{"exhibit":"5a659ec183278741b435fcd2"}]}).limit(1); [ RunTime:0.000493s ]
[ sql ] [ Mongo ] db.museum_exhibit_like.find({"$and":[{"_id":"5a6f07a083278714b5158fe3"}]}).limit(0); [ RunTime:0.000372s ]
[ sql ] [ Mongo ] db.museum_exhibit_like.remove({"$and":[{"_id":"5a6f07a083278714b5158fe3"}]}); [ RunTime:0.000448s ]
[ sql ] [ Mongo ] db.count({"count":"museum_exhibit_like","query":{"$and":[{"exhibit":"5a659ec183278741b435fcd2"}]},"limit":0}); [ RunTime:0.000305s ]
[ sql ] [ Mongo ] db.museum_exhibit.update({"$and":[{"_id":{"$oid":"5a659ec183278741b435fcd2"}}]},{"$set":{"like":0,"updateAt":1517225889}}); [ RunTime:0.000438s ]
---------------------------------------------------------------
[ 2018-01-29T19:38:10+08:00 ] 192.168.2.137 192.168.2.80 POST /museum/exhibit/giveLike
[ info ] changzhou.admin.com/museum/exhibit/giveLike [运行时间：0.020494s][吞吐率：48.79req/s] [内存消耗：1,146.76kb] [文件加载：61]
[ info ] [ LANG ] /home/calf/admin//thinkphp/lang/zh-cn.php
[ info ] [ ROUTE ] array (
  'type' => 'module',
  'module' => 
  array (
    0 => 'museum',
    1 => 'exhibit',
    2 => 'giveLike',
  ),
  'convert' => false,
)
[ info ] [ HEADER ] array (
  'host' => 'changzhou.admin.com',
  'connection' => 'keep-alive',
  'content-length' => '78',
  'pragma' => 'no-cache',
  'cache-control' => 'no-cache',
  'origin' => 'http://127.0.0.1:9973',
  'user-agent' => 'wechatdevtools appservice port/9974',
  'content-type' => 'application/json',
  'accept' => '*/*',
  'referer' => 'https://servicewechat.com/wxc08423577880f031/devtools/page-frame.html',
  'accept-encoding' => 'gzip, deflate',
)
[ info ] [ PARAM ] array (
  'openid' => 'o5mQA5USTEfXwXbnW2TumKYN9m2A',
  'exhibit' => '5a659ec183278741b435fcd2',
)
[ info ] [ RUN ] app\museum\controller\Exhibit->giveLike[ /home/calf/admin/changzhou/application/museum/controller/Exhibit.php ]
[ info ] [ DB ] INIT \think\mongo\Connection
[ info ] [ CACHE ] INIT File
[ info ] [ LOG ] INIT File
[ sql ] [ DB ] CONNECT:[ UseTime:0.000026s ] 
[ sql ] [ Mongo ] db.museum_exhibit_like.find({"$and":[{"openid":"o5mQA5USTEfXwXbnW2TumKYN9m2A"},{"exhibit":"5a659ec183278741b435fcd2"}]}).limit(1); [ RunTime:0.000484s ]
[ sql ] [ Mongo ] db.museum_exhibit_like.insert({"openid":"o5mQA5USTEfXwXbnW2TumKYN9m2A","exhibit":"5a659ec183278741b435fcd2"}); [ RunTime:0.000393s ]
[ sql ] [ Mongo ] db.count({"count":"museum_exhibit_like","query":{"$and":[{"exhibit":"5a659ec183278741b435fcd2"}]},"limit":0}); [ RunTime:0.000306s ]
[ sql ] [ Mongo ] db.museum_exhibit.update({"$and":[{"_id":{"$oid":"5a659ec183278741b435fcd2"}}]},{"$set":{"like":1,"updateAt":1517225890}}); [ RunTime:0.000511s ]
---------------------------------------------------------------
[ 2018-01-29T19:38:21+08:00 ] 192.168.2.137 192.168.2.80 POST /wechat/getSessionKey
[ info ] changzhou.admin.com/wechat/getSessionKey [运行时间：0.097486s][吞吐率：10.26req/s] [内存消耗：991.41kb] [文件加载：50]
[ info ] [ LANG ] /home/calf/admin//thinkphp/lang/zh-cn.php
[ info ] [ ROUTE ] array (
  'type' => 'module',
  'module' => 
  array (
    0 => 'wechat',
    1 => 'Soauth',
    2 => 'getSessionKey',
  ),
  'convert' => false,
)
[ info ] [ HEADER ] array (
  'host' => 'changzhou.admin.com',
  'connection' => 'keep-alive',
  'content-length' => '43',
  'pragma' => 'no-cache',
  'cache-control' => 'no-cache',
  'origin' => 'http://127.0.0.1:9973',
  'user-agent' => 'wechatdevtools appservice port/9974',
  'content-type' => 'application/json',
  'accept' => '*/*',
  'referer' => 'https://servicewechat.com/wxc08423577880f031/devtools/page-frame.html',
  'accept-encoding' => 'gzip, deflate',
)
[ info ] [ PARAM ] array (
  'code' => '02157bOS1FtiL61WUhSS1ouaOS157bOh',
)
[ info ] [ RUN ] app\wechat\controller\Soauth->getSessionKey[ /home/calf/admin/changzhou/application/wechat/controller/Soauth.php ]
[ info ] [ LOG ] INIT File
---------------------------------------------------------------
[ 2018-01-29T19:38:25+08:00 ] 192.168.2.137 192.168.2.80 POST /museum/exhibit/giveLike
[ info ] changzhou.admin.com/museum/exhibit/giveLike [运行时间：0.022333s][吞吐率：44.78req/s] [内存消耗：1,148.58kb] [文件加载：61]
[ info ] [ LANG ] /home/calf/admin//thinkphp/lang/zh-cn.php
[ info ] [ ROUTE ] array (
  'type' => 'module',
  'module' => 
  array (
    0 => 'museum',
    1 => 'exhibit',
    2 => 'giveLike',
  ),
  'convert' => false,
)
[ info ] [ HEADER ] array (
  'host' => 'changzhou.admin.com',
  'connection' => 'keep-alive',
  'content-length' => '78',
  'pragma' => 'no-cache',
  'cache-control' => 'no-cache',
  'origin' => 'http://127.0.0.1:9973',
  'user-agent' => 'wechatdevtools appservice port/9974',
  'content-type' => 'application/json',
  'accept' => '*/*',
  'referer' => 'https://servicewechat.com/wxc08423577880f031/devtools/page-frame.html',
  'accept-encoding' => 'gzip, deflate',
)
[ info ] [ PARAM ] array (
  'openid' => 'o5mQA5USTEfXwXbnW2TumKYN9m2A',
  'exhibit' => '5a659ec183278741b435fcd2',
)
[ info ] [ RUN ] app\museum\controller\Exhibit->giveLike[ /home/calf/admin/changzhou/application/museum/controller/Exhibit.php ]
[ info ] [ DB ] INIT \think\mongo\Connection
[ info ] [ CACHE ] INIT File
[ info ] [ LOG ] INIT File
[ sql ] [ DB ] CONNECT:[ UseTime:0.000026s ] 
[ sql ] [ Mongo ] db.museum_exhibit_like.find({"$and":[{"openid":"o5mQA5USTEfXwXbnW2TumKYN9m2A"},{"exhibit":"5a659ec183278741b435fcd2"}]}).limit(1); [ RunTime:0.000845s ]
[ sql ] [ Mongo ] db.museum_exhibit_like.find({"$and":[{"_id":"5a6f07a283278714b5158fe4"}]}).limit(0); [ RunTime:0.000421s ]
[ sql ] [ Mongo ] db.museum_exhibit_like.remove({"$and":[{"_id":"5a6f07a283278714b5158fe4"}]}); [ RunTime:0.000511s ]
[ sql ] [ Mongo ] db.count({"count":"museum_exhibit_like","query":{"$and":[{"exhibit":"5a659ec183278741b435fcd2"}]},"limit":0}); [ RunTime:0.000373s ]
[ sql ] [ Mongo ] db.museum_exhibit.update({"$and":[{"_id":{"$oid":"5a659ec183278741b435fcd2"}}]},{"$set":{"like":0,"updateAt":1517225905}}); [ RunTime:0.000578s ]
---------------------------------------------------------------
[ 2018-01-29T19:38:26+08:00 ] 192.168.2.137 192.168.2.80 POST /museum/exhibit/giveLike
[ info ] changzhou.admin.com/museum/exhibit/giveLike [运行时间：0.020632s][吞吐率：48.47req/s] [内存消耗：1,146.72kb] [文件加载：61]
[ info ] [ LANG ] /home/calf/admin//thinkphp/lang/zh-cn.php
[ info ] [ ROUTE ] array (
  'type' => 'module',
  'module' => 
  array (
    0 => 'museum',
    1 => 'exhibit',
    2 => 'giveLike',
  ),
  'convert' => false,
)
[ info ] [ HEADER ] array (
  'host' => 'changzhou.admin.com',
  'connection' => 'keep-alive',
  'content-length' => '78',
  'pragma' => 'no-cache',
  'cache-control' => 'no-cache',
  'origin' => 'http://127.0.0.1:9973',
  'user-agent' => 'wechatdevtools appservice port/9974',
  'content-type' => 'application/json',
  'accept' => '*/*',
  'referer' => 'https://servicewechat.com/wxc08423577880f031/devtools/page-frame.html',
  'accept-encoding' => 'gzip, deflate',
)
[ info ] [ PARAM ] array (
  'openid' => 'o5mQA5USTEfXwXbnW2TumKYN9m2A',
  'exhibit' => '5a659ec183278741b435fcd2',
)
[ info ] [ RUN ] app\museum\controller\Exhibit->giveLike[ /home/calf/admin/changzhou/application/museum/controller/Exhibit.php ]
[ info ] [ DB ] INIT \think\mongo\Connection
[ info ] [ CACHE ] INIT File
[ info ] [ LOG ] INIT File
[ sql ] [ DB ] CONNECT:[ UseTime:0.000026s ] 
[ sql ] [ Mongo ] db.museum_exhibit_like.find({"$and":[{"openid":"o5mQA5USTEfXwXbnW2TumKYN9m2A"},{"exhibit":"5a659ec183278741b435fcd2"}]}).limit(1); [ RunTime:0.000558s ]
[ sql ] [ Mongo ] db.museum_exhibit_like.insert({"openid":"o5mQA5USTEfXwXbnW2TumKYN9m2A","exhibit":"5a659ec183278741b435fcd2"}); [ RunTime:0.000489s ]
[ sql ] [ Mongo ] db.count({"count":"museum_exhibit_like","query":{"$and":[{"exhibit":"5a659ec183278741b435fcd2"}]},"limit":0}); [ RunTime:0.000386s ]
[ sql ] [ Mongo ] db.museum_exhibit.update({"$and":[{"_id":{"$oid":"5a659ec183278741b435fcd2"}}]},{"$set":{"like":1,"updateAt":1517225906}}); [ RunTime:0.000564s ]
