---------------------------------------------------------------
[ 2017-10-30T11:57:31+08:00 ] 127.0.0.1 127.0.0.1 GET /
[ info ] hunan.admin.com/ [运行时间：0.011851s][吞吐率：84.38req/s] [内存消耗：545.98kb] [文件加载：56]
[ info ] [ LANG ] /home/calf/admin//thinkphp/lang/zh-cn.php
[ info ] [ ROUTE ] array (
  'type' => 'module',
  'module' => 
  array (
    0 => 'index',
    1 => 'index',
    2 => 'index',
  ),
  'convert' => false,
)
[ info ] [ HEADER ] array (
  'host' => 'hunan.admin.com',
  'connection' => 'keep-alive',
  'pragma' => 'no-cache',
  'cache-control' => 'no-cache',
  'upgrade-insecure-requests' => '1',
  'user-agent' => 'Mozilla/5.0 (X11; Linux x86_64) AppleWebKit/537.36 (KHTML, like Gecko) Ubuntu Chromium/62.0.3202.62 Chrome/62.0.3202.62 Safari/537.36',
  'accept' => 'text/html,application/xhtml+xml,application/xml;q=0.9,image/webp,image/apng,*/*;q=0.8',
  'accept-encoding' => 'gzip, deflate',
  'accept-language' => 'zh-CN,zh;q=0.9',
  'cookie' => '__utma=263463772.1899665212.1506839425.1508554965.1508632765.5; __utmz=263463772.1506839425.1.1.utmcsr=(direct)|utmccn=(direct)|utmcmd=(none); PHPSESSID=pchj1qak6dcc6o0dovh7ioeu87; thinkphp_show_page_trace=0|0',
)
[ info ] [ PARAM ] array (
)
[ info ] [ RUN ] app\index\controller\Index->index[ /home/calf/admin/hunan/application/index/controller/Index.php ]
[ info ] [ VIEW ] /home/calf/admin/hunan/application/index/view/index/index.html [ array (
) ]
[ info ] [ LOG ] INIT File
---------------------------------------------------------------
[ 2017-10-30T11:57:31+08:00 ] 127.0.0.1 127.0.0.1 POST /admin/menu/index
[ info ] hunan.admin.com/admin/menu/index [运行时间：0.004023s][吞吐率：248.58req/s] [内存消耗：474.80kb] [文件加载：49]
[ info ] [ LANG ] /home/calf/admin//thinkphp/lang/zh-cn.php
[ info ] [ ROUTE ] array (
  'type' => 'module',
  'module' => 
  array (
    0 => 'admin',
    1 => 'menu',
    2 => 'index',
  ),
)
[ info ] [ HEADER ] array (
  'host' => 'hunan.admin.com',
  'connection' => 'keep-alive',
  'content-length' => '2',
  'pragma' => 'no-cache',
  'cache-control' => 'no-cache',
  'accept' => 'application/json',
  'origin' => 'null',
  'user-agent' => 'Mozilla/5.0 (X11; Linux x86_64) AppleWebKit/537.36 (KHTML, like Gecko) Ubuntu Chromium/62.0.3202.62 Chrome/62.0.3202.62 Safari/537.36',
  'content-type' => 'application/json',
  'accept-encoding' => 'gzip, deflate',
  'accept-language' => 'zh-CN,zh;q=0.9',
  'cookie' => '__utma=263463772.1899665212.1506839425.1508554965.1508632765.5; __utmz=263463772.1506839425.1.1.utmcsr=(direct)|utmccn=(direct)|utmcmd=(none); PHPSESSID=pchj1qak6dcc6o0dovh7ioeu87; thinkphp_show_page_trace=0|0',
)
[ info ] [ PARAM ] array (
)
[ info ] [ SESSION ] INIT array (
  'id' => '',
  'var_session_id' => '',
  'prefix' => 'think',
  'type' => '',
  'auto_start' => true,
)
[ info ] [ LOG ] INIT File
---------------------------------------------------------------
[ 2017-10-30T11:57:31+08:00 ] 127.0.0.1 127.0.0.1 POST /article/cate/index
[ info ] hunan.admin.com/article/cate/index [运行时间：0.002775s][吞吐率：360.37req/s] [内存消耗：485.03kb] [文件加载：50]
[ info ] [ LANG ] /home/calf/admin//thinkphp/lang/zh-cn.php
[ info ] [ ROUTE ] array (
  'type' => 'module',
  'module' => 
  array (
    0 => 'article',
    1 => 'cate',
    2 => 'index',
  ),
)
[ info ] [ HEADER ] array (
  'host' => 'hunan.admin.com',
  'connection' => 'keep-alive',
  'content-length' => '14',
  'pragma' => 'no-cache',
  'cache-control' => 'no-cache',
  'accept' => 'application/json',
  'origin' => 'null',
  'user-agent' => 'Mozilla/5.0 (X11; Linux x86_64) AppleWebKit/537.36 (KHTML, like Gecko) Ubuntu Chromium/62.0.3202.62 Chrome/62.0.3202.62 Safari/537.36',
  'content-type' => 'application/json',
  'accept-encoding' => 'gzip, deflate',
  'accept-language' => 'zh-CN,zh;q=0.9',
  'cookie' => '__utma=263463772.1899665212.1506839425.1508554965.1508632765.5; __utmz=263463772.1506839425.1.1.utmcsr=(direct)|utmccn=(direct)|utmcmd=(none); PHPSESSID=pchj1qak6dcc6o0dovh7ioeu87; thinkphp_show_page_trace=0|0',
)
[ info ] [ PARAM ] array (
  'tree' => false,
)
[ info ] [ SESSION ] INIT array (
  'id' => '',
  'var_session_id' => '',
  'prefix' => 'think',
  'type' => '',
  'auto_start' => true,
)
[ info ] [ LOG ] INIT File
---------------------------------------------------------------
[ 2017-10-30T11:57:31+08:00 ] 127.0.0.1 127.0.0.1 POST /article/article/index
[ info ] hunan.admin.com/article/article/index [运行时间：0.003232s][吞吐率：309.41req/s] [内存消耗：485.42kb] [文件加载：50]
[ info ] [ LANG ] /home/calf/admin//thinkphp/lang/zh-cn.php
[ info ] [ ROUTE ] array (
  'type' => 'module',
  'module' => 
  array (
    0 => 'article',
    1 => 'article',
    2 => 'index',
  ),
)
[ info ] [ HEADER ] array (
  'host' => 'hunan.admin.com',
  'connection' => 'keep-alive',
  'content-length' => '35',
  'pragma' => 'no-cache',
  'cache-control' => 'no-cache',
  'accept' => 'application/json',
  'origin' => 'null',
  'user-agent' => 'Mozilla/5.0 (X11; Linux x86_64) AppleWebKit/537.36 (KHTML, like Gecko) Ubuntu Chromium/62.0.3202.62 Chrome/62.0.3202.62 Safari/537.36',
  'content-type' => 'application/json',
  'accept-encoding' => 'gzip, deflate',
  'accept-language' => 'zh-CN,zh;q=0.9',
  'cookie' => '__utma=263463772.1899665212.1506839425.1508554965.1508632765.5; __utmz=263463772.1506839425.1.1.utmcsr=(direct)|utmccn=(direct)|utmcmd=(none); PHPSESSID=pchj1qak6dcc6o0dovh7ioeu87; thinkphp_show_page_trace=0|0',
)
[ info ] [ PARAM ] array (
  'page' => 1,
  'limit' => 20,
  'category' => 
  array (
  ),
)
[ info ] [ SESSION ] INIT array (
  'id' => '',
  'var_session_id' => '',
  'prefix' => 'think',
  'type' => '',
  'auto_start' => true,
)
[ info ] [ LOG ] INIT File
---------------------------------------------------------------
[ 2017-10-30T11:57:32+08:00 ] 127.0.0.1 127.0.0.1 GET /login
[ info ] hunan.admin.com/login [运行时间：0.005856s][吞吐率：170.76req/s] [内存消耗：505.16kb] [文件加载：54]
[ info ] [ LANG ] /home/calf/admin//thinkphp/lang/zh-cn.php
[ info ] [ ROUTE ] array (
  'type' => 'module',
  'module' => 
  array (
    0 => 'index',
    1 => 'index',
    2 => 'index',
  ),
  'convert' => false,
)
[ info ] [ HEADER ] array (
  'host' => 'hunan.admin.com',
  'connection' => 'keep-alive',
  'pragma' => 'no-cache',
  'cache-control' => 'no-cache',
  'upgrade-insecure-requests' => '1',
  'user-agent' => 'Mozilla/5.0 (X11; Linux x86_64) AppleWebKit/537.36 (KHTML, like Gecko) Ubuntu Chromium/62.0.3202.62 Chrome/62.0.3202.62 Safari/537.36',
  'accept' => 'text/html,application/xhtml+xml,application/xml;q=0.9,image/webp,image/apng,*/*;q=0.8',
  'accept-encoding' => 'gzip, deflate',
  'accept-language' => 'zh-CN,zh;q=0.9',
  'cookie' => '__utma=263463772.1899665212.1506839425.1508554965.1508632765.5; __utmz=263463772.1506839425.1.1.utmcsr=(direct)|utmccn=(direct)|utmcmd=(none); PHPSESSID=pchj1qak6dcc6o0dovh7ioeu87; thinkphp_show_page_trace=0|0',
)
[ info ] [ PARAM ] array (
)
[ info ] [ RUN ] app\index\controller\Index->index[ /home/calf/admin/hunan/application/index/controller/Index.php ]
[ info ] [ VIEW ] /home/calf/admin/hunan/application/index/view/index/index.html [ array (
) ]
[ info ] [ LOG ] INIT File
---------------------------------------------------------------
[ 2017-10-30T11:57:32+08:00 ] 127.0.0.1 127.0.0.1 GET /favicon.ico
[ info ] hunan.admin.com/favicon.ico [运行时间：0.005800s][吞吐率：172.41req/s] [内存消耗：504.66kb] [文件加载：54]
[ info ] [ LANG ] /home/calf/admin//thinkphp/lang/zh-cn.php
[ info ] [ ROUTE ] array (
  'type' => 'module',
  'module' => 
  array (
    0 => 'index',
    1 => 'index',
    2 => 'index',
  ),
  'convert' => false,
)
[ info ] [ HEADER ] array (
  'host' => 'hunan.admin.com',
  'connection' => 'keep-alive',
  'pragma' => 'no-cache',
  'cache-control' => 'no-cache',
  'user-agent' => 'Mozilla/5.0 (X11; Linux x86_64) AppleWebKit/537.36 (KHTML, like Gecko) Ubuntu Chromium/62.0.3202.62 Chrome/62.0.3202.62 Safari/537.36',
  'accept' => 'image/webp,image/apng,image/*,*/*;q=0.8',
  'accept-encoding' => 'gzip, deflate',
  'accept-language' => 'zh-CN,zh;q=0.9',
  'cookie' => '__utma=263463772.1899665212.1506839425.1508554965.1508632765.5; __utmz=263463772.1506839425.1.1.utmcsr=(direct)|utmccn=(direct)|utmcmd=(none); PHPSESSID=pchj1qak6dcc6o0dovh7ioeu87; thinkphp_show_page_trace=0|0',
)
[ info ] [ PARAM ] array (
)
[ info ] [ RUN ] app\index\controller\Index->index[ /home/calf/admin/hunan/application/index/controller/Index.php ]
[ info ] [ VIEW ] /home/calf/admin/hunan/application/index/view/index/index.html [ array (
) ]
[ info ] [ LOG ] INIT File
---------------------------------------------------------------
[ 2017-10-30T11:57:33+08:00 ] 127.0.0.1 127.0.0.1 GET /favicon.ico
[ info ] hunan.admin.com/favicon.ico [运行时间：0.010090s][吞吐率：99.11req/s] [内存消耗：504.72kb] [文件加载：54]
[ info ] [ LANG ] /home/calf/admin//thinkphp/lang/zh-cn.php
[ info ] [ ROUTE ] array (
  'type' => 'module',
  'module' => 
  array (
    0 => 'index',
    1 => 'index',
    2 => 'index',
  ),
  'convert' => false,
)
[ info ] [ HEADER ] array (
  'host' => 'hunan.admin.com',
  'connection' => 'keep-alive',
  'pragma' => 'no-cache',
  'cache-control' => 'no-cache',
  'user-agent' => 'Mozilla/5.0 (X11; Linux x86_64) AppleWebKit/537.36 (KHTML, like Gecko) Ubuntu Chromium/62.0.3202.62 Chrome/62.0.3202.62 Safari/537.36',
  'accept' => 'image/webp,image/apng,image/*,*/*;q=0.8',
  'accept-encoding' => 'gzip, deflate',
  'accept-language' => 'zh-CN,zh;q=0.9',
  'cookie' => '__utma=263463772.1899665212.1506839425.1508554965.1508632765.5; __utmz=263463772.1506839425.1.1.utmcsr=(direct)|utmccn=(direct)|utmcmd=(none); PHPSESSID=pchj1qak6dcc6o0dovh7ioeu87; thinkphp_show_page_trace=0|0',
)
[ info ] [ PARAM ] array (
)
[ info ] [ RUN ] app\index\controller\Index->index[ /home/calf/admin/hunan/application/index/controller/Index.php ]
[ info ] [ VIEW ] /home/calf/admin/hunan/application/index/view/index/index.html [ array (
) ]
[ info ] [ LOG ] INIT File
---------------------------------------------------------------
[ 2017-10-30T11:58:35+08:00 ] 127.0.0.1 127.0.0.1 GET /v/content/article/list
[ info ] hunan.admin.com/v/content/article/list [运行时间：0.006375s][吞吐率：156.87req/s] [内存消耗：504.53kb] [文件加载：54]
[ info ] [ LANG ] /home/calf/admin//thinkphp/lang/zh-cn.php
[ info ] [ ROUTE ] array (
  'type' => 'module',
  'module' => 
  array (
    0 => 'index',
    1 => 'index',
    2 => 'index',
  ),
  'convert' => false,
)
[ info ] [ HEADER ] array (
  'host' => 'hunan.admin.com',
  'connection' => 'keep-alive',
  'pragma' => 'no-cache',
  'cache-control' => 'no-cache',
  'upgrade-insecure-requests' => '1',
  'user-agent' => 'Mozilla/5.0 (X11; Linux x86_64) AppleWebKit/537.36 (KHTML, like Gecko) Ubuntu Chromium/62.0.3202.62 Chrome/62.0.3202.62 Safari/537.36',
  'accept' => 'text/html,application/xhtml+xml,application/xml;q=0.9,image/webp,image/apng,*/*;q=0.8',
  'accept-encoding' => 'gzip, deflate',
  'accept-language' => 'zh-CN,zh;q=0.9',
  'cookie' => '__utma=263463772.1899665212.1506839425.1508554965.1508632765.5; __utmz=263463772.1506839425.1.1.utmcsr=(direct)|utmccn=(direct)|utmcmd=(none); PHPSESSID=pchj1qak6dcc6o0dovh7ioeu87; thinkphp_show_page_trace=0|0',
)
[ info ] [ PARAM ] array (
  'v' => 'content',
  'article' => 'list',
)
[ info ] [ RUN ] app\index\controller\Index->index[ /home/calf/admin/hunan/application/index/controller/Index.php ]
[ info ] [ VIEW ] /home/calf/admin/hunan/application/index/view/index/index.html [ array (
) ]
[ info ] [ LOG ] INIT File
---------------------------------------------------------------
[ 2017-10-30T11:58:35+08:00 ] 127.0.0.1 127.0.0.1 POST /admin/menu/index
[ info ] hunan.admin.com/admin/menu/index [运行时间：0.002840s][吞吐率：352.11req/s] [内存消耗：474.80kb] [文件加载：49]
[ info ] [ LANG ] /home/calf/admin//thinkphp/lang/zh-cn.php
[ info ] [ ROUTE ] array (
  'type' => 'module',
  'module' => 
  array (
    0 => 'admin',
    1 => 'menu',
    2 => 'index',
  ),
)
[ info ] [ HEADER ] array (
  'host' => 'hunan.admin.com',
  'connection' => 'keep-alive',
  'content-length' => '2',
  'pragma' => 'no-cache',
  'cache-control' => 'no-cache',
  'accept' => 'application/json',
  'origin' => 'null',
  'user-agent' => 'Mozilla/5.0 (X11; Linux x86_64) AppleWebKit/537.36 (KHTML, like Gecko) Ubuntu Chromium/62.0.3202.62 Chrome/62.0.3202.62 Safari/537.36',
  'content-type' => 'application/json',
  'accept-encoding' => 'gzip, deflate',
  'accept-language' => 'zh-CN,zh;q=0.9',
  'cookie' => '__utma=263463772.1899665212.1506839425.1508554965.1508632765.5; __utmz=263463772.1506839425.1.1.utmcsr=(direct)|utmccn=(direct)|utmcmd=(none); PHPSESSID=pchj1qak6dcc6o0dovh7ioeu87; thinkphp_show_page_trace=0|0',
)
[ info ] [ PARAM ] array (
)
[ info ] [ SESSION ] INIT array (
  'id' => '',
  'var_session_id' => '',
  'prefix' => 'think',
  'type' => '',
  'auto_start' => true,
)
[ info ] [ LOG ] INIT File
---------------------------------------------------------------
[ 2017-10-30T11:58:35+08:00 ] 127.0.0.1 127.0.0.1 POST /article/cate/index
[ info ] hunan.admin.com/article/cate/index [运行时间：0.002737s][吞吐率：365.36req/s] [内存消耗：485.03kb] [文件加载：50]
[ info ] [ LANG ] /home/calf/admin//thinkphp/lang/zh-cn.php
[ info ] [ ROUTE ] array (
  'type' => 'module',
  'module' => 
  array (
    0 => 'article',
    1 => 'cate',
    2 => 'index',
  ),
)
[ info ] [ HEADER ] array (
  'host' => 'hunan.admin.com',
  'connection' => 'keep-alive',
  'content-length' => '14',
  'pragma' => 'no-cache',
  'cache-control' => 'no-cache',
  'accept' => 'application/json',
  'origin' => 'null',
  'user-agent' => 'Mozilla/5.0 (X11; Linux x86_64) AppleWebKit/537.36 (KHTML, like Gecko) Ubuntu Chromium/62.0.3202.62 Chrome/62.0.3202.62 Safari/537.36',
  'content-type' => 'application/json',
  'accept-encoding' => 'gzip, deflate',
  'accept-language' => 'zh-CN,zh;q=0.9',
  'cookie' => '__utma=263463772.1899665212.1506839425.1508554965.1508632765.5; __utmz=263463772.1506839425.1.1.utmcsr=(direct)|utmccn=(direct)|utmcmd=(none); PHPSESSID=pchj1qak6dcc6o0dovh7ioeu87; thinkphp_show_page_trace=0|0',
)
[ info ] [ PARAM ] array (
  'tree' => false,
)
[ info ] [ SESSION ] INIT array (
  'id' => '',
  'var_session_id' => '',
  'prefix' => 'think',
  'type' => '',
  'auto_start' => true,
)
[ info ] [ LOG ] INIT File
---------------------------------------------------------------
[ 2017-10-30T11:58:35+08:00 ] 127.0.0.1 127.0.0.1 POST /article/article/index
[ info ] hunan.admin.com/article/article/index [运行时间：0.004014s][吞吐率：249.13req/s] [内存消耗：485.42kb] [文件加载：50]
[ info ] [ LANG ] /home/calf/admin//thinkphp/lang/zh-cn.php
[ info ] [ ROUTE ] array (
  'type' => 'module',
  'module' => 
  array (
    0 => 'article',
    1 => 'article',
    2 => 'index',
  ),
)
[ info ] [ HEADER ] array (
  'host' => 'hunan.admin.com',
  'connection' => 'keep-alive',
  'content-length' => '35',
  'pragma' => 'no-cache',
  'cache-control' => 'no-cache',
  'accept' => 'application/json',
  'origin' => 'null',
  'user-agent' => 'Mozilla/5.0 (X11; Linux x86_64) AppleWebKit/537.36 (KHTML, like Gecko) Ubuntu Chromium/62.0.3202.62 Chrome/62.0.3202.62 Safari/537.36',
  'content-type' => 'application/json',
  'accept-encoding' => 'gzip, deflate',
  'accept-language' => 'zh-CN,zh;q=0.9',
  'cookie' => '__utma=263463772.1899665212.1506839425.1508554965.1508632765.5; __utmz=263463772.1506839425.1.1.utmcsr=(direct)|utmccn=(direct)|utmcmd=(none); PHPSESSID=pchj1qak6dcc6o0dovh7ioeu87; thinkphp_show_page_trace=0|0',
)
[ info ] [ PARAM ] array (
  'page' => 1,
  'limit' => 20,
  'category' => 
  array (
  ),
)
[ info ] [ SESSION ] INIT array (
  'id' => '',
  'var_session_id' => '',
  'prefix' => 'think',
  'type' => '',
  'auto_start' => true,
)
[ info ] [ LOG ] INIT File
---------------------------------------------------------------
[ 2017-10-30T11:58:36+08:00 ] 127.0.0.1 127.0.0.1 GET /favicon.ico
[ info ] hunan.admin.com/favicon.ico [运行时间：0.004659s][吞吐率：214.63req/s] [内存消耗：502.77kb] [文件加载：54]
[ info ] [ LANG ] /home/calf/admin//thinkphp/lang/zh-cn.php
[ info ] [ ROUTE ] array (
  'type' => 'module',
  'module' => 
  array (
    0 => 'index',
    1 => 'index',
    2 => 'index',
  ),
  'convert' => false,
)
[ info ] [ HEADER ] array (
  'host' => 'hunan.admin.com',
  'connection' => 'keep-alive',
  'pragma' => 'no-cache',
  'cache-control' => 'no-cache',
  'user-agent' => 'Mozilla/5.0 (X11; Linux x86_64) AppleWebKit/537.36 (KHTML, like Gecko) Ubuntu Chromium/62.0.3202.62 Chrome/62.0.3202.62 Safari/537.36',
  'accept' => 'image/webp,image/apng,image/*,*/*;q=0.8',
  'accept-encoding' => 'gzip, deflate',
  'accept-language' => 'zh-CN,zh;q=0.9',
  'cookie' => '__utma=263463772.1899665212.1506839425.1508554965.1508632765.5; __utmz=263463772.1506839425.1.1.utmcsr=(direct)|utmccn=(direct)|utmcmd=(none); PHPSESSID=pchj1qak6dcc6o0dovh7ioeu87; thinkphp_show_page_trace=0|0',
)
[ info ] [ PARAM ] array (
)
[ info ] [ RUN ] app\index\controller\Index->index[ /home/calf/admin/hunan/application/index/controller/Index.php ]
[ info ] [ VIEW ] /home/calf/admin/hunan/application/index/view/index/index.html [ array (
) ]
[ info ] [ LOG ] INIT File
---------------------------------------------------------------
[ 2017-10-30T11:58:36+08:00 ] 127.0.0.1 127.0.0.1 GET /login
[ info ] hunan.admin.com/login [运行时间：0.009924s][吞吐率：100.77req/s] [内存消耗：503.27kb] [文件加载：54]
[ info ] [ LANG ] /home/calf/admin//thinkphp/lang/zh-cn.php
[ info ] [ ROUTE ] array (
  'type' => 'module',
  'module' => 
  array (
    0 => 'index',
    1 => 'index',
    2 => 'index',
  ),
  'convert' => false,
)
[ info ] [ HEADER ] array (
  'host' => 'hunan.admin.com',
  'connection' => 'keep-alive',
  'pragma' => 'no-cache',
  'cache-control' => 'no-cache',
  'upgrade-insecure-requests' => '1',
  'user-agent' => 'Mozilla/5.0 (X11; Linux x86_64) AppleWebKit/537.36 (KHTML, like Gecko) Ubuntu Chromium/62.0.3202.62 Chrome/62.0.3202.62 Safari/537.36',
  'accept' => 'text/html,application/xhtml+xml,application/xml;q=0.9,image/webp,image/apng,*/*;q=0.8',
  'accept-encoding' => 'gzip, deflate',
  'accept-language' => 'zh-CN,zh;q=0.9',
  'cookie' => '__utma=263463772.1899665212.1506839425.1508554965.1508632765.5; __utmz=263463772.1506839425.1.1.utmcsr=(direct)|utmccn=(direct)|utmcmd=(none); PHPSESSID=pchj1qak6dcc6o0dovh7ioeu87; thinkphp_show_page_trace=0|0',
)
[ info ] [ PARAM ] array (
)
[ info ] [ RUN ] app\index\controller\Index->index[ /home/calf/admin/hunan/application/index/controller/Index.php ]
[ info ] [ VIEW ] /home/calf/admin/hunan/application/index/view/index/index.html [ array (
) ]
[ info ] [ LOG ] INIT File
---------------------------------------------------------------
[ 2017-10-30T11:58:37+08:00 ] 127.0.0.1 127.0.0.1 GET /v/content/article/list
[ info ] hunan.admin.com/v/content/article/list [运行时间：0.006093s][吞吐率：164.12req/s] [内存消耗：504.63kb] [文件加载：54]
[ info ] [ LANG ] /home/calf/admin//thinkphp/lang/zh-cn.php
[ info ] [ ROUTE ] array (
  'type' => 'module',
  'module' => 
  array (
    0 => 'index',
    1 => 'index',
    2 => 'index',
  ),
  'convert' => false,
)
[ info ] [ HEADER ] array (
  'host' => 'hunan.admin.com',
  'connection' => 'keep-alive',
  'pragma' => 'no-cache',
  'cache-control' => 'no-cache',
  'upgrade-insecure-requests' => '1',
  'user-agent' => 'Mozilla/5.0 (X11; Linux x86_64) AppleWebKit/537.36 (KHTML, like Gecko) Ubuntu Chromium/62.0.3202.62 Chrome/62.0.3202.62 Safari/537.36',
  'accept' => 'text/html,application/xhtml+xml,application/xml;q=0.9,image/webp,image/apng,*/*;q=0.8',
  'accept-encoding' => 'gzip, deflate',
  'accept-language' => 'zh-CN,zh;q=0.9',
  'cookie' => 'thinkphp_show_page_trace=0|0; __utma=263463772.1899665212.1506839425.1508554965.1508632765.5; __utmz=263463772.1506839425.1.1.utmcsr=(direct)|utmccn=(direct)|utmcmd=(none); PHPSESSID=pchj1qak6dcc6o0dovh7ioeu87; thinkphp_show_page_trace=0|0',
)
[ info ] [ PARAM ] array (
  'v' => 'content',
  'article' => 'list',
)
[ info ] [ RUN ] app\index\controller\Index->index[ /home/calf/admin/hunan/application/index/controller/Index.php ]
[ info ] [ VIEW ] /home/calf/admin/hunan/application/index/view/index/index.html [ array (
) ]
[ info ] [ LOG ] INIT File
---------------------------------------------------------------
[ 2017-10-30T11:58:38+08:00 ] 127.0.0.1 127.0.0.1 POST /admin/menu/index
[ info ] hunan.admin.com/admin/menu/index [运行时间：0.005158s][吞吐率：193.88req/s] [内存消耗：474.80kb] [文件加载：49]
[ info ] [ LANG ] /home/calf/admin//thinkphp/lang/zh-cn.php
[ info ] [ ROUTE ] array (
  'type' => 'module',
  'module' => 
  array (
    0 => 'admin',
    1 => 'menu',
    2 => 'index',
  ),
)
[ info ] [ HEADER ] array (
  'host' => 'hunan.admin.com',
  'connection' => 'keep-alive',
  'content-length' => '2',
  'pragma' => 'no-cache',
  'cache-control' => 'no-cache',
  'accept' => 'application/json',
  'origin' => 'null',
  'user-agent' => 'Mozilla/5.0 (X11; Linux x86_64) AppleWebKit/537.36 (KHTML, like Gecko) Ubuntu Chromium/62.0.3202.62 Chrome/62.0.3202.62 Safari/537.36',
  'content-type' => 'application/json',
  'accept-encoding' => 'gzip, deflate',
  'accept-language' => 'zh-CN,zh;q=0.9',
  'cookie' => '__utma=263463772.1899665212.1506839425.1508554965.1508632765.5; __utmz=263463772.1506839425.1.1.utmcsr=(direct)|utmccn=(direct)|utmcmd=(none); PHPSESSID=pchj1qak6dcc6o0dovh7ioeu87; thinkphp_show_page_trace=0|0',
)
[ info ] [ PARAM ] array (
)
[ info ] [ SESSION ] INIT array (
  'id' => '',
  'var_session_id' => '',
  'prefix' => 'think',
  'type' => '',
  'auto_start' => true,
)
[ info ] [ LOG ] INIT File
---------------------------------------------------------------
[ 2017-10-30T11:58:38+08:00 ] 127.0.0.1 127.0.0.1 POST /article/cate/index
[ info ] hunan.admin.com/article/cate/index [运行时间：0.004977s][吞吐率：200.92req/s] [内存消耗：485.03kb] [文件加载：50]
[ info ] [ LANG ] /home/calf/admin//thinkphp/lang/zh-cn.php
[ info ] [ ROUTE ] array (
  'type' => 'module',
  'module' => 
  array (
    0 => 'article',
    1 => 'cate',
    2 => 'index',
  ),
)
[ info ] [ HEADER ] array (
  'host' => 'hunan.admin.com',
  'connection' => 'keep-alive',
  'content-length' => '14',
  'pragma' => 'no-cache',
  'cache-control' => 'no-cache',
  'accept' => 'application/json',
  'origin' => 'null',
  'user-agent' => 'Mozilla/5.0 (X11; Linux x86_64) AppleWebKit/537.36 (KHTML, like Gecko) Ubuntu Chromium/62.0.3202.62 Chrome/62.0.3202.62 Safari/537.36',
  'content-type' => 'application/json',
  'accept-encoding' => 'gzip, deflate',
  'accept-language' => 'zh-CN,zh;q=0.9',
  'cookie' => '__utma=263463772.1899665212.1506839425.1508554965.1508632765.5; __utmz=263463772.1506839425.1.1.utmcsr=(direct)|utmccn=(direct)|utmcmd=(none); PHPSESSID=pchj1qak6dcc6o0dovh7ioeu87; thinkphp_show_page_trace=0|0',
)
[ info ] [ PARAM ] array (
  'tree' => false,
)
[ info ] [ SESSION ] INIT array (
  'id' => '',
  'var_session_id' => '',
  'prefix' => 'think',
  'type' => '',
  'auto_start' => true,
)
[ info ] [ LOG ] INIT File
---------------------------------------------------------------
[ 2017-10-30T11:58:38+08:00 ] 127.0.0.1 127.0.0.1 POST /article/article/index
[ info ] hunan.admin.com/article/article/index [运行时间：0.004896s][吞吐率：204.25req/s] [内存消耗：485.42kb] [文件加载：50]
[ info ] [ LANG ] /home/calf/admin//thinkphp/lang/zh-cn.php
[ info ] [ ROUTE ] array (
  'type' => 'module',
  'module' => 
  array (
    0 => 'article',
    1 => 'article',
    2 => 'index',
  ),
)
[ info ] [ HEADER ] array (
  'host' => 'hunan.admin.com',
  'connection' => 'keep-alive',
  'content-length' => '35',
  'pragma' => 'no-cache',
  'cache-control' => 'no-cache',
  'accept' => 'application/json',
  'origin' => 'null',
  'user-agent' => 'Mozilla/5.0 (X11; Linux x86_64) AppleWebKit/537.36 (KHTML, like Gecko) Ubuntu Chromium/62.0.3202.62 Chrome/62.0.3202.62 Safari/537.36',
  'content-type' => 'application/json',
  'accept-encoding' => 'gzip, deflate',
  'accept-language' => 'zh-CN,zh;q=0.9',
  'cookie' => '__utma=263463772.1899665212.1506839425.1508554965.1508632765.5; __utmz=263463772.1506839425.1.1.utmcsr=(direct)|utmccn=(direct)|utmcmd=(none); PHPSESSID=pchj1qak6dcc6o0dovh7ioeu87; thinkphp_show_page_trace=0|0',
)
[ info ] [ PARAM ] array (
  'page' => 1,
  'limit' => 20,
  'category' => 
  array (
  ),
)
[ info ] [ SESSION ] INIT array (
  'id' => '',
  'var_session_id' => '',
  'prefix' => 'think',
  'type' => '',
  'auto_start' => true,
)
[ info ] [ LOG ] INIT File
---------------------------------------------------------------
[ 2017-10-30T11:58:38+08:00 ] 127.0.0.1 127.0.0.1 GET /favicon.ico
[ info ] hunan.admin.com/favicon.ico [运行时间：0.009844s][吞吐率：101.58req/s] [内存消耗：502.77kb] [文件加载：54]
[ info ] [ LANG ] /home/calf/admin//thinkphp/lang/zh-cn.php
[ info ] [ ROUTE ] array (
  'type' => 'module',
  'module' => 
  array (
    0 => 'index',
    1 => 'index',
    2 => 'index',
  ),
  'convert' => false,
)
[ info ] [ HEADER ] array (
  'host' => 'hunan.admin.com',
  'connection' => 'keep-alive',
  'pragma' => 'no-cache',
  'cache-control' => 'no-cache',
  'user-agent' => 'Mozilla/5.0 (X11; Linux x86_64) AppleWebKit/537.36 (KHTML, like Gecko) Ubuntu Chromium/62.0.3202.62 Chrome/62.0.3202.62 Safari/537.36',
  'accept' => 'image/webp,image/apng,image/*,*/*;q=0.8',
  'accept-encoding' => 'gzip, deflate',
  'accept-language' => 'zh-CN,zh;q=0.9',
  'cookie' => '__utma=263463772.1899665212.1506839425.1508554965.1508632765.5; __utmz=263463772.1506839425.1.1.utmcsr=(direct)|utmccn=(direct)|utmcmd=(none); PHPSESSID=pchj1qak6dcc6o0dovh7ioeu87; thinkphp_show_page_trace=0|0',
)
[ info ] [ PARAM ] array (
)
[ info ] [ RUN ] app\index\controller\Index->index[ /home/calf/admin/hunan/application/index/controller/Index.php ]
[ info ] [ VIEW ] /home/calf/admin/hunan/application/index/view/index/index.html [ array (
) ]
[ info ] [ LOG ] INIT File
