---------------------------------------------------------------
[ 2017-11-17T13:53:04+08:00 ] 127.0.0.1 127.0.0.1 GET /
[ info ] shuwen.admin.com/ [运行时间：0.017563s][吞吐率：56.94req/s] [内存消耗：757.48kb] [文件加载：56]
[ info ] [ LANG ] /home/calf/admin//thinkphp/lang/zh-cn.php
[ info ] [ ROUTE ] array (
  'type' => 'module',
  'module' => 
  array (
    0 => 'index',
    1 => 'index',
    2 => 'index',
  ),
  'convert' => false,
)
[ info ] [ HEADER ] array (
  'host' => 'shuwen.admin.com',
  'connection' => 'keep-alive',
  'upgrade-insecure-requests' => '1',
  'user-agent' => 'Mozilla/5.0 (X11; Linux x86_64) AppleWebKit/537.36 (KHTML, like Gecko) Ubuntu Chromium/62.0.3202.75 Chrome/62.0.3202.75 Safari/537.36',
  'accept' => 'text/html,application/xhtml+xml,application/xml;q=0.9,image/webp,image/apng,*/*;q=0.8',
  'accept-encoding' => 'gzip, deflate',
  'accept-language' => 'zh-CN,zh;q=0.9',
  'cookie' => '__utma=263463772.1899665212.1506839425.1508554965.1508632765.5; __utmz=263463772.1506839425.1.1.utmcsr=(direct)|utmccn=(direct)|utmcmd=(none)',
)
[ info ] [ PARAM ] array (
)
[ info ] [ RUN ] app\index\controller\Index->index[ /home/calf/admin/shuwen/application/index/controller/Index.php ]
[ info ] [ DB ] INIT \think\mongo\Connection
[ info ] [ VIEW ] /home/calf/admin/shuwen/application/index/view/index/index.html [ array (
  0 => 'information',
  1 => 'contact',
  2 => 'notics',
) ]
[ info ] [ LOG ] INIT File
[ sql ] [ DB ] CONNECT:[ UseTime:0.000056s ] 
[ sql ] [ Mongo ] db.profile.find({"$and":[{"deleteAt":{"$exists":false}},{"name":"information"}]}).limit(1); [ RunTime:0.001451s ]
[ sql ] [ Mongo ] db.profile.find({"$and":[{"deleteAt":{"$exists":false}},{"name":"contact"}]}).limit(1); [ RunTime:0.000210s ]
[ sql ] [ Mongo ] db.news.find({"$and":[{"deleteAt":{"$exists":false}},{"category.name":"announcement"}]}).limit(8); [ RunTime:0.000689s ]
---------------------------------------------------------------
[ 2017-11-17T13:53:09+08:00 ] 127.0.0.1 127.0.0.1 GET /admin
[ info ] shuwen.admin.com/admin [运行时间：0.010275s][吞吐率：97.32req/s] [内存消耗：507.63kb] [文件加载：47]
[ info ] [ LANG ] /home/calf/admin//thinkphp/lang/zh-cn.php
[ info ] [ ROUTE ] array (
  'type' => 'module',
  'module' => 
  array (
    0 => 'admin',
    1 => 'index',
    2 => 'index',
  ),
  'convert' => false,
)
[ info ] [ HEADER ] array (
  'host' => 'shuwen.admin.com',
  'connection' => 'keep-alive',
  'upgrade-insecure-requests' => '1',
  'user-agent' => 'Mozilla/5.0 (X11; Linux x86_64) AppleWebKit/537.36 (KHTML, like Gecko) Ubuntu Chromium/62.0.3202.75 Chrome/62.0.3202.75 Safari/537.36',
  'accept' => 'text/html,application/xhtml+xml,application/xml;q=0.9,image/webp,image/apng,*/*;q=0.8',
  'accept-encoding' => 'gzip, deflate',
  'accept-language' => 'zh-CN,zh;q=0.9',
  'cookie' => '__utma=263463772.1899665212.1506839425.1508554965.1508632765.5; __utmz=263463772.1506839425.1.1.utmcsr=(direct)|utmccn=(direct)|utmcmd=(none)',
)
[ info ] [ PARAM ] array (
)
[ info ] [ RUN ] app\admin\controller\Index->index[ /home/calf/admin/shuwen/application/admin/controller/Index.php ]
[ info ] [ VIEW ] /home/calf/admin/shuwen/application/admin/view/index/index.html [ array (
) ]
[ info ] [ LOG ] INIT File
---------------------------------------------------------------
[ 2017-11-17T13:53:09+08:00 ] 127.0.0.1 127.0.0.1 POST /admin/menu/index
[ info ] shuwen.admin.com/admin/menu/index [运行时间：0.007606s][吞吐率：131.47req/s] [内存消耗：520.95kb] [文件加载：48]
[ info ] [ LANG ] /home/calf/admin//thinkphp/lang/zh-cn.php
[ info ] [ ROUTE ] array (
  'type' => 'module',
  'module' => 
  array (
    0 => 'admin',
    1 => 'menu',
    2 => 'index',
  ),
)
[ info ] [ HEADER ] array (
  'host' => 'shuwen.admin.com',
  'connection' => 'keep-alive',
  'content-length' => '2',
  'accept' => 'application/json',
  'origin' => 'null',
  'user-agent' => 'Mozilla/5.0 (X11; Linux x86_64) AppleWebKit/537.36 (KHTML, like Gecko) Ubuntu Chromium/62.0.3202.75 Chrome/62.0.3202.75 Safari/537.36',
  'content-type' => 'application/json',
  'accept-encoding' => 'gzip, deflate',
  'accept-language' => 'zh-CN,zh;q=0.9',
  'cookie' => '__utma=263463772.1899665212.1506839425.1508554965.1508632765.5; __utmz=263463772.1506839425.1.1.utmcsr=(direct)|utmccn=(direct)|utmcmd=(none)',
)
[ info ] [ PARAM ] array (
)
[ info ] [ RUN ] app\admin\controller\Menu->index[ /home/calf/admin/shuwen/application/admin/controller/Menu.php ]
[ info ] [ LOG ] INIT File
---------------------------------------------------------------
[ 2017-11-17T13:53:09+08:00 ] 127.0.0.1 127.0.0.1 POST /admin/profile/detail
[ info ] shuwen.admin.com/admin/profile/detail [运行时间：0.006216s][吞吐率：160.87req/s] [内存消耗：517.67kb] [文件加载：47]
[ info ] [ LANG ] /home/calf/admin//thinkphp/lang/zh-cn.php
[ info ] [ ROUTE ] array (
  'type' => 'module',
  'module' => 
  array (
    0 => 'admin',
    1 => 'profile',
    2 => 'detail',
  ),
)
[ info ] [ HEADER ] array (
  'host' => 'shuwen.admin.com',
  'connection' => 'keep-alive',
  'content-length' => '16',
  'accept' => 'application/json',
  'origin' => 'null',
  'user-agent' => 'Mozilla/5.0 (X11; Linux x86_64) AppleWebKit/537.36 (KHTML, like Gecko) Ubuntu Chromium/62.0.3202.75 Chrome/62.0.3202.75 Safari/537.36',
  'content-type' => 'application/json',
  'accept-encoding' => 'gzip, deflate',
  'accept-language' => 'zh-CN,zh;q=0.9',
  'cookie' => '__utma=263463772.1899665212.1506839425.1508554965.1508632765.5; __utmz=263463772.1506839425.1.1.utmcsr=(direct)|utmccn=(direct)|utmcmd=(none)',
)
[ info ] [ PARAM ] array (
  'name' => 'intro',
)
[ info ] [ SESSION ] INIT array (
  'id' => '',
  'var_session_id' => '',
  'prefix' => 'think',
  'type' => '',
  'auto_start' => true,
)
[ info ] [ LOG ] INIT File
---------------------------------------------------------------
[ 2017-11-17T13:53:10+08:00 ] 127.0.0.1 127.0.0.1 GET /admin/login
[ info ] shuwen.admin.com/admin/login [运行时间：0.004257s][吞吐率：234.91req/s] [内存消耗：504.04kb] [文件加载：47]
[ info ] [ LANG ] /home/calf/admin//thinkphp/lang/zh-cn.php
[ info ] [ ROUTE ] array (
  'type' => 'module',
  'module' => 
  array (
    0 => 'admin',
    1 => 'index',
    2 => 'index',
  ),
  'convert' => false,
)
[ info ] [ HEADER ] array (
  'host' => 'shuwen.admin.com',
  'connection' => 'keep-alive',
  'upgrade-insecure-requests' => '1',
  'user-agent' => 'Mozilla/5.0 (X11; Linux x86_64) AppleWebKit/537.36 (KHTML, like Gecko) Ubuntu Chromium/62.0.3202.75 Chrome/62.0.3202.75 Safari/537.36',
  'accept' => 'text/html,application/xhtml+xml,application/xml;q=0.9,image/webp,image/apng,*/*;q=0.8',
  'accept-encoding' => 'gzip, deflate',
  'accept-language' => 'zh-CN,zh;q=0.9',
  'cookie' => '__utma=263463772.1899665212.1506839425.1508554965.1508632765.5; __utmz=263463772.1506839425.1.1.utmcsr=(direct)|utmccn=(direct)|utmcmd=(none); PHPSESSID=omnnk2si9oplusbj59dh7hp540',
)
[ info ] [ PARAM ] array (
)
[ info ] [ RUN ] app\admin\controller\Index->index[ /home/calf/admin/shuwen/application/admin/controller/Index.php ]
[ info ] [ VIEW ] /home/calf/admin/shuwen/application/admin/view/index/index.html [ array (
) ]
[ info ] [ LOG ] INIT File
---------------------------------------------------------------
[ 2017-11-17T13:53:13+08:00 ] 127.0.0.1 127.0.0.1 POST /admin/login/login
[ info ] shuwen.admin.com/admin/login/login [运行时间：0.015329s][吞吐率：65.24req/s] [内存消耗：705.73kb] [文件加载：55]
[ info ] [ LANG ] /home/calf/admin//thinkphp/lang/zh-cn.php
[ info ] [ ROUTE ] array (
  'type' => 'module',
  'module' => 
  array (
    0 => 'admin',
    1 => 'login',
    2 => 'login',
  ),
)
[ info ] [ HEADER ] array (
  'host' => 'shuwen.admin.com',
  'connection' => 'keep-alive',
  'content-length' => '39',
  'accept' => 'application/json',
  'origin' => 'null',
  'user-agent' => 'Mozilla/5.0 (X11; Linux x86_64) AppleWebKit/537.36 (KHTML, like Gecko) Ubuntu Chromium/62.0.3202.75 Chrome/62.0.3202.75 Safari/537.36',
  'content-type' => 'application/json',
  'accept-encoding' => 'gzip, deflate',
  'accept-language' => 'zh-CN,zh;q=0.9',
  'cookie' => '__utma=263463772.1899665212.1506839425.1508554965.1508632765.5; __utmz=263463772.1506839425.1.1.utmcsr=(direct)|utmccn=(direct)|utmcmd=(none); PHPSESSID=omnnk2si9oplusbj59dh7hp540',
)
[ info ] [ PARAM ] array (
  'username' => 'admin',
  'password' => 'admin',
)
[ info ] [ RUN ] app\admin\controller\Login->login[ /home/calf/admin/shuwen/application/admin/controller/Login.php ]
[ info ] [ DB ] INIT \think\mongo\Connection
[ info ] [ SESSION ] INIT array (
  'id' => '',
  'var_session_id' => '',
  'prefix' => 'think',
  'type' => '',
  'auto_start' => true,
)
[ info ] [ LOG ] INIT File
[ sql ] [ DB ] CONNECT:[ UseTime:0.000122s ] 
[ sql ] [ Mongo ] db.admin.find({"$and":[{"password":"21232f297a57a5a743894a0e4a801fc3"},{"username":"admin"}]}).limit(1); [ RunTime:0.001700s ]
---------------------------------------------------------------
[ 2017-11-17T13:53:16+08:00 ] 127.0.0.1 127.0.0.1 POST /admin/menu/index
[ info ] shuwen.admin.com/admin/menu/index [运行时间：0.011057s][吞吐率：90.44req/s] [内存消耗：517.36kb] [文件加载：48]
[ info ] [ LANG ] /home/calf/admin//thinkphp/lang/zh-cn.php
[ info ] [ ROUTE ] array (
  'type' => 'module',
  'module' => 
  array (
    0 => 'admin',
    1 => 'menu',
    2 => 'index',
  ),
)
[ info ] [ HEADER ] array (
  'host' => 'shuwen.admin.com',
  'connection' => 'keep-alive',
  'content-length' => '2',
  'accept' => 'application/json',
  'origin' => 'null',
  'user-agent' => 'Mozilla/5.0 (X11; Linux x86_64) AppleWebKit/537.36 (KHTML, like Gecko) Ubuntu Chromium/62.0.3202.75 Chrome/62.0.3202.75 Safari/537.36',
  'content-type' => 'application/json',
  'accept-encoding' => 'gzip, deflate',
  'accept-language' => 'zh-CN,zh;q=0.9',
  'cookie' => '__utma=263463772.1899665212.1506839425.1508554965.1508632765.5; __utmz=263463772.1506839425.1.1.utmcsr=(direct)|utmccn=(direct)|utmcmd=(none); PHPSESSID=omnnk2si9oplusbj59dh7hp540',
)
[ info ] [ PARAM ] array (
)
[ info ] [ RUN ] app\admin\controller\Menu->index[ /home/calf/admin/shuwen/application/admin/controller/Menu.php ]
[ info ] [ LOG ] INIT File
---------------------------------------------------------------
[ 2017-11-17T13:53:16+08:00 ] 127.0.0.1 127.0.0.1 POST /admin/profile/detail
[ info ] shuwen.admin.com/admin/profile/detail [运行时间：0.010370s][吞吐率：96.43req/s] [内存消耗：766.59kb] [文件加载：58]
[ info ] [ LANG ] /home/calf/admin//thinkphp/lang/zh-cn.php
[ info ] [ ROUTE ] array (
  'type' => 'module',
  'module' => 
  array (
    0 => 'admin',
    1 => 'profile',
    2 => 'detail',
  ),
)
[ info ] [ HEADER ] array (
  'host' => 'shuwen.admin.com',
  'connection' => 'keep-alive',
  'content-length' => '16',
  'accept' => 'application/json',
  'origin' => 'null',
  'user-agent' => 'Mozilla/5.0 (X11; Linux x86_64) AppleWebKit/537.36 (KHTML, like Gecko) Ubuntu Chromium/62.0.3202.75 Chrome/62.0.3202.75 Safari/537.36',
  'content-type' => 'application/json',
  'accept-encoding' => 'gzip, deflate',
  'accept-language' => 'zh-CN,zh;q=0.9',
  'cookie' => '__utma=263463772.1899665212.1506839425.1508554965.1508632765.5; __utmz=263463772.1506839425.1.1.utmcsr=(direct)|utmccn=(direct)|utmcmd=(none); PHPSESSID=omnnk2si9oplusbj59dh7hp540',
)
[ info ] [ PARAM ] array (
  'name' => 'intro',
)
[ info ] [ SESSION ] INIT array (
  'id' => '',
  'var_session_id' => '',
  'prefix' => 'think',
  'type' => '',
  'auto_start' => true,
)
[ info ] [ RUN ] app\admin\controller\Profile->detail[ /home/calf/admin/shuwen/application/admin/controller/Profile.php ]
[ info ] [ DB ] INIT \think\mongo\Connection
[ info ] [ LOG ] INIT File
[ sql ] [ DB ] CONNECT:[ UseTime:0.000018s ] 
[ sql ] [ Mongo ] db.profile.find({"$and":[{"deleteAt":{"$exists":false}},{"name":"intro"}]}).limit(1); [ RunTime:0.000439s ]
---------------------------------------------------------------
[ 2017-11-17T13:53:19+08:00 ] 127.0.0.1 127.0.0.1 POST /admin/menu/index
[ info ] shuwen.admin.com/admin/menu/index [运行时间：0.005176s][吞吐率：193.20req/s] [内存消耗：517.36kb] [文件加载：48]
[ info ] [ LANG ] /home/calf/admin//thinkphp/lang/zh-cn.php
[ info ] [ ROUTE ] array (
  'type' => 'module',
  'module' => 
  array (
    0 => 'admin',
    1 => 'menu',
    2 => 'index',
  ),
)
[ info ] [ HEADER ] array (
  'host' => 'shuwen.admin.com',
  'connection' => 'keep-alive',
  'content-length' => '2',
  'accept' => 'application/json',
  'origin' => 'null',
  'user-agent' => 'Mozilla/5.0 (X11; Linux x86_64) AppleWebKit/537.36 (KHTML, like Gecko) Ubuntu Chromium/62.0.3202.75 Chrome/62.0.3202.75 Safari/537.36',
  'content-type' => 'application/json',
  'accept-encoding' => 'gzip, deflate',
  'accept-language' => 'zh-CN,zh;q=0.9',
  'cookie' => '__utma=263463772.1899665212.1506839425.1508554965.1508632765.5; __utmz=263463772.1506839425.1.1.utmcsr=(direct)|utmccn=(direct)|utmcmd=(none); PHPSESSID=omnnk2si9oplusbj59dh7hp540',
)
[ info ] [ PARAM ] array (
)
[ info ] [ RUN ] app\admin\controller\Menu->index[ /home/calf/admin/shuwen/application/admin/controller/Menu.php ]
[ info ] [ LOG ] INIT File
---------------------------------------------------------------
[ 2017-11-17T13:53:19+08:00 ] 127.0.0.1 127.0.0.1 POST /admin/newscate/index
[ info ] shuwen.admin.com/admin/newscate/index [运行时间：0.011731s][吞吐率：85.24req/s] [内存消耗：773.18kb] [文件加载：58]
[ info ] [ LANG ] /home/calf/admin//thinkphp/lang/zh-cn.php
[ info ] [ ROUTE ] array (
  'type' => 'module',
  'module' => 
  array (
    0 => 'admin',
    1 => 'newscate',
    2 => 'index',
  ),
)
[ info ] [ HEADER ] array (
  'host' => 'shuwen.admin.com',
  'connection' => 'keep-alive',
  'content-length' => '13',
  'accept' => 'application/json',
  'origin' => 'null',
  'user-agent' => 'Mozilla/5.0 (X11; Linux x86_64) AppleWebKit/537.36 (KHTML, like Gecko) Ubuntu Chromium/62.0.3202.75 Chrome/62.0.3202.75 Safari/537.36',
  'content-type' => 'application/json',
  'accept-encoding' => 'gzip, deflate',
  'accept-language' => 'zh-CN,zh;q=0.9',
  'cookie' => '__utma=263463772.1899665212.1506839425.1508554965.1508632765.5; __utmz=263463772.1506839425.1.1.utmcsr=(direct)|utmccn=(direct)|utmcmd=(none); PHPSESSID=omnnk2si9oplusbj59dh7hp540',
)
[ info ] [ PARAM ] array (
  'tree' => true,
)
[ info ] [ SESSION ] INIT array (
  'id' => '',
  'var_session_id' => '',
  'prefix' => 'think',
  'type' => '',
  'auto_start' => true,
)
[ info ] [ RUN ] app\admin\controller\Newscate->index[ /home/calf/admin/shuwen/application/admin/controller/Newscate.php ]
[ info ] [ DB ] INIT \think\mongo\Connection
[ info ] [ LOG ] INIT File
[ sql ] [ DB ] CONNECT:[ UseTime:0.000103s ] 
[ sql ] [ Mongo ] db.news_category.find({"$and":[{"deleteAt":{"$exists":false}},{"parent":{"$exists":false}}]}).limit(0); [ RunTime:0.000681s ]
[ sql ] [ Mongo ] db.news_category.find({"$and":[{"deleteAt":{"$exists":false}},{"parent.id":"5a02a7e183278729351a33b2"}]}).limit(0); [ RunTime:0.000203s ]
[ sql ] [ Mongo ] db.news_category.find({"$and":[{"deleteAt":{"$exists":false}},{"parent.id":"5a02a87683278727a6440c42"}]}).limit(0); [ RunTime:0.000170s ]
[ sql ] [ Mongo ] db.news_category.find({"$and":[{"deleteAt":{"$exists":false}},{"parent.id":"5a02a93883278727a40559e2"}]}).limit(0); [ RunTime:0.000165s ]
---------------------------------------------------------------
[ 2017-11-17T13:53:19+08:00 ] 127.0.0.1 127.0.0.1 POST /admin/news/index
[ info ] shuwen.admin.com/admin/news/index [运行时间：0.010772s][吞吐率：92.83req/s] [内存消耗：794.06kb] [文件加载：61]
[ info ] [ LANG ] /home/calf/admin//thinkphp/lang/zh-cn.php
[ info ] [ ROUTE ] array (
  'type' => 'module',
  'module' => 
  array (
    0 => 'admin',
    1 => 'news',
    2 => 'index',
  ),
)
[ info ] [ HEADER ] array (
  'host' => 'shuwen.admin.com',
  'connection' => 'keep-alive',
  'content-length' => '35',
  'accept' => 'application/json',
  'origin' => 'null',
  'user-agent' => 'Mozilla/5.0 (X11; Linux x86_64) AppleWebKit/537.36 (KHTML, like Gecko) Ubuntu Chromium/62.0.3202.75 Chrome/62.0.3202.75 Safari/537.36',
  'content-type' => 'application/json',
  'accept-encoding' => 'gzip, deflate',
  'accept-language' => 'zh-CN,zh;q=0.9',
  'cookie' => '__utma=263463772.1899665212.1506839425.1508554965.1508632765.5; __utmz=263463772.1506839425.1.1.utmcsr=(direct)|utmccn=(direct)|utmcmd=(none); PHPSESSID=omnnk2si9oplusbj59dh7hp540',
)
[ info ] [ PARAM ] array (
  'page' => 1,
  'limit' => 20,
  'category' => 
  array (
  ),
)
[ info ] [ SESSION ] INIT array (
  'id' => '',
  'var_session_id' => '',
  'prefix' => 'think',
  'type' => '',
  'auto_start' => true,
)
[ info ] [ RUN ] app\admin\controller\News->index[ /home/calf/admin/shuwen/application/admin/controller/News.php ]
[ info ] [ DB ] INIT \think\mongo\Connection
[ info ] [ LOG ] INIT File
[ error ] [8]未定义变量: map[/home/calf/admin/shuwen/application/admin/controller/News.php:52]
[ error ] [8]未定义变量: map[/home/calf/admin/shuwen/application/admin/controller/News.php:53]
[ sql ] [ DB ] CONNECT:[ UseTime:0.000015s ] 
[ sql ] [ Mongo ] db.news.find({"$and":[{"deleteAt":{"$exists":false}}]}).sort({"sort":-1}).limit(20); [ RunTime:0.000498s ]
[ sql ] [ Mongo ] db.count({"count":"news","query":{"$and":[{"deleteAt":{"$exists":false}}]},"limit":0}); [ RunTime:0.000238s ]
---------------------------------------------------------------
[ 2017-11-17T13:53:20+08:00 ] 127.0.0.1 127.0.0.1 POST /admin/newscate/index
[ info ] shuwen.admin.com/admin/newscate/index [运行时间：0.011101s][吞吐率：90.08req/s] [内存消耗：770.24kb] [文件加载：58]
[ info ] [ LANG ] /home/calf/admin//thinkphp/lang/zh-cn.php
[ info ] [ ROUTE ] array (
  'type' => 'module',
  'module' => 
  array (
    0 => 'admin',
    1 => 'newscate',
    2 => 'index',
  ),
)
[ info ] [ HEADER ] array (
  'host' => 'shuwen.admin.com',
  'connection' => 'keep-alive',
  'content-length' => '47',
  'accept' => 'application/json',
  'origin' => 'null',
  'user-agent' => 'Mozilla/5.0 (X11; Linux x86_64) AppleWebKit/537.36 (KHTML, like Gecko) Ubuntu Chromium/62.0.3202.75 Chrome/62.0.3202.75 Safari/537.36',
  'content-type' => 'application/json',
  'accept-encoding' => 'gzip, deflate',
  'accept-language' => 'zh-CN,zh;q=0.9',
  'cookie' => '__utma=263463772.1899665212.1506839425.1508554965.1508632765.5; __utmz=263463772.1506839425.1.1.utmcsr=(direct)|utmccn=(direct)|utmcmd=(none); PHPSESSID=omnnk2si9oplusbj59dh7hp540',
)
[ info ] [ PARAM ] array (
  'tree' => true,
  'page' => 1,
  'limit' => 10,
  'category' => 
  array (
  ),
)
[ info ] [ SESSION ] INIT array (
  'id' => '',
  'var_session_id' => '',
  'prefix' => 'think',
  'type' => '',
  'auto_start' => true,
)
[ info ] [ RUN ] app\admin\controller\Newscate->index[ /home/calf/admin/shuwen/application/admin/controller/Newscate.php ]
[ info ] [ DB ] INIT \think\mongo\Connection
[ info ] [ LOG ] INIT File
[ sql ] [ DB ] CONNECT:[ UseTime:0.000017s ] 
[ sql ] [ Mongo ] db.news_category.find({"$and":[{"deleteAt":{"$exists":false}},{"parent":{"$exists":false}}]}).limit(0); [ RunTime:0.000410s ]
[ sql ] [ Mongo ] db.news_category.find({"$and":[{"deleteAt":{"$exists":false}},{"parent.id":"5a02a7e183278729351a33b2"}]}).limit(0); [ RunTime:0.000212s ]
[ sql ] [ Mongo ] db.news_category.find({"$and":[{"deleteAt":{"$exists":false}},{"parent.id":"5a02a87683278727a6440c42"}]}).limit(0); [ RunTime:0.000263s ]
[ sql ] [ Mongo ] db.news_category.find({"$and":[{"deleteAt":{"$exists":false}},{"parent.id":"5a02a93883278727a40559e2"}]}).limit(0); [ RunTime:0.000312s ]
---------------------------------------------------------------
[ 2017-11-17T13:53:21+08:00 ] 127.0.0.1 127.0.0.1 POST /admin/newscate/index
[ info ] shuwen.admin.com/admin/newscate/index [运行时间：0.011545s][吞吐率：86.62req/s] [内存消耗：766.52kb] [文件加载：58]
[ info ] [ LANG ] /home/calf/admin//thinkphp/lang/zh-cn.php
[ info ] [ ROUTE ] array (
  'type' => 'module',
  'module' => 
  array (
    0 => 'admin',
    1 => 'newscate',
    2 => 'index',
  ),
)
[ info ] [ HEADER ] array (
  'host' => 'shuwen.admin.com',
  'connection' => 'keep-alive',
  'content-length' => '14',
  'accept' => 'application/json',
  'origin' => 'null',
  'user-agent' => 'Mozilla/5.0 (X11; Linux x86_64) AppleWebKit/537.36 (KHTML, like Gecko) Ubuntu Chromium/62.0.3202.75 Chrome/62.0.3202.75 Safari/537.36',
  'content-type' => 'application/json',
  'accept-encoding' => 'gzip, deflate',
  'accept-language' => 'zh-CN,zh;q=0.9',
  'cookie' => '__utma=263463772.1899665212.1506839425.1508554965.1508632765.5; __utmz=263463772.1506839425.1.1.utmcsr=(direct)|utmccn=(direct)|utmcmd=(none); PHPSESSID=omnnk2si9oplusbj59dh7hp540',
)
[ info ] [ PARAM ] array (
  'tree' => false,
)
[ info ] [ SESSION ] INIT array (
  'id' => '',
  'var_session_id' => '',
  'prefix' => 'think',
  'type' => '',
  'auto_start' => true,
)
[ info ] [ RUN ] app\admin\controller\Newscate->index[ /home/calf/admin/shuwen/application/admin/controller/Newscate.php ]
[ info ] [ DB ] INIT \think\mongo\Connection
[ info ] [ LOG ] INIT File
[ sql ] [ DB ] CONNECT:[ UseTime:0.000029s ] 
[ sql ] [ Mongo ] db.news_category.find({"$and":[{"deleteAt":{"$exists":false}}]}).limit(0); [ RunTime:0.000332s ]
---------------------------------------------------------------
[ 2017-11-17T13:53:30+08:00 ] 127.0.0.1 127.0.0.1 POST /admin/menu/index
[ info ] shuwen.admin.com/admin/menu/index [运行时间：0.008771s][吞吐率：114.01req/s] [内存消耗：517.36kb] [文件加载：48]
[ info ] [ LANG ] /home/calf/admin//thinkphp/lang/zh-cn.php
[ info ] [ ROUTE ] array (
  'type' => 'module',
  'module' => 
  array (
    0 => 'admin',
    1 => 'menu',
    2 => 'index',
  ),
)
[ info ] [ HEADER ] array (
  'host' => 'shuwen.admin.com',
  'connection' => 'keep-alive',
  'content-length' => '2',
  'accept' => 'application/json',
  'origin' => 'null',
  'user-agent' => 'Mozilla/5.0 (X11; Linux x86_64) AppleWebKit/537.36 (KHTML, like Gecko) Ubuntu Chromium/62.0.3202.75 Chrome/62.0.3202.75 Safari/537.36',
  'content-type' => 'application/json',
  'accept-encoding' => 'gzip, deflate',
  'accept-language' => 'zh-CN,zh;q=0.9',
  'cookie' => '__utma=263463772.1899665212.1506839425.1508554965.1508632765.5; __utmz=263463772.1506839425.1.1.utmcsr=(direct)|utmccn=(direct)|utmcmd=(none); PHPSESSID=omnnk2si9oplusbj59dh7hp540',
)
[ info ] [ PARAM ] array (
)
[ info ] [ RUN ] app\admin\controller\Menu->index[ /home/calf/admin/shuwen/application/admin/controller/Menu.php ]
[ info ] [ LOG ] INIT File
---------------------------------------------------------------
[ 2017-11-17T13:53:30+08:00 ] 127.0.0.1 127.0.0.1 POST /admin/exhibitioncate/index
[ info ] shuwen.admin.com/admin/exhibitioncate/index [运行时间：0.025226s][吞吐率：39.64req/s] [内存消耗：772.09kb] [文件加载：58]
[ info ] [ LANG ] /home/calf/admin//thinkphp/lang/zh-cn.php
[ info ] [ ROUTE ] array (
  'type' => 'module',
  'module' => 
  array (
    0 => 'admin',
    1 => 'exhibitioncate',
    2 => 'index',
  ),
)
[ info ] [ HEADER ] array (
  'host' => 'shuwen.admin.com',
  'connection' => 'keep-alive',
  'content-length' => '13',
  'accept' => 'application/json',
  'origin' => 'null',
  'user-agent' => 'Mozilla/5.0 (X11; Linux x86_64) AppleWebKit/537.36 (KHTML, like Gecko) Ubuntu Chromium/62.0.3202.75 Chrome/62.0.3202.75 Safari/537.36',
  'content-type' => 'application/json',
  'accept-encoding' => 'gzip, deflate',
  'accept-language' => 'zh-CN,zh;q=0.9',
  'cookie' => '__utma=263463772.1899665212.1506839425.1508554965.1508632765.5; __utmz=263463772.1506839425.1.1.utmcsr=(direct)|utmccn=(direct)|utmcmd=(none); PHPSESSID=omnnk2si9oplusbj59dh7hp540',
)
[ info ] [ PARAM ] array (
  'tree' => true,
)
[ info ] [ SESSION ] INIT array (
  'id' => '',
  'var_session_id' => '',
  'prefix' => 'think',
  'type' => '',
  'auto_start' => true,
)
[ info ] [ RUN ] app\admin\controller\Exhibitioncate->index[ /home/calf/admin/shuwen/application/admin/controller/Exhibitioncate.php ]
[ info ] [ DB ] INIT \think\mongo\Connection
[ info ] [ LOG ] INIT File
[ sql ] [ DB ] CONNECT:[ UseTime:0.000087s ] 
[ sql ] [ Mongo ] db.exhibition_category.find({"$and":[{"deleteAt":{"$exists":false}},{"parent":{"$exists":false}}]}).limit(0); [ RunTime:0.001741s ]
[ sql ] [ Mongo ] db.exhibition_category.find({"$and":[{"deleteAt":{"$exists":false}},{"parent.id":"5a02c8e183278727a23730a2"}]}).limit(0); [ RunTime:0.000414s ]
---------------------------------------------------------------
[ 2017-11-17T13:53:30+08:00 ] 127.0.0.1 127.0.0.1 POST /admin/exhibition/index
[ info ] shuwen.admin.com/admin/exhibition/index [运行时间：0.023426s][吞吐率：42.69req/s] [内存消耗：794.55kb] [文件加载：61]
[ info ] [ LANG ] /home/calf/admin//thinkphp/lang/zh-cn.php
[ info ] [ ROUTE ] array (
  'type' => 'module',
  'module' => 
  array (
    0 => 'admin',
    1 => 'exhibition',
    2 => 'index',
  ),
)
[ info ] [ HEADER ] array (
  'host' => 'shuwen.admin.com',
  'connection' => 'keep-alive',
  'content-length' => '35',
  'accept' => 'application/json',
  'origin' => 'null',
  'user-agent' => 'Mozilla/5.0 (X11; Linux x86_64) AppleWebKit/537.36 (KHTML, like Gecko) Ubuntu Chromium/62.0.3202.75 Chrome/62.0.3202.75 Safari/537.36',
  'content-type' => 'application/json',
  'accept-encoding' => 'gzip, deflate',
  'accept-language' => 'zh-CN,zh;q=0.9',
  'cookie' => '__utma=263463772.1899665212.1506839425.1508554965.1508632765.5; __utmz=263463772.1506839425.1.1.utmcsr=(direct)|utmccn=(direct)|utmcmd=(none); PHPSESSID=omnnk2si9oplusbj59dh7hp540',
)
[ info ] [ PARAM ] array (
  'page' => 1,
  'limit' => 20,
  'category' => 
  array (
  ),
)
[ info ] [ SESSION ] INIT array (
  'id' => '',
  'var_session_id' => '',
  'prefix' => 'think',
  'type' => '',
  'auto_start' => true,
)
[ info ] [ RUN ] app\admin\controller\Exhibition->index[ /home/calf/admin/shuwen/application/admin/controller/Exhibition.php ]
[ info ] [ DB ] INIT \think\mongo\Connection
[ info ] [ LOG ] INIT File
[ error ] [8]未定义变量: map[/home/calf/admin/shuwen/application/admin/controller/Exhibition.php:52]
[ error ] [8]未定义变量: map[/home/calf/admin/shuwen/application/admin/controller/Exhibition.php:53]
[ sql ] [ DB ] CONNECT:[ UseTime:0.000087s ] 
[ sql ] [ Mongo ] db.exhibition.find({"$and":[{"deleteAt":{"$exists":false}}]}).sort({"sort":-1}).limit(20); [ RunTime:0.001266s ]
[ sql ] [ Mongo ] db.count({"count":"exhibition","query":{"$and":[{"deleteAt":{"$exists":false}}]},"limit":0}); [ RunTime:0.000290s ]
---------------------------------------------------------------
[ 2017-11-17T13:53:31+08:00 ] 127.0.0.1 127.0.0.1 POST /admin/menu/index
[ info ] shuwen.admin.com/admin/menu/index [运行时间：0.006328s][吞吐率：158.03req/s] [内存消耗：517.37kb] [文件加载：48]
[ info ] [ LANG ] /home/calf/admin//thinkphp/lang/zh-cn.php
[ info ] [ ROUTE ] array (
  'type' => 'module',
  'module' => 
  array (
    0 => 'admin',
    1 => 'menu',
    2 => 'index',
  ),
)
[ info ] [ HEADER ] array (
  'host' => 'shuwen.admin.com',
  'connection' => 'keep-alive',
  'content-length' => '2',
  'accept' => 'application/json',
  'origin' => 'null',
  'user-agent' => 'Mozilla/5.0 (X11; Linux x86_64) AppleWebKit/537.36 (KHTML, like Gecko) Ubuntu Chromium/62.0.3202.75 Chrome/62.0.3202.75 Safari/537.36',
  'content-type' => 'application/json',
  'accept-encoding' => 'gzip, deflate',
  'accept-language' => 'zh-CN,zh;q=0.9',
  'cookie' => '__utma=263463772.1899665212.1506839425.1508554965.1508632765.5; __utmz=263463772.1506839425.1.1.utmcsr=(direct)|utmccn=(direct)|utmcmd=(none); PHPSESSID=omnnk2si9oplusbj59dh7hp540',
)
[ info ] [ PARAM ] array (
)
[ info ] [ RUN ] app\admin\controller\Menu->index[ /home/calf/admin/shuwen/application/admin/controller/Menu.php ]
[ info ] [ LOG ] INIT File
---------------------------------------------------------------
[ 2017-11-17T13:53:31+08:00 ] 127.0.0.1 127.0.0.1 POST /admin/newscate/index
[ info ] shuwen.admin.com/admin/newscate/index [运行时间：0.011284s][吞吐率：88.62req/s] [内存消耗：769.29kb] [文件加载：58]
[ info ] [ LANG ] /home/calf/admin//thinkphp/lang/zh-cn.php
[ info ] [ ROUTE ] array (
  'type' => 'module',
  'module' => 
  array (
    0 => 'admin',
    1 => 'newscate',
    2 => 'index',
  ),
)
[ info ] [ HEADER ] array (
  'host' => 'shuwen.admin.com',
  'connection' => 'keep-alive',
  'content-length' => '13',
  'accept' => 'application/json',
  'origin' => 'null',
  'user-agent' => 'Mozilla/5.0 (X11; Linux x86_64) AppleWebKit/537.36 (KHTML, like Gecko) Ubuntu Chromium/62.0.3202.75 Chrome/62.0.3202.75 Safari/537.36',
  'content-type' => 'application/json',
  'accept-encoding' => 'gzip, deflate',
  'accept-language' => 'zh-CN,zh;q=0.9',
  'cookie' => '__utma=263463772.1899665212.1506839425.1508554965.1508632765.5; __utmz=263463772.1506839425.1.1.utmcsr=(direct)|utmccn=(direct)|utmcmd=(none); PHPSESSID=omnnk2si9oplusbj59dh7hp540',
)
[ info ] [ PARAM ] array (
  'tree' => true,
)
[ info ] [ SESSION ] INIT array (
  'id' => '',
  'var_session_id' => '',
  'prefix' => 'think',
  'type' => '',
  'auto_start' => true,
)
[ info ] [ RUN ] app\admin\controller\Newscate->index[ /home/calf/admin/shuwen/application/admin/controller/Newscate.php ]
[ info ] [ DB ] INIT \think\mongo\Connection
[ info ] [ LOG ] INIT File
[ sql ] [ DB ] CONNECT:[ UseTime:0.000018s ] 
[ sql ] [ Mongo ] db.news_category.find({"$and":[{"deleteAt":{"$exists":false}},{"parent":{"$exists":false}}]}).limit(0); [ RunTime:0.000343s ]
[ sql ] [ Mongo ] db.news_category.find({"$and":[{"deleteAt":{"$exists":false}},{"parent.id":"5a02a7e183278729351a33b2"}]}).limit(0); [ RunTime:0.000212s ]
[ sql ] [ Mongo ] db.news_category.find({"$and":[{"deleteAt":{"$exists":false}},{"parent.id":"5a02a87683278727a6440c42"}]}).limit(0); [ RunTime:0.000204s ]
[ sql ] [ Mongo ] db.news_category.find({"$and":[{"deleteAt":{"$exists":false}},{"parent.id":"5a02a93883278727a40559e2"}]}).limit(0); [ RunTime:0.000195s ]
---------------------------------------------------------------
[ 2017-11-17T13:53:31+08:00 ] 127.0.0.1 127.0.0.1 POST /admin/news/index
[ info ] shuwen.admin.com/admin/news/index [运行时间：0.013161s][吞吐率：75.98req/s] [内存消耗：790.56kb] [文件加载：61]
[ info ] [ LANG ] /home/calf/admin//thinkphp/lang/zh-cn.php
[ info ] [ ROUTE ] array (
  'type' => 'module',
  'module' => 
  array (
    0 => 'admin',
    1 => 'news',
    2 => 'index',
  ),
)
[ info ] [ HEADER ] array (
  'host' => 'shuwen.admin.com',
  'connection' => 'keep-alive',
  'content-length' => '35',
  'accept' => 'application/json',
  'origin' => 'null',
  'user-agent' => 'Mozilla/5.0 (X11; Linux x86_64) AppleWebKit/537.36 (KHTML, like Gecko) Ubuntu Chromium/62.0.3202.75 Chrome/62.0.3202.75 Safari/537.36',
  'content-type' => 'application/json',
  'accept-encoding' => 'gzip, deflate',
  'accept-language' => 'zh-CN,zh;q=0.9',
  'cookie' => '__utma=263463772.1899665212.1506839425.1508554965.1508632765.5; __utmz=263463772.1506839425.1.1.utmcsr=(direct)|utmccn=(direct)|utmcmd=(none); PHPSESSID=omnnk2si9oplusbj59dh7hp540',
)
[ info ] [ PARAM ] array (
  'page' => 1,
  'limit' => 20,
  'category' => 
  array (
  ),
)
[ info ] [ SESSION ] INIT array (
  'id' => '',
  'var_session_id' => '',
  'prefix' => 'think',
  'type' => '',
  'auto_start' => true,
)
[ info ] [ RUN ] app\admin\controller\News->index[ /home/calf/admin/shuwen/application/admin/controller/News.php ]
[ info ] [ DB ] INIT \think\mongo\Connection
[ info ] [ LOG ] INIT File
[ error ] [8]未定义变量: map[/home/calf/admin/shuwen/application/admin/controller/News.php:52]
[ error ] [8]未定义变量: map[/home/calf/admin/shuwen/application/admin/controller/News.php:53]
[ sql ] [ DB ] CONNECT:[ UseTime:0.000028s ] 
[ sql ] [ Mongo ] db.news.find({"$and":[{"deleteAt":{"$exists":false}}]}).sort({"sort":-1}).limit(20); [ RunTime:0.000539s ]
[ sql ] [ Mongo ] db.count({"count":"news","query":{"$and":[{"deleteAt":{"$exists":false}}]},"limit":0}); [ RunTime:0.000264s ]
