---------------------------------------------------------------
[ 2017-11-22T16:39:12+08:00 ] 192.168.10.110 121.32.183.182 GET /
[ info ] shuwen.c.3lengjing.com:18800/ [运行时间：0.024662s][吞吐率：40.55req/s] [内存消耗：759.09kb] [文件加载：56]
[ info ] [ LANG ] /home/calf/admin//thinkphp/lang/zh-cn.php
[ info ] [ ROUTE ] array (
  'type' => 'module',
  'module' => 
  array (
    0 => 'index',
    1 => 'index',
    2 => 'index',
  ),
  'convert' => false,
)
[ info ] [ HEADER ] array (
  'host' => 'shuwen.c.3lengjing.com:18800',
  'connection' => 'keep-alive',
  'upgrade-insecure-requests' => '1',
  'user-agent' => 'Mozilla/5.0 (Windows NT 6.1; Win64; x64) AppleWebKit/537.36 (KHTML, like Gecko) Chrome/58.0.3029.110 Safari/537.36',
  'accept' => 'text/html,application/xhtml+xml,application/xml;q=0.9,image/webp,*/*;q=0.8',
  'accept-encoding' => 'gzip, deflate, sdch',
  'accept-language' => 'zh-CN,zh;q=0.8',
)
[ info ] [ PARAM ] array (
)
[ info ] [ RUN ] app\index\controller\Index->index[ /home/calf/admin/shuwen/application/index/controller/Index.php ]
[ info ] [ DB ] INIT \think\mongo\Connection
[ info ] [ VIEW ] /home/calf/admin/shuwen/application/index/view/index/index.html [ array (
  0 => 'information',
  1 => 'contact',
  2 => 'notics',
) ]
[ info ] [ LOG ] INIT File
[ sql ] [ DB ] CONNECT:[ UseTime:0.000096s ] 
[ sql ] [ Mongo ] db.profile.find({"$and":[{"deleteAt":{"$exists":false}},{"name":"information"}]}).limit(1); [ RunTime:0.001558s ]
[ sql ] [ Mongo ] db.profile.find({"$and":[{"deleteAt":{"$exists":false}},{"name":"contact"}]}).limit(1); [ RunTime:0.000216s ]
[ sql ] [ Mongo ] db.news.find({"$and":[{"deleteAt":{"$exists":false}},{"category.name":"announcement"}]}).limit(8); [ RunTime:0.000771s ]
---------------------------------------------------------------
[ 2017-11-22T16:45:28+08:00 ] 192.168.10.110 121.32.183.182 GET /news
[ info ] shuwen.c.3lengjing.com:18800/news [运行时间：0.016043s][吞吐率：62.33req/s] [内存消耗：510.02kb] [文件加载：47]
[ info ] [ LANG ] /home/calf/admin//thinkphp/lang/zh-cn.php
[ info ] [ ROUTE ] array (
  'type' => 'module',
  'module' => 
  array (
    0 => 'index',
    1 => 'news',
    2 => 'index',
  ),
  'convert' => false,
)
[ info ] [ HEADER ] array (
  'host' => 'shuwen.c.3lengjing.com:18800',
  'connection' => 'keep-alive',
  'upgrade-insecure-requests' => '1',
  'user-agent' => 'Mozilla/5.0 (Windows NT 6.1; Win64; x64) AppleWebKit/537.36 (KHTML, like Gecko) Chrome/58.0.3029.110 Safari/537.36',
  'accept' => 'text/html,application/xhtml+xml,application/xml;q=0.9,image/webp,*/*;q=0.8',
  'referer' => 'http://shuwen.c.3lengjing.com:18800/',
  'accept-encoding' => 'gzip, deflate, sdch',
  'accept-language' => 'zh-CN,zh;q=0.8',
)
[ info ] [ PARAM ] array (
)
[ info ] [ RUN ] app\index\controller\News->index[ /home/calf/admin/shuwen/application/index/controller/News.php ]
[ info ] [ VIEW ] /home/calf/admin/shuwen/application/index/view/news/index.html [ array (
) ]
[ info ] [ LOG ] INIT File
---------------------------------------------------------------
[ 2017-11-22T16:45:34+08:00 ] 192.168.10.110 121.32.183.182 POST /news
[ info ] shuwen.c.3lengjing.com:18800/news [运行时间：0.007641s][吞吐率：130.87req/s] [内存消耗：701.88kb] [文件加载：55]
[ info ] [ LANG ] /home/calf/admin//thinkphp/lang/zh-cn.php
[ info ] [ ROUTE ] array (
  'type' => 'module',
  'module' => 
  array (
    0 => 'index',
    1 => 'news',
    2 => 'index',
  ),
  'convert' => false,
)
[ info ] [ HEADER ] array (
  'host' => 'shuwen.c.3lengjing.com:18800',
  'connection' => 'keep-alive',
  'content-length' => '46',
  'accept' => 'application/json',
  'origin' => 'http://shuwen.c.3lengjing.com:18800',
  'user-agent' => 'Mozilla/5.0 (Windows NT 6.1; Win64; x64) AppleWebKit/537.36 (KHTML, like Gecko) Chrome/58.0.3029.110 Safari/537.36',
  'content-type' => 'application/json',
  'referer' => 'http://shuwen.c.3lengjing.com:18800/news',
  'accept-encoding' => 'gzip, deflate',
  'accept-language' => 'zh-CN,zh;q=0.8',
)
[ info ] [ PARAM ] array (
  'page' => 1,
  'limit' => 8,
  'category' => 'announcement',
)
[ info ] [ RUN ] app\index\controller\News->index[ /home/calf/admin/shuwen/application/index/controller/News.php ]
[ info ] [ DB ] INIT \think\mongo\Connection
[ info ] [ LOG ] INIT File
[ sql ] [ DB ] CONNECT:[ UseTime:0.000079s ] 
[ sql ] [ Mongo ] db.news.find({"$and":[{"deleteAt":{"$exists":false}},{"category.name":"announcement"}]}).limit(8); [ RunTime:0.000729s ]
[ sql ] [ Mongo ] db.count({"count":"news","query":{"$and":[{"deleteAt":{"$exists":false}},{"category.name":"announcement"}]},"limit":0}); [ RunTime:0.000201s ]
---------------------------------------------------------------
[ 2017-11-22T16:45:34+08:00 ] 192.168.10.110 121.32.183.182 POST /news
[ info ] shuwen.c.3lengjing.com:18800/news [运行时间：0.006856s][吞吐率：145.86req/s] [内存消耗：701.81kb] [文件加载：55]
[ info ] [ LANG ] /home/calf/admin//thinkphp/lang/zh-cn.php
[ info ] [ ROUTE ] array (
  'type' => 'module',
  'module' => 
  array (
    0 => 'index',
    1 => 'news',
    2 => 'index',
  ),
  'convert' => false,
)
[ info ] [ HEADER ] array (
  'host' => 'shuwen.c.3lengjing.com:18800',
  'connection' => 'keep-alive',
  'content-length' => '42',
  'accept' => 'application/json',
  'origin' => 'http://shuwen.c.3lengjing.com:18800',
  'user-agent' => 'Mozilla/5.0 (Windows NT 6.1; Win64; x64) AppleWebKit/537.36 (KHTML, like Gecko) Chrome/58.0.3029.110 Safari/537.36',
  'content-type' => 'application/json',
  'referer' => 'http://shuwen.c.3lengjing.com:18800/news',
  'accept-encoding' => 'gzip, deflate',
  'accept-language' => 'zh-CN,zh;q=0.8',
)
[ info ] [ PARAM ] array (
  'page' => 1,
  'limit' => 8,
  'category' => 'industry',
)
[ info ] [ RUN ] app\index\controller\News->index[ /home/calf/admin/shuwen/application/index/controller/News.php ]
[ info ] [ DB ] INIT \think\mongo\Connection
[ info ] [ LOG ] INIT File
[ sql ] [ DB ] CONNECT:[ UseTime:0.000051s ] 
[ sql ] [ Mongo ] db.news.find({"$and":[{"deleteAt":{"$exists":false}},{"category.name":"industry"}]}).limit(8); [ RunTime:0.000673s ]
[ sql ] [ Mongo ] db.count({"count":"news","query":{"$and":[{"deleteAt":{"$exists":false}},{"category.name":"industry"}]},"limit":0}); [ RunTime:0.000204s ]
---------------------------------------------------------------
[ 2017-11-22T16:45:34+08:00 ] 192.168.10.110 121.32.183.182 POST /news
[ info ] shuwen.c.3lengjing.com:18800/news [运行时间：0.006879s][吞吐率：145.37req/s] [内存消耗：701.77kb] [文件加载：55]
[ info ] [ LANG ] /home/calf/admin//thinkphp/lang/zh-cn.php
[ info ] [ ROUTE ] array (
  'type' => 'module',
  'module' => 
  array (
    0 => 'index',
    1 => 'news',
    2 => 'index',
  ),
  'convert' => false,
)
[ info ] [ HEADER ] array (
  'host' => 'shuwen.c.3lengjing.com:18800',
  'connection' => 'keep-alive',
  'content-length' => '38',
  'accept' => 'application/json',
  'origin' => 'http://shuwen.c.3lengjing.com:18800',
  'user-agent' => 'Mozilla/5.0 (Windows NT 6.1; Win64; x64) AppleWebKit/537.36 (KHTML, like Gecko) Chrome/58.0.3029.110 Safari/537.36',
  'content-type' => 'application/json',
  'referer' => 'http://shuwen.c.3lengjing.com:18800/news',
  'accept-encoding' => 'gzip, deflate',
  'accept-language' => 'zh-CN,zh;q=0.8',
)
[ info ] [ PARAM ] array (
  'page' => 1,
  'limit' => 8,
  'category' => 'news',
)
[ info ] [ RUN ] app\index\controller\News->index[ /home/calf/admin/shuwen/application/index/controller/News.php ]
[ info ] [ DB ] INIT \think\mongo\Connection
[ info ] [ LOG ] INIT File
[ sql ] [ DB ] CONNECT:[ UseTime:0.000077s ] 
[ sql ] [ Mongo ] db.news.find({"$and":[{"deleteAt":{"$exists":false}},{"category.name":"news"}]}).limit(8); [ RunTime:0.000491s ]
[ sql ] [ Mongo ] db.count({"count":"news","query":{"$and":[{"deleteAt":{"$exists":false}},{"category.name":"news"}]},"limit":0}); [ RunTime:0.000174s ]
---------------------------------------------------------------
[ 2017-11-22T16:45:41+08:00 ] 127.0.0.1 127.0.0.1 GET /
[ info ] shuwen.admin.com/ [运行时间：0.014188s][吞吐率：70.48req/s] [内存消耗：755.19kb] [文件加载：56]
[ info ] [ LANG ] /home/calf/admin//thinkphp/lang/zh-cn.php
[ info ] [ ROUTE ] array (
  'type' => 'module',
  'module' => 
  array (
    0 => 'index',
    1 => 'index',
    2 => 'index',
  ),
  'convert' => false,
)
[ info ] [ HEADER ] array (
  'host' => 'shuwen.admin.com',
  'connection' => 'keep-alive',
  'upgrade-insecure-requests' => '1',
  'user-agent' => 'Mozilla/5.0 (X11; Linux x86_64) AppleWebKit/537.36 (KHTML, like Gecko) Ubuntu Chromium/62.0.3202.89 Chrome/62.0.3202.89 Safari/537.36',
  'accept' => 'text/html,application/xhtml+xml,application/xml;q=0.9,image/webp,image/apng,*/*;q=0.8',
  'accept-encoding' => 'gzip, deflate',
  'accept-language' => 'zh-CN,zh;q=0.9',
  'cookie' => '__utma=263463772.1899665212.1506839425.1508554965.1508632765.5; __utmz=263463772.1506839425.1.1.utmcsr=(direct)|utmccn=(direct)|utmcmd=(none)',
)
[ info ] [ PARAM ] array (
)
[ info ] [ RUN ] app\index\controller\Index->index[ /home/calf/admin/shuwen/application/index/controller/Index.php ]
[ info ] [ DB ] INIT \think\mongo\Connection
[ info ] [ VIEW ] /home/calf/admin/shuwen/application/index/view/index/index.html [ array (
  0 => 'information',
  1 => 'contact',
  2 => 'notics',
) ]
[ info ] [ LOG ] INIT File
[ sql ] [ DB ] CONNECT:[ UseTime:0.000124s ] 
[ sql ] [ Mongo ] db.profile.find({"$and":[{"deleteAt":{"$exists":false}},{"name":"information"}]}).limit(1); [ RunTime:0.000916s ]
[ sql ] [ Mongo ] db.profile.find({"$and":[{"deleteAt":{"$exists":false}},{"name":"contact"}]}).limit(1); [ RunTime:0.000357s ]
[ sql ] [ Mongo ] db.news.find({"$and":[{"deleteAt":{"$exists":false}},{"category.name":"announcement"}]}).limit(8); [ RunTime:0.000367s ]
---------------------------------------------------------------
[ 2017-11-22T16:47:47+08:00 ] 127.0.0.1 127.0.0.1 GET /profile
[ info ] shuwen.admin.com/profile [运行时间：0.011989s][吞吐率：83.41req/s] [内存消耗：729.19kb] [文件加载：55]
[ info ] [ LANG ] /home/calf/admin//thinkphp/lang/zh-cn.php
[ info ] [ ROUTE ] array (
  'type' => 'module',
  'module' => 
  array (
    0 => 'index',
    1 => 'profile',
    2 => 'index',
  ),
  'convert' => false,
)
[ info ] [ HEADER ] array (
  'host' => 'shuwen.admin.com',
  'connection' => 'keep-alive',
  'upgrade-insecure-requests' => '1',
  'user-agent' => 'Mozilla/5.0 (X11; Linux x86_64) AppleWebKit/537.36 (KHTML, like Gecko) Ubuntu Chromium/62.0.3202.89 Chrome/62.0.3202.89 Safari/537.36',
  'accept' => 'text/html,application/xhtml+xml,application/xml;q=0.9,image/webp,image/apng,*/*;q=0.8',
  'referer' => 'http://shuwen.admin.com/',
  'accept-encoding' => 'gzip, deflate',
  'accept-language' => 'zh-CN,zh;q=0.9',
  'cookie' => '__utma=263463772.1899665212.1506839425.1508554965.1508632765.5; __utmz=263463772.1506839425.1.1.utmcsr=(direct)|utmccn=(direct)|utmcmd=(none)',
)
[ info ] [ PARAM ] array (
)
[ info ] [ RUN ] app\index\controller\Profile->index[ /home/calf/admin/shuwen/application/index/controller/Profile.php ]
[ info ] [ DB ] INIT \think\mongo\Connection
[ info ] [ VIEW ] /home/calf/admin/shuwen/application/index/view/profile/index.html [ array (
  0 => 'intro',
  1 => 'organization',
  2 => 'information',
  3 => 'contact',
  4 => 'events',
  5 => 'question',
) ]
[ info ] [ LOG ] INIT File
[ sql ] [ DB ] CONNECT:[ UseTime:0.000016s ] 
[ sql ] [ Mongo ] db.profile.find({"$and":[{"deleteAt":{"$exists":false}},{"name":"intro"}]}).limit(1); [ RunTime:0.000426s ]
[ sql ] [ Mongo ] db.profile.find({"$and":[{"deleteAt":{"$exists":false}},{"name":"organization"}]}).limit(1); [ RunTime:0.000215s ]
[ sql ] [ Mongo ] db.profile.find({"$and":[{"deleteAt":{"$exists":false}},{"name":"information"}]}).limit(1); [ RunTime:0.000176s ]
[ sql ] [ Mongo ] db.profile.find({"$and":[{"deleteAt":{"$exists":false}},{"name":"contact"}]}).limit(1); [ RunTime:0.000148s ]
[ sql ] [ Mongo ] db.profile.find({"$and":[{"deleteAt":{"$exists":false}},{"name":"events"}]}).sort({"year":-1}).limit(0); [ RunTime:0.000204s ]
[ sql ] [ Mongo ] db.profile.find({"$and":[{"deleteAt":{"$exists":false}},{"name":"question"}]}).limit(1); [ RunTime:0.000148s ]
---------------------------------------------------------------
[ 2017-11-22T16:47:48+08:00 ] 127.0.0.1 127.0.0.1 POST /profile/events
[ info ] shuwen.admin.com/profile/events [运行时间：0.004935s][吞吐率：202.63req/s] [内存消耗：700.78kb] [文件加载：55]
[ info ] [ LANG ] /home/calf/admin//thinkphp/lang/zh-cn.php
[ info ] [ ROUTE ] array (
  'type' => 'module',
  'module' => 
  array (
    0 => 'index',
    1 => 'profile',
    2 => 'events',
  ),
  'convert' => false,
)
[ info ] [ HEADER ] array (
  'host' => 'shuwen.admin.com',
  'connection' => 'keep-alive',
  'content-length' => '2',
  'accept' => 'application/json',
  'origin' => 'http://shuwen.admin.com',
  'user-agent' => 'Mozilla/5.0 (X11; Linux x86_64) AppleWebKit/537.36 (KHTML, like Gecko) Ubuntu Chromium/62.0.3202.89 Chrome/62.0.3202.89 Safari/537.36',
  'content-type' => 'application/json',
  'referer' => 'http://shuwen.admin.com/profile',
  'accept-encoding' => 'gzip, deflate',
  'accept-language' => 'zh-CN,zh;q=0.9',
  'cookie' => '__utma=263463772.1899665212.1506839425.1508554965.1508632765.5; __utmz=263463772.1506839425.1.1.utmcsr=(direct)|utmccn=(direct)|utmcmd=(none)',
)
[ info ] [ PARAM ] array (
)
[ info ] [ RUN ] app\index\controller\Profile->events[ /home/calf/admin/shuwen/application/index/controller/Profile.php ]
[ info ] [ DB ] INIT \think\mongo\Connection
[ info ] [ LOG ] INIT File
[ sql ] [ DB ] CONNECT:[ UseTime:0.000012s ] 
[ sql ] [ Mongo ] db.profile.find({"$and":[{"deleteAt":{"$exists":false}},{"name":"events"}]}).sort({"year":-1}).limit(0); [ RunTime:0.000390s ]
---------------------------------------------------------------
[ 2017-11-22T16:50:16+08:00 ] 127.0.0.1 127.0.0.1 GET /
[ info ] shuwen.admin.com/ [运行时间：0.016671s][吞吐率：59.98req/s] [内存消耗：755.19kb] [文件加载：56]
[ info ] [ LANG ] /home/calf/admin//thinkphp/lang/zh-cn.php
[ info ] [ ROUTE ] array (
  'type' => 'module',
  'module' => 
  array (
    0 => 'index',
    1 => 'index',
    2 => 'index',
  ),
  'convert' => false,
)
[ info ] [ HEADER ] array (
  'host' => 'shuwen.admin.com',
  'connection' => 'keep-alive',
  'upgrade-insecure-requests' => '1',
  'user-agent' => 'Mozilla/5.0 (X11; Linux x86_64) AppleWebKit/537.36 (KHTML, like Gecko) Ubuntu Chromium/62.0.3202.89 Chrome/62.0.3202.89 Safari/537.36',
  'accept' => 'text/html,application/xhtml+xml,application/xml;q=0.9,image/webp,image/apng,*/*;q=0.8',
  'accept-encoding' => 'gzip, deflate',
  'accept-language' => 'zh-CN,zh;q=0.9',
  'cookie' => '__utma=263463772.1899665212.1506839425.1508554965.1508632765.5; __utmz=263463772.1506839425.1.1.utmcsr=(direct)|utmccn=(direct)|utmcmd=(none)',
)
[ info ] [ PARAM ] array (
)
[ info ] [ RUN ] app\index\controller\Index->index[ /home/calf/admin/shuwen/application/index/controller/Index.php ]
[ info ] [ DB ] INIT \think\mongo\Connection
[ info ] [ VIEW ] /home/calf/admin/shuwen/application/index/view/index/index.html [ array (
  0 => 'information',
  1 => 'contact',
  2 => 'notics',
) ]
[ info ] [ LOG ] INIT File
[ sql ] [ DB ] CONNECT:[ UseTime:0.000124s ] 
[ sql ] [ Mongo ] db.profile.find({"$and":[{"deleteAt":{"$exists":false}},{"name":"information"}]}).limit(1); [ RunTime:0.001067s ]
[ sql ] [ Mongo ] db.profile.find({"$and":[{"deleteAt":{"$exists":false}},{"name":"contact"}]}).limit(1); [ RunTime:0.000455s ]
[ sql ] [ Mongo ] db.news.find({"$and":[{"deleteAt":{"$exists":false}},{"category.name":"announcement"}]}).limit(8); [ RunTime:0.000506s ]
---------------------------------------------------------------
[ 2017-11-22T16:58:38+08:00 ] 127.0.0.1 127.0.0.1 GET /news
[ info ] shuwen.admin.com/news [运行时间：0.006374s][吞吐率：156.89req/s] [内存消耗：507.08kb] [文件加载：47]
[ info ] [ LANG ] /home/calf/admin//thinkphp/lang/zh-cn.php
[ info ] [ ROUTE ] array (
  'type' => 'module',
  'module' => 
  array (
    0 => 'index',
    1 => 'news',
    2 => 'index',
  ),
  'convert' => false,
)
[ info ] [ HEADER ] array (
  'host' => 'shuwen.admin.com',
  'connection' => 'keep-alive',
  'upgrade-insecure-requests' => '1',
  'user-agent' => 'Mozilla/5.0 (X11; Linux x86_64) AppleWebKit/537.36 (KHTML, like Gecko) Ubuntu Chromium/62.0.3202.89 Chrome/62.0.3202.89 Safari/537.36',
  'accept' => 'text/html,application/xhtml+xml,application/xml;q=0.9,image/webp,image/apng,*/*;q=0.8',
  'referer' => 'http://shuwen.admin.com/',
  'accept-encoding' => 'gzip, deflate',
  'accept-language' => 'zh-CN,zh;q=0.9',
  'cookie' => '__utma=263463772.1899665212.1506839425.1508554965.1508632765.5; __utmz=263463772.1506839425.1.1.utmcsr=(direct)|utmccn=(direct)|utmcmd=(none)',
)
[ info ] [ PARAM ] array (
)
[ info ] [ RUN ] app\index\controller\News->index[ /home/calf/admin/shuwen/application/index/controller/News.php ]
[ info ] [ VIEW ] /home/calf/admin/shuwen/application/index/view/news/index.html [ array (
) ]
[ info ] [ LOG ] INIT File
---------------------------------------------------------------
[ 2017-11-22T16:58:39+08:00 ] 127.0.0.1 127.0.0.1 POST /news
[ info ] shuwen.admin.com/news [运行时间：0.006062s][吞吐率：164.96req/s] [内存消耗：702.37kb] [文件加载：55]
[ info ] [ LANG ] /home/calf/admin//thinkphp/lang/zh-cn.php
[ info ] [ ROUTE ] array (
  'type' => 'module',
  'module' => 
  array (
    0 => 'index',
    1 => 'news',
    2 => 'index',
  ),
  'convert' => false,
)
[ info ] [ HEADER ] array (
  'host' => 'shuwen.admin.com',
  'connection' => 'keep-alive',
  'content-length' => '46',
  'accept' => 'application/json',
  'origin' => 'http://shuwen.admin.com',
  'user-agent' => 'Mozilla/5.0 (X11; Linux x86_64) AppleWebKit/537.36 (KHTML, like Gecko) Ubuntu Chromium/62.0.3202.89 Chrome/62.0.3202.89 Safari/537.36',
  'content-type' => 'application/json',
  'referer' => 'http://shuwen.admin.com/news',
  'accept-encoding' => 'gzip, deflate',
  'accept-language' => 'zh-CN,zh;q=0.9',
  'cookie' => '__utma=263463772.1899665212.1506839425.1508554965.1508632765.5; __utmz=263463772.1506839425.1.1.utmcsr=(direct)|utmccn=(direct)|utmcmd=(none)',
)
[ info ] [ PARAM ] array (
  'page' => 1,
  'limit' => 8,
  'category' => 'announcement',
)
[ info ] [ RUN ] app\index\controller\News->index[ /home/calf/admin/shuwen/application/index/controller/News.php ]
[ info ] [ DB ] INIT \think\mongo\Connection
[ info ] [ LOG ] INIT File
[ sql ] [ DB ] CONNECT:[ UseTime:0.000012s ] 
[ sql ] [ Mongo ] db.news.find({"$and":[{"deleteAt":{"$exists":false}},{"category.name":"announcement"}]}).limit(8); [ RunTime:0.000484s ]
[ sql ] [ Mongo ] db.count({"count":"news","query":{"$and":[{"deleteAt":{"$exists":false}},{"category.name":"announcement"}]},"limit":0}); [ RunTime:0.000311s ]
---------------------------------------------------------------
[ 2017-11-22T16:58:39+08:00 ] 127.0.0.1 127.0.0.1 POST /news
[ info ] shuwen.admin.com/news [运行时间：0.006508s][吞吐率：153.66req/s] [内存消耗：702.31kb] [文件加载：55]
[ info ] [ LANG ] /home/calf/admin//thinkphp/lang/zh-cn.php
[ info ] [ ROUTE ] array (
  'type' => 'module',
  'module' => 
  array (
    0 => 'index',
    1 => 'news',
    2 => 'index',
  ),
  'convert' => false,
)
[ info ] [ HEADER ] array (
  'host' => 'shuwen.admin.com',
  'connection' => 'keep-alive',
  'content-length' => '42',
  'accept' => 'application/json',
  'origin' => 'http://shuwen.admin.com',
  'user-agent' => 'Mozilla/5.0 (X11; Linux x86_64) AppleWebKit/537.36 (KHTML, like Gecko) Ubuntu Chromium/62.0.3202.89 Chrome/62.0.3202.89 Safari/537.36',
  'content-type' => 'application/json',
  'referer' => 'http://shuwen.admin.com/news',
  'accept-encoding' => 'gzip, deflate',
  'accept-language' => 'zh-CN,zh;q=0.9',
  'cookie' => '__utma=263463772.1899665212.1506839425.1508554965.1508632765.5; __utmz=263463772.1506839425.1.1.utmcsr=(direct)|utmccn=(direct)|utmcmd=(none)',
)
[ info ] [ PARAM ] array (
  'page' => 1,
  'limit' => 8,
  'category' => 'industry',
)
[ info ] [ RUN ] app\index\controller\News->index[ /home/calf/admin/shuwen/application/index/controller/News.php ]
[ info ] [ DB ] INIT \think\mongo\Connection
[ info ] [ LOG ] INIT File
[ sql ] [ DB ] CONNECT:[ UseTime:0.000020s ] 
[ sql ] [ Mongo ] db.news.find({"$and":[{"deleteAt":{"$exists":false}},{"category.name":"industry"}]}).limit(8); [ RunTime:0.000349s ]
[ sql ] [ Mongo ] db.count({"count":"news","query":{"$and":[{"deleteAt":{"$exists":false}},{"category.name":"industry"}]},"limit":0}); [ RunTime:0.000187s ]
---------------------------------------------------------------
[ 2017-11-22T16:58:39+08:00 ] 127.0.0.1 127.0.0.1 POST /news
[ info ] shuwen.admin.com/news [运行时间：0.009187s][吞吐率：108.85req/s] [内存消耗：702.31kb] [文件加载：55]
[ info ] [ LANG ] /home/calf/admin//thinkphp/lang/zh-cn.php
[ info ] [ ROUTE ] array (
  'type' => 'module',
  'module' => 
  array (
    0 => 'index',
    1 => 'news',
    2 => 'index',
  ),
  'convert' => false,
)
[ info ] [ HEADER ] array (
  'host' => 'shuwen.admin.com',
  'connection' => 'keep-alive',
  'content-length' => '38',
  'accept' => 'application/json',
  'origin' => 'http://shuwen.admin.com',
  'user-agent' => 'Mozilla/5.0 (X11; Linux x86_64) AppleWebKit/537.36 (KHTML, like Gecko) Ubuntu Chromium/62.0.3202.89 Chrome/62.0.3202.89 Safari/537.36',
  'content-type' => 'application/json',
  'referer' => 'http://shuwen.admin.com/news',
  'accept-encoding' => 'gzip, deflate',
  'accept-language' => 'zh-CN,zh;q=0.9',
  'cookie' => '__utma=263463772.1899665212.1506839425.1508554965.1508632765.5; __utmz=263463772.1506839425.1.1.utmcsr=(direct)|utmccn=(direct)|utmcmd=(none)',
)
[ info ] [ PARAM ] array (
  'page' => 1,
  'limit' => 8,
  'category' => 'news',
)
[ info ] [ RUN ] app\index\controller\News->index[ /home/calf/admin/shuwen/application/index/controller/News.php ]
[ info ] [ DB ] INIT \think\mongo\Connection
[ info ] [ LOG ] INIT File
[ sql ] [ DB ] CONNECT:[ UseTime:0.000088s ] 
[ sql ] [ Mongo ] db.news.find({"$and":[{"deleteAt":{"$exists":false}},{"category.name":"news"}]}).limit(8); [ RunTime:0.000619s ]
[ sql ] [ Mongo ] db.count({"count":"news","query":{"$and":[{"deleteAt":{"$exists":false}},{"category.name":"news"}]},"limit":0}); [ RunTime:0.000274s ]
---------------------------------------------------------------
[ 2017-11-22T16:58:42+08:00 ] 192.168.10.110 121.32.183.182 GET /news
[ info ] shuwen.c.3lengjing.com:18800/news [运行时间：0.004300s][吞吐率：232.55req/s] [内存消耗：506.32kb] [文件加载：47]
[ info ] [ LANG ] /home/calf/admin//thinkphp/lang/zh-cn.php
[ info ] [ ROUTE ] array (
  'type' => 'module',
  'module' => 
  array (
    0 => 'index',
    1 => 'news',
    2 => 'index',
  ),
  'convert' => false,
)
[ info ] [ HEADER ] array (
  'host' => 'shuwen.c.3lengjing.com:18800',
  'connection' => 'keep-alive',
  'upgrade-insecure-requests' => '1',
  'user-agent' => 'Mozilla/5.0 (Windows NT 6.1; Win64; x64) AppleWebKit/537.36 (KHTML, like Gecko) Chrome/58.0.3029.110 Safari/537.36',
  'accept' => 'text/html,application/xhtml+xml,application/xml;q=0.9,image/webp,*/*;q=0.8',
  'referer' => 'http://shuwen.c.3lengjing.com:18800/',
  'accept-encoding' => 'gzip, deflate, sdch',
  'accept-language' => 'zh-CN,zh;q=0.8',
)
[ info ] [ PARAM ] array (
)
[ info ] [ RUN ] app\index\controller\News->index[ /home/calf/admin/shuwen/application/index/controller/News.php ]
[ info ] [ VIEW ] /home/calf/admin/shuwen/application/index/view/news/index.html [ array (
) ]
[ info ] [ LOG ] INIT File
---------------------------------------------------------------
[ 2017-11-22T16:58:47+08:00 ] 192.168.10.110 121.32.183.182 POST /news
[ info ] shuwen.c.3lengjing.com:18800/news [运行时间：0.011595s][吞吐率：86.24req/s] [内存消耗：701.85kb] [文件加载：55]
[ info ] [ LANG ] /home/calf/admin//thinkphp/lang/zh-cn.php
[ info ] [ ROUTE ] array (
  'type' => 'module',
  'module' => 
  array (
    0 => 'index',
    1 => 'news',
    2 => 'index',
  ),
  'convert' => false,
)
[ info ] [ HEADER ] array (
  'host' => 'shuwen.c.3lengjing.com:18800',
  'connection' => 'keep-alive',
  'content-length' => '46',
  'accept' => 'application/json',
  'origin' => 'http://shuwen.c.3lengjing.com:18800',
  'user-agent' => 'Mozilla/5.0 (Windows NT 6.1; Win64; x64) AppleWebKit/537.36 (KHTML, like Gecko) Chrome/58.0.3029.110 Safari/537.36',
  'content-type' => 'application/json',
  'referer' => 'http://shuwen.c.3lengjing.com:18800/news',
  'accept-encoding' => 'gzip, deflate',
  'accept-language' => 'zh-CN,zh;q=0.8',
)
[ info ] [ PARAM ] array (
  'page' => 1,
  'limit' => 8,
  'category' => 'announcement',
)
[ info ] [ RUN ] app\index\controller\News->index[ /home/calf/admin/shuwen/application/index/controller/News.php ]
[ info ] [ DB ] INIT \think\mongo\Connection
[ info ] [ LOG ] INIT File
[ sql ] [ DB ] CONNECT:[ UseTime:0.000036s ] 
[ sql ] [ Mongo ] db.news.find({"$and":[{"deleteAt":{"$exists":false}},{"category.name":"announcement"}]}).limit(8); [ RunTime:0.000832s ]
[ sql ] [ Mongo ] db.count({"count":"news","query":{"$and":[{"deleteAt":{"$exists":false}},{"category.name":"announcement"}]},"limit":0}); [ RunTime:0.000403s ]
---------------------------------------------------------------
[ 2017-11-22T16:58:47+08:00 ] 192.168.10.110 121.32.183.182 POST /news
[ info ] shuwen.c.3lengjing.com:18800/news [运行时间：0.009069s][吞吐率：110.27req/s] [内存消耗：701.77kb] [文件加载：55]
[ info ] [ LANG ] /home/calf/admin//thinkphp/lang/zh-cn.php
[ info ] [ ROUTE ] array (
  'type' => 'module',
  'module' => 
  array (
    0 => 'index',
    1 => 'news',
    2 => 'index',
  ),
  'convert' => false,
)
[ info ] [ HEADER ] array (
  'host' => 'shuwen.c.3lengjing.com:18800',
  'connection' => 'keep-alive',
  'content-length' => '38',
  'accept' => 'application/json',
  'origin' => 'http://shuwen.c.3lengjing.com:18800',
  'user-agent' => 'Mozilla/5.0 (Windows NT 6.1; Win64; x64) AppleWebKit/537.36 (KHTML, like Gecko) Chrome/58.0.3029.110 Safari/537.36',
  'content-type' => 'application/json',
  'referer' => 'http://shuwen.c.3lengjing.com:18800/news',
  'accept-encoding' => 'gzip, deflate',
  'accept-language' => 'zh-CN,zh;q=0.8',
)
[ info ] [ PARAM ] array (
  'page' => 1,
  'limit' => 8,
  'category' => 'news',
)
[ info ] [ RUN ] app\index\controller\News->index[ /home/calf/admin/shuwen/application/index/controller/News.php ]
[ info ] [ DB ] INIT \think\mongo\Connection
[ info ] [ LOG ] INIT File
[ sql ] [ DB ] CONNECT:[ UseTime:0.000022s ] 
[ sql ] [ Mongo ] db.news.find({"$and":[{"deleteAt":{"$exists":false}},{"category.name":"news"}]}).limit(8); [ RunTime:0.000456s ]
[ sql ] [ Mongo ] db.count({"count":"news","query":{"$and":[{"deleteAt":{"$exists":false}},{"category.name":"news"}]},"limit":0}); [ RunTime:0.000325s ]
---------------------------------------------------------------
[ 2017-11-22T16:58:47+08:00 ] 192.168.10.110 121.32.183.182 POST /news
[ info ] shuwen.c.3lengjing.com:18800/news [运行时间：0.010380s][吞吐率：96.34req/s] [内存消耗：701.81kb] [文件加载：55]
[ info ] [ LANG ] /home/calf/admin//thinkphp/lang/zh-cn.php
[ info ] [ ROUTE ] array (
  'type' => 'module',
  'module' => 
  array (
    0 => 'index',
    1 => 'news',
    2 => 'index',
  ),
  'convert' => false,
)
[ info ] [ HEADER ] array (
  'host' => 'shuwen.c.3lengjing.com:18800',
  'connection' => 'keep-alive',
  'content-length' => '42',
  'accept' => 'application/json',
  'origin' => 'http://shuwen.c.3lengjing.com:18800',
  'user-agent' => 'Mozilla/5.0 (Windows NT 6.1; Win64; x64) AppleWebKit/537.36 (KHTML, like Gecko) Chrome/58.0.3029.110 Safari/537.36',
  'content-type' => 'application/json',
  'referer' => 'http://shuwen.c.3lengjing.com:18800/news',
  'accept-encoding' => 'gzip, deflate',
  'accept-language' => 'zh-CN,zh;q=0.8',
)
[ info ] [ PARAM ] array (
  'page' => 1,
  'limit' => 8,
  'category' => 'industry',
)
[ info ] [ RUN ] app\index\controller\News->index[ /home/calf/admin/shuwen/application/index/controller/News.php ]
[ info ] [ DB ] INIT \think\mongo\Connection
[ info ] [ LOG ] INIT File
[ sql ] [ DB ] CONNECT:[ UseTime:0.000103s ] 
[ sql ] [ Mongo ] db.news.find({"$and":[{"deleteAt":{"$exists":false}},{"category.name":"industry"}]}).limit(8); [ RunTime:0.000928s ]
[ sql ] [ Mongo ] db.count({"count":"news","query":{"$and":[{"deleteAt":{"$exists":false}},{"category.name":"industry"}]},"limit":0}); [ RunTime:0.000357s ]
