---------------------------------------------------------------
[ 2017-11-23T11:46:12+08:00 ] 192.168.10.110 120.92.11.126 GET /
[ info ] shuwen.c.3lengjing.com:18800/ [运行时间：0.024519s][吞吐率：40.78req/s] [内存消耗：758.62kb] [文件加载：56]
[ info ] [ LANG ] /home/calf/admin//thinkphp/lang/zh-cn.php
[ info ] [ ROUTE ] array (
  'type' => 'module',
  'module' => 
  array (
    0 => 'index',
    1 => 'index',
    2 => 'index',
  ),
  'convert' => false,
)
[ info ] [ HEADER ] array (
  'host' => 'shuwen.c.3lengjing.com:18800',
  'user-agent' => 'Mozilla/5.0 (Windows NT 10.0; Win64; x64) AppleWebKit/537.36 (KHTML, like Gecko) Chrome/59.0.3071.115 Safari/537.36Connect Us: webauth@cmcm.com',
  'accept-encoding' => 'gzip, deflate',
  'accept' => '*/*',
  'connection' => 'keep-alive',
  'cookie' => '',
)
[ info ] [ PARAM ] array (
)
[ info ] [ RUN ] app\index\controller\Index->index[ /home/calf/admin/shuwen/application/index/controller/Index.php ]
[ info ] [ DB ] INIT \think\mongo\Connection
[ info ] [ VIEW ] /home/calf/admin/shuwen/application/index/view/index/index.html [ array (
  0 => 'information',
  1 => 'contact',
  2 => 'notics',
) ]
[ info ] [ LOG ] INIT File
[ sql ] [ DB ] CONNECT:[ UseTime:0.000079s ] 
[ sql ] [ Mongo ] db.profile.find({"$and":[{"deleteAt":{"$exists":false}},{"name":"information"}]}).limit(1); [ RunTime:0.001828s ]
[ sql ] [ Mongo ] db.profile.find({"$and":[{"deleteAt":{"$exists":false}},{"name":"contact"}]}).limit(1); [ RunTime:0.000364s ]
[ sql ] [ Mongo ] db.news.find({"$and":[{"deleteAt":{"$exists":false}},{"category.name":"announcement"}]}).limit(8); [ RunTime:0.000985s ]
---------------------------------------------------------------
[ 2017-11-23T11:46:21+08:00 ] 192.168.10.110 120.92.11.126 GET /login
[ info ] shuwen.c.3lengjing.com:18800/login [运行时间：0.013206s][吞吐率：75.72req/s] [内存消耗：754.77kb] [文件加载：56]
[ info ] [ LANG ] /home/calf/admin//thinkphp/lang/zh-cn.php
[ info ] [ ROUTE ] array (
  'type' => 'module',
  'module' => 
  array (
    0 => 'index',
    1 => 'index',
    2 => 'index',
  ),
  'convert' => false,
)
[ info ] [ HEADER ] array (
  'host' => 'shuwen.c.3lengjing.com:18800',
  'user-agent' => 'Mozilla/5.0 (Windows NT 10.0; Win64; x64) AppleWebKit/537.36 (KHTML, like Gecko) Chrome/59.0.3071.115 Safari/537.36Connect Us: webauth@cmcm.com',
  'accept-encoding' => 'gzip, deflate',
  'accept' => '*/*',
  'connection' => 'keep-alive',
  'referer' => 'http://shuwen.c.3lengjing.com:18800/static/js/collection.js',
  'cookie' => '',
)
[ info ] [ PARAM ] array (
)
[ info ] [ RUN ] app\index\controller\Index->index[ /home/calf/admin/shuwen/application/index/controller/Index.php ]
[ info ] [ DB ] INIT \think\mongo\Connection
[ info ] [ VIEW ] /home/calf/admin/shuwen/application/index/view/index/index.html [ array (
  0 => 'information',
  1 => 'contact',
  2 => 'notics',
) ]
[ info ] [ LOG ] INIT File
[ sql ] [ DB ] CONNECT:[ UseTime:0.000080s ] 
[ sql ] [ Mongo ] db.profile.find({"$and":[{"deleteAt":{"$exists":false}},{"name":"information"}]}).limit(1); [ RunTime:0.001128s ]
[ sql ] [ Mongo ] db.profile.find({"$and":[{"deleteAt":{"$exists":false}},{"name":"contact"}]}).limit(1); [ RunTime:0.000375s ]
[ sql ] [ Mongo ] db.news.find({"$and":[{"deleteAt":{"$exists":false}},{"category.name":"announcement"}]}).limit(8); [ RunTime:0.000398s ]
---------------------------------------------------------------
[ 2017-11-23T11:53:34+08:00 ] 192.168.10.110 121.51.32.144 GET /
[ info ] shuwen.c.3lengjing.com:18800/ [运行时间：0.006077s][吞吐率：164.55req/s] [内存消耗：754.30kb] [文件加载：56]
[ info ] [ LANG ] /home/calf/admin//thinkphp/lang/zh-cn.php
[ info ] [ ROUTE ] array (
  'type' => 'module',
  'module' => 
  array (
    0 => 'index',
    1 => 'index',
    2 => 'index',
  ),
  'convert' => false,
)
[ info ] [ HEADER ] array (
  'user-agent' => 'Mozilla/5.0 (Windows NT 6.1; WOW64) AppleWebKit/537.36 (KHTML, like Gecko) Chrome/53.0.2785.104 Safari/537.36 Core/1.53.2141.400 QQBrowser/9.5.10219.400',
  'accept' => '*/*',
  'accept-encoding' => 'gzip, deflate, sdch, br',
  'accept-language' => 'zh-CN,zh;q=0.8,en-US;q=0.6,en;q=0.4',
  'host' => 'shuwen.c.3lengjing.com:18800',
  'connection' => 'keep-alive',
)
[ info ] [ PARAM ] array (
)
[ info ] [ RUN ] app\index\controller\Index->index[ /home/calf/admin/shuwen/application/index/controller/Index.php ]
[ info ] [ DB ] INIT \think\mongo\Connection
[ info ] [ VIEW ] /home/calf/admin/shuwen/application/index/view/index/index.html [ array (
  0 => 'information',
  1 => 'contact',
  2 => 'notics',
) ]
[ info ] [ LOG ] INIT File
[ sql ] [ DB ] CONNECT:[ UseTime:0.000041s ] 
[ sql ] [ Mongo ] db.profile.find({"$and":[{"deleteAt":{"$exists":false}},{"name":"information"}]}).limit(1); [ RunTime:0.000538s ]
[ sql ] [ Mongo ] db.profile.find({"$and":[{"deleteAt":{"$exists":false}},{"name":"contact"}]}).limit(1); [ RunTime:0.000125s ]
[ sql ] [ Mongo ] db.news.find({"$and":[{"deleteAt":{"$exists":false}},{"category.name":"announcement"}]}).limit(8); [ RunTime:0.000192s ]
