---------------------------------------------------------------
[ 2017-11-27T13:49:37+08:00 ] 127.0.0.1 127.0.0.1 GET /
[ info ] shuwen.admin.com/ [运行时间：0.110101s][吞吐率：9.08req/s] [内存消耗：778.04kb] [文件加载：56]
[ info ] [ LANG ] /home/calf/admin//thinkphp/lang/zh-cn.php
[ info ] [ ROUTE ] array (
  'type' => 'module',
  'module' => 
  array (
    0 => 'index',
    1 => 'index',
    2 => 'index',
  ),
  'convert' => false,
)
[ info ] [ HEADER ] array (
  'host' => 'shuwen.admin.com',
  'connection' => 'keep-alive',
  'upgrade-insecure-requests' => '1',
  'user-agent' => 'Mozilla/5.0 (X11; Linux x86_64) AppleWebKit/537.36 (KHTML, like Gecko) Ubuntu Chromium/62.0.3202.89 Chrome/62.0.3202.89 Safari/537.36',
  'accept' => 'text/html,application/xhtml+xml,application/xml;q=0.9,image/webp,image/apng,*/*;q=0.8',
  'accept-encoding' => 'gzip, deflate',
  'accept-language' => 'zh-CN,zh;q=0.9',
  'cookie' => '__utma=263463772.1899665212.1506839425.1508554965.1508632765.5; __utmz=263463772.1506839425.1.1.utmcsr=(direct)|utmccn=(direct)|utmcmd=(none)',
)
[ info ] [ PARAM ] array (
)
[ info ] [ RUN ] app\index\controller\Index->index[ /home/calf/admin/shuwen/application/index/controller/Index.php ]
[ info ] [ DB ] INIT \think\mongo\Connection
[ info ] [ VIEW ] /home/calf/admin/shuwen/application/index/view/index/index.html [ array (
  0 => 'information',
  1 => 'contact',
  2 => 'notics',
) ]
[ info ] [ LOG ] INIT File
[ sql ] [ DB ] CONNECT:[ UseTime:0.000437s ] 
[ sql ] [ Mongo ] db.profile.find({"$and":[{"deleteAt":{"$exists":false}},{"name":"information"}]}).limit(1); [ RunTime:0.002045s ]
[ sql ] [ Mongo ] db.profile.find({"$and":[{"deleteAt":{"$exists":false}},{"name":"contact"}]}).limit(1); [ RunTime:0.000246s ]
[ sql ] [ Mongo ] db.news.find({"$and":[{"deleteAt":{"$exists":false}},{"category.name":"announcement"}]}).limit(8); [ RunTime:0.000616s ]
---------------------------------------------------------------
[ 2017-11-27T13:51:01+08:00 ] 127.0.0.1 127.0.0.1 GET /
[ info ] shuwen.admin.com/ [运行时间：0.022146s][吞吐率：45.15req/s] [内存消耗：813.48kb] [文件加载：58]
[ info ] [ LANG ] /home/calf/admin//thinkphp/lang/zh-cn.php
[ info ] [ ROUTE ] array (
  'type' => 'module',
  'module' => 
  array (
    0 => 'index',
    1 => 'index',
    2 => 'index',
  ),
  'convert' => false,
)
[ info ] [ HEADER ] array (
  'host' => 'shuwen.admin.com',
  'connection' => 'keep-alive',
  'cache-control' => 'max-age=0',
  'upgrade-insecure-requests' => '1',
  'user-agent' => 'Mozilla/5.0 (X11; Linux x86_64) AppleWebKit/537.36 (KHTML, like Gecko) Ubuntu Chromium/62.0.3202.89 Chrome/62.0.3202.89 Safari/537.36',
  'accept' => 'text/html,application/xhtml+xml,application/xml;q=0.9,image/webp,image/apng,*/*;q=0.8',
  'accept-encoding' => 'gzip, deflate',
  'accept-language' => 'zh-CN,zh;q=0.9',
  'cookie' => '__utma=263463772.1899665212.1506839425.1508554965.1508632765.5; __utmz=263463772.1506839425.1.1.utmcsr=(direct)|utmccn=(direct)|utmcmd=(none)',
)
[ info ] [ PARAM ] array (
)
[ info ] [ RUN ] app\index\controller\Index->index[ /home/calf/admin/shuwen/application/index/controller/Index.php ]
[ info ] [ DB ] INIT \think\mongo\Connection
[ info ] [ VIEW ] /home/calf/admin/shuwen/application/index/view/index/index.html [ array (
  0 => 'information',
  1 => 'contact',
  2 => 'notics',
) ]
[ info ] [ LOG ] INIT File
[ sql ] [ DB ] CONNECT:[ UseTime:0.000110s ] 
[ sql ] [ Mongo ] db.profile.find({"$and":[{"deleteAt":{"$exists":false}},{"name":"information"}]}).limit(1); [ RunTime:0.000945s ]
[ sql ] [ Mongo ] db.profile.find({"$and":[{"deleteAt":{"$exists":false}},{"name":"contact"}]}).limit(1); [ RunTime:0.000314s ]
[ sql ] [ Mongo ] db.news.find({"$and":[{"deleteAt":{"$exists":false}},{"category.name":"announcement"}]}).limit(8); [ RunTime:0.000311s ]
---------------------------------------------------------------
[ 2017-11-27T14:32:44+08:00 ] 127.0.0.1 127.0.0.1 GET /
[ info ] shuwen.admin.com/ [运行时间：0.012789s][吞吐率：78.19req/s] [内存消耗：810.90kb] [文件加载：58]
[ info ] [ LANG ] /home/calf/admin//thinkphp/lang/zh-cn.php
[ info ] [ ROUTE ] array (
  'type' => 'module',
  'module' => 
  array (
    0 => 'index',
    1 => 'index',
    2 => 'index',
  ),
  'convert' => false,
)
[ info ] [ HEADER ] array (
  'host' => 'shuwen.admin.com',
  'connection' => 'keep-alive',
  'cache-control' => 'max-age=0',
  'upgrade-insecure-requests' => '1',
  'user-agent' => 'Mozilla/5.0 (X11; Linux x86_64) AppleWebKit/537.36 (KHTML, like Gecko) Ubuntu Chromium/62.0.3202.89 Chrome/62.0.3202.89 Safari/537.36',
  'accept' => 'text/html,application/xhtml+xml,application/xml;q=0.9,image/webp,image/apng,*/*;q=0.8',
  'accept-encoding' => 'gzip, deflate',
  'accept-language' => 'zh-CN,zh;q=0.9',
  'cookie' => '__utma=263463772.1899665212.1506839425.1508554965.1508632765.5; __utmz=263463772.1506839425.1.1.utmcsr=(direct)|utmccn=(direct)|utmcmd=(none)',
)
[ info ] [ PARAM ] array (
)
[ info ] [ RUN ] app\index\controller\Index->index[ /home/calf/admin/shuwen/application/index/controller/Index.php ]
[ info ] [ DB ] INIT \think\mongo\Connection
[ info ] [ VIEW ] /home/calf/admin/shuwen/application/index/view/index/index.html [ array (
  0 => 'information',
  1 => 'contact',
  2 => 'notics',
) ]
[ info ] [ LOG ] INIT File
[ sql ] [ DB ] CONNECT:[ UseTime:0.000018s ] 
[ sql ] [ Mongo ] db.profile.find({"$and":[{"deleteAt":{"$exists":false}},{"name":"information"}]}).limit(1); [ RunTime:0.000549s ]
[ sql ] [ Mongo ] db.profile.find({"$and":[{"deleteAt":{"$exists":false}},{"name":"contact"}]}).limit(1); [ RunTime:0.000271s ]
[ sql ] [ Mongo ] db.news.find({"$and":[{"deleteAt":{"$exists":false}},{"category.name":"announcement"}]}).limit(8); [ RunTime:0.000350s ]
---------------------------------------------------------------
[ 2017-11-27T14:33:02+08:00 ] 127.0.0.1 127.0.0.1 GET /news/detail/5a03f23983278755b7064ba2
[ info ] shuwen.admin.com/news/detail/5a03f23983278755b7064ba2 [运行时间：0.022371s][吞吐率：44.70req/s] [内存消耗：702.39kb] [文件加载：55]
[ info ] [ LANG ] /home/calf/admin//thinkphp/lang/zh-cn.php
[ info ] [ ROUTE ] array (
  'type' => 'module',
  'module' => 
  array (
    0 => 'index',
    1 => 'news',
    2 => 'detail',
  ),
  'convert' => false,
)
[ info ] [ HEADER ] array (
  'host' => 'shuwen.admin.com',
  'connection' => 'keep-alive',
  'upgrade-insecure-requests' => '1',
  'user-agent' => 'Mozilla/5.0 (X11; Linux x86_64) AppleWebKit/537.36 (KHTML, like Gecko) Ubuntu Chromium/62.0.3202.89 Chrome/62.0.3202.89 Safari/537.36',
  'accept' => 'text/html,application/xhtml+xml,application/xml;q=0.9,image/webp,image/apng,*/*;q=0.8',
  'referer' => 'http://shuwen.admin.com/',
  'accept-encoding' => 'gzip, deflate',
  'accept-language' => 'zh-CN,zh;q=0.9',
  'cookie' => '__utma=263463772.1899665212.1506839425.1508554965.1508632765.5; __utmz=263463772.1506839425.1.1.utmcsr=(direct)|utmccn=(direct)|utmcmd=(none)',
)
[ info ] [ PARAM ] array (
  'id' => '5a03f23983278755b7064ba2',
)
[ info ] [ RUN ] app\index\controller\News->detail[ /home/calf/admin/shuwen/application/index/controller/News.php ]
[ info ] [ DB ] INIT \think\mongo\Connection
[ info ] [ VIEW ] /home/calf/admin/shuwen/application/index/view/news/detail.html [ array (
  0 => 'detail',
) ]
[ info ] [ LOG ] INIT File
[ sql ] [ DB ] CONNECT:[ UseTime:0.000115s ] 
[ sql ] [ Mongo ] db.news.find({"$and":[{"deleteAt":{"$exists":false}},{"_id":"5a03f23983278755b7064ba2"}]}).limit(1); [ RunTime:0.001685s ]
---------------------------------------------------------------
[ 2017-11-27T14:33:16+08:00 ] 127.0.0.1 127.0.0.1 GET /news/detail/5a02acc1832787293221e9b2
[ info ] shuwen.admin.com/news/detail/5a02acc1832787293221e9b2 [运行时间：0.020299s][吞吐率：49.26req/s] [内存消耗：699.22kb] [文件加载：55]
[ info ] [ LANG ] /home/calf/admin//thinkphp/lang/zh-cn.php
[ info ] [ ROUTE ] array (
  'type' => 'module',
  'module' => 
  array (
    0 => 'index',
    1 => 'news',
    2 => 'detail',
  ),
  'convert' => false,
)
[ info ] [ HEADER ] array (
  'host' => 'shuwen.admin.com',
  'connection' => 'keep-alive',
  'upgrade-insecure-requests' => '1',
  'user-agent' => 'Mozilla/5.0 (X11; Linux x86_64) AppleWebKit/537.36 (KHTML, like Gecko) Ubuntu Chromium/62.0.3202.89 Chrome/62.0.3202.89 Safari/537.36',
  'accept' => 'text/html,application/xhtml+xml,application/xml;q=0.9,image/webp,image/apng,*/*;q=0.8',
  'referer' => 'http://shuwen.admin.com/',
  'accept-encoding' => 'gzip, deflate',
  'accept-language' => 'zh-CN,zh;q=0.9',
  'cookie' => '__utma=263463772.1899665212.1506839425.1508554965.1508632765.5; __utmz=263463772.1506839425.1.1.utmcsr=(direct)|utmccn=(direct)|utmcmd=(none)',
)
[ info ] [ PARAM ] array (
  'id' => '5a02acc1832787293221e9b2',
)
[ info ] [ RUN ] app\index\controller\News->detail[ /home/calf/admin/shuwen/application/index/controller/News.php ]
[ info ] [ DB ] INIT \think\mongo\Connection
[ info ] [ VIEW ] /home/calf/admin/shuwen/application/index/view/news/detail.html [ array (
  0 => 'detail',
) ]
[ info ] [ LOG ] INIT File
[ sql ] [ DB ] CONNECT:[ UseTime:0.000199s ] 
[ sql ] [ Mongo ] db.news.find({"$and":[{"deleteAt":{"$exists":false}},{"_id":"5a02acc1832787293221e9b2"}]}).limit(1); [ RunTime:0.001373s ]
