---------------------------------------------------------------
[ 2017-11-30T10:22:35+08:00 ] 127.0.0.1 127.0.0.1 GET /
[ info ] shuwen.admin.com/ [运行时间：0.146255s][吞吐率：6.84req/s] [内存消耗：837.41kb] [文件加载：58]
[ info ] [ LANG ] /home/calf/admin//thinkphp/lang/zh-cn.php
[ info ] [ ROUTE ] array (
  'type' => 'module',
  'module' => 
  array (
    0 => 'index',
    1 => 'index',
    2 => 'index',
  ),
  'convert' => false,
)
[ info ] [ HEADER ] array (
  'host' => 'shuwen.admin.com',
  'connection' => 'keep-alive',
  'upgrade-insecure-requests' => '1',
  'user-agent' => 'Mozilla/5.0 (X11; Linux x86_64) AppleWebKit/537.36 (KHTML, like Gecko) Ubuntu Chromium/62.0.3202.94 Chrome/62.0.3202.94 Safari/537.36',
  'accept' => 'text/html,application/xhtml+xml,application/xml;q=0.9,image/webp,image/apng,*/*;q=0.8',
  'accept-encoding' => 'gzip, deflate',
  'accept-language' => 'zh-CN,zh;q=0.9',
  'cookie' => '__utma=263463772.1899665212.1506839425.1508554965.1508632765.5; __utmz=263463772.1506839425.1.1.utmcsr=(direct)|utmccn=(direct)|utmcmd=(none)',
)
[ info ] [ PARAM ] array (
)
[ info ] [ RUN ] app\index\controller\Index->index[ /home/calf/admin/shuwen/application/index/controller/Index.php ]
[ info ] [ DB ] INIT \think\mongo\Connection
[ info ] [ VIEW ] /home/calf/admin/shuwen/application/index/view/index/index.html [ array (
  0 => 'information',
  1 => 'contact',
  2 => 'notics',
) ]
[ info ] [ LOG ] INIT File
[ sql ] [ DB ] CONNECT:[ UseTime:0.000446s ] 
[ sql ] [ Mongo ] db.profile.find({"$and":[{"deleteAt":{"$exists":false}},{"name":"information"}]}).limit(1); [ RunTime:0.002067s ]
[ sql ] [ Mongo ] db.profile.find({"$and":[{"deleteAt":{"$exists":false}},{"name":"contact"}]}).limit(1); [ RunTime:0.000252s ]
[ sql ] [ Mongo ] db.news.find({"$and":[{"deleteAt":{"$exists":false}},{"category.name":"announcement"}]}).limit(8); [ RunTime:0.000662s ]
---------------------------------------------------------------
[ 2017-11-30T10:22:59+08:00 ] 127.0.0.1 127.0.0.1 GET /profile
[ info ] shuwen.admin.com/profile [运行时间：0.063456s][吞吐率：15.76req/s] [内存消耗：734.48kb] [文件加载：55]
[ info ] [ LANG ] /home/calf/admin//thinkphp/lang/zh-cn.php
[ info ] [ ROUTE ] array (
  'type' => 'module',
  'module' => 
  array (
    0 => 'index',
    1 => 'profile',
    2 => 'index',
  ),
  'convert' => false,
)
[ info ] [ HEADER ] array (
  'host' => 'shuwen.admin.com',
  'connection' => 'keep-alive',
  'upgrade-insecure-requests' => '1',
  'user-agent' => 'Mozilla/5.0 (X11; Linux x86_64) AppleWebKit/537.36 (KHTML, like Gecko) Ubuntu Chromium/62.0.3202.94 Chrome/62.0.3202.94 Safari/537.36',
  'accept' => 'text/html,application/xhtml+xml,application/xml;q=0.9,image/webp,image/apng,*/*;q=0.8',
  'referer' => 'http://shuwen.admin.com/',
  'accept-encoding' => 'gzip, deflate',
  'accept-language' => 'zh-CN,zh;q=0.9',
  'cookie' => '__utma=263463772.1899665212.1506839425.1508554965.1508632765.5; __utmz=263463772.1506839425.1.1.utmcsr=(direct)|utmccn=(direct)|utmcmd=(none)',
)
[ info ] [ PARAM ] array (
)
[ info ] [ RUN ] app\index\controller\Profile->index[ /home/calf/admin/shuwen/application/index/controller/Profile.php ]
[ info ] [ DB ] INIT \think\mongo\Connection
[ info ] [ VIEW ] /home/calf/admin/shuwen/application/index/view/profile/index.html [ array (
  0 => 'intro',
  1 => 'organization',
  2 => 'information',
  3 => 'contact',
  4 => 'events',
  5 => 'question',
) ]
[ info ] [ LOG ] INIT File
[ sql ] [ DB ] CONNECT:[ UseTime:0.000019s ] 
[ sql ] [ Mongo ] db.profile.find({"$and":[{"deleteAt":{"$exists":false}},{"name":"intro"}]}).limit(1); [ RunTime:0.000443s ]
[ sql ] [ Mongo ] db.profile.find({"$and":[{"deleteAt":{"$exists":false}},{"name":"organization"}]}).limit(1); [ RunTime:0.000199s ]
[ sql ] [ Mongo ] db.profile.find({"$and":[{"deleteAt":{"$exists":false}},{"name":"information"}]}).limit(1); [ RunTime:0.000184s ]
[ sql ] [ Mongo ] db.profile.find({"$and":[{"deleteAt":{"$exists":false}},{"name":"contact"}]}).limit(1); [ RunTime:0.000181s ]
[ sql ] [ Mongo ] db.profile.find({"$and":[{"deleteAt":{"$exists":false}},{"name":"events"}]}).sort({"year":-1}).limit(0); [ RunTime:0.000272s ]
[ sql ] [ Mongo ] db.profile.find({"$and":[{"deleteAt":{"$exists":false}},{"name":"question"}]}).limit(1); [ RunTime:0.000202s ]
---------------------------------------------------------------
[ 2017-11-30T10:23:00+08:00 ] 127.0.0.1 127.0.0.1 POST /profile/events
[ info ] shuwen.admin.com/profile/events [运行时间：0.011813s][吞吐率：84.65req/s] [内存消耗：709.54kb] [文件加载：55]
[ info ] [ LANG ] /home/calf/admin//thinkphp/lang/zh-cn.php
[ info ] [ ROUTE ] array (
  'type' => 'module',
  'module' => 
  array (
    0 => 'index',
    1 => 'profile',
    2 => 'events',
  ),
  'convert' => false,
)
[ info ] [ HEADER ] array (
  'host' => 'shuwen.admin.com',
  'connection' => 'keep-alive',
  'content-length' => '2',
  'accept' => 'application/json',
  'origin' => 'http://shuwen.admin.com',
  'user-agent' => 'Mozilla/5.0 (X11; Linux x86_64) AppleWebKit/537.36 (KHTML, like Gecko) Ubuntu Chromium/62.0.3202.94 Chrome/62.0.3202.94 Safari/537.36',
  'content-type' => 'application/json',
  'referer' => 'http://shuwen.admin.com/profile',
  'accept-encoding' => 'gzip, deflate',
  'accept-language' => 'zh-CN,zh;q=0.9',
  'cookie' => '__utma=263463772.1899665212.1506839425.1508554965.1508632765.5; __utmz=263463772.1506839425.1.1.utmcsr=(direct)|utmccn=(direct)|utmcmd=(none)',
)
[ info ] [ PARAM ] array (
)
[ info ] [ RUN ] app\index\controller\Profile->events[ /home/calf/admin/shuwen/application/index/controller/Profile.php ]
[ info ] [ DB ] INIT \think\mongo\Connection
[ info ] [ LOG ] INIT File
[ sql ] [ DB ] CONNECT:[ UseTime:0.000012s ] 
[ sql ] [ Mongo ] db.profile.find({"$and":[{"deleteAt":{"$exists":false}},{"name":"events"}]}).sort({"year":-1}).limit(0); [ RunTime:0.000346s ]
---------------------------------------------------------------
[ 2017-11-30T10:23:04+08:00 ] 127.0.0.1 127.0.0.1 GET /news
[ info ] shuwen.admin.com/news [运行时间：0.006298s][吞吐率：158.78req/s] [内存消耗：516.20kb] [文件加载：47]
[ info ] [ LANG ] /home/calf/admin//thinkphp/lang/zh-cn.php
[ info ] [ ROUTE ] array (
  'type' => 'module',
  'module' => 
  array (
    0 => 'index',
    1 => 'news',
    2 => 'index',
  ),
  'convert' => false,
)
[ info ] [ HEADER ] array (
  'host' => 'shuwen.admin.com',
  'connection' => 'keep-alive',
  'upgrade-insecure-requests' => '1',
  'user-agent' => 'Mozilla/5.0 (X11; Linux x86_64) AppleWebKit/537.36 (KHTML, like Gecko) Ubuntu Chromium/62.0.3202.94 Chrome/62.0.3202.94 Safari/537.36',
  'accept' => 'text/html,application/xhtml+xml,application/xml;q=0.9,image/webp,image/apng,*/*;q=0.8',
  'referer' => 'http://shuwen.admin.com/profile',
  'accept-encoding' => 'gzip, deflate',
  'accept-language' => 'zh-CN,zh;q=0.9',
  'cookie' => '__utma=263463772.1899665212.1506839425.1508554965.1508632765.5; __utmz=263463772.1506839425.1.1.utmcsr=(direct)|utmccn=(direct)|utmcmd=(none)',
)
[ info ] [ PARAM ] array (
)
[ info ] [ RUN ] app\index\controller\News->index[ /home/calf/admin/shuwen/application/index/controller/News.php ]
[ info ] [ VIEW ] /home/calf/admin/shuwen/application/index/view/news/index.html [ array (
) ]
[ info ] [ LOG ] INIT File
---------------------------------------------------------------
[ 2017-11-30T10:23:05+08:00 ] 127.0.0.1 127.0.0.1 POST /news
[ info ] shuwen.admin.com/news [运行时间：0.005224s][吞吐率：191.42req/s] [内存消耗：707.71kb] [文件加载：55]
[ info ] [ LANG ] /home/calf/admin//thinkphp/lang/zh-cn.php
[ info ] [ ROUTE ] array (
  'type' => 'module',
  'module' => 
  array (
    0 => 'index',
    1 => 'news',
    2 => 'index',
  ),
  'convert' => false,
)
[ info ] [ HEADER ] array (
  'host' => 'shuwen.admin.com',
  'connection' => 'keep-alive',
  'content-length' => '46',
  'accept' => 'application/json',
  'origin' => 'http://shuwen.admin.com',
  'user-agent' => 'Mozilla/5.0 (X11; Linux x86_64) AppleWebKit/537.36 (KHTML, like Gecko) Ubuntu Chromium/62.0.3202.94 Chrome/62.0.3202.94 Safari/537.36',
  'content-type' => 'application/json',
  'referer' => 'http://shuwen.admin.com/news',
  'accept-encoding' => 'gzip, deflate',
  'accept-language' => 'zh-CN,zh;q=0.9',
  'cookie' => '__utma=263463772.1899665212.1506839425.1508554965.1508632765.5; __utmz=263463772.1506839425.1.1.utmcsr=(direct)|utmccn=(direct)|utmcmd=(none)',
)
[ info ] [ PARAM ] array (
  'page' => 1,
  'limit' => 8,
  'category' => 'announcement',
)
[ info ] [ RUN ] app\index\controller\News->index[ /home/calf/admin/shuwen/application/index/controller/News.php ]
[ info ] [ DB ] INIT \think\mongo\Connection
[ info ] [ LOG ] INIT File
[ sql ] [ DB ] CONNECT:[ UseTime:0.000013s ] 
[ sql ] [ Mongo ] db.news.find({"$and":[{"deleteAt":{"$exists":false}},{"category.name":"announcement"}]}).limit(8); [ RunTime:0.000366s ]
[ sql ] [ Mongo ] db.count({"count":"news","query":{"$and":[{"deleteAt":{"$exists":false}},{"category.name":"announcement"}]},"limit":0}); [ RunTime:0.000160s ]
---------------------------------------------------------------
[ 2017-11-30T10:23:05+08:00 ] 127.0.0.1 127.0.0.1 POST /news
[ info ] shuwen.admin.com/news [运行时间：0.009058s][吞吐率：110.40req/s] [内存消耗：707.66kb] [文件加载：55]
[ info ] [ LANG ] /home/calf/admin//thinkphp/lang/zh-cn.php
[ info ] [ ROUTE ] array (
  'type' => 'module',
  'module' => 
  array (
    0 => 'index',
    1 => 'news',
    2 => 'index',
  ),
  'convert' => false,
)
[ info ] [ HEADER ] array (
  'host' => 'shuwen.admin.com',
  'connection' => 'keep-alive',
  'content-length' => '38',
  'accept' => 'application/json',
  'origin' => 'http://shuwen.admin.com',
  'user-agent' => 'Mozilla/5.0 (X11; Linux x86_64) AppleWebKit/537.36 (KHTML, like Gecko) Ubuntu Chromium/62.0.3202.94 Chrome/62.0.3202.94 Safari/537.36',
  'content-type' => 'application/json',
  'referer' => 'http://shuwen.admin.com/news',
  'accept-encoding' => 'gzip, deflate',
  'accept-language' => 'zh-CN,zh;q=0.9',
  'cookie' => '__utma=263463772.1899665212.1506839425.1508554965.1508632765.5; __utmz=263463772.1506839425.1.1.utmcsr=(direct)|utmccn=(direct)|utmcmd=(none)',
)
[ info ] [ PARAM ] array (
  'page' => 1,
  'limit' => 8,
  'category' => 'news',
)
[ info ] [ RUN ] app\index\controller\News->index[ /home/calf/admin/shuwen/application/index/controller/News.php ]
[ info ] [ DB ] INIT \think\mongo\Connection
[ info ] [ LOG ] INIT File
[ sql ] [ DB ] CONNECT:[ UseTime:0.000020s ] 
[ sql ] [ Mongo ] db.news.find({"$and":[{"deleteAt":{"$exists":false}},{"category.name":"news"}]}).limit(8); [ RunTime:0.000570s ]
[ sql ] [ Mongo ] db.count({"count":"news","query":{"$and":[{"deleteAt":{"$exists":false}},{"category.name":"news"}]},"limit":0}); [ RunTime:0.000470s ]
---------------------------------------------------------------
[ 2017-11-30T10:23:05+08:00 ] 127.0.0.1 127.0.0.1 POST /news
[ info ] shuwen.admin.com/news [运行时间：0.011229s][吞吐率：89.05req/s] [内存消耗：707.68kb] [文件加载：55]
[ info ] [ LANG ] /home/calf/admin//thinkphp/lang/zh-cn.php
[ info ] [ ROUTE ] array (
  'type' => 'module',
  'module' => 
  array (
    0 => 'index',
    1 => 'news',
    2 => 'index',
  ),
  'convert' => false,
)
[ info ] [ HEADER ] array (
  'host' => 'shuwen.admin.com',
  'connection' => 'keep-alive',
  'content-length' => '42',
  'accept' => 'application/json',
  'origin' => 'http://shuwen.admin.com',
  'user-agent' => 'Mozilla/5.0 (X11; Linux x86_64) AppleWebKit/537.36 (KHTML, like Gecko) Ubuntu Chromium/62.0.3202.94 Chrome/62.0.3202.94 Safari/537.36',
  'content-type' => 'application/json',
  'referer' => 'http://shuwen.admin.com/news',
  'accept-encoding' => 'gzip, deflate',
  'accept-language' => 'zh-CN,zh;q=0.9',
  'cookie' => '__utma=263463772.1899665212.1506839425.1508554965.1508632765.5; __utmz=263463772.1506839425.1.1.utmcsr=(direct)|utmccn=(direct)|utmcmd=(none)',
)
[ info ] [ PARAM ] array (
  'page' => 1,
  'limit' => 8,
  'category' => 'industry',
)
[ info ] [ RUN ] app\index\controller\News->index[ /home/calf/admin/shuwen/application/index/controller/News.php ]
[ info ] [ DB ] INIT \think\mongo\Connection
[ info ] [ LOG ] INIT File
[ sql ] [ DB ] CONNECT:[ UseTime:0.000096s ] 
[ sql ] [ Mongo ] db.news.find({"$and":[{"deleteAt":{"$exists":false}},{"category.name":"industry"}]}).limit(8); [ RunTime:0.000586s ]
[ sql ] [ Mongo ] db.count({"count":"news","query":{"$and":[{"deleteAt":{"$exists":false}},{"category.name":"industry"}]},"limit":0}); [ RunTime:0.000174s ]
---------------------------------------------------------------
[ 2017-11-30T10:23:06+08:00 ] 127.0.0.1 127.0.0.1 GET /news/detail/5a02acc1832787293221e9b2
[ info ] shuwen.admin.com/news/detail/5a02acc1832787293221e9b2 [运行时间：0.007353s][吞吐率：136.00req/s] [内存消耗：705.33kb] [文件加载：55]
[ info ] [ LANG ] /home/calf/admin//thinkphp/lang/zh-cn.php
[ info ] [ ROUTE ] array (
  'type' => 'module',
  'module' => 
  array (
    0 => 'index',
    1 => 'news',
    2 => 'detail',
  ),
  'convert' => false,
)
[ info ] [ HEADER ] array (
  'host' => 'shuwen.admin.com',
  'connection' => 'keep-alive',
  'upgrade-insecure-requests' => '1',
  'user-agent' => 'Mozilla/5.0 (X11; Linux x86_64) AppleWebKit/537.36 (KHTML, like Gecko) Ubuntu Chromium/62.0.3202.94 Chrome/62.0.3202.94 Safari/537.36',
  'accept' => 'text/html,application/xhtml+xml,application/xml;q=0.9,image/webp,image/apng,*/*;q=0.8',
  'referer' => 'http://shuwen.admin.com/news',
  'accept-encoding' => 'gzip, deflate',
  'accept-language' => 'zh-CN,zh;q=0.9',
  'cookie' => '__utma=263463772.1899665212.1506839425.1508554965.1508632765.5; __utmz=263463772.1506839425.1.1.utmcsr=(direct)|utmccn=(direct)|utmcmd=(none)',
)
[ info ] [ PARAM ] array (
  'id' => '5a02acc1832787293221e9b2',
)
[ info ] [ RUN ] app\index\controller\News->detail[ /home/calf/admin/shuwen/application/index/controller/News.php ]
[ info ] [ DB ] INIT \think\mongo\Connection
[ info ] [ VIEW ] /home/calf/admin/shuwen/application/index/view/news/detail.html [ array (
  0 => 'detail',
) ]
[ info ] [ LOG ] INIT File
[ sql ] [ DB ] CONNECT:[ UseTime:0.000013s ] 
[ sql ] [ Mongo ] db.news.find({"$and":[{"deleteAt":{"$exists":false}},{"_id":"5a02acc1832787293221e9b2"}]}).limit(1); [ RunTime:0.000809s ]
---------------------------------------------------------------
[ 2017-11-30T14:44:41+08:00 ] 127.0.0.1 127.0.0.1 GET /
[ info ] shuwen.admin.com/ [运行时间：0.079905s][吞吐率：12.51req/s] [内存消耗：782.86kb] [文件加载：56]
[ info ] [ LANG ] /home/calf/admin//thinkphp/lang/zh-cn.php
[ info ] [ ROUTE ] array (
  'type' => 'module',
  'module' => 
  array (
    0 => 'index',
    1 => 'index',
    2 => 'index',
  ),
  'convert' => false,
)
[ info ] [ HEADER ] array (
  'host' => 'shuwen.admin.com',
  'connection' => 'keep-alive',
  'upgrade-insecure-requests' => '1',
  'user-agent' => 'Mozilla/5.0 (X11; Linux x86_64) AppleWebKit/537.36 (KHTML, like Gecko) Ubuntu Chromium/62.0.3202.94 Chrome/62.0.3202.94 Safari/537.36',
  'accept' => 'text/html,application/xhtml+xml,application/xml;q=0.9,image/webp,image/apng,*/*;q=0.8',
  'referer' => 'http://shuwen.admin.com/news/detail/5a02acc1832787293221e9b2',
  'accept-encoding' => 'gzip, deflate',
  'accept-language' => 'zh-CN,zh;q=0.9',
  'cookie' => '__utma=263463772.1899665212.1506839425.1508554965.1508632765.5; __utmz=263463772.1506839425.1.1.utmcsr=(direct)|utmccn=(direct)|utmcmd=(none)',
)
[ info ] [ PARAM ] array (
)
[ info ] [ RUN ] app\index\controller\Index->index[ /home/calf/admin/shuwen/application/index/controller/Index.php ]
[ info ] [ DB ] INIT \think\mongo\Connection
[ info ] [ VIEW ] /home/calf/admin/shuwen/application/index/view/index/index.html [ array (
  0 => 'information',
  1 => 'contact',
  2 => 'notics',
) ]
[ info ] [ LOG ] INIT File
[ sql ] [ DB ] CONNECT:[ UseTime:0.000077s ] 
[ sql ] [ Mongo ] db.profile.find({"$and":[{"deleteAt":{"$exists":false}},{"name":"information"}]}).limit(1); [ RunTime:0.000942s ]
[ sql ] [ Mongo ] db.profile.find({"$and":[{"deleteAt":{"$exists":false}},{"name":"contact"}]}).limit(1); [ RunTime:0.000250s ]
[ sql ] [ Mongo ] db.news.find({"$and":[{"deleteAt":{"$exists":false}},{"category.name":"announcement"}]}).limit(8); [ RunTime:0.000288s ]
---------------------------------------------------------------
[ 2017-11-30T14:44:59+08:00 ] 127.0.0.1 127.0.0.1 GET /news
[ info ] shuwen.admin.com/news [运行时间：0.010978s][吞吐率：91.09req/s] [内存消耗：517.21kb] [文件加载：47]
[ info ] [ LANG ] /home/calf/admin//thinkphp/lang/zh-cn.php
[ info ] [ ROUTE ] array (
  'type' => 'module',
  'module' => 
  array (
    0 => 'index',
    1 => 'news',
    2 => 'index',
  ),
  'convert' => false,
)
[ info ] [ HEADER ] array (
  'host' => 'shuwen.admin.com',
  'connection' => 'keep-alive',
  'upgrade-insecure-requests' => '1',
  'user-agent' => 'Mozilla/5.0 (X11; Linux x86_64) AppleWebKit/537.36 (KHTML, like Gecko) Ubuntu Chromium/62.0.3202.94 Chrome/62.0.3202.94 Safari/537.36',
  'accept' => 'text/html,application/xhtml+xml,application/xml;q=0.9,image/webp,image/apng,*/*;q=0.8',
  'referer' => 'http://shuwen.admin.com/',
  'accept-encoding' => 'gzip, deflate',
  'accept-language' => 'zh-CN,zh;q=0.9',
  'cookie' => '__utma=263463772.1899665212.1506839425.1508554965.1508632765.5; __utmz=263463772.1506839425.1.1.utmcsr=(direct)|utmccn=(direct)|utmcmd=(none)',
)
[ info ] [ PARAM ] array (
)
[ info ] [ RUN ] app\index\controller\News->index[ /home/calf/admin/shuwen/application/index/controller/News.php ]
[ info ] [ VIEW ] /home/calf/admin/shuwen/application/index/view/news/index.html [ array (
) ]
[ info ] [ LOG ] INIT File
---------------------------------------------------------------
[ 2017-11-30T14:45:00+08:00 ] 127.0.0.1 127.0.0.1 POST /news
[ info ] shuwen.admin.com/news [运行时间：0.019247s][吞吐率：51.96req/s] [内存消耗：711.14kb] [文件加载：55]
[ info ] [ LANG ] /home/calf/admin//thinkphp/lang/zh-cn.php
[ info ] [ ROUTE ] array (
  'type' => 'module',
  'module' => 
  array (
    0 => 'index',
    1 => 'news',
    2 => 'index',
  ),
  'convert' => false,
)
[ info ] [ HEADER ] array (
  'host' => 'shuwen.admin.com',
  'connection' => 'keep-alive',
  'content-length' => '46',
  'accept' => 'application/json',
  'origin' => 'http://shuwen.admin.com',
  'user-agent' => 'Mozilla/5.0 (X11; Linux x86_64) AppleWebKit/537.36 (KHTML, like Gecko) Ubuntu Chromium/62.0.3202.94 Chrome/62.0.3202.94 Safari/537.36',
  'content-type' => 'application/json',
  'referer' => 'http://shuwen.admin.com/news',
  'accept-encoding' => 'gzip, deflate',
  'accept-language' => 'zh-CN,zh;q=0.9',
  'cookie' => '__utma=263463772.1899665212.1506839425.1508554965.1508632765.5; __utmz=263463772.1506839425.1.1.utmcsr=(direct)|utmccn=(direct)|utmcmd=(none)',
)
[ info ] [ PARAM ] array (
  'page' => 1,
  'limit' => 8,
  'category' => 'announcement',
)
[ info ] [ RUN ] app\index\controller\News->index[ /home/calf/admin/shuwen/application/index/controller/News.php ]
[ info ] [ DB ] INIT \think\mongo\Connection
[ info ] [ LOG ] INIT File
[ sql ] [ DB ] CONNECT:[ UseTime:0.000090s ] 
[ sql ] [ Mongo ] db.news.find({"$and":[{"deleteAt":{"$exists":false}},{"category.name":"announcement"}]}).limit(8); [ RunTime:0.000675s ]
[ sql ] [ Mongo ] db.count({"count":"news","query":{"$and":[{"deleteAt":{"$exists":false}},{"category.name":"announcement"}]},"limit":0}); [ RunTime:0.000217s ]
---------------------------------------------------------------
[ 2017-11-30T14:45:00+08:00 ] 127.0.0.1 127.0.0.1 POST /news
[ info ] shuwen.admin.com/news [运行时间：0.017776s][吞吐率：56.26req/s] [内存消耗：707.64kb] [文件加载：55]
[ info ] [ LANG ] /home/calf/admin//thinkphp/lang/zh-cn.php
[ info ] [ ROUTE ] array (
  'type' => 'module',
  'module' => 
  array (
    0 => 'index',
    1 => 'news',
    2 => 'index',
  ),
  'convert' => false,
)
[ info ] [ HEADER ] array (
  'host' => 'shuwen.admin.com',
  'connection' => 'keep-alive',
  'content-length' => '38',
  'accept' => 'application/json',
  'origin' => 'http://shuwen.admin.com',
  'user-agent' => 'Mozilla/5.0 (X11; Linux x86_64) AppleWebKit/537.36 (KHTML, like Gecko) Ubuntu Chromium/62.0.3202.94 Chrome/62.0.3202.94 Safari/537.36',
  'content-type' => 'application/json',
  'referer' => 'http://shuwen.admin.com/news',
  'accept-encoding' => 'gzip, deflate',
  'accept-language' => 'zh-CN,zh;q=0.9',
  'cookie' => '__utma=263463772.1899665212.1506839425.1508554965.1508632765.5; __utmz=263463772.1506839425.1.1.utmcsr=(direct)|utmccn=(direct)|utmcmd=(none)',
)
[ info ] [ PARAM ] array (
  'page' => 1,
  'limit' => 8,
  'category' => 'news',
)
[ info ] [ RUN ] app\index\controller\News->index[ /home/calf/admin/shuwen/application/index/controller/News.php ]
[ info ] [ DB ] INIT \think\mongo\Connection
[ info ] [ LOG ] INIT File
[ sql ] [ DB ] CONNECT:[ UseTime:0.000091s ] 
[ sql ] [ Mongo ] db.news.find({"$and":[{"deleteAt":{"$exists":false}},{"category.name":"news"}]}).limit(8); [ RunTime:0.004226s ]
[ sql ] [ Mongo ] db.count({"count":"news","query":{"$and":[{"deleteAt":{"$exists":false}},{"category.name":"news"}]},"limit":0}); [ RunTime:0.000611s ]
---------------------------------------------------------------
[ 2017-11-30T14:45:00+08:00 ] 127.0.0.1 127.0.0.1 POST /news
[ info ] shuwen.admin.com/news [运行时间：0.017221s][吞吐率：58.07req/s] [内存消耗：707.68kb] [文件加载：55]
[ info ] [ LANG ] /home/calf/admin//thinkphp/lang/zh-cn.php
[ info ] [ ROUTE ] array (
  'type' => 'module',
  'module' => 
  array (
    0 => 'index',
    1 => 'news',
    2 => 'index',
  ),
  'convert' => false,
)
[ info ] [ HEADER ] array (
  'host' => 'shuwen.admin.com',
  'connection' => 'keep-alive',
  'content-length' => '42',
  'accept' => 'application/json',
  'origin' => 'http://shuwen.admin.com',
  'user-agent' => 'Mozilla/5.0 (X11; Linux x86_64) AppleWebKit/537.36 (KHTML, like Gecko) Ubuntu Chromium/62.0.3202.94 Chrome/62.0.3202.94 Safari/537.36',
  'content-type' => 'application/json',
  'referer' => 'http://shuwen.admin.com/news',
  'accept-encoding' => 'gzip, deflate',
  'accept-language' => 'zh-CN,zh;q=0.9',
  'cookie' => '__utma=263463772.1899665212.1506839425.1508554965.1508632765.5; __utmz=263463772.1506839425.1.1.utmcsr=(direct)|utmccn=(direct)|utmcmd=(none)',
)
[ info ] [ PARAM ] array (
  'page' => 1,
  'limit' => 8,
  'category' => 'industry',
)
[ info ] [ RUN ] app\index\controller\News->index[ /home/calf/admin/shuwen/application/index/controller/News.php ]
[ info ] [ DB ] INIT \think\mongo\Connection
[ info ] [ LOG ] INIT File
[ sql ] [ DB ] CONNECT:[ UseTime:0.000121s ] 
[ sql ] [ Mongo ] db.news.find({"$and":[{"deleteAt":{"$exists":false}},{"category.name":"industry"}]}).limit(8); [ RunTime:0.000890s ]
[ sql ] [ Mongo ] db.count({"count":"news","query":{"$and":[{"deleteAt":{"$exists":false}},{"category.name":"industry"}]},"limit":0}); [ RunTime:0.000318s ]
---------------------------------------------------------------
[ 2017-11-30T14:45:12+08:00 ] 127.0.0.1 127.0.0.1 GET /search?title=%E8%A1%8C%E4%B8%9A
[ info ] shuwen.admin.com/search?title=%E8%A1%8C%E4%B8%9A [运行时间：0.014129s][吞吐率：70.78req/s] [内存消耗：517.95kb] [文件加载：47]
[ info ] [ LANG ] /home/calf/admin//thinkphp/lang/zh-cn.php
[ info ] [ ROUTE ] array (
  'type' => 'module',
  'module' => 
  array (
    0 => 'index',
    1 => 'search',
    2 => 'index',
  ),
  'convert' => false,
)
[ info ] [ HEADER ] array (
  'host' => 'shuwen.admin.com',
  'connection' => 'keep-alive',
  'upgrade-insecure-requests' => '1',
  'user-agent' => 'Mozilla/5.0 (X11; Linux x86_64) AppleWebKit/537.36 (KHTML, like Gecko) Ubuntu Chromium/62.0.3202.94 Chrome/62.0.3202.94 Safari/537.36',
  'accept' => 'text/html,application/xhtml+xml,application/xml;q=0.9,image/webp,image/apng,*/*;q=0.8',
  'referer' => 'http://shuwen.admin.com/news',
  'accept-encoding' => 'gzip, deflate',
  'accept-language' => 'zh-CN,zh;q=0.9',
  'cookie' => '__utma=263463772.1899665212.1506839425.1508554965.1508632765.5; __utmz=263463772.1506839425.1.1.utmcsr=(direct)|utmccn=(direct)|utmcmd=(none)',
)
[ info ] [ PARAM ] array (
  'title' => '行业',
)
[ info ] [ RUN ] app\index\controller\Search->index[ /home/calf/admin/shuwen/application/index/controller/Search.php ]
[ info ] [ VIEW ] /home/calf/admin/shuwen/application/index/view/search/index.html [ array (
  0 => 'title',
) ]
[ info ] [ LOG ] INIT File
---------------------------------------------------------------
[ 2017-11-30T14:45:13+08:00 ] 127.0.0.1 127.0.0.1 POST /news
[ info ] shuwen.admin.com/news [运行时间：0.009090s][吞吐率：110.01req/s] [内存消耗：708.45kb] [文件加载：55]
[ info ] [ LANG ] /home/calf/admin//thinkphp/lang/zh-cn.php
[ info ] [ ROUTE ] array (
  'type' => 'module',
  'module' => 
  array (
    0 => 'index',
    1 => 'news',
    2 => 'index',
  ),
  'convert' => false,
)
[ info ] [ HEADER ] array (
  'host' => 'shuwen.admin.com',
  'connection' => 'keep-alive',
  'content-length' => '37',
  'accept' => 'application/json',
  'origin' => 'http://shuwen.admin.com',
  'user-agent' => 'Mozilla/5.0 (X11; Linux x86_64) AppleWebKit/537.36 (KHTML, like Gecko) Ubuntu Chromium/62.0.3202.94 Chrome/62.0.3202.94 Safari/537.36',
  'content-type' => 'application/json',
  'referer' => 'http://shuwen.admin.com/search?title=%E8%A1%8C%E4%B8%9A',
  'accept-encoding' => 'gzip, deflate',
  'accept-language' => 'zh-CN,zh;q=0.9',
  'cookie' => '__utma=263463772.1899665212.1506839425.1508554965.1508632765.5; __utmz=263463772.1506839425.1.1.utmcsr=(direct)|utmccn=(direct)|utmcmd=(none)',
)
[ info ] [ PARAM ] array (
  'page' => 1,
  'limit' => 8,
  'title' => '行业',
)
[ info ] [ RUN ] app\index\controller\News->index[ /home/calf/admin/shuwen/application/index/controller/News.php ]
[ info ] [ DB ] INIT \think\mongo\Connection
[ info ] [ LOG ] INIT File
[ sql ] [ DB ] CONNECT:[ UseTime:0.000089s ] 
[ sql ] [ Mongo ] db.news.find({"$and":[{"deleteAt":{"$exists":false}},{"title":{"$regex":"\u884c\u4e1a","$options":"i"}}]}).limit(8); [ RunTime:0.000760s ]
[ sql ] [ Mongo ] db.count({"count":"news","query":{"$and":[{"deleteAt":{"$exists":false}},{"title":{"$regex":"\u884c\u4e1a","$options":"i"}}]},"limit":0}); [ RunTime:0.000723s ]
---------------------------------------------------------------
[ 2017-11-30T14:45:21+08:00 ] 127.0.0.1 127.0.0.1 GET /
[ info ] shuwen.admin.com/ [运行时间：0.015162s][吞吐率：65.95req/s] [内存消耗：761.92kb] [文件加载：56]
[ info ] [ LANG ] /home/calf/admin//thinkphp/lang/zh-cn.php
[ info ] [ ROUTE ] array (
  'type' => 'module',
  'module' => 
  array (
    0 => 'index',
    1 => 'index',
    2 => 'index',
  ),
  'convert' => false,
)
[ info ] [ HEADER ] array (
  'host' => 'shuwen.admin.com',
  'connection' => 'keep-alive',
  'upgrade-insecure-requests' => '1',
  'user-agent' => 'Mozilla/5.0 (X11; Linux x86_64) AppleWebKit/537.36 (KHTML, like Gecko) Ubuntu Chromium/62.0.3202.94 Chrome/62.0.3202.94 Safari/537.36',
  'accept' => 'text/html,application/xhtml+xml,application/xml;q=0.9,image/webp,image/apng,*/*;q=0.8',
  'referer' => 'http://shuwen.admin.com/search?title=%E8%A1%8C%E4%B8%9A',
  'accept-encoding' => 'gzip, deflate',
  'accept-language' => 'zh-CN,zh;q=0.9',
  'cookie' => '__utma=263463772.1899665212.1506839425.1508554965.1508632765.5; __utmz=263463772.1506839425.1.1.utmcsr=(direct)|utmccn=(direct)|utmcmd=(none)',
)
[ info ] [ PARAM ] array (
)
[ info ] [ RUN ] app\index\controller\Index->index[ /home/calf/admin/shuwen/application/index/controller/Index.php ]
[ info ] [ DB ] INIT \think\mongo\Connection
[ info ] [ VIEW ] /home/calf/admin/shuwen/application/index/view/index/index.html [ array (
  0 => 'information',
  1 => 'contact',
  2 => 'notics',
) ]
[ info ] [ LOG ] INIT File
[ sql ] [ DB ] CONNECT:[ UseTime:0.000090s ] 
[ sql ] [ Mongo ] db.profile.find({"$and":[{"deleteAt":{"$exists":false}},{"name":"information"}]}).limit(1); [ RunTime:0.000850s ]
[ sql ] [ Mongo ] db.profile.find({"$and":[{"deleteAt":{"$exists":false}},{"name":"contact"}]}).limit(1); [ RunTime:0.000214s ]
[ sql ] [ Mongo ] db.news.find({"$and":[{"deleteAt":{"$exists":false}},{"category.name":"announcement"}]}).limit(8); [ RunTime:0.000213s ]
---------------------------------------------------------------
[ 2017-11-30T14:45:25+08:00 ] 127.0.0.1 127.0.0.1 GET /education
[ info ] shuwen.admin.com/education [运行时间：0.006677s][吞吐率：149.77req/s] [内存消耗：516.33kb] [文件加载：47]
[ info ] [ LANG ] /home/calf/admin//thinkphp/lang/zh-cn.php
[ info ] [ ROUTE ] array (
  'type' => 'module',
  'module' => 
  array (
    0 => 'index',
    1 => 'education',
    2 => 'index',
  ),
  'convert' => false,
)
[ info ] [ HEADER ] array (
  'host' => 'shuwen.admin.com',
  'connection' => 'keep-alive',
  'upgrade-insecure-requests' => '1',
  'user-agent' => 'Mozilla/5.0 (X11; Linux x86_64) AppleWebKit/537.36 (KHTML, like Gecko) Ubuntu Chromium/62.0.3202.94 Chrome/62.0.3202.94 Safari/537.36',
  'accept' => 'text/html,application/xhtml+xml,application/xml;q=0.9,image/webp,image/apng,*/*;q=0.8',
  'referer' => 'http://shuwen.admin.com/',
  'accept-encoding' => 'gzip, deflate',
  'accept-language' => 'zh-CN,zh;q=0.9',
  'cookie' => '__utma=263463772.1899665212.1506839425.1508554965.1508632765.5; __utmz=263463772.1506839425.1.1.utmcsr=(direct)|utmccn=(direct)|utmcmd=(none)',
)
[ info ] [ PARAM ] array (
)
[ info ] [ RUN ] app\index\controller\Education->index[ /home/calf/admin/shuwen/application/index/controller/Education.php ]
[ info ] [ VIEW ] /home/calf/admin/shuwen/application/index/view/education/index.html [ array (
) ]
[ info ] [ LOG ] INIT File
---------------------------------------------------------------
[ 2017-11-30T14:45:26+08:00 ] 127.0.0.1 127.0.0.1 POST /education
[ info ] shuwen.admin.com/education [运行时间：0.009083s][吞吐率：110.10req/s] [内存消耗：709.57kb] [文件加载：55]
[ info ] [ LANG ] /home/calf/admin//thinkphp/lang/zh-cn.php
[ info ] [ ROUTE ] array (
  'type' => 'module',
  'module' => 
  array (
    0 => 'index',
    1 => 'education',
    2 => 'index',
  ),
  'convert' => false,
)
[ info ] [ HEADER ] array (
  'host' => 'shuwen.admin.com',
  'connection' => 'keep-alive',
  'content-length' => '13',
  'accept' => 'application/json',
  'origin' => 'http://shuwen.admin.com',
  'user-agent' => 'Mozilla/5.0 (X11; Linux x86_64) AppleWebKit/537.36 (KHTML, like Gecko) Ubuntu Chromium/62.0.3202.94 Chrome/62.0.3202.94 Safari/537.36',
  'content-type' => 'application/json',
  'referer' => 'http://shuwen.admin.com/education',
  'accept-encoding' => 'gzip, deflate',
  'accept-language' => 'zh-CN,zh;q=0.9',
  'cookie' => '__utma=263463772.1899665212.1506839425.1508554965.1508632765.5; __utmz=263463772.1506839425.1.1.utmcsr=(direct)|utmccn=(direct)|utmcmd=(none)',
)
[ info ] [ PARAM ] array (
  'time' => true,
)
[ info ] [ RUN ] app\index\controller\Education->index[ /home/calf/admin/shuwen/application/index/controller/Education.php ]
[ info ] [ DB ] INIT \think\mongo\Connection
[ info ] [ LOG ] INIT File
[ sql ] [ DB ] CONNECT:[ UseTime:0.000019s ] 
[ sql ] [ Mongo ] db.education.find({"$and":[{"deleteAt":{"$exists":false}}]}).limit(0); [ RunTime:0.001340s ]
---------------------------------------------------------------
[ 2017-11-30T14:45:26+08:00 ] 127.0.0.1 127.0.0.1 POST /education
[ info ] shuwen.admin.com/education [运行时间：0.011190s][吞吐率：89.37req/s] [内存消耗：732.91kb] [文件加载：58]
[ info ] [ LANG ] /home/calf/admin//thinkphp/lang/zh-cn.php
[ info ] [ ROUTE ] array (
  'type' => 'module',
  'module' => 
  array (
    0 => 'index',
    1 => 'education',
    2 => 'index',
  ),
  'convert' => false,
)
[ info ] [ HEADER ] array (
  'host' => 'shuwen.admin.com',
  'connection' => 'keep-alive',
  'content-length' => '20',
  'accept' => 'application/json',
  'origin' => 'http://shuwen.admin.com',
  'user-agent' => 'Mozilla/5.0 (X11; Linux x86_64) AppleWebKit/537.36 (KHTML, like Gecko) Ubuntu Chromium/62.0.3202.94 Chrome/62.0.3202.94 Safari/537.36',
  'content-type' => 'application/json',
  'referer' => 'http://shuwen.admin.com/education',
  'accept-encoding' => 'gzip, deflate',
  'accept-language' => 'zh-CN,zh;q=0.9',
  'cookie' => '__utma=263463772.1899665212.1506839425.1508554965.1508632765.5; __utmz=263463772.1506839425.1.1.utmcsr=(direct)|utmccn=(direct)|utmcmd=(none)',
)
[ info ] [ PARAM ] array (
  'page' => 1,
  'limit' => 4,
)
[ info ] [ RUN ] app\index\controller\Education->index[ /home/calf/admin/shuwen/application/index/controller/Education.php ]
[ info ] [ DB ] INIT \think\mongo\Connection
[ info ] [ LOG ] INIT File
[ error ] [8]未定义变量: map[/home/calf/admin/shuwen/application/index/controller/Education.php:17]
[ error ] [8]未定义变量: map[/home/calf/admin/shuwen/application/index/controller/Education.php:18]
[ sql ] [ DB ] CONNECT:[ UseTime:0.000018s ] 
[ sql ] [ Mongo ] db.education.find({"$and":[{"deleteAt":{"$exists":false}}]}).limit(4); [ RunTime:0.000475s ]
[ sql ] [ Mongo ] db.count({"count":"education","query":{"$and":[{"deleteAt":{"$exists":false}}]},"limit":0}); [ RunTime:0.000210s ]
