---------------------------------------------------------------
[ 2017-12-26T17:29:26+08:00 ] 127.0.0.1 127.0.0.1 GET /
[ info ] hunan.admin.com/ [运行时间：0.026961s][吞吐率：37.09req/s] [内存消耗：505.84kb] [文件加载：53]
[ info ] [ LANG ] /home/calf/admin//thinkphp/lang/zh-cn.php
[ info ] [ ROUTE ] array (
  'type' => 'module',
  'module' => 
  array (
    0 => 'index',
    1 => 'index',
    2 => 'index',
  ),
  'convert' => false,
)
[ info ] [ HEADER ] array (
  'host' => 'hunan.admin.com',
  'connection' => 'keep-alive',
  'user-agent' => 'Mozilla/5.0 (X11; Linux x86_64) AppleWebKit/537.36 (KHTML, like Gecko) Ubuntu Chromium/63.0.3239.84 Chrome/63.0.3239.84 Safari/537.36',
  'upgrade-insecure-requests' => '1',
  'accept' => 'text/html,application/xhtml+xml,application/xml;q=0.9,image/webp,image/apng,*/*;q=0.8',
  'accept-encoding' => 'gzip, deflate',
  'accept-language' => 'zh-CN,zh;q=0.9',
  'cookie' => '__utma=263463772.1899665212.1506839425.1508554965.1508632765.5; __utmz=263463772.1506839425.1.1.utmcsr=(direct)|utmccn=(direct)|utmcmd=(none)',
)
[ info ] [ PARAM ] array (
)
[ info ] [ RUN ] app\index\controller\Index->index[ /home/calf/admin/hunan/application/index/controller/Index.php ]
[ info ] [ VIEW ] /home/calf/admin/hunan/application/index/view/index/index.html [ array (
) ]
[ info ] [ LOG ] INIT File
---------------------------------------------------------------
[ 2017-12-26T18:56:43+08:00 ] 127.0.0.1 127.0.0.1 GET /v/venue/exhibit/list
[ info ] hunan.admin.com/v/venue/exhibit/list [运行时间：0.008306s][吞吐率：120.39req/s] [内存消耗：502.64kb] [文件加载：53]
[ info ] [ LANG ] /home/calf/admin//thinkphp/lang/zh-cn.php
[ info ] [ ROUTE ] array (
  'type' => 'module',
  'module' => 
  array (
    0 => 'index',
    1 => 'index',
    2 => 'index',
  ),
  'convert' => false,
)
[ info ] [ HEADER ] array (
  'host' => 'hunan.admin.com',
  'connection' => 'keep-alive',
  'cache-control' => 'max-age=0',
  'user-agent' => 'Mozilla/5.0 (X11; Linux x86_64) AppleWebKit/537.36 (KHTML, like Gecko) Ubuntu Chromium/63.0.3239.84 Chrome/63.0.3239.84 Safari/537.36',
  'upgrade-insecure-requests' => '1',
  'accept' => 'text/html,application/xhtml+xml,application/xml;q=0.9,image/webp,image/apng,*/*;q=0.8',
  'accept-encoding' => 'gzip, deflate',
  'accept-language' => 'zh-CN,zh;q=0.9',
  'cookie' => '__utma=263463772.1899665212.1506839425.1508554965.1508632765.5; __utmz=263463772.1506839425.1.1.utmcsr=(direct)|utmccn=(direct)|utmcmd=(none); thinkphp_show_page_trace=0|0',
)
[ info ] [ PARAM ] array (
  'v' => 'venue',
  'exhibit' => 'list',
)
[ info ] [ RUN ] app\index\controller\Index->index[ /home/calf/admin/hunan/application/index/controller/Index.php ]
[ info ] [ VIEW ] /home/calf/admin/hunan/application/index/view/index/index.html [ array (
) ]
[ info ] [ LOG ] INIT File
