---------------------------------------------------------------
[ 2017-12-06T17:05:50+08:00 ] 127.0.0.1 127.0.0.1 GET /
[ info ] shuwen.admin.com/ [运行时间：0.025067s][吞吐率：39.89req/s] [内存消耗：766.12kb] [文件加载：56]
[ info ] [ LANG ] /home/calf/admin//thinkphp/lang/zh-cn.php
[ info ] [ ROUTE ] array (
  'type' => 'module',
  'module' => 
  array (
    0 => 'index',
    1 => 'index',
    2 => 'index',
  ),
  'convert' => false,
)
[ info ] [ HEADER ] array (
  'host' => 'shuwen.admin.com',
  'connection' => 'keep-alive',
  'upgrade-insecure-requests' => '1',
  'user-agent' => 'Mozilla/5.0 (X11; Linux x86_64) AppleWebKit/537.36 (KHTML, like Gecko) Ubuntu Chromium/62.0.3202.94 Chrome/62.0.3202.94 Safari/537.36',
  'accept' => 'text/html,application/xhtml+xml,application/xml;q=0.9,image/webp,image/apng,*/*;q=0.8',
  'accept-encoding' => 'gzip, deflate',
  'accept-language' => 'zh-CN,zh;q=0.9',
  'cookie' => '__utma=263463772.1899665212.1506839425.1508554965.1508632765.5; __utmz=263463772.1506839425.1.1.utmcsr=(direct)|utmccn=(direct)|utmcmd=(none)',
)
[ info ] [ PARAM ] array (
)
[ info ] [ RUN ] app\index\controller\Index->index[ /home/calf/admin/shuwen/application/index/controller/Index.php ]
[ info ] [ DB ] INIT \think\mongo\Connection
[ info ] [ VIEW ] /home/calf/admin/shuwen/application/index/view/index/index.html [ array (
  0 => 'information',
  1 => 'contact',
  2 => 'notics',
) ]
[ info ] [ LOG ] INIT File
[ sql ] [ DB ] CONNECT:[ UseTime:0.000083s ] 
[ sql ] [ Mongo ] db.profile.find({"$and":[{"deleteAt":{"$exists":false}},{"name":"information"}]}).limit(1); [ RunTime:0.001483s ]
[ sql ] [ Mongo ] db.profile.find({"$and":[{"deleteAt":{"$exists":false}},{"name":"contact"}]}).limit(1); [ RunTime:0.000226s ]
[ sql ] [ Mongo ] db.news.find({"$and":[{"deleteAt":{"$exists":false}},{"category.name":"announcement"}]}).limit(8); [ RunTime:0.000773s ]
---------------------------------------------------------------
[ 2017-12-06T17:05:55+08:00 ] 127.0.0.1 127.0.0.1 GET /exhibition
[ info ] shuwen.admin.com/exhibition [运行时间：0.021593s][吞吐率：46.31req/s] [内存消耗：703.14kb] [文件加载：55]
[ info ] [ LANG ] /home/calf/admin//thinkphp/lang/zh-cn.php
[ info ] [ ROUTE ] array (
  'type' => 'module',
  'module' => 
  array (
    0 => 'index',
    1 => 'exhibition',
    2 => 'index',
  ),
  'convert' => false,
)
[ info ] [ HEADER ] array (
  'host' => 'shuwen.admin.com',
  'connection' => 'keep-alive',
  'upgrade-insecure-requests' => '1',
  'user-agent' => 'Mozilla/5.0 (X11; Linux x86_64) AppleWebKit/537.36 (KHTML, like Gecko) Ubuntu Chromium/62.0.3202.94 Chrome/62.0.3202.94 Safari/537.36',
  'accept' => 'text/html,application/xhtml+xml,application/xml;q=0.9,image/webp,image/apng,*/*;q=0.8',
  'referer' => 'http://shuwen.admin.com/',
  'accept-encoding' => 'gzip, deflate',
  'accept-language' => 'zh-CN,zh;q=0.9',
  'cookie' => '__utma=263463772.1899665212.1506839425.1508554965.1508632765.5; __utmz=263463772.1506839425.1.1.utmcsr=(direct)|utmccn=(direct)|utmcmd=(none)',
)
[ info ] [ PARAM ] array (
)
[ info ] [ RUN ] app\index\controller\Exhibition->index[ /home/calf/admin/shuwen/application/index/controller/Exhibition.php ]
[ info ] [ DB ] INIT \think\mongo\Connection
[ info ] [ VIEW ] /home/calf/admin/shuwen/application/index/view/exhibition/index.html [ array (
  0 => 'sliders',
) ]
[ info ] [ LOG ] INIT File
[ sql ] [ DB ] CONNECT:[ UseTime:0.000032s ] 
[ sql ] [ Mongo ] db.exhibition.find({"$and":[{"deleteAt":{"$exists":false}},{"isSlider":true}]}).limit(0); [ RunTime:0.000875s ]
---------------------------------------------------------------
[ 2017-12-06T17:05:56+08:00 ] 127.0.0.1 127.0.0.1 POST /exhibition
[ info ] shuwen.admin.com/exhibition [运行时间：0.010226s][吞吐率：97.79req/s] [内存消耗：704.90kb] [文件加载：55]
[ info ] [ LANG ] /home/calf/admin//thinkphp/lang/zh-cn.php
[ info ] [ ROUTE ] array (
  'type' => 'module',
  'module' => 
  array (
    0 => 'index',
    1 => 'exhibition',
    2 => 'index',
  ),
  'convert' => false,
)
[ info ] [ HEADER ] array (
  'host' => 'shuwen.admin.com',
  'connection' => 'keep-alive',
  'content-length' => '2',
  'accept' => 'application/json',
  'origin' => 'http://shuwen.admin.com',
  'user-agent' => 'Mozilla/5.0 (X11; Linux x86_64) AppleWebKit/537.36 (KHTML, like Gecko) Ubuntu Chromium/62.0.3202.94 Chrome/62.0.3202.94 Safari/537.36',
  'content-type' => 'application/json',
  'referer' => 'http://shuwen.admin.com/exhibition',
  'accept-encoding' => 'gzip, deflate',
  'accept-language' => 'zh-CN,zh;q=0.9',
  'cookie' => '__utma=263463772.1899665212.1506839425.1508554965.1508632765.5; __utmz=263463772.1506839425.1.1.utmcsr=(direct)|utmccn=(direct)|utmcmd=(none)',
)
[ info ] [ PARAM ] array (
)
[ info ] [ RUN ] app\index\controller\Exhibition->index[ /home/calf/admin/shuwen/application/index/controller/Exhibition.php ]
[ info ] [ DB ] INIT \think\mongo\Connection
[ info ] [ LOG ] INIT File
[ sql ] [ DB ] CONNECT:[ UseTime:0.000063s ] 
[ sql ] [ Mongo ] db.exhibition.find({"$and":[{"deleteAt":{"$exists":false}}]}).limit(0); [ RunTime:0.000545s ]
---------------------------------------------------------------
[ 2017-12-06T17:06:01+08:00 ] 127.0.0.1 127.0.0.1 GET /collection
[ info ] shuwen.admin.com/collection [运行时间：0.026344s][吞吐率：37.96req/s] [内存消耗：704.11kb] [文件加载：55]
[ info ] [ LANG ] /home/calf/admin//thinkphp/lang/zh-cn.php
[ info ] [ ROUTE ] array (
  'type' => 'module',
  'module' => 
  array (
    0 => 'index',
    1 => 'collection',
    2 => 'index',
  ),
  'convert' => false,
)
[ info ] [ HEADER ] array (
  'host' => 'shuwen.admin.com',
  'connection' => 'keep-alive',
  'upgrade-insecure-requests' => '1',
  'user-agent' => 'Mozilla/5.0 (X11; Linux x86_64) AppleWebKit/537.36 (KHTML, like Gecko) Ubuntu Chromium/62.0.3202.94 Chrome/62.0.3202.94 Safari/537.36',
  'accept' => 'text/html,application/xhtml+xml,application/xml;q=0.9,image/webp,image/apng,*/*;q=0.8',
  'referer' => 'http://shuwen.admin.com/exhibition',
  'accept-encoding' => 'gzip, deflate',
  'accept-language' => 'zh-CN,zh;q=0.9',
  'cookie' => '__utma=263463772.1899665212.1506839425.1508554965.1508632765.5; __utmz=263463772.1506839425.1.1.utmcsr=(direct)|utmccn=(direct)|utmcmd=(none)',
)
[ info ] [ PARAM ] array (
)
[ info ] [ RUN ] app\index\controller\Collection->index[ /home/calf/admin/shuwen/application/index/controller/Collection.php ]
[ info ] [ DB ] INIT \think\mongo\Connection
[ info ] [ VIEW ] /home/calf/admin/shuwen/application/index/view/collection/index.html [ array (
  0 => 'sliders',
) ]
[ info ] [ LOG ] INIT File
[ sql ] [ DB ] CONNECT:[ UseTime:0.000092s ] 
[ sql ] [ Mongo ] db.collection.find({"$and":[{"deleteAt":{"$exists":false}},{"isSlider":true}]}).limit(0); [ RunTime:0.001244s ]
---------------------------------------------------------------
[ 2017-12-06T17:06:02+08:00 ] 127.0.0.1 127.0.0.1 POST /collection
[ info ] shuwen.admin.com/collection [运行时间：0.009221s][吞吐率：108.45req/s] [内存消耗：728.84kb] [文件加载：58]
[ info ] [ LANG ] /home/calf/admin//thinkphp/lang/zh-cn.php
[ info ] [ ROUTE ] array (
  'type' => 'module',
  'module' => 
  array (
    0 => 'index',
    1 => 'collection',
    2 => 'index',
  ),
  'convert' => false,
)
[ info ] [ HEADER ] array (
  'host' => 'shuwen.admin.com',
  'connection' => 'keep-alive',
  'content-length' => '20',
  'accept' => 'application/json',
  'origin' => 'http://shuwen.admin.com',
  'user-agent' => 'Mozilla/5.0 (X11; Linux x86_64) AppleWebKit/537.36 (KHTML, like Gecko) Ubuntu Chromium/62.0.3202.94 Chrome/62.0.3202.94 Safari/537.36',
  'content-type' => 'application/json',
  'referer' => 'http://shuwen.admin.com/collection',
  'accept-encoding' => 'gzip, deflate',
  'accept-language' => 'zh-CN,zh;q=0.9',
  'cookie' => '__utma=263463772.1899665212.1506839425.1508554965.1508632765.5; __utmz=263463772.1506839425.1.1.utmcsr=(direct)|utmccn=(direct)|utmcmd=(none)',
)
[ info ] [ PARAM ] array (
  'page' => 1,
  'limit' => 8,
)
[ info ] [ RUN ] app\index\controller\Collection->index[ /home/calf/admin/shuwen/application/index/controller/Collection.php ]
[ info ] [ DB ] INIT \think\mongo\Connection
[ info ] [ LOG ] INIT File
[ error ] [8]未定义变量: map[/home/calf/admin/shuwen/application/index/controller/Collection.php:13]
[ error ] [8]未定义变量: map[/home/calf/admin/shuwen/application/index/controller/Collection.php:14]
[ sql ] [ DB ] CONNECT:[ UseTime:0.000075s ] 
[ sql ] [ Mongo ] db.collection.find({"$and":[{"deleteAt":{"$exists":false}}]}).limit(8); [ RunTime:0.000556s ]
[ sql ] [ Mongo ] db.count({"count":"collection","query":{"$and":[{"deleteAt":{"$exists":false}}]},"limit":0}); [ RunTime:0.000200s ]
---------------------------------------------------------------
[ 2017-12-06T17:06:06+08:00 ] 127.0.0.1 127.0.0.1 GET /education
[ info ] shuwen.admin.com/education [运行时间：0.018231s][吞吐率：54.85req/s] [内存消耗：516.38kb] [文件加载：47]
[ info ] [ LANG ] /home/calf/admin//thinkphp/lang/zh-cn.php
[ info ] [ ROUTE ] array (
  'type' => 'module',
  'module' => 
  array (
    0 => 'index',
    1 => 'education',
    2 => 'index',
  ),
  'convert' => false,
)
[ info ] [ HEADER ] array (
  'host' => 'shuwen.admin.com',
  'connection' => 'keep-alive',
  'upgrade-insecure-requests' => '1',
  'user-agent' => 'Mozilla/5.0 (X11; Linux x86_64) AppleWebKit/537.36 (KHTML, like Gecko) Ubuntu Chromium/62.0.3202.94 Chrome/62.0.3202.94 Safari/537.36',
  'accept' => 'text/html,application/xhtml+xml,application/xml;q=0.9,image/webp,image/apng,*/*;q=0.8',
  'referer' => 'http://shuwen.admin.com/collection',
  'accept-encoding' => 'gzip, deflate',
  'accept-language' => 'zh-CN,zh;q=0.9',
  'cookie' => '__utma=263463772.1899665212.1506839425.1508554965.1508632765.5; __utmz=263463772.1506839425.1.1.utmcsr=(direct)|utmccn=(direct)|utmcmd=(none)',
)
[ info ] [ PARAM ] array (
)
[ info ] [ RUN ] app\index\controller\Education->index[ /home/calf/admin/shuwen/application/index/controller/Education.php ]
[ info ] [ VIEW ] /home/calf/admin/shuwen/application/index/view/education/index.html [ array (
) ]
[ info ] [ LOG ] INIT File
---------------------------------------------------------------
[ 2017-12-06T17:06:07+08:00 ] 127.0.0.1 127.0.0.1 POST /education
[ info ] shuwen.admin.com/education [运行时间：0.014591s][吞吐率：68.53req/s] [内存消耗：709.57kb] [文件加载：55]
[ info ] [ LANG ] /home/calf/admin//thinkphp/lang/zh-cn.php
[ info ] [ ROUTE ] array (
  'type' => 'module',
  'module' => 
  array (
    0 => 'index',
    1 => 'education',
    2 => 'index',
  ),
  'convert' => false,
)
[ info ] [ HEADER ] array (
  'host' => 'shuwen.admin.com',
  'connection' => 'keep-alive',
  'content-length' => '13',
  'accept' => 'application/json',
  'origin' => 'http://shuwen.admin.com',
  'user-agent' => 'Mozilla/5.0 (X11; Linux x86_64) AppleWebKit/537.36 (KHTML, like Gecko) Ubuntu Chromium/62.0.3202.94 Chrome/62.0.3202.94 Safari/537.36',
  'content-type' => 'application/json',
  'referer' => 'http://shuwen.admin.com/education',
  'accept-encoding' => 'gzip, deflate',
  'accept-language' => 'zh-CN,zh;q=0.9',
  'cookie' => '__utma=263463772.1899665212.1506839425.1508554965.1508632765.5; __utmz=263463772.1506839425.1.1.utmcsr=(direct)|utmccn=(direct)|utmcmd=(none)',
)
[ info ] [ PARAM ] array (
  'time' => true,
)
[ info ] [ RUN ] app\index\controller\Education->index[ /home/calf/admin/shuwen/application/index/controller/Education.php ]
[ info ] [ DB ] INIT \think\mongo\Connection
[ info ] [ LOG ] INIT File
[ sql ] [ DB ] CONNECT:[ UseTime:0.000022s ] 
[ sql ] [ Mongo ] db.education.find({"$and":[{"deleteAt":{"$exists":false}}]}).limit(0); [ RunTime:0.001573s ]
---------------------------------------------------------------
[ 2017-12-06T17:06:07+08:00 ] 127.0.0.1 127.0.0.1 POST /education
[ info ] shuwen.admin.com/education [运行时间：0.010983s][吞吐率：91.05req/s] [内存消耗：728.83kb] [文件加载：58]
[ info ] [ LANG ] /home/calf/admin//thinkphp/lang/zh-cn.php
[ info ] [ ROUTE ] array (
  'type' => 'module',
  'module' => 
  array (
    0 => 'index',
    1 => 'education',
    2 => 'index',
  ),
  'convert' => false,
)
[ info ] [ HEADER ] array (
  'host' => 'shuwen.admin.com',
  'connection' => 'keep-alive',
  'content-length' => '20',
  'accept' => 'application/json',
  'origin' => 'http://shuwen.admin.com',
  'user-agent' => 'Mozilla/5.0 (X11; Linux x86_64) AppleWebKit/537.36 (KHTML, like Gecko) Ubuntu Chromium/62.0.3202.94 Chrome/62.0.3202.94 Safari/537.36',
  'content-type' => 'application/json',
  'referer' => 'http://shuwen.admin.com/education',
  'accept-encoding' => 'gzip, deflate',
  'accept-language' => 'zh-CN,zh;q=0.9',
  'cookie' => '__utma=263463772.1899665212.1506839425.1508554965.1508632765.5; __utmz=263463772.1506839425.1.1.utmcsr=(direct)|utmccn=(direct)|utmcmd=(none)',
)
[ info ] [ PARAM ] array (
  'page' => 1,
  'limit' => 4,
)
[ info ] [ RUN ] app\index\controller\Education->index[ /home/calf/admin/shuwen/application/index/controller/Education.php ]
[ info ] [ DB ] INIT \think\mongo\Connection
[ info ] [ LOG ] INIT File
[ error ] [8]未定义变量: map[/home/calf/admin/shuwen/application/index/controller/Education.php:17]
[ error ] [8]未定义变量: map[/home/calf/admin/shuwen/application/index/controller/Education.php:18]
[ sql ] [ DB ] CONNECT:[ UseTime:0.000079s ] 
[ sql ] [ Mongo ] db.education.find({"$and":[{"deleteAt":{"$exists":false}}]}).limit(4); [ RunTime:0.000682s ]
[ sql ] [ Mongo ] db.count({"count":"education","query":{"$and":[{"deleteAt":{"$exists":false}}]},"limit":0}); [ RunTime:0.000284s ]
