---------------------------------------------------------------
[ 2017-12-18T15:26:23+08:00 ] 127.0.0.1 127.0.0.1 GET /
[ info ] shuwen.admin.com/ [运行时间：0.027462s][吞吐率：36.41req/s] [内存消耗：765.10kb] [文件加载：56]
[ info ] [ LANG ] /home/calf/admin//thinkphp/lang/zh-cn.php
[ info ] [ ROUTE ] array (
  'type' => 'module',
  'module' => 
  array (
    0 => 'index',
    1 => 'index',
    2 => 'index',
  ),
  'convert' => false,
)
[ info ] [ HEADER ] array (
  'host' => 'shuwen.admin.com',
  'connection' => 'keep-alive',
  'user-agent' => 'Mozilla/5.0 (X11; Linux x86_64) AppleWebKit/537.36 (KHTML, like Gecko) Ubuntu Chromium/63.0.3239.84 Chrome/63.0.3239.84 Safari/537.36',
  'upgrade-insecure-requests' => '1',
  'accept' => 'text/html,application/xhtml+xml,application/xml;q=0.9,image/webp,image/apng,*/*;q=0.8',
  'accept-encoding' => 'gzip, deflate',
  'accept-language' => 'zh-CN,zh;q=0.9',
  'cookie' => '__utma=263463772.1899665212.1506839425.1508554965.1508632765.5; __utmz=263463772.1506839425.1.1.utmcsr=(direct)|utmccn=(direct)|utmcmd=(none)',
)
[ info ] [ PARAM ] array (
)
[ info ] [ RUN ] app\index\controller\Index->index[ /home/calf/admin/shuwen/application/index/controller/Index.php ]
[ info ] [ DB ] INIT \think\mongo\Connection
[ info ] [ VIEW ] /home/calf/admin/shuwen/application/index/view/index/index.html [ array (
  0 => 'information',
  1 => 'contact',
  2 => 'notics',
) ]
[ info ] [ LOG ] INIT File
[ sql ] [ DB ] CONNECT:[ UseTime:0.000591s ] 
[ sql ] [ Mongo ] db.profile.find({"$and":[{"deleteAt":{"$exists":false}},{"name":"information"}]}).limit(1); [ RunTime:0.001505s ]
[ sql ] [ Mongo ] db.profile.find({"$and":[{"deleteAt":{"$exists":false}},{"name":"contact"}]}).limit(1); [ RunTime:0.000324s ]
[ sql ] [ Mongo ] db.news.find({"$and":[{"deleteAt":{"$exists":false}},{"category.name":"announcement"}]}).limit(8); [ RunTime:0.000986s ]
---------------------------------------------------------------
[ 2017-12-18T15:26:36+08:00 ] 127.0.0.1 127.0.0.1 GET /profile
[ info ] shuwen.admin.com/profile [运行时间：0.023603s][吞吐率：42.37req/s] [内存消耗：734.56kb] [文件加载：55]
[ info ] [ LANG ] /home/calf/admin//thinkphp/lang/zh-cn.php
[ info ] [ ROUTE ] array (
  'type' => 'module',
  'module' => 
  array (
    0 => 'index',
    1 => 'profile',
    2 => 'index',
  ),
  'convert' => false,
)
[ info ] [ HEADER ] array (
  'host' => 'shuwen.admin.com',
  'connection' => 'keep-alive',
  'upgrade-insecure-requests' => '1',
  'user-agent' => 'Mozilla/5.0 (X11; Linux x86_64) AppleWebKit/537.36 (KHTML, like Gecko) Ubuntu Chromium/63.0.3239.84 Chrome/63.0.3239.84 Safari/537.36',
  'accept' => 'text/html,application/xhtml+xml,application/xml;q=0.9,image/webp,image/apng,*/*;q=0.8',
  'referer' => 'http://shuwen.admin.com/',
  'accept-encoding' => 'gzip, deflate',
  'accept-language' => 'zh-CN,zh;q=0.9',
  'cookie' => '__utma=263463772.1899665212.1506839425.1508554965.1508632765.5; __utmz=263463772.1506839425.1.1.utmcsr=(direct)|utmccn=(direct)|utmcmd=(none)',
)
[ info ] [ PARAM ] array (
)
[ info ] [ RUN ] app\index\controller\Profile->index[ /home/calf/admin/shuwen/application/index/controller/Profile.php ]
[ info ] [ DB ] INIT \think\mongo\Connection
[ info ] [ VIEW ] /home/calf/admin/shuwen/application/index/view/profile/index.html [ array (
  0 => 'intro',
  1 => 'organization',
  2 => 'information',
  3 => 'contact',
  4 => 'events',
  5 => 'question',
) ]
[ info ] [ LOG ] INIT File
[ sql ] [ DB ] CONNECT:[ UseTime:0.000108s ] 
[ sql ] [ Mongo ] db.profile.find({"$and":[{"deleteAt":{"$exists":false}},{"name":"intro"}]}).limit(1); [ RunTime:0.001043s ]
[ sql ] [ Mongo ] db.profile.find({"$and":[{"deleteAt":{"$exists":false}},{"name":"organization"}]}).limit(1); [ RunTime:0.000535s ]
[ sql ] [ Mongo ] db.profile.find({"$and":[{"deleteAt":{"$exists":false}},{"name":"information"}]}).limit(1); [ RunTime:0.000491s ]
[ sql ] [ Mongo ] db.profile.find({"$and":[{"deleteAt":{"$exists":false}},{"name":"contact"}]}).limit(1); [ RunTime:0.000439s ]
[ sql ] [ Mongo ] db.profile.find({"$and":[{"deleteAt":{"$exists":false}},{"name":"events"}]}).sort({"year":-1}).limit(0); [ RunTime:0.000470s ]
[ sql ] [ Mongo ] db.profile.find({"$and":[{"deleteAt":{"$exists":false}},{"name":"question"}]}).limit(1); [ RunTime:0.000414s ]
---------------------------------------------------------------
[ 2017-12-18T15:26:37+08:00 ] 127.0.0.1 127.0.0.1 POST /profile/events
[ info ] shuwen.admin.com/profile/events [运行时间：0.005127s][吞吐率：195.04req/s] [内存消耗：706.10kb] [文件加载：55]
[ info ] [ LANG ] /home/calf/admin//thinkphp/lang/zh-cn.php
[ info ] [ ROUTE ] array (
  'type' => 'module',
  'module' => 
  array (
    0 => 'index',
    1 => 'profile',
    2 => 'events',
  ),
  'convert' => false,
)
[ info ] [ HEADER ] array (
  'host' => 'shuwen.admin.com',
  'connection' => 'keep-alive',
  'content-length' => '2',
  'accept' => 'application/json',
  'origin' => 'http://shuwen.admin.com',
  'user-agent' => 'Mozilla/5.0 (X11; Linux x86_64) AppleWebKit/537.36 (KHTML, like Gecko) Ubuntu Chromium/63.0.3239.84 Chrome/63.0.3239.84 Safari/537.36',
  'content-type' => 'application/json',
  'referer' => 'http://shuwen.admin.com/profile',
  'accept-encoding' => 'gzip, deflate',
  'accept-language' => 'zh-CN,zh;q=0.9',
  'cookie' => '__utma=263463772.1899665212.1506839425.1508554965.1508632765.5; __utmz=263463772.1506839425.1.1.utmcsr=(direct)|utmccn=(direct)|utmcmd=(none)',
)
[ info ] [ PARAM ] array (
)
[ info ] [ RUN ] app\index\controller\Profile->events[ /home/calf/admin/shuwen/application/index/controller/Profile.php ]
[ info ] [ DB ] INIT \think\mongo\Connection
[ info ] [ LOG ] INIT File
[ sql ] [ DB ] CONNECT:[ UseTime:0.000052s ] 
[ sql ] [ Mongo ] db.profile.find({"$and":[{"deleteAt":{"$exists":false}},{"name":"events"}]}).sort({"year":-1}).limit(0); [ RunTime:0.000692s ]
---------------------------------------------------------------
[ 2017-12-18T15:26:41+08:00 ] 127.0.0.1 127.0.0.1 GET /profile/events/5a01963a8327871e1a311922
[ info ] shuwen.admin.com/profile/events/5a01963a8327871e1a311922 [运行时间：0.014370s][吞吐率：69.59req/s] [内存消耗：704.93kb] [文件加载：55]
[ info ] [ LANG ] /home/calf/admin//thinkphp/lang/zh-cn.php
[ info ] [ ROUTE ] array (
  'type' => 'module',
  'module' => 
  array (
    0 => 'index',
    1 => 'profile',
    2 => 'events',
  ),
  'convert' => false,
)
[ info ] [ HEADER ] array (
  'host' => 'shuwen.admin.com',
  'connection' => 'keep-alive',
  'upgrade-insecure-requests' => '1',
  'user-agent' => 'Mozilla/5.0 (X11; Linux x86_64) AppleWebKit/537.36 (KHTML, like Gecko) Ubuntu Chromium/63.0.3239.84 Chrome/63.0.3239.84 Safari/537.36',
  'accept' => 'text/html,application/xhtml+xml,application/xml;q=0.9,image/webp,image/apng,*/*;q=0.8',
  'referer' => 'http://shuwen.admin.com/profile',
  'accept-encoding' => 'gzip, deflate',
  'accept-language' => 'zh-CN,zh;q=0.9',
  'cookie' => '__utma=263463772.1899665212.1506839425.1508554965.1508632765.5; __utmz=263463772.1506839425.1.1.utmcsr=(direct)|utmccn=(direct)|utmcmd=(none)',
)
[ info ] [ PARAM ] array (
  'id' => '5a01963a8327871e1a311922',
)
[ info ] [ RUN ] app\index\controller\Profile->events[ /home/calf/admin/shuwen/application/index/controller/Profile.php ]
[ info ] [ DB ] INIT \think\mongo\Connection
[ info ] [ VIEW ] /home/calf/admin/shuwen/application/index/view/profile/detail.html [ array (
  0 => 'detail',
) ]
[ info ] [ LOG ] INIT File
[ sql ] [ DB ] CONNECT:[ UseTime:0.000093s ] 
[ sql ] [ Mongo ] db.profile.find({"$and":[{"deleteAt":{"$exists":false}},{"_id":"5a01963a8327871e1a311922"}]}).limit(1); [ RunTime:0.001276s ]
---------------------------------------------------------------
[ 2017-12-18T15:26:46+08:00 ] 127.0.0.1 127.0.0.1 POST /profile/events
[ info ] shuwen.admin.com/profile/events [运行时间：0.007885s][吞吐率：126.82req/s] [内存消耗：706.10kb] [文件加载：55]
[ info ] [ LANG ] /home/calf/admin//thinkphp/lang/zh-cn.php
[ info ] [ ROUTE ] array (
  'type' => 'module',
  'module' => 
  array (
    0 => 'index',
    1 => 'profile',
    2 => 'events',
  ),
  'convert' => false,
)
[ info ] [ HEADER ] array (
  'host' => 'shuwen.admin.com',
  'connection' => 'keep-alive',
  'content-length' => '2',
  'accept' => 'application/json',
  'origin' => 'http://shuwen.admin.com',
  'user-agent' => 'Mozilla/5.0 (X11; Linux x86_64) AppleWebKit/537.36 (KHTML, like Gecko) Ubuntu Chromium/63.0.3239.84 Chrome/63.0.3239.84 Safari/537.36',
  'content-type' => 'application/json',
  'referer' => 'http://shuwen.admin.com/profile',
  'accept-encoding' => 'gzip, deflate',
  'accept-language' => 'zh-CN,zh;q=0.9',
  'cookie' => '__utma=263463772.1899665212.1506839425.1508554965.1508632765.5; __utmz=263463772.1506839425.1.1.utmcsr=(direct)|utmccn=(direct)|utmcmd=(none)',
)
[ info ] [ PARAM ] array (
)
[ info ] [ RUN ] app\index\controller\Profile->events[ /home/calf/admin/shuwen/application/index/controller/Profile.php ]
[ info ] [ DB ] INIT \think\mongo\Connection
[ info ] [ LOG ] INIT File
[ sql ] [ DB ] CONNECT:[ UseTime:0.000021s ] 
[ sql ] [ Mongo ] db.profile.find({"$and":[{"deleteAt":{"$exists":false}},{"name":"events"}]}).sort({"year":-1}).limit(0); [ RunTime:0.000463s ]
---------------------------------------------------------------
[ 2017-12-18T15:26:49+08:00 ] 127.0.0.1 127.0.0.1 GET /profile/events/5a0197be8327871e02587862
[ info ] shuwen.admin.com/profile/events/5a0197be8327871e02587862 [运行时间：0.009675s][吞吐率：103.36req/s] [内存消耗：702.59kb] [文件加载：55]
[ info ] [ LANG ] /home/calf/admin//thinkphp/lang/zh-cn.php
[ info ] [ ROUTE ] array (
  'type' => 'module',
  'module' => 
  array (
    0 => 'index',
    1 => 'profile',
    2 => 'events',
  ),
  'convert' => false,
)
[ info ] [ HEADER ] array (
  'host' => 'shuwen.admin.com',
  'connection' => 'keep-alive',
  'upgrade-insecure-requests' => '1',
  'user-agent' => 'Mozilla/5.0 (X11; Linux x86_64) AppleWebKit/537.36 (KHTML, like Gecko) Ubuntu Chromium/63.0.3239.84 Chrome/63.0.3239.84 Safari/537.36',
  'accept' => 'text/html,application/xhtml+xml,application/xml;q=0.9,image/webp,image/apng,*/*;q=0.8',
  'referer' => 'http://shuwen.admin.com/profile',
  'accept-encoding' => 'gzip, deflate',
  'accept-language' => 'zh-CN,zh;q=0.9',
  'cookie' => '__utma=263463772.1899665212.1506839425.1508554965.1508632765.5; __utmz=263463772.1506839425.1.1.utmcsr=(direct)|utmccn=(direct)|utmcmd=(none)',
)
[ info ] [ PARAM ] array (
  'id' => '5a0197be8327871e02587862',
)
[ info ] [ RUN ] app\index\controller\Profile->events[ /home/calf/admin/shuwen/application/index/controller/Profile.php ]
[ info ] [ DB ] INIT \think\mongo\Connection
[ info ] [ VIEW ] /home/calf/admin/shuwen/application/index/view/profile/detail.html [ array (
  0 => 'detail',
) ]
[ info ] [ LOG ] INIT File
[ sql ] [ DB ] CONNECT:[ UseTime:0.000020s ] 
[ sql ] [ Mongo ] db.profile.find({"$and":[{"deleteAt":{"$exists":false}},{"_id":"5a0197be8327871e02587862"}]}).limit(1); [ RunTime:0.000529s ]
---------------------------------------------------------------
[ 2017-12-18T15:26:53+08:00 ] 127.0.0.1 127.0.0.1 POST /profile/events
[ info ] shuwen.admin.com/profile/events [运行时间：0.008135s][吞吐率：122.92req/s] [内存消耗：706.10kb] [文件加载：55]
[ info ] [ LANG ] /home/calf/admin//thinkphp/lang/zh-cn.php
[ info ] [ ROUTE ] array (
  'type' => 'module',
  'module' => 
  array (
    0 => 'index',
    1 => 'profile',
    2 => 'events',
  ),
  'convert' => false,
)
[ info ] [ HEADER ] array (
  'host' => 'shuwen.admin.com',
  'connection' => 'keep-alive',
  'content-length' => '2',
  'accept' => 'application/json',
  'origin' => 'http://shuwen.admin.com',
  'user-agent' => 'Mozilla/5.0 (X11; Linux x86_64) AppleWebKit/537.36 (KHTML, like Gecko) Ubuntu Chromium/63.0.3239.84 Chrome/63.0.3239.84 Safari/537.36',
  'content-type' => 'application/json',
  'referer' => 'http://shuwen.admin.com/profile',
  'accept-encoding' => 'gzip, deflate',
  'accept-language' => 'zh-CN,zh;q=0.9',
  'cookie' => '__utma=263463772.1899665212.1506839425.1508554965.1508632765.5; __utmz=263463772.1506839425.1.1.utmcsr=(direct)|utmccn=(direct)|utmcmd=(none)',
)
[ info ] [ PARAM ] array (
)
[ info ] [ RUN ] app\index\controller\Profile->events[ /home/calf/admin/shuwen/application/index/controller/Profile.php ]
[ info ] [ DB ] INIT \think\mongo\Connection
[ info ] [ LOG ] INIT File
[ sql ] [ DB ] CONNECT:[ UseTime:0.000024s ] 
[ sql ] [ Mongo ] db.profile.find({"$and":[{"deleteAt":{"$exists":false}},{"name":"events"}]}).sort({"year":-1}).limit(0); [ RunTime:0.000443s ]
