---------------------------------------------------------------
[ 2017-11-14T10:50:27+08:00 ] 127.0.0.1 127.0.0.1 POST /admin/menu/index
[ info ] sichuan.admin.com/admin/menu/index [运行时间：0.070657s][吞吐率：14.15req/s] [内存消耗：835.30kb] [文件加载：47]
[ info ] [ LANG ] /home/calf/admin//thinkphp/lang/zh-cn.php
[ info ] [ ROUTE ] array (
  'type' => 'module',
  'module' => 
  array (
    0 => 'admin',
    1 => 'menu',
    2 => 'index',
  ),
)
[ info ] [ HEADER ] array (
  'host' => 'sichuan.admin.com',
  'user-agent' => 'Mozilla/5.0 (X11; Ubuntu; Linux x86_64; rv:56.0) Gecko/20100101 Firefox/56.0',
  'accept' => 'application/json',
  'accept-language' => 'zh-CN,zh;q=0.8,en-US;q=0.5,en;q=0.3',
  'accept-encoding' => 'gzip, deflate',
  'content-type' => 'application/json',
  'origin' => 'http://localhost:3000',
  'content-length' => '2',
  'connection' => 'keep-alive',
)
[ info ] [ PARAM ] array (
)
[ info ] [ RUN ] app\admin\controller\Menu->index[ /home/calf/admin/sichuan/application/admin/controller/Menu.php ]
[ info ] [ LOG ] INIT File
---------------------------------------------------------------
[ 2017-11-14T10:50:27+08:00 ] 127.0.0.1 127.0.0.1 POST /venue/exhibit/index
[ info ] sichuan.admin.com/venue/exhibit/index [运行时间：0.010927s][吞吐率：91.52req/s] [内存消耗：687.36kb] [文件加载：58]
[ info ] [ LANG ] /home/calf/admin//thinkphp/lang/zh-cn.php
[ info ] [ ROUTE ] array (
  'type' => 'module',
  'module' => 
  array (
    0 => 'venue',
    1 => 'exhibit',
    2 => 'index',
  ),
)
[ info ] [ HEADER ] array (
  'host' => 'sichuan.admin.com',
  'user-agent' => 'Mozilla/5.0 (X11; Ubuntu; Linux x86_64; rv:56.0) Gecko/20100101 Firefox/56.0',
  'accept' => 'application/json',
  'accept-language' => 'zh-CN,zh;q=0.8,en-US;q=0.5,en;q=0.3',
  'accept-encoding' => 'gzip, deflate',
  'content-type' => 'application/json',
  'origin' => 'http://localhost:3000',
  'content-length' => '35',
  'connection' => 'keep-alive',
)
[ info ] [ PARAM ] array (
  'page' => 1,
  'limit' => 20,
  'category' => 
  array (
  ),
)
[ info ] [ RUN ] app\venue\controller\Exhibit->index[ /home/calf/admin/sichuan/application/venue/controller/Exhibit.php ]
[ info ] [ DB ] INIT \think\mongo\Connection
[ info ] [ LOG ] INIT File
[ error ] [8]未定义变量: map[/home/calf/admin/sichuan/application/venue/controller/Exhibit.php:52]
[ error ] [8]未定义变量: map[/home/calf/admin/sichuan/application/venue/controller/Exhibit.php:53]
[ sql ] [ DB ] CONNECT:[ UseTime:0.000064s ] 
[ sql ] [ Mongo ] db.exhibit.find({"$and":[{"deleteAt":{"$exists":false}}]}).sort({"sort":-1}).limit(20); [ RunTime:0.000724s ]
[ sql ] [ Mongo ] db.count({"count":"exhibit","query":{"$and":[{"deleteAt":{"$exists":false}}]},"limit":0}); [ RunTime:0.000183s ]
---------------------------------------------------------------
[ 2017-11-14T10:50:27+08:00 ] 127.0.0.1 127.0.0.1 POST /venue/cate/index
[ info ] sichuan.admin.com/venue/cate/index [运行时间：0.144753s][吞吐率：6.91req/s] [内存消耗：1,803.53kb] [文件加载：55]
[ info ] [ LANG ] /home/calf/admin//thinkphp/lang/zh-cn.php
[ info ] [ ROUTE ] array (
  'type' => 'module',
  'module' => 
  array (
    0 => 'venue',
    1 => 'cate',
    2 => 'index',
  ),
)
[ info ] [ HEADER ] array (
  'host' => 'sichuan.admin.com',
  'user-agent' => 'Mozilla/5.0 (X11; Ubuntu; Linux x86_64; rv:56.0) Gecko/20100101 Firefox/56.0',
  'accept' => 'application/json',
  'accept-language' => 'zh-CN,zh;q=0.8,en-US;q=0.5,en;q=0.3',
  'accept-encoding' => 'gzip, deflate',
  'content-type' => 'application/json',
  'origin' => 'http://localhost:3000',
  'content-length' => '13',
  'connection' => 'keep-alive',
)
[ info ] [ PARAM ] array (
  'tree' => true,
)
[ info ] [ RUN ] app\venue\controller\Cate->index[ /home/calf/admin/sichuan/application/venue/controller/Cate.php ]
[ info ] [ DB ] INIT \think\mongo\Connection
[ info ] [ LOG ] INIT File
[ sql ] [ DB ] CONNECT:[ UseTime:0.000441s ] 
[ sql ] [ Mongo ] db.v_category.find({"$and":[{"deleteAt":{"$exists":false}},{"parent":{"$exists":false}}]}).sort({"sort":-1}).limit(0); [ RunTime:0.002316s ]
[ sql ] [ Mongo ] db.v_category.find({"$and":[{"deleteAt":{"$exists":false}},{"parent.id":"59eed97f832787275413a1e8"}]}).sort({"sort":-1}).limit(0); [ RunTime:0.000448s ]
[ sql ] [ Mongo ] db.v_category.find({"$and":[{"deleteAt":{"$exists":false}},{"parent.id":"59eed9918327872f7146d5b9"}]}).sort({"sort":-1}).limit(0); [ RunTime:0.000395s ]
[ sql ] [ Mongo ] db.v_category.find({"$and":[{"deleteAt":{"$exists":false}},{"parent.id":"59eed99e83278727531f5a96"}]}).sort({"sort":-1}).limit(0); [ RunTime:0.000357s ]
[ sql ] [ Mongo ] db.v_category.find({"$and":[{"deleteAt":{"$exists":false}},{"parent.id":"59eed9ac832787274f22f029"}]}).sort({"sort":-1}).limit(0); [ RunTime:0.000355s ]
[ sql ] [ Mongo ] db.v_category.find({"$and":[{"deleteAt":{"$exists":false}},{"parent.id":"59eed9b983278739392a2607"}]}).sort({"sort":-1}).limit(0); [ RunTime:0.000348s ]
[ sql ] [ Mongo ] db.v_category.find({"$and":[{"deleteAt":{"$exists":false}},{"parent.id":"59edb836832787553001c862"}]}).sort({"sort":-1}).limit(0); [ RunTime:0.000300s ]
[ sql ] [ Mongo ] db.v_category.find({"$and":[{"deleteAt":{"$exists":false}},{"parent.id":"59edb8968327872b5b1f9513"}]}).sort({"sort":-1}).limit(0); [ RunTime:0.000383s ]
[ sql ] [ Mongo ] db.v_category.find({"$and":[{"deleteAt":{"$exists":false}},{"parent.id":"59edba60832787553001c864"}]}).sort({"sort":-1}).limit(0); [ RunTime:0.000428s ]
[ sql ] [ Mongo ] db.v_category.find({"$and":[{"deleteAt":{"$exists":false}},{"parent.id":"59eec72f83278727511813b4"}]}).sort({"sort":-1}).limit(0); [ RunTime:0.000395s ]
[ sql ] [ Mongo ] db.v_category.find({"$and":[{"deleteAt":{"$exists":false}},{"parent.id":"59eec74d83278779784b7ff2"}]}).sort({"sort":-1}).limit(0); [ RunTime:0.000494s ]
[ sql ] [ Mongo ] db.v_category.find({"$and":[{"deleteAt":{"$exists":false}},{"parent.id":"59edba8083278755c9003dd3"}]}).sort({"sort":-1}).limit(0); [ RunTime:0.000445s ]
[ sql ] [ Mongo ] db.v_category.find({"$and":[{"deleteAt":{"$exists":false}},{"parent.id":"59eec793832787274f22f023"}]}).sort({"sort":-1}).limit(0); [ RunTime:0.000346s ]
[ sql ] [ Mongo ] db.v_category.find({"$and":[{"deleteAt":{"$exists":false}},{"parent.id":"59eec7c2832787275413a1e4"}]}).sort({"sort":-1}).limit(0); [ RunTime:0.000312s ]
[ sql ] [ Mongo ] db.v_category.find({"$and":[{"deleteAt":{"$exists":false}},{"parent.id":"59edba9d8327872b5b1f9514"}]}).sort({"sort":-1}).limit(0); [ RunTime:0.000318s ]
[ sql ] [ Mongo ] db.v_category.find({"$and":[{"deleteAt":{"$exists":false}},{"parent.id":"59eec81183278779784b7ff3"}]}).sort({"sort":-1}).limit(0); [ RunTime:0.000259s ]
[ sql ] [ Mongo ] db.v_category.find({"$and":[{"deleteAt":{"$exists":false}},{"parent.id":"59eec86183278727511813b5"}]}).sort({"sort":-1}).limit(0); [ RunTime:0.000261s ]
[ sql ] [ Mongo ] db.v_category.find({"$and":[{"deleteAt":{"$exists":false}},{"parent.id":"59edbc988327871ec5122ef2"}]}).sort({"sort":-1}).limit(0); [ RunTime:0.000290s ]
[ sql ] [ Mongo ] db.v_category.find({"$and":[{"deleteAt":{"$exists":false}},{"parent.id":"59eec8b88327872f7146d5b2"}]}).sort({"sort":-1}).limit(0); [ RunTime:0.000306s ]
[ sql ] [ Mongo ] db.v_category.find({"$and":[{"deleteAt":{"$exists":false}},{"parent.id":"59edbcbe83278706691a7b82"}]}).sort({"sort":-1}).limit(0); [ RunTime:0.000278s ]
[ sql ] [ Mongo ] db.v_category.find({"$and":[{"deleteAt":{"$exists":false}},{"parent.id":"59eec8d2832787275045f302"}]}).sort({"sort":-1}).limit(0); [ RunTime:0.000289s ]
[ sql ] [ Mongo ] db.v_category.find({"$and":[{"deleteAt":{"$exists":false}},{"parent.id":"59edbcdf832787066b7d14d2"}]}).sort({"sort":-1}).limit(0); [ RunTime:0.000240s ]
[ sql ] [ Mongo ] db.v_category.find({"$and":[{"deleteAt":{"$exists":false}},{"parent.id":"59eec9008327872f7146d5b3"}]}).sort({"sort":-1}).limit(0); [ RunTime:0.000212s ]
[ sql ] [ Mongo ] db.v_category.find({"$and":[{"deleteAt":{"$exists":false}},{"parent.id":"59eec92f832787274f22f024"}]}).sort({"sort":-1}).limit(0); [ RunTime:0.000278s ]
[ sql ] [ Mongo ] db.v_category.find({"$and":[{"deleteAt":{"$exists":false}},{"parent.id":"59edbd008327871ebb66cac2"}]}).sort({"sort":-1}).limit(0); [ RunTime:0.000233s ]
[ sql ] [ Mongo ] db.v_category.find({"$and":[{"deleteAt":{"$exists":false}},{"parent.id":"59eec95483278720677c8f63"}]}).sort({"sort":-1}).limit(0); [ RunTime:0.000235s ]
[ sql ] [ Mongo ] db.v_category.find({"$and":[{"deleteAt":{"$exists":false}},{"parent.id":"59eec97a832787275045f303"}]}).sort({"sort":-1}).limit(0); [ RunTime:0.000351s ]
[ sql ] [ Mongo ] db.v_category.find({"$and":[{"deleteAt":{"$exists":false}},{"parent.id":"59eec9b783278727511813b6"}]}).sort({"sort":-1}).limit(0); [ RunTime:0.000463s ]
[ sql ] [ Mongo ] db.v_category.find({"$and":[{"deleteAt":{"$exists":false}},{"parent.id":"59edb8d183278755f71f58e3"}]}).sort({"sort":-1}).limit(0); [ RunTime:0.000261s ]
[ sql ] [ Mongo ] db.v_category.find({"$and":[{"deleteAt":{"$exists":false}},{"parent.id":"59edbd748327871ec34c6542"}]}).sort({"sort":-1}).limit(0); [ RunTime:0.000231s ]
[ sql ] [ Mongo ] db.v_category.find({"$and":[{"deleteAt":{"$exists":false}},{"parent.id":"59edce038327871ec60c7f32"}]}).sort({"sort":-1}).limit(0); [ RunTime:0.000243s ]
[ sql ] [ Mongo ] db.v_category.find({"$and":[{"deleteAt":{"$exists":false}},{"parent.id":"59edcfd18327871ebc5176d2"}]}).sort({"sort":-1}).limit(0); [ RunTime:0.000241s ]
[ sql ] [ Mongo ] db.v_category.find({"$and":[{"deleteAt":{"$exists":false}},{"parent.id":"59edcff98327871ec60c7f33"}]}).sort({"sort":-1}).limit(0); [ RunTime:0.000267s ]
[ sql ] [ Mongo ] db.v_category.find({"$and":[{"deleteAt":{"$exists":false}},{"parent.id":"59edbe018327871ec4465402"}]}).sort({"sort":-1}).limit(0); [ RunTime:0.000252s ]
[ sql ] [ Mongo ] db.v_category.find({"$and":[{"deleteAt":{"$exists":false}},{"parent.id":"59eebd0e83278727511813b2"}]}).sort({"sort":-1}).limit(0); [ RunTime:0.000240s ]
[ sql ] [ Mongo ] db.v_category.find({"$and":[{"deleteAt":{"$exists":false}},{"parent.id":"59eebd3083278720677c8f62"}]}).sort({"sort":-1}).limit(0); [ RunTime:0.000209s ]
[ sql ] [ Mongo ] db.v_category.find({"$and":[{"deleteAt":{"$exists":false}},{"parent.id":"59eebd5283278727511813b3"}]}).sort({"sort":-1}).limit(0); [ RunTime:0.000192s ]
[ sql ] [ Mongo ] db.v_category.find({"$and":[{"deleteAt":{"$exists":false}},{"parent.id":"59eebd7f832787275413a1e2"}]}).sort({"sort":-1}).limit(0); [ RunTime:0.000186s ]
[ sql ] [ Mongo ] db.v_category.find({"$and":[{"deleteAt":{"$exists":false}},{"parent.id":"59eebda8832787274f22f022"}]}).sort({"sort":-1}).limit(0); [ RunTime:0.000183s ]
[ sql ] [ Mongo ] db.v_category.find({"$and":[{"deleteAt":{"$exists":false}},{"parent.id":"59eec70d832787275413a1e3"}]}).sort({"sort":-1}).limit(0); [ RunTime:0.000209s ]
[ sql ] [ Mongo ] db.v_category.find({"$and":[{"deleteAt":{"$exists":false}},{"parent.id":"59eecad683278727511813b7"}]}).sort({"sort":-1}).limit(0); [ RunTime:0.000221s ]
[ sql ] [ Mongo ] db.v_category.find({"$and":[{"deleteAt":{"$exists":false}},{"parent.id":"59eecaf1832787275413a1e5"}]}).sort({"sort":-1}).limit(0); [ RunTime:0.000177s ]
[ sql ] [ Mongo ] db.v_category.find({"$and":[{"deleteAt":{"$exists":false}},{"parent.id":"59eecb128327872f7146d5b4"}]}).sort({"sort":-1}).limit(0); [ RunTime:0.000188s ]
[ sql ] [ Mongo ] db.v_category.find({"$and":[{"deleteAt":{"$exists":false}},{"parent.id":"59eed10483278720677c8f64"}]}).sort({"sort":-1}).limit(0); [ RunTime:0.000193s ]
[ sql ] [ Mongo ] db.v_category.find({"$and":[{"deleteAt":{"$exists":false}},{"parent.id":"59eed1ad8327872f723e7b33"}]}).sort({"sort":-1}).limit(0); [ RunTime:0.000171s ]
[ sql ] [ Mongo ] db.v_category.find({"$and":[{"deleteAt":{"$exists":false}},{"parent.id":"59eed2248327872f723e7b34"}]}).sort({"sort":-1}).limit(0); [ RunTime:0.000181s ]
[ sql ] [ Mongo ] db.v_category.find({"$and":[{"deleteAt":{"$exists":false}},{"parent.id":"59eed263832787275045f304"}]}).sort({"sort":-1}).limit(0); [ RunTime:0.000167s ]
[ sql ] [ Mongo ] db.v_category.find({"$and":[{"deleteAt":{"$exists":false}},{"parent.id":"59eed27c83278779784b7ff6"}]}).sort({"sort":-1}).limit(0); [ RunTime:0.000168s ]
[ sql ] [ Mongo ] db.v_category.find({"$and":[{"deleteAt":{"$exists":false}},{"parent.id":"59eed29683278720677c8f65"}]}).sort({"sort":-1}).limit(0); [ RunTime:0.000165s ]
[ sql ] [ Mongo ] db.v_category.find({"$and":[{"deleteAt":{"$exists":false}},{"parent.id":"59eed128832787274f22f025"}]}).sort({"sort":-1}).limit(0); [ RunTime:0.000164s ]
[ sql ] [ Mongo ] db.v_category.find({"$and":[{"deleteAt":{"$exists":false}},{"parent.id":"59eed14283278779784b7ff5"}]}).sort({"sort":-1}).limit(0); [ RunTime:0.000163s ]
[ sql ] [ Mongo ] db.v_category.find({"$and":[{"deleteAt":{"$exists":false}},{"parent.id":"59eed1558327872f723e7b32"}]}).sort({"sort":-1}).limit(0); [ RunTime:0.000164s ]
[ sql ] [ Mongo ] db.v_category.find({"$and":[{"deleteAt":{"$exists":false}},{"parent.id":"59eed16e832787274f22f026"}]}).sort({"sort":-1}).limit(0); [ RunTime:0.000214s ]
[ sql ] [ Mongo ] db.v_category.find({"$and":[{"deleteAt":{"$exists":false}},{"parent.id":"59eecb2783278727511813b8"}]}).sort({"sort":-1}).limit(0); [ RunTime:0.000177s ]
[ sql ] [ Mongo ] db.v_category.find({"$and":[{"deleteAt":{"$exists":false}},{"parent.id":"59eed2b583278727511813b9"}]}).sort({"sort":-1}).limit(0); [ RunTime:0.000185s ]
[ sql ] [ Mongo ] db.v_category.find({"$and":[{"deleteAt":{"$exists":false}},{"parent.id":"59eed2e083278720677c8f66"}]}).sort({"sort":-1}).limit(0); [ RunTime:0.000349s ]
[ sql ] [ Mongo ] db.v_category.find({"$and":[{"deleteAt":{"$exists":false}},{"parent.id":"59eed2fe832787275045f305"}]}).sort({"sort":-1}).limit(0); [ RunTime:0.000183s ]
[ sql ] [ Mongo ] db.v_category.find({"$and":[{"deleteAt":{"$exists":false}},{"parent.id":"59eed3118327872f723e7b35"}]}).sort({"sort":-1}).limit(0); [ RunTime:0.000184s ]
[ sql ] [ Mongo ] db.v_category.find({"$and":[{"deleteAt":{"$exists":false}},{"parent.id":"59eed32583278727531f5a92"}]}).sort({"sort":-1}).limit(0); [ RunTime:0.000169s ]
[ sql ] [ Mongo ] db.v_category.find({"$and":[{"deleteAt":{"$exists":false}},{"parent.id":"59eed33f83278739392a2602"}]}).sort({"sort":-1}).limit(0); [ RunTime:0.000184s ]
[ sql ] [ Mongo ] db.v_category.find({"$and":[{"deleteAt":{"$exists":false}},{"parent.id":"59eed3518327872f723e7b36"}]}).sort({"sort":-1}).limit(0); [ RunTime:0.000197s ]
[ sql ] [ Mongo ] db.v_category.find({"$and":[{"deleteAt":{"$exists":false}},{"parent.id":"59eed2ca83278779784b7ff7"}]}).sort({"sort":-1}).limit(0); [ RunTime:0.000197s ]
[ sql ] [ Mongo ] db.v_category.find({"$and":[{"deleteAt":{"$exists":false}},{"parent.id":"59eecb4783278779784b7ff4"}]}).sort({"sort":-1}).limit(0); [ RunTime:0.000192s ]
[ sql ] [ Mongo ] db.v_category.find({"$and":[{"deleteAt":{"$exists":false}},{"parent.id":"59eed4378327872f723e7b37"}]}).sort({"sort":-1}).limit(0); [ RunTime:0.000184s ]
[ sql ] [ Mongo ] db.v_category.find({"$and":[{"deleteAt":{"$exists":false}},{"parent.id":"59eed44a8327872f7146d5b6"}]}).sort({"sort":-1}).limit(0); [ RunTime:0.000189s ]
[ sql ] [ Mongo ] db.v_category.find({"$and":[{"deleteAt":{"$exists":false}},{"parent.id":"59eed45a83278727511813ba"}]}).sort({"sort":-1}).limit(0); [ RunTime:0.000185s ]
[ sql ] [ Mongo ] db.v_category.find({"$and":[{"deleteAt":{"$exists":false}},{"parent.id":"59eecb768327872f7146d5b5"}]}).sort({"sort":-1}).limit(0); [ RunTime:0.000182s ]
[ sql ] [ Mongo ] db.v_category.find({"$and":[{"deleteAt":{"$exists":false}},{"parent.id":"59eed48c8327872f723e7b38"}]}).sort({"sort":-1}).limit(0); [ RunTime:0.000168s ]
[ sql ] [ Mongo ] db.v_category.find({"$and":[{"deleteAt":{"$exists":false}},{"parent.id":"59eed49d83278727531f5a93"}]}).sort({"sort":-1}).limit(0); [ RunTime:0.000168s ]
[ sql ] [ Mongo ] db.v_category.find({"$and":[{"deleteAt":{"$exists":false}},{"parent.id":"59eed4c883278739392a2603"}]}).sort({"sort":-1}).limit(0); [ RunTime:0.000187s ]
[ sql ] [ Mongo ] db.v_category.find({"$and":[{"deleteAt":{"$exists":false}},{"parent.id":"59eed516832787274f22f027"}]}).sort({"sort":-1}).limit(0); [ RunTime:0.000218s ]
[ sql ] [ Mongo ] db.v_category.find({"$and":[{"deleteAt":{"$exists":false}},{"parent.id":"59eed5b283278727511813bb"}]}).sort({"sort":-1}).limit(0); [ RunTime:0.000169s ]
[ sql ] [ Mongo ] db.v_category.find({"$and":[{"deleteAt":{"$exists":false}},{"parent.id":"59eed5d783278739392a2604"}]}).sort({"sort":-1}).limit(0); [ RunTime:0.000181s ]
[ sql ] [ Mongo ] db.v_category.find({"$and":[{"deleteAt":{"$exists":false}},{"parent.id":"59eed52b83278779784b7ff8"}]}).sort({"sort":-1}).limit(0); [ RunTime:0.000177s ]
[ sql ] [ Mongo ] db.v_category.find({"$and":[{"deleteAt":{"$exists":false}},{"parent.id":"59eed621832787275413a1e6"}]}).sort({"sort":-1}).limit(0); [ RunTime:0.000194s ]
[ sql ] [ Mongo ] db.v_category.find({"$and":[{"deleteAt":{"$exists":false}},{"parent.id":"59eed55283278720677c8f67"}]}).sort({"sort":-1}).limit(0); [ RunTime:0.000196s ]
[ sql ] [ Mongo ] db.v_category.find({"$and":[{"deleteAt":{"$exists":false}},{"parent.id":"59eed56c832787275045f306"}]}).sort({"sort":-1}).limit(0); [ RunTime:0.000184s ]
[ sql ] [ Mongo ] db.v_category.find({"$and":[{"deleteAt":{"$exists":false}},{"parent.id":"59eed64a8327872f7146d5b7"}]}).sort({"sort":-1}).limit(0); [ RunTime:0.000181s ]
[ sql ] [ Mongo ] db.v_category.find({"$and":[{"deleteAt":{"$exists":false}},{"parent.id":"59eed6f183278727531f5a94"}]}).sort({"sort":-1}).limit(0); [ RunTime:0.000189s ]
[ sql ] [ Mongo ] db.v_category.find({"$and":[{"deleteAt":{"$exists":false}},{"parent.id":"59eed7b983278727511813bc"}]}).sort({"sort":-1}).limit(0); [ RunTime:0.000229s ]
[ sql ] [ Mongo ] db.v_category.find({"$and":[{"deleteAt":{"$exists":false}},{"parent.id":"59eed8c98327872f723e7b3a"}]}).sort({"sort":-1}).limit(0); [ RunTime:0.000180s ]
[ sql ] [ Mongo ] db.v_category.find({"$and":[{"deleteAt":{"$exists":false}},{"parent.id":"59eed8e383278727511813bd"}]}).sort({"sort":-1}).limit(0); [ RunTime:0.000169s ]
[ sql ] [ Mongo ] db.v_category.find({"$and":[{"deleteAt":{"$exists":false}},{"parent.id":"59eed704832787274f22f028"}]}).sort({"sort":-1}).limit(0); [ RunTime:0.000220s ]
[ sql ] [ Mongo ] db.v_category.find({"$and":[{"deleteAt":{"$exists":false}},{"parent.id":"59eed90883278779784b7ff9"}]}).sort({"sort":-1}).limit(0); [ RunTime:0.000192s ]
[ sql ] [ Mongo ] db.v_category.find({"$and":[{"deleteAt":{"$exists":false}},{"parent.id":"59eed92a83278727531f5a95"}]}).sort({"sort":-1}).limit(0); [ RunTime:0.000228s ]
[ sql ] [ Mongo ] db.v_category.find({"$and":[{"deleteAt":{"$exists":false}},{"parent.id":"59eed66383278739392a2605"}]}).sort({"sort":-1}).limit(0); [ RunTime:0.000184s ]
[ sql ] [ Mongo ] db.v_category.find({"$and":[{"deleteAt":{"$exists":false}},{"parent.id":"59eed75d8327872f7146d5b8"}]}).sort({"sort":-1}).limit(0); [ RunTime:0.000172s ]
[ sql ] [ Mongo ] db.v_category.find({"$and":[{"deleteAt":{"$exists":false}},{"parent.id":"59eed77f83278739392a2606"}]}).sort({"sort":-1}).limit(0); [ RunTime:0.000332s ]
[ sql ] [ Mongo ] db.v_category.find({"$and":[{"deleteAt":{"$exists":false}},{"parent.id":"59eed5988327872f723e7b39"}]}).sort({"sort":-1}).limit(0); [ RunTime:0.000249s ]
[ sql ] [ Mongo ] db.v_category.find({"$and":[{"deleteAt":{"$exists":false}},{"parent.id":"59eed6c1832787275045f307"}]}).sort({"sort":-1}).limit(0); [ RunTime:0.000243s ]
[ sql ] [ Mongo ] db.v_category.find({"$and":[{"deleteAt":{"$exists":false}},{"parent.id":"59eed6d3832787275413a1e7"}]}).sort({"sort":-1}).limit(0); [ RunTime:0.000319s ]
---------------------------------------------------------------
[ 2017-11-14T10:50:38+08:00 ] 127.0.0.1 127.0.0.1 POST /venue/cate/index
[ info ] sichuan.admin.com/venue/cate/index [运行时间：0.105369s][吞吐率：9.49req/s] [内存消耗：735.56kb] [文件加载：55]
[ info ] [ LANG ] /home/calf/admin//thinkphp/lang/zh-cn.php
[ info ] [ ROUTE ] array (
  'type' => 'module',
  'module' => 
  array (
    0 => 'venue',
    1 => 'cate',
    2 => 'index',
  ),
)
[ info ] [ HEADER ] array (
  'host' => 'sichuan.admin.com',
  'user-agent' => 'Mozilla/5.0 (X11; Ubuntu; Linux x86_64; rv:56.0) Gecko/20100101 Firefox/56.0',
  'accept' => 'application/json',
  'accept-language' => 'zh-CN,zh;q=0.8,en-US;q=0.5,en;q=0.3',
  'accept-encoding' => 'gzip, deflate',
  'content-type' => 'application/json',
  'origin' => 'http://localhost:3000',
  'content-length' => '13',
  'connection' => 'keep-alive',
)
[ info ] [ PARAM ] array (
  'tree' => true,
)
[ info ] [ RUN ] app\venue\controller\Cate->index[ /home/calf/admin/sichuan/application/venue/controller/Cate.php ]
[ info ] [ DB ] INIT \think\mongo\Connection
[ info ] [ LOG ] INIT File
[ sql ] [ DB ] CONNECT:[ UseTime:0.000097s ] 
[ sql ] [ Mongo ] db.v_category.find({"$and":[{"deleteAt":{"$exists":false}},{"parent":{"$exists":false}}]}).sort({"sort":-1}).limit(0); [ RunTime:0.000838s ]
[ sql ] [ Mongo ] db.v_category.find({"$and":[{"deleteAt":{"$exists":false}},{"parent.id":"59eed97f832787275413a1e8"}]}).sort({"sort":-1}).limit(0); [ RunTime:0.000362s ]
[ sql ] [ Mongo ] db.v_category.find({"$and":[{"deleteAt":{"$exists":false}},{"parent.id":"59eed9918327872f7146d5b9"}]}).sort({"sort":-1}).limit(0); [ RunTime:0.000307s ]
[ sql ] [ Mongo ] db.v_category.find({"$and":[{"deleteAt":{"$exists":false}},{"parent.id":"59eed99e83278727531f5a96"}]}).sort({"sort":-1}).limit(0); [ RunTime:0.000309s ]
[ sql ] [ Mongo ] db.v_category.find({"$and":[{"deleteAt":{"$exists":false}},{"parent.id":"59eed9ac832787274f22f029"}]}).sort({"sort":-1}).limit(0); [ RunTime:0.000301s ]
[ sql ] [ Mongo ] db.v_category.find({"$and":[{"deleteAt":{"$exists":false}},{"parent.id":"59eed9b983278739392a2607"}]}).sort({"sort":-1}).limit(0); [ RunTime:0.000367s ]
[ sql ] [ Mongo ] db.v_category.find({"$and":[{"deleteAt":{"$exists":false}},{"parent.id":"59edb836832787553001c862"}]}).sort({"sort":-1}).limit(0); [ RunTime:0.000345s ]
[ sql ] [ Mongo ] db.v_category.find({"$and":[{"deleteAt":{"$exists":false}},{"parent.id":"59edb8968327872b5b1f9513"}]}).sort({"sort":-1}).limit(0); [ RunTime:0.000347s ]
[ sql ] [ Mongo ] db.v_category.find({"$and":[{"deleteAt":{"$exists":false}},{"parent.id":"59edba60832787553001c864"}]}).sort({"sort":-1}).limit(0); [ RunTime:0.000316s ]
[ sql ] [ Mongo ] db.v_category.find({"$and":[{"deleteAt":{"$exists":false}},{"parent.id":"59eec72f83278727511813b4"}]}).sort({"sort":-1}).limit(0); [ RunTime:0.000251s ]
[ sql ] [ Mongo ] db.v_category.find({"$and":[{"deleteAt":{"$exists":false}},{"parent.id":"59eec74d83278779784b7ff2"}]}).sort({"sort":-1}).limit(0); [ RunTime:0.000266s ]
[ sql ] [ Mongo ] db.v_category.find({"$and":[{"deleteAt":{"$exists":false}},{"parent.id":"59edba8083278755c9003dd3"}]}).sort({"sort":-1}).limit(0); [ RunTime:0.000363s ]
[ sql ] [ Mongo ] db.v_category.find({"$and":[{"deleteAt":{"$exists":false}},{"parent.id":"59eec793832787274f22f023"}]}).sort({"sort":-1}).limit(0); [ RunTime:0.000486s ]
[ sql ] [ Mongo ] db.v_category.find({"$and":[{"deleteAt":{"$exists":false}},{"parent.id":"59eec7c2832787275413a1e4"}]}).sort({"sort":-1}).limit(0); [ RunTime:0.000391s ]
[ sql ] [ Mongo ] db.v_category.find({"$and":[{"deleteAt":{"$exists":false}},{"parent.id":"59edba9d8327872b5b1f9514"}]}).sort({"sort":-1}).limit(0); [ RunTime:0.000398s ]
[ sql ] [ Mongo ] db.v_category.find({"$and":[{"deleteAt":{"$exists":false}},{"parent.id":"59eec81183278779784b7ff3"}]}).sort({"sort":-1}).limit(0); [ RunTime:0.000275s ]
[ sql ] [ Mongo ] db.v_category.find({"$and":[{"deleteAt":{"$exists":false}},{"parent.id":"59eec86183278727511813b5"}]}).sort({"sort":-1}).limit(0); [ RunTime:0.000256s ]
[ sql ] [ Mongo ] db.v_category.find({"$and":[{"deleteAt":{"$exists":false}},{"parent.id":"59edbc988327871ec5122ef2"}]}).sort({"sort":-1}).limit(0); [ RunTime:0.000243s ]
[ sql ] [ Mongo ] db.v_category.find({"$and":[{"deleteAt":{"$exists":false}},{"parent.id":"59eec8b88327872f7146d5b2"}]}).sort({"sort":-1}).limit(0); [ RunTime:0.000262s ]
[ sql ] [ Mongo ] db.v_category.find({"$and":[{"deleteAt":{"$exists":false}},{"parent.id":"59edbcbe83278706691a7b82"}]}).sort({"sort":-1}).limit(0); [ RunTime:0.000225s ]
[ sql ] [ Mongo ] db.v_category.find({"$and":[{"deleteAt":{"$exists":false}},{"parent.id":"59eec8d2832787275045f302"}]}).sort({"sort":-1}).limit(0); [ RunTime:0.000216s ]
[ sql ] [ Mongo ] db.v_category.find({"$and":[{"deleteAt":{"$exists":false}},{"parent.id":"59edbcdf832787066b7d14d2"}]}).sort({"sort":-1}).limit(0); [ RunTime:0.000229s ]
[ sql ] [ Mongo ] db.v_category.find({"$and":[{"deleteAt":{"$exists":false}},{"parent.id":"59eec9008327872f7146d5b3"}]}).sort({"sort":-1}).limit(0); [ RunTime:0.000215s ]
[ sql ] [ Mongo ] db.v_category.find({"$and":[{"deleteAt":{"$exists":false}},{"parent.id":"59eec92f832787274f22f024"}]}).sort({"sort":-1}).limit(0); [ RunTime:0.000215s ]
[ sql ] [ Mongo ] db.v_category.find({"$and":[{"deleteAt":{"$exists":false}},{"parent.id":"59edbd008327871ebb66cac2"}]}).sort({"sort":-1}).limit(0); [ RunTime:0.000247s ]
[ sql ] [ Mongo ] db.v_category.find({"$and":[{"deleteAt":{"$exists":false}},{"parent.id":"59eec95483278720677c8f63"}]}).sort({"sort":-1}).limit(0); [ RunTime:0.000244s ]
[ sql ] [ Mongo ] db.v_category.find({"$and":[{"deleteAt":{"$exists":false}},{"parent.id":"59eec97a832787275045f303"}]}).sort({"sort":-1}).limit(0); [ RunTime:0.000217s ]
[ sql ] [ Mongo ] db.v_category.find({"$and":[{"deleteAt":{"$exists":false}},{"parent.id":"59eec9b783278727511813b6"}]}).sort({"sort":-1}).limit(0); [ RunTime:0.000364s ]
[ sql ] [ Mongo ] db.v_category.find({"$and":[{"deleteAt":{"$exists":false}},{"parent.id":"59edb8d183278755f71f58e3"}]}).sort({"sort":-1}).limit(0); [ RunTime:0.000352s ]
[ sql ] [ Mongo ] db.v_category.find({"$and":[{"deleteAt":{"$exists":false}},{"parent.id":"59edbd748327871ec34c6542"}]}).sort({"sort":-1}).limit(0); [ RunTime:0.000265s ]
[ sql ] [ Mongo ] db.v_category.find({"$and":[{"deleteAt":{"$exists":false}},{"parent.id":"59edce038327871ec60c7f32"}]}).sort({"sort":-1}).limit(0); [ RunTime:0.000245s ]
[ sql ] [ Mongo ] db.v_category.find({"$and":[{"deleteAt":{"$exists":false}},{"parent.id":"59edcfd18327871ebc5176d2"}]}).sort({"sort":-1}).limit(0); [ RunTime:0.000269s ]
[ sql ] [ Mongo ] db.v_category.find({"$and":[{"deleteAt":{"$exists":false}},{"parent.id":"59edcff98327871ec60c7f33"}]}).sort({"sort":-1}).limit(0); [ RunTime:0.000224s ]
[ sql ] [ Mongo ] db.v_category.find({"$and":[{"deleteAt":{"$exists":false}},{"parent.id":"59edbe018327871ec4465402"}]}).sort({"sort":-1}).limit(0); [ RunTime:0.000336s ]
[ sql ] [ Mongo ] db.v_category.find({"$and":[{"deleteAt":{"$exists":false}},{"parent.id":"59eebd0e83278727511813b2"}]}).sort({"sort":-1}).limit(0); [ RunTime:0.000427s ]
[ sql ] [ Mongo ] db.v_category.find({"$and":[{"deleteAt":{"$exists":false}},{"parent.id":"59eebd3083278720677c8f62"}]}).sort({"sort":-1}).limit(0); [ RunTime:0.000403s ]
[ sql ] [ Mongo ] db.v_category.find({"$and":[{"deleteAt":{"$exists":false}},{"parent.id":"59eebd5283278727511813b3"}]}).sort({"sort":-1}).limit(0); [ RunTime:0.000286s ]
[ sql ] [ Mongo ] db.v_category.find({"$and":[{"deleteAt":{"$exists":false}},{"parent.id":"59eebd7f832787275413a1e2"}]}).sort({"sort":-1}).limit(0); [ RunTime:0.000239s ]
[ sql ] [ Mongo ] db.v_category.find({"$and":[{"deleteAt":{"$exists":false}},{"parent.id":"59eebda8832787274f22f022"}]}).sort({"sort":-1}).limit(0); [ RunTime:0.000221s ]
[ sql ] [ Mongo ] db.v_category.find({"$and":[{"deleteAt":{"$exists":false}},{"parent.id":"59eec70d832787275413a1e3"}]}).sort({"sort":-1}).limit(0); [ RunTime:0.000232s ]
[ sql ] [ Mongo ] db.v_category.find({"$and":[{"deleteAt":{"$exists":false}},{"parent.id":"59eecad683278727511813b7"}]}).sort({"sort":-1}).limit(0); [ RunTime:0.000265s ]
[ sql ] [ Mongo ] db.v_category.find({"$and":[{"deleteAt":{"$exists":false}},{"parent.id":"59eecaf1832787275413a1e5"}]}).sort({"sort":-1}).limit(0); [ RunTime:0.000230s ]
[ sql ] [ Mongo ] db.v_category.find({"$and":[{"deleteAt":{"$exists":false}},{"parent.id":"59eecb128327872f7146d5b4"}]}).sort({"sort":-1}).limit(0); [ RunTime:0.000401s ]
[ sql ] [ Mongo ] db.v_category.find({"$and":[{"deleteAt":{"$exists":false}},{"parent.id":"59eed10483278720677c8f64"}]}).sort({"sort":-1}).limit(0); [ RunTime:0.000264s ]
[ sql ] [ Mongo ] db.v_category.find({"$and":[{"deleteAt":{"$exists":false}},{"parent.id":"59eed1ad8327872f723e7b33"}]}).sort({"sort":-1}).limit(0); [ RunTime:0.000231s ]
[ sql ] [ Mongo ] db.v_category.find({"$and":[{"deleteAt":{"$exists":false}},{"parent.id":"59eed2248327872f723e7b34"}]}).sort({"sort":-1}).limit(0); [ RunTime:0.000219s ]
[ sql ] [ Mongo ] db.v_category.find({"$and":[{"deleteAt":{"$exists":false}},{"parent.id":"59eed263832787275045f304"}]}).sort({"sort":-1}).limit(0); [ RunTime:0.000217s ]
[ sql ] [ Mongo ] db.v_category.find({"$and":[{"deleteAt":{"$exists":false}},{"parent.id":"59eed27c83278779784b7ff6"}]}).sort({"sort":-1}).limit(0); [ RunTime:0.000216s ]
[ sql ] [ Mongo ] db.v_category.find({"$and":[{"deleteAt":{"$exists":false}},{"parent.id":"59eed29683278720677c8f65"}]}).sort({"sort":-1}).limit(0); [ RunTime:0.000209s ]
[ sql ] [ Mongo ] db.v_category.find({"$and":[{"deleteAt":{"$exists":false}},{"parent.id":"59eed128832787274f22f025"}]}).sort({"sort":-1}).limit(0); [ RunTime:0.000204s ]
[ sql ] [ Mongo ] db.v_category.find({"$and":[{"deleteAt":{"$exists":false}},{"parent.id":"59eed14283278779784b7ff5"}]}).sort({"sort":-1}).limit(0); [ RunTime:0.000437s ]
[ sql ] [ Mongo ] db.v_category.find({"$and":[{"deleteAt":{"$exists":false}},{"parent.id":"59eed1558327872f723e7b32"}]}).sort({"sort":-1}).limit(0); [ RunTime:0.000404s ]
[ sql ] [ Mongo ] db.v_category.find({"$and":[{"deleteAt":{"$exists":false}},{"parent.id":"59eed16e832787274f22f026"}]}).sort({"sort":-1}).limit(0); [ RunTime:0.000384s ]
[ sql ] [ Mongo ] db.v_category.find({"$and":[{"deleteAt":{"$exists":false}},{"parent.id":"59eecb2783278727511813b8"}]}).sort({"sort":-1}).limit(0); [ RunTime:0.000318s ]
[ sql ] [ Mongo ] db.v_category.find({"$and":[{"deleteAt":{"$exists":false}},{"parent.id":"59eed2b583278727511813b9"}]}).sort({"sort":-1}).limit(0); [ RunTime:0.000447s ]
[ sql ] [ Mongo ] db.v_category.find({"$and":[{"deleteAt":{"$exists":false}},{"parent.id":"59eed2e083278720677c8f66"}]}).sort({"sort":-1}).limit(0); [ RunTime:0.000404s ]
[ sql ] [ Mongo ] db.v_category.find({"$and":[{"deleteAt":{"$exists":false}},{"parent.id":"59eed2fe832787275045f305"}]}).sort({"sort":-1}).limit(0); [ RunTime:0.000414s ]
[ sql ] [ Mongo ] db.v_category.find({"$and":[{"deleteAt":{"$exists":false}},{"parent.id":"59eed3118327872f723e7b35"}]}).sort({"sort":-1}).limit(0); [ RunTime:0.000283s ]
[ sql ] [ Mongo ] db.v_category.find({"$and":[{"deleteAt":{"$exists":false}},{"parent.id":"59eed32583278727531f5a92"}]}).sort({"sort":-1}).limit(0); [ RunTime:0.000232s ]
[ sql ] [ Mongo ] db.v_category.find({"$and":[{"deleteAt":{"$exists":false}},{"parent.id":"59eed33f83278739392a2602"}]}).sort({"sort":-1}).limit(0); [ RunTime:0.000223s ]
[ sql ] [ Mongo ] db.v_category.find({"$and":[{"deleteAt":{"$exists":false}},{"parent.id":"59eed3518327872f723e7b36"}]}).sort({"sort":-1}).limit(0); [ RunTime:0.000246s ]
[ sql ] [ Mongo ] db.v_category.find({"$and":[{"deleteAt":{"$exists":false}},{"parent.id":"59eed2ca83278779784b7ff7"}]}).sort({"sort":-1}).limit(0); [ RunTime:0.000232s ]
[ sql ] [ Mongo ] db.v_category.find({"$and":[{"deleteAt":{"$exists":false}},{"parent.id":"59eecb4783278779784b7ff4"}]}).sort({"sort":-1}).limit(0); [ RunTime:0.000231s ]
[ sql ] [ Mongo ] db.v_category.find({"$and":[{"deleteAt":{"$exists":false}},{"parent.id":"59eed4378327872f723e7b37"}]}).sort({"sort":-1}).limit(0); [ RunTime:0.000217s ]
[ sql ] [ Mongo ] db.v_category.find({"$and":[{"deleteAt":{"$exists":false}},{"parent.id":"59eed44a8327872f7146d5b6"}]}).sort({"sort":-1}).limit(0); [ RunTime:0.000221s ]
[ sql ] [ Mongo ] db.v_category.find({"$and":[{"deleteAt":{"$exists":false}},{"parent.id":"59eed45a83278727511813ba"}]}).sort({"sort":-1}).limit(0); [ RunTime:0.000214s ]
[ sql ] [ Mongo ] db.v_category.find({"$and":[{"deleteAt":{"$exists":false}},{"parent.id":"59eecb768327872f7146d5b5"}]}).sort({"sort":-1}).limit(0); [ RunTime:0.000252s ]
[ sql ] [ Mongo ] db.v_category.find({"$and":[{"deleteAt":{"$exists":false}},{"parent.id":"59eed48c8327872f723e7b38"}]}).sort({"sort":-1}).limit(0); [ RunTime:0.000207s ]
[ sql ] [ Mongo ] db.v_category.find({"$and":[{"deleteAt":{"$exists":false}},{"parent.id":"59eed49d83278727531f5a93"}]}).sort({"sort":-1}).limit(0); [ RunTime:0.000199s ]
[ sql ] [ Mongo ] db.v_category.find({"$and":[{"deleteAt":{"$exists":false}},{"parent.id":"59eed4c883278739392a2603"}]}).sort({"sort":-1}).limit(0); [ RunTime:0.000228s ]
[ sql ] [ Mongo ] db.v_category.find({"$and":[{"deleteAt":{"$exists":false}},{"parent.id":"59eed516832787274f22f027"}]}).sort({"sort":-1}).limit(0); [ RunTime:0.000293s ]
[ sql ] [ Mongo ] db.v_category.find({"$and":[{"deleteAt":{"$exists":false}},{"parent.id":"59eed5b283278727511813bb"}]}).sort({"sort":-1}).limit(0); [ RunTime:0.000287s ]
[ sql ] [ Mongo ] db.v_category.find({"$and":[{"deleteAt":{"$exists":false}},{"parent.id":"59eed5d783278739392a2604"}]}).sort({"sort":-1}).limit(0); [ RunTime:0.000219s ]
[ sql ] [ Mongo ] db.v_category.find({"$and":[{"deleteAt":{"$exists":false}},{"parent.id":"59eed52b83278779784b7ff8"}]}).sort({"sort":-1}).limit(0); [ RunTime:0.000220s ]
[ sql ] [ Mongo ] db.v_category.find({"$and":[{"deleteAt":{"$exists":false}},{"parent.id":"59eed621832787275413a1e6"}]}).sort({"sort":-1}).limit(0); [ RunTime:0.000203s ]
[ sql ] [ Mongo ] db.v_category.find({"$and":[{"deleteAt":{"$exists":false}},{"parent.id":"59eed55283278720677c8f67"}]}).sort({"sort":-1}).limit(0); [ RunTime:0.000204s ]
[ sql ] [ Mongo ] db.v_category.find({"$and":[{"deleteAt":{"$exists":false}},{"parent.id":"59eed56c832787275045f306"}]}).sort({"sort":-1}).limit(0); [ RunTime:0.000224s ]
[ sql ] [ Mongo ] db.v_category.find({"$and":[{"deleteAt":{"$exists":false}},{"parent.id":"59eed64a8327872f7146d5b7"}]}).sort({"sort":-1}).limit(0); [ RunTime:0.000347s ]
[ sql ] [ Mongo ] db.v_category.find({"$and":[{"deleteAt":{"$exists":false}},{"parent.id":"59eed6f183278727531f5a94"}]}).sort({"sort":-1}).limit(0); [ RunTime:0.000332s ]
[ sql ] [ Mongo ] db.v_category.find({"$and":[{"deleteAt":{"$exists":false}},{"parent.id":"59eed7b983278727511813bc"}]}).sort({"sort":-1}).limit(0); [ RunTime:0.000379s ]
[ sql ] [ Mongo ] db.v_category.find({"$and":[{"deleteAt":{"$exists":false}},{"parent.id":"59eed8c98327872f723e7b3a"}]}).sort({"sort":-1}).limit(0); [ RunTime:0.000357s ]
[ sql ] [ Mongo ] db.v_category.find({"$and":[{"deleteAt":{"$exists":false}},{"parent.id":"59eed8e383278727511813bd"}]}).sort({"sort":-1}).limit(0); [ RunTime:0.000290s ]
[ sql ] [ Mongo ] db.v_category.find({"$and":[{"deleteAt":{"$exists":false}},{"parent.id":"59eed704832787274f22f028"}]}).sort({"sort":-1}).limit(0); [ RunTime:0.000243s ]
[ sql ] [ Mongo ] db.v_category.find({"$and":[{"deleteAt":{"$exists":false}},{"parent.id":"59eed90883278779784b7ff9"}]}).sort({"sort":-1}).limit(0); [ RunTime:0.000225s ]
[ sql ] [ Mongo ] db.v_category.find({"$and":[{"deleteAt":{"$exists":false}},{"parent.id":"59eed92a83278727531f5a95"}]}).sort({"sort":-1}).limit(0); [ RunTime:0.000261s ]
[ sql ] [ Mongo ] db.v_category.find({"$and":[{"deleteAt":{"$exists":false}},{"parent.id":"59eed66383278739392a2605"}]}).sort({"sort":-1}).limit(0); [ RunTime:0.000234s ]
[ sql ] [ Mongo ] db.v_category.find({"$and":[{"deleteAt":{"$exists":false}},{"parent.id":"59eed75d8327872f7146d5b8"}]}).sort({"sort":-1}).limit(0); [ RunTime:0.000211s ]
[ sql ] [ Mongo ] db.v_category.find({"$and":[{"deleteAt":{"$exists":false}},{"parent.id":"59eed77f83278739392a2606"}]}).sort({"sort":-1}).limit(0); [ RunTime:0.000219s ]
[ sql ] [ Mongo ] db.v_category.find({"$and":[{"deleteAt":{"$exists":false}},{"parent.id":"59eed5988327872f723e7b39"}]}).sort({"sort":-1}).limit(0); [ RunTime:0.000220s ]
[ sql ] [ Mongo ] db.v_category.find({"$and":[{"deleteAt":{"$exists":false}},{"parent.id":"59eed6c1832787275045f307"}]}).sort({"sort":-1}).limit(0); [ RunTime:0.000898s ]
[ sql ] [ Mongo ] db.v_category.find({"$and":[{"deleteAt":{"$exists":false}},{"parent.id":"59eed6d3832787275413a1e7"}]}).sort({"sort":-1}).limit(0); [ RunTime:0.000384s ]
---------------------------------------------------------------
[ 2017-11-14T10:50:38+08:00 ] 127.0.0.1 127.0.0.1 POST /venue/exhibit/detail
[ info ] sichuan.admin.com/venue/exhibit/detail [运行时间：0.007071s][吞吐率：141.42req/s] [内存消耗：658.88kb] [文件加载：55]
[ info ] [ LANG ] /home/calf/admin//thinkphp/lang/zh-cn.php
[ info ] [ ROUTE ] array (
  'type' => 'module',
  'module' => 
  array (
    0 => 'venue',
    1 => 'exhibit',
    2 => 'detail',
  ),
)
[ info ] [ HEADER ] array (
  'host' => 'sichuan.admin.com',
  'user-agent' => 'Mozilla/5.0 (X11; Ubuntu; Linux x86_64; rv:56.0) Gecko/20100101 Firefox/56.0',
  'accept' => 'application/json',
  'accept-language' => 'zh-CN,zh;q=0.8,en-US;q=0.5,en;q=0.3',
  'accept-encoding' => 'gzip, deflate',
  'content-type' => 'application/json',
  'origin' => 'http://localhost:3000',
  'content-length' => '34',
  'connection' => 'keep-alive',
)
[ info ] [ PARAM ] array (
  '_id' => '5a096223832787299b7e1bf5',
)
[ info ] [ RUN ] app\venue\controller\Exhibit->detail[ /home/calf/admin/sichuan/application/venue/controller/Exhibit.php ]
[ info ] [ DB ] INIT \think\mongo\Connection
[ info ] [ LOG ] INIT File
[ sql ] [ DB ] CONNECT:[ UseTime:0.000019s ] 
[ sql ] [ Mongo ] db.exhibit.find({"$and":[{"deleteAt":{"$exists":false}},{"_id":"5a096223832787299b7e1bf5"}]}).limit(1); [ RunTime:0.000769s ]
---------------------------------------------------------------
[ 2017-11-14T10:50:42+08:00 ] 127.0.0.1 127.0.0.1 POST /venue/exhibit/index
[ info ] sichuan.admin.com/venue/exhibit/index [运行时间：0.015913s][吞吐率：62.84req/s] [内存消耗：682.77kb] [文件加载：58]
[ info ] [ LANG ] /home/calf/admin//thinkphp/lang/zh-cn.php
[ info ] [ ROUTE ] array (
  'type' => 'module',
  'module' => 
  array (
    0 => 'venue',
    1 => 'exhibit',
    2 => 'index',
  ),
)
[ info ] [ HEADER ] array (
  'host' => 'sichuan.admin.com',
  'user-agent' => 'Mozilla/5.0 (X11; Ubuntu; Linux x86_64; rv:56.0) Gecko/20100101 Firefox/56.0',
  'accept' => 'application/json',
  'accept-language' => 'zh-CN,zh;q=0.8,en-US;q=0.5,en;q=0.3',
  'accept-encoding' => 'gzip, deflate',
  'content-type' => 'application/json',
  'origin' => 'http://localhost:3000',
  'content-length' => '35',
  'connection' => 'keep-alive',
)
[ info ] [ PARAM ] array (
  'page' => 1,
  'limit' => 20,
  'category' => 
  array (
  ),
)
[ info ] [ RUN ] app\venue\controller\Exhibit->index[ /home/calf/admin/sichuan/application/venue/controller/Exhibit.php ]
[ info ] [ DB ] INIT \think\mongo\Connection
[ info ] [ LOG ] INIT File
[ error ] [8]未定义变量: map[/home/calf/admin/sichuan/application/venue/controller/Exhibit.php:52]
[ error ] [8]未定义变量: map[/home/calf/admin/sichuan/application/venue/controller/Exhibit.php:53]
[ sql ] [ DB ] CONNECT:[ UseTime:0.000097s ] 
[ sql ] [ Mongo ] db.exhibit.find({"$and":[{"deleteAt":{"$exists":false}}]}).sort({"sort":-1}).limit(20); [ RunTime:0.000890s ]
[ sql ] [ Mongo ] db.count({"count":"exhibit","query":{"$and":[{"deleteAt":{"$exists":false}}]},"limit":0}); [ RunTime:0.000214s ]
---------------------------------------------------------------
[ 2017-11-14T10:50:42+08:00 ] 127.0.0.1 127.0.0.1 POST /venue/cate/index
[ info ] sichuan.admin.com/venue/cate/index [运行时间：0.128953s][吞吐率：7.75req/s] [内存消耗：735.56kb] [文件加载：55]
[ info ] [ LANG ] /home/calf/admin//thinkphp/lang/zh-cn.php
[ info ] [ ROUTE ] array (
  'type' => 'module',
  'module' => 
  array (
    0 => 'venue',
    1 => 'cate',
    2 => 'index',
  ),
)
[ info ] [ HEADER ] array (
  'host' => 'sichuan.admin.com',
  'user-agent' => 'Mozilla/5.0 (X11; Ubuntu; Linux x86_64; rv:56.0) Gecko/20100101 Firefox/56.0',
  'accept' => 'application/json',
  'accept-language' => 'zh-CN,zh;q=0.8,en-US;q=0.5,en;q=0.3',
  'accept-encoding' => 'gzip, deflate',
  'content-type' => 'application/json',
  'origin' => 'http://localhost:3000',
  'content-length' => '13',
  'connection' => 'keep-alive',
)
[ info ] [ PARAM ] array (
  'tree' => true,
)
[ info ] [ RUN ] app\venue\controller\Cate->index[ /home/calf/admin/sichuan/application/venue/controller/Cate.php ]
[ info ] [ DB ] INIT \think\mongo\Connection
[ info ] [ LOG ] INIT File
[ sql ] [ DB ] CONNECT:[ UseTime:0.000016s ] 
[ sql ] [ Mongo ] db.v_category.find({"$and":[{"deleteAt":{"$exists":false}},{"parent":{"$exists":false}}]}).sort({"sort":-1}).limit(0); [ RunTime:0.000616s ]
[ sql ] [ Mongo ] db.v_category.find({"$and":[{"deleteAt":{"$exists":false}},{"parent.id":"59eed97f832787275413a1e8"}]}).sort({"sort":-1}).limit(0); [ RunTime:0.000513s ]
[ sql ] [ Mongo ] db.v_category.find({"$and":[{"deleteAt":{"$exists":false}},{"parent.id":"59eed9918327872f7146d5b9"}]}).sort({"sort":-1}).limit(0); [ RunTime:0.002589s ]
[ sql ] [ Mongo ] db.v_category.find({"$and":[{"deleteAt":{"$exists":false}},{"parent.id":"59eed99e83278727531f5a96"}]}).sort({"sort":-1}).limit(0); [ RunTime:0.000505s ]
[ sql ] [ Mongo ] db.v_category.find({"$and":[{"deleteAt":{"$exists":false}},{"parent.id":"59eed9ac832787274f22f029"}]}).sort({"sort":-1}).limit(0); [ RunTime:0.000463s ]
[ sql ] [ Mongo ] db.v_category.find({"$and":[{"deleteAt":{"$exists":false}},{"parent.id":"59eed9b983278739392a2607"}]}).sort({"sort":-1}).limit(0); [ RunTime:0.000447s ]
[ sql ] [ Mongo ] db.v_category.find({"$and":[{"deleteAt":{"$exists":false}},{"parent.id":"59edb836832787553001c862"}]}).sort({"sort":-1}).limit(0); [ RunTime:0.000506s ]
[ sql ] [ Mongo ] db.v_category.find({"$and":[{"deleteAt":{"$exists":false}},{"parent.id":"59edb8968327872b5b1f9513"}]}).sort({"sort":-1}).limit(0); [ RunTime:0.000496s ]
[ sql ] [ Mongo ] db.v_category.find({"$and":[{"deleteAt":{"$exists":false}},{"parent.id":"59edba60832787553001c864"}]}).sort({"sort":-1}).limit(0); [ RunTime:0.000476s ]
[ sql ] [ Mongo ] db.v_category.find({"$and":[{"deleteAt":{"$exists":false}},{"parent.id":"59eec72f83278727511813b4"}]}).sort({"sort":-1}).limit(0); [ RunTime:0.000483s ]
[ sql ] [ Mongo ] db.v_category.find({"$and":[{"deleteAt":{"$exists":false}},{"parent.id":"59eec74d83278779784b7ff2"}]}).sort({"sort":-1}).limit(0); [ RunTime:0.000312s ]
[ sql ] [ Mongo ] db.v_category.find({"$and":[{"deleteAt":{"$exists":false}},{"parent.id":"59edba8083278755c9003dd3"}]}).sort({"sort":-1}).limit(0); [ RunTime:0.000295s ]
[ sql ] [ Mongo ] db.v_category.find({"$and":[{"deleteAt":{"$exists":false}},{"parent.id":"59eec793832787274f22f023"}]}).sort({"sort":-1}).limit(0); [ RunTime:0.000250s ]
[ sql ] [ Mongo ] db.v_category.find({"$and":[{"deleteAt":{"$exists":false}},{"parent.id":"59eec7c2832787275413a1e4"}]}).sort({"sort":-1}).limit(0); [ RunTime:0.000231s ]
[ sql ] [ Mongo ] db.v_category.find({"$and":[{"deleteAt":{"$exists":false}},{"parent.id":"59edba9d8327872b5b1f9514"}]}).sort({"sort":-1}).limit(0); [ RunTime:0.000241s ]
[ sql ] [ Mongo ] db.v_category.find({"$and":[{"deleteAt":{"$exists":false}},{"parent.id":"59eec81183278779784b7ff3"}]}).sort({"sort":-1}).limit(0); [ RunTime:0.000231s ]
[ sql ] [ Mongo ] db.v_category.find({"$and":[{"deleteAt":{"$exists":false}},{"parent.id":"59eec86183278727511813b5"}]}).sort({"sort":-1}).limit(0); [ RunTime:0.000218s ]
[ sql ] [ Mongo ] db.v_category.find({"$and":[{"deleteAt":{"$exists":false}},{"parent.id":"59edbc988327871ec5122ef2"}]}).sort({"sort":-1}).limit(0); [ RunTime:0.000282s ]
[ sql ] [ Mongo ] db.v_category.find({"$and":[{"deleteAt":{"$exists":false}},{"parent.id":"59eec8b88327872f7146d5b2"}]}).sort({"sort":-1}).limit(0); [ RunTime:0.000244s ]
[ sql ] [ Mongo ] db.v_category.find({"$and":[{"deleteAt":{"$exists":false}},{"parent.id":"59edbcbe83278706691a7b82"}]}).sort({"sort":-1}).limit(0); [ RunTime:0.000240s ]
[ sql ] [ Mongo ] db.v_category.find({"$and":[{"deleteAt":{"$exists":false}},{"parent.id":"59eec8d2832787275045f302"}]}).sort({"sort":-1}).limit(0); [ RunTime:0.000229s ]
[ sql ] [ Mongo ] db.v_category.find({"$and":[{"deleteAt":{"$exists":false}},{"parent.id":"59edbcdf832787066b7d14d2"}]}).sort({"sort":-1}).limit(0); [ RunTime:0.000289s ]
[ sql ] [ Mongo ] db.v_category.find({"$and":[{"deleteAt":{"$exists":false}},{"parent.id":"59eec9008327872f7146d5b3"}]}).sort({"sort":-1}).limit(0); [ RunTime:0.000383s ]
[ sql ] [ Mongo ] db.v_category.find({"$and":[{"deleteAt":{"$exists":false}},{"parent.id":"59eec92f832787274f22f024"}]}).sort({"sort":-1}).limit(0); [ RunTime:0.000417s ]
[ sql ] [ Mongo ] db.v_category.find({"$and":[{"deleteAt":{"$exists":false}},{"parent.id":"59edbd008327871ebb66cac2"}]}).sort({"sort":-1}).limit(0); [ RunTime:0.000455s ]
[ sql ] [ Mongo ] db.v_category.find({"$and":[{"deleteAt":{"$exists":false}},{"parent.id":"59eec95483278720677c8f63"}]}).sort({"sort":-1}).limit(0); [ RunTime:0.000440s ]
[ sql ] [ Mongo ] db.v_category.find({"$and":[{"deleteAt":{"$exists":false}},{"parent.id":"59eec97a832787275045f303"}]}).sort({"sort":-1}).limit(0); [ RunTime:0.000421s ]
[ sql ] [ Mongo ] db.v_category.find({"$and":[{"deleteAt":{"$exists":false}},{"parent.id":"59eec9b783278727511813b6"}]}).sort({"sort":-1}).limit(0); [ RunTime:0.000428s ]
[ sql ] [ Mongo ] db.v_category.find({"$and":[{"deleteAt":{"$exists":false}},{"parent.id":"59edb8d183278755f71f58e3"}]}).sort({"sort":-1}).limit(0); [ RunTime:0.000496s ]
[ sql ] [ Mongo ] db.v_category.find({"$and":[{"deleteAt":{"$exists":false}},{"parent.id":"59edbd748327871ec34c6542"}]}).sort({"sort":-1}).limit(0); [ RunTime:0.000429s ]
[ sql ] [ Mongo ] db.v_category.find({"$and":[{"deleteAt":{"$exists":false}},{"parent.id":"59edce038327871ec60c7f32"}]}).sort({"sort":-1}).limit(0); [ RunTime:0.000310s ]
[ sql ] [ Mongo ] db.v_category.find({"$and":[{"deleteAt":{"$exists":false}},{"parent.id":"59edcfd18327871ebc5176d2"}]}).sort({"sort":-1}).limit(0); [ RunTime:0.000273s ]
[ sql ] [ Mongo ] db.v_category.find({"$and":[{"deleteAt":{"$exists":false}},{"parent.id":"59edcff98327871ec60c7f33"}]}).sort({"sort":-1}).limit(0); [ RunTime:0.000308s ]
[ sql ] [ Mongo ] db.v_category.find({"$and":[{"deleteAt":{"$exists":false}},{"parent.id":"59edbe018327871ec4465402"}]}).sort({"sort":-1}).limit(0); [ RunTime:0.000454s ]
[ sql ] [ Mongo ] db.v_category.find({"$and":[{"deleteAt":{"$exists":false}},{"parent.id":"59eebd0e83278727511813b2"}]}).sort({"sort":-1}).limit(0); [ RunTime:0.000483s ]
[ sql ] [ Mongo ] db.v_category.find({"$and":[{"deleteAt":{"$exists":false}},{"parent.id":"59eebd3083278720677c8f62"}]}).sort({"sort":-1}).limit(0); [ RunTime:0.000418s ]
[ sql ] [ Mongo ] db.v_category.find({"$and":[{"deleteAt":{"$exists":false}},{"parent.id":"59eebd5283278727511813b3"}]}).sort({"sort":-1}).limit(0); [ RunTime:0.000395s ]
[ sql ] [ Mongo ] db.v_category.find({"$and":[{"deleteAt":{"$exists":false}},{"parent.id":"59eebd7f832787275413a1e2"}]}).sort({"sort":-1}).limit(0); [ RunTime:0.000411s ]
[ sql ] [ Mongo ] db.v_category.find({"$and":[{"deleteAt":{"$exists":false}},{"parent.id":"59eebda8832787274f22f022"}]}).sort({"sort":-1}).limit(0); [ RunTime:0.000400s ]
[ sql ] [ Mongo ] db.v_category.find({"$and":[{"deleteAt":{"$exists":false}},{"parent.id":"59eec70d832787275413a1e3"}]}).sort({"sort":-1}).limit(0); [ RunTime:0.000391s ]
[ sql ] [ Mongo ] db.v_category.find({"$and":[{"deleteAt":{"$exists":false}},{"parent.id":"59eecad683278727511813b7"}]}).sort({"sort":-1}).limit(0); [ RunTime:0.000490s ]
[ sql ] [ Mongo ] db.v_category.find({"$and":[{"deleteAt":{"$exists":false}},{"parent.id":"59eecaf1832787275413a1e5"}]}).sort({"sort":-1}).limit(0); [ RunTime:0.000447s ]
[ sql ] [ Mongo ] db.v_category.find({"$and":[{"deleteAt":{"$exists":false}},{"parent.id":"59eecb128327872f7146d5b4"}]}).sort({"sort":-1}).limit(0); [ RunTime:0.001120s ]
[ sql ] [ Mongo ] db.v_category.find({"$and":[{"deleteAt":{"$exists":false}},{"parent.id":"59eed10483278720677c8f64"}]}).sort({"sort":-1}).limit(0); [ RunTime:0.002971s ]
[ sql ] [ Mongo ] db.v_category.find({"$and":[{"deleteAt":{"$exists":false}},{"parent.id":"59eed1ad8327872f723e7b33"}]}).sort({"sort":-1}).limit(0); [ RunTime:0.000371s ]
[ sql ] [ Mongo ] db.v_category.find({"$and":[{"deleteAt":{"$exists":false}},{"parent.id":"59eed2248327872f723e7b34"}]}).sort({"sort":-1}).limit(0); [ RunTime:0.000409s ]
[ sql ] [ Mongo ] db.v_category.find({"$and":[{"deleteAt":{"$exists":false}},{"parent.id":"59eed263832787275045f304"}]}).sort({"sort":-1}).limit(0); [ RunTime:0.000832s ]
[ sql ] [ Mongo ] db.v_category.find({"$and":[{"deleteAt":{"$exists":false}},{"parent.id":"59eed27c83278779784b7ff6"}]}).sort({"sort":-1}).limit(0); [ RunTime:0.000442s ]
[ sql ] [ Mongo ] db.v_category.find({"$and":[{"deleteAt":{"$exists":false}},{"parent.id":"59eed29683278720677c8f65"}]}).sort({"sort":-1}).limit(0); [ RunTime:0.000311s ]
[ sql ] [ Mongo ] db.v_category.find({"$and":[{"deleteAt":{"$exists":false}},{"parent.id":"59eed128832787274f22f025"}]}).sort({"sort":-1}).limit(0); [ RunTime:0.002166s ]
[ sql ] [ Mongo ] db.v_category.find({"$and":[{"deleteAt":{"$exists":false}},{"parent.id":"59eed14283278779784b7ff5"}]}).sort({"sort":-1}).limit(0); [ RunTime:0.000766s ]
[ sql ] [ Mongo ] db.v_category.find({"$and":[{"deleteAt":{"$exists":false}},{"parent.id":"59eed1558327872f723e7b32"}]}).sort({"sort":-1}).limit(0); [ RunTime:0.000395s ]
[ sql ] [ Mongo ] db.v_category.find({"$and":[{"deleteAt":{"$exists":false}},{"parent.id":"59eed16e832787274f22f026"}]}).sort({"sort":-1}).limit(0); [ RunTime:0.000349s ]
[ sql ] [ Mongo ] db.v_category.find({"$and":[{"deleteAt":{"$exists":false}},{"parent.id":"59eecb2783278727511813b8"}]}).sort({"sort":-1}).limit(0); [ RunTime:0.000289s ]
[ sql ] [ Mongo ] db.v_category.find({"$and":[{"deleteAt":{"$exists":false}},{"parent.id":"59eed2b583278727511813b9"}]}).sort({"sort":-1}).limit(0); [ RunTime:0.000251s ]
[ sql ] [ Mongo ] db.v_category.find({"$and":[{"deleteAt":{"$exists":false}},{"parent.id":"59eed2e083278720677c8f66"}]}).sort({"sort":-1}).limit(0); [ RunTime:0.000213s ]
[ sql ] [ Mongo ] db.v_category.find({"$and":[{"deleteAt":{"$exists":false}},{"parent.id":"59eed2fe832787275045f305"}]}).sort({"sort":-1}).limit(0); [ RunTime:0.000200s ]
[ sql ] [ Mongo ] db.v_category.find({"$and":[{"deleteAt":{"$exists":false}},{"parent.id":"59eed3118327872f723e7b35"}]}).sort({"sort":-1}).limit(0); [ RunTime:0.000198s ]
[ sql ] [ Mongo ] db.v_category.find({"$and":[{"deleteAt":{"$exists":false}},{"parent.id":"59eed32583278727531f5a92"}]}).sort({"sort":-1}).limit(0); [ RunTime:0.000215s ]
[ sql ] [ Mongo ] db.v_category.find({"$and":[{"deleteAt":{"$exists":false}},{"parent.id":"59eed33f83278739392a2602"}]}).sort({"sort":-1}).limit(0); [ RunTime:0.000331s ]
[ sql ] [ Mongo ] db.v_category.find({"$and":[{"deleteAt":{"$exists":false}},{"parent.id":"59eed3518327872f723e7b36"}]}).sort({"sort":-1}).limit(0); [ RunTime:0.000438s ]
[ sql ] [ Mongo ] db.v_category.find({"$and":[{"deleteAt":{"$exists":false}},{"parent.id":"59eed2ca83278779784b7ff7"}]}).sort({"sort":-1}).limit(0); [ RunTime:0.000278s ]
[ sql ] [ Mongo ] db.v_category.find({"$and":[{"deleteAt":{"$exists":false}},{"parent.id":"59eecb4783278779784b7ff4"}]}).sort({"sort":-1}).limit(0); [ RunTime:0.000541s ]
[ sql ] [ Mongo ] db.v_category.find({"$and":[{"deleteAt":{"$exists":false}},{"parent.id":"59eed4378327872f723e7b37"}]}).sort({"sort":-1}).limit(0); [ RunTime:0.000421s ]
[ sql ] [ Mongo ] db.v_category.find({"$and":[{"deleteAt":{"$exists":false}},{"parent.id":"59eed44a8327872f7146d5b6"}]}).sort({"sort":-1}).limit(0); [ RunTime:0.000302s ]
[ sql ] [ Mongo ] db.v_category.find({"$and":[{"deleteAt":{"$exists":false}},{"parent.id":"59eed45a83278727511813ba"}]}).sort({"sort":-1}).limit(0); [ RunTime:0.005503s ]
[ sql ] [ Mongo ] db.v_category.find({"$and":[{"deleteAt":{"$exists":false}},{"parent.id":"59eecb768327872f7146d5b5"}]}).sort({"sort":-1}).limit(0); [ RunTime:0.000354s ]
[ sql ] [ Mongo ] db.v_category.find({"$and":[{"deleteAt":{"$exists":false}},{"parent.id":"59eed48c8327872f723e7b38"}]}).sort({"sort":-1}).limit(0); [ RunTime:0.000234s ]
[ sql ] [ Mongo ] db.v_category.find({"$and":[{"deleteAt":{"$exists":false}},{"parent.id":"59eed49d83278727531f5a93"}]}).sort({"sort":-1}).limit(0); [ RunTime:0.000276s ]
[ sql ] [ Mongo ] db.v_category.find({"$and":[{"deleteAt":{"$exists":false}},{"parent.id":"59eed4c883278739392a2603"}]}).sort({"sort":-1}).limit(0); [ RunTime:0.000252s ]
[ sql ] [ Mongo ] db.v_category.find({"$and":[{"deleteAt":{"$exists":false}},{"parent.id":"59eed516832787274f22f027"}]}).sort({"sort":-1}).limit(0); [ RunTime:0.000215s ]
[ sql ] [ Mongo ] db.v_category.find({"$and":[{"deleteAt":{"$exists":false}},{"parent.id":"59eed5b283278727511813bb"}]}).sort({"sort":-1}).limit(0); [ RunTime:0.000197s ]
[ sql ] [ Mongo ] db.v_category.find({"$and":[{"deleteAt":{"$exists":false}},{"parent.id":"59eed5d783278739392a2604"}]}).sort({"sort":-1}).limit(0); [ RunTime:0.000188s ]
[ sql ] [ Mongo ] db.v_category.find({"$and":[{"deleteAt":{"$exists":false}},{"parent.id":"59eed52b83278779784b7ff8"}]}).sort({"sort":-1}).limit(0); [ RunTime:0.000207s ]
[ sql ] [ Mongo ] db.v_category.find({"$and":[{"deleteAt":{"$exists":false}},{"parent.id":"59eed621832787275413a1e6"}]}).sort({"sort":-1}).limit(0); [ RunTime:0.000216s ]
[ sql ] [ Mongo ] db.v_category.find({"$and":[{"deleteAt":{"$exists":false}},{"parent.id":"59eed55283278720677c8f67"}]}).sort({"sort":-1}).limit(0); [ RunTime:0.000202s ]
[ sql ] [ Mongo ] db.v_category.find({"$and":[{"deleteAt":{"$exists":false}},{"parent.id":"59eed56c832787275045f306"}]}).sort({"sort":-1}).limit(0); [ RunTime:0.000208s ]
[ sql ] [ Mongo ] db.v_category.find({"$and":[{"deleteAt":{"$exists":false}},{"parent.id":"59eed64a8327872f7146d5b7"}]}).sort({"sort":-1}).limit(0); [ RunTime:0.000199s ]
[ sql ] [ Mongo ] db.v_category.find({"$and":[{"deleteAt":{"$exists":false}},{"parent.id":"59eed6f183278727531f5a94"}]}).sort({"sort":-1}).limit(0); [ RunTime:0.000195s ]
[ sql ] [ Mongo ] db.v_category.find({"$and":[{"deleteAt":{"$exists":false}},{"parent.id":"59eed7b983278727511813bc"}]}).sort({"sort":-1}).limit(0); [ RunTime:0.000183s ]
[ sql ] [ Mongo ] db.v_category.find({"$and":[{"deleteAt":{"$exists":false}},{"parent.id":"59eed8c98327872f723e7b3a"}]}).sort({"sort":-1}).limit(0); [ RunTime:0.000207s ]
[ sql ] [ Mongo ] db.v_category.find({"$and":[{"deleteAt":{"$exists":false}},{"parent.id":"59eed8e383278727511813bd"}]}).sort({"sort":-1}).limit(0); [ RunTime:0.000201s ]
[ sql ] [ Mongo ] db.v_category.find({"$and":[{"deleteAt":{"$exists":false}},{"parent.id":"59eed704832787274f22f028"}]}).sort({"sort":-1}).limit(0); [ RunTime:0.000261s ]
[ sql ] [ Mongo ] db.v_category.find({"$and":[{"deleteAt":{"$exists":false}},{"parent.id":"59eed90883278779784b7ff9"}]}).sort({"sort":-1}).limit(0); [ RunTime:0.000375s ]
[ sql ] [ Mongo ] db.v_category.find({"$and":[{"deleteAt":{"$exists":false}},{"parent.id":"59eed92a83278727531f5a95"}]}).sort({"sort":-1}).limit(0); [ RunTime:0.000409s ]
[ sql ] [ Mongo ] db.v_category.find({"$and":[{"deleteAt":{"$exists":false}},{"parent.id":"59eed66383278739392a2605"}]}).sort({"sort":-1}).limit(0); [ RunTime:0.000322s ]
[ sql ] [ Mongo ] db.v_category.find({"$and":[{"deleteAt":{"$exists":false}},{"parent.id":"59eed75d8327872f7146d5b8"}]}).sort({"sort":-1}).limit(0); [ RunTime:0.000393s ]
[ sql ] [ Mongo ] db.v_category.find({"$and":[{"deleteAt":{"$exists":false}},{"parent.id":"59eed77f83278739392a2606"}]}).sort({"sort":-1}).limit(0); [ RunTime:0.000370s ]
[ sql ] [ Mongo ] db.v_category.find({"$and":[{"deleteAt":{"$exists":false}},{"parent.id":"59eed5988327872f723e7b39"}]}).sort({"sort":-1}).limit(0); [ RunTime:0.000885s ]
[ sql ] [ Mongo ] db.v_category.find({"$and":[{"deleteAt":{"$exists":false}},{"parent.id":"59eed6c1832787275045f307"}]}).sort({"sort":-1}).limit(0); [ RunTime:0.000453s ]
[ sql ] [ Mongo ] db.v_category.find({"$and":[{"deleteAt":{"$exists":false}},{"parent.id":"59eed6d3832787275413a1e7"}]}).sort({"sort":-1}).limit(0); [ RunTime:0.000391s ]
---------------------------------------------------------------
[ 2017-11-14T10:52:01+08:00 ] 127.0.0.1 127.0.0.1 POST /admin/menu/index
[ info ] sichuan.admin.com/admin/menu/index [运行时间：0.005263s][吞吐率：190.00req/s] [内存消耗：471.85kb] [文件加载：47]
[ info ] [ LANG ] /home/calf/admin//thinkphp/lang/zh-cn.php
[ info ] [ ROUTE ] array (
  'type' => 'module',
  'module' => 
  array (
    0 => 'admin',
    1 => 'menu',
    2 => 'index',
  ),
)
[ info ] [ HEADER ] array (
  'host' => 'sichuan.admin.com',
  'connection' => 'keep-alive',
  'content-length' => '2',
  'accept' => 'application/json',
  'origin' => 'http://localhost:3000',
  'user-agent' => 'Mozilla/5.0 (X11; Linux x86_64) AppleWebKit/537.36 (KHTML, like Gecko) Ubuntu Chromium/62.0.3202.75 Chrome/62.0.3202.75 Safari/537.36',
  'content-type' => 'application/json',
  'accept-encoding' => 'gzip, deflate',
  'accept-language' => 'zh-CN,zh;q=0.9',
  'cookie' => '__utma=263463772.1899665212.1506839425.1508554965.1508632765.5; __utmz=263463772.1506839425.1.1.utmcsr=(direct)|utmccn=(direct)|utmcmd=(none)',
)
[ info ] [ PARAM ] array (
)
[ info ] [ RUN ] app\admin\controller\Menu->index[ /home/calf/admin/sichuan/application/admin/controller/Menu.php ]
[ info ] [ LOG ] INIT File
---------------------------------------------------------------
[ 2017-11-14T10:52:01+08:00 ] 127.0.0.1 127.0.0.1 POST /venue/exhibit/index
[ info ] sichuan.admin.com/venue/exhibit/index [运行时间：0.009745s][吞吐率：102.62req/s] [内存消耗：683.50kb] [文件加载：58]
[ info ] [ LANG ] /home/calf/admin//thinkphp/lang/zh-cn.php
[ info ] [ ROUTE ] array (
  'type' => 'module',
  'module' => 
  array (
    0 => 'venue',
    1 => 'exhibit',
    2 => 'index',
  ),
)
[ info ] [ HEADER ] array (
  'host' => 'sichuan.admin.com',
  'connection' => 'keep-alive',
  'content-length' => '35',
  'accept' => 'application/json',
  'origin' => 'http://localhost:3000',
  'user-agent' => 'Mozilla/5.0 (X11; Linux x86_64) AppleWebKit/537.36 (KHTML, like Gecko) Ubuntu Chromium/62.0.3202.75 Chrome/62.0.3202.75 Safari/537.36',
  'content-type' => 'application/json',
  'accept-encoding' => 'gzip, deflate',
  'accept-language' => 'zh-CN,zh;q=0.9',
  'cookie' => '__utma=263463772.1899665212.1506839425.1508554965.1508632765.5; __utmz=263463772.1506839425.1.1.utmcsr=(direct)|utmccn=(direct)|utmcmd=(none)',
)
[ info ] [ PARAM ] array (
  'page' => 1,
  'limit' => 20,
  'category' => 
  array (
  ),
)
[ info ] [ RUN ] app\venue\controller\Exhibit->index[ /home/calf/admin/sichuan/application/venue/controller/Exhibit.php ]
[ info ] [ DB ] INIT \think\mongo\Connection
[ info ] [ LOG ] INIT File
[ error ] [8]未定义变量: map[/home/calf/admin/sichuan/application/venue/controller/Exhibit.php:52]
[ error ] [8]未定义变量: map[/home/calf/admin/sichuan/application/venue/controller/Exhibit.php:53]
[ sql ] [ DB ] CONNECT:[ UseTime:0.000096s ] 
[ sql ] [ Mongo ] db.exhibit.find({"$and":[{"deleteAt":{"$exists":false}}]}).sort({"sort":-1}).limit(20); [ RunTime:0.000678s ]
[ sql ] [ Mongo ] db.count({"count":"exhibit","query":{"$and":[{"deleteAt":{"$exists":false}}]},"limit":0}); [ RunTime:0.000241s ]
---------------------------------------------------------------
[ 2017-11-14T10:52:01+08:00 ] 127.0.0.1 127.0.0.1 POST /venue/cate/index
[ info ] sichuan.admin.com/venue/cate/index [运行时间：0.125457s][吞吐率：7.97req/s] [内存消耗：736.25kb] [文件加载：55]
[ info ] [ LANG ] /home/calf/admin//thinkphp/lang/zh-cn.php
[ info ] [ ROUTE ] array (
  'type' => 'module',
  'module' => 
  array (
    0 => 'venue',
    1 => 'cate',
    2 => 'index',
  ),
)
[ info ] [ HEADER ] array (
  'host' => 'sichuan.admin.com',
  'connection' => 'keep-alive',
  'content-length' => '13',
  'accept' => 'application/json',
  'origin' => 'http://localhost:3000',
  'user-agent' => 'Mozilla/5.0 (X11; Linux x86_64) AppleWebKit/537.36 (KHTML, like Gecko) Ubuntu Chromium/62.0.3202.75 Chrome/62.0.3202.75 Safari/537.36',
  'content-type' => 'application/json',
  'accept-encoding' => 'gzip, deflate',
  'accept-language' => 'zh-CN,zh;q=0.9',
  'cookie' => '__utma=263463772.1899665212.1506839425.1508554965.1508632765.5; __utmz=263463772.1506839425.1.1.utmcsr=(direct)|utmccn=(direct)|utmcmd=(none)',
)
[ info ] [ PARAM ] array (
  'tree' => true,
)
[ info ] [ RUN ] app\venue\controller\Cate->index[ /home/calf/admin/sichuan/application/venue/controller/Cate.php ]
[ info ] [ DB ] INIT \think\mongo\Connection
[ info ] [ LOG ] INIT File
[ sql ] [ DB ] CONNECT:[ UseTime:0.000086s ] 
[ sql ] [ Mongo ] db.v_category.find({"$and":[{"deleteAt":{"$exists":false}},{"parent":{"$exists":false}}]}).sort({"sort":-1}).limit(0); [ RunTime:0.001301s ]
[ sql ] [ Mongo ] db.v_category.find({"$and":[{"deleteAt":{"$exists":false}},{"parent.id":"59eed97f832787275413a1e8"}]}).sort({"sort":-1}).limit(0); [ RunTime:0.000473s ]
[ sql ] [ Mongo ] db.v_category.find({"$and":[{"deleteAt":{"$exists":false}},{"parent.id":"59eed9918327872f7146d5b9"}]}).sort({"sort":-1}).limit(0); [ RunTime:0.000470s ]
[ sql ] [ Mongo ] db.v_category.find({"$and":[{"deleteAt":{"$exists":false}},{"parent.id":"59eed99e83278727531f5a96"}]}).sort({"sort":-1}).limit(0); [ RunTime:0.000437s ]
[ sql ] [ Mongo ] db.v_category.find({"$and":[{"deleteAt":{"$exists":false}},{"parent.id":"59eed9ac832787274f22f029"}]}).sort({"sort":-1}).limit(0); [ RunTime:0.000430s ]
[ sql ] [ Mongo ] db.v_category.find({"$and":[{"deleteAt":{"$exists":false}},{"parent.id":"59eed9b983278739392a2607"}]}).sort({"sort":-1}).limit(0); [ RunTime:0.000408s ]
[ sql ] [ Mongo ] db.v_category.find({"$and":[{"deleteAt":{"$exists":false}},{"parent.id":"59edb836832787553001c862"}]}).sort({"sort":-1}).limit(0); [ RunTime:0.000355s ]
[ sql ] [ Mongo ] db.v_category.find({"$and":[{"deleteAt":{"$exists":false}},{"parent.id":"59edb8968327872b5b1f9513"}]}).sort({"sort":-1}).limit(0); [ RunTime:0.000461s ]
[ sql ] [ Mongo ] db.v_category.find({"$and":[{"deleteAt":{"$exists":false}},{"parent.id":"59edba60832787553001c864"}]}).sort({"sort":-1}).limit(0); [ RunTime:0.000448s ]
[ sql ] [ Mongo ] db.v_category.find({"$and":[{"deleteAt":{"$exists":false}},{"parent.id":"59eec72f83278727511813b4"}]}).sort({"sort":-1}).limit(0); [ RunTime:0.000431s ]
[ sql ] [ Mongo ] db.v_category.find({"$and":[{"deleteAt":{"$exists":false}},{"parent.id":"59eec74d83278779784b7ff2"}]}).sort({"sort":-1}).limit(0); [ RunTime:0.000450s ]
[ sql ] [ Mongo ] db.v_category.find({"$and":[{"deleteAt":{"$exists":false}},{"parent.id":"59edba8083278755c9003dd3"}]}).sort({"sort":-1}).limit(0); [ RunTime:0.000464s ]
[ sql ] [ Mongo ] db.v_category.find({"$and":[{"deleteAt":{"$exists":false}},{"parent.id":"59eec793832787274f22f023"}]}).sort({"sort":-1}).limit(0); [ RunTime:0.000416s ]
[ sql ] [ Mongo ] db.v_category.find({"$and":[{"deleteAt":{"$exists":false}},{"parent.id":"59eec7c2832787275413a1e4"}]}).sort({"sort":-1}).limit(0); [ RunTime:0.000424s ]
[ sql ] [ Mongo ] db.v_category.find({"$and":[{"deleteAt":{"$exists":false}},{"parent.id":"59edba9d8327872b5b1f9514"}]}).sort({"sort":-1}).limit(0); [ RunTime:0.000423s ]
[ sql ] [ Mongo ] db.v_category.find({"$and":[{"deleteAt":{"$exists":false}},{"parent.id":"59eec81183278779784b7ff3"}]}).sort({"sort":-1}).limit(0); [ RunTime:0.000406s ]
[ sql ] [ Mongo ] db.v_category.find({"$and":[{"deleteAt":{"$exists":false}},{"parent.id":"59eec86183278727511813b5"}]}).sort({"sort":-1}).limit(0); [ RunTime:0.000391s ]
[ sql ] [ Mongo ] db.v_category.find({"$and":[{"deleteAt":{"$exists":false}},{"parent.id":"59edbc988327871ec5122ef2"}]}).sort({"sort":-1}).limit(0); [ RunTime:0.000536s ]
[ sql ] [ Mongo ] db.v_category.find({"$and":[{"deleteAt":{"$exists":false}},{"parent.id":"59eec8b88327872f7146d5b2"}]}).sort({"sort":-1}).limit(0); [ RunTime:0.000392s ]
[ sql ] [ Mongo ] db.v_category.find({"$and":[{"deleteAt":{"$exists":false}},{"parent.id":"59edbcbe83278706691a7b82"}]}).sort({"sort":-1}).limit(0); [ RunTime:0.000490s ]
[ sql ] [ Mongo ] db.v_category.find({"$and":[{"deleteAt":{"$exists":false}},{"parent.id":"59eec8d2832787275045f302"}]}).sort({"sort":-1}).limit(0); [ RunTime:0.000454s ]
[ sql ] [ Mongo ] db.v_category.find({"$and":[{"deleteAt":{"$exists":false}},{"parent.id":"59edbcdf832787066b7d14d2"}]}).sort({"sort":-1}).limit(0); [ RunTime:0.000475s ]
[ sql ] [ Mongo ] db.v_category.find({"$and":[{"deleteAt":{"$exists":false}},{"parent.id":"59eec9008327872f7146d5b3"}]}).sort({"sort":-1}).limit(0); [ RunTime:0.000459s ]
[ sql ] [ Mongo ] db.v_category.find({"$and":[{"deleteAt":{"$exists":false}},{"parent.id":"59eec92f832787274f22f024"}]}).sort({"sort":-1}).limit(0); [ RunTime:0.000441s ]
[ sql ] [ Mongo ] db.v_category.find({"$and":[{"deleteAt":{"$exists":false}},{"parent.id":"59edbd008327871ebb66cac2"}]}).sort({"sort":-1}).limit(0); [ RunTime:0.000483s ]
[ sql ] [ Mongo ] db.v_category.find({"$and":[{"deleteAt":{"$exists":false}},{"parent.id":"59eec95483278720677c8f63"}]}).sort({"sort":-1}).limit(0); [ RunTime:0.000463s ]
[ sql ] [ Mongo ] db.v_category.find({"$and":[{"deleteAt":{"$exists":false}},{"parent.id":"59eec97a832787275045f303"}]}).sort({"sort":-1}).limit(0); [ RunTime:0.000440s ]
[ sql ] [ Mongo ] db.v_category.find({"$and":[{"deleteAt":{"$exists":false}},{"parent.id":"59eec9b783278727511813b6"}]}).sort({"sort":-1}).limit(0); [ RunTime:0.000412s ]
[ sql ] [ Mongo ] db.v_category.find({"$and":[{"deleteAt":{"$exists":false}},{"parent.id":"59edb8d183278755f71f58e3"}]}).sort({"sort":-1}).limit(0); [ RunTime:0.000467s ]
[ sql ] [ Mongo ] db.v_category.find({"$and":[{"deleteAt":{"$exists":false}},{"parent.id":"59edbd748327871ec34c6542"}]}).sort({"sort":-1}).limit(0); [ RunTime:0.000490s ]
[ sql ] [ Mongo ] db.v_category.find({"$and":[{"deleteAt":{"$exists":false}},{"parent.id":"59edce038327871ec60c7f32"}]}).sort({"sort":-1}).limit(0); [ RunTime:0.000440s ]
[ sql ] [ Mongo ] db.v_category.find({"$and":[{"deleteAt":{"$exists":false}},{"parent.id":"59edcfd18327871ebc5176d2"}]}).sort({"sort":-1}).limit(0); [ RunTime:0.000387s ]
[ sql ] [ Mongo ] db.v_category.find({"$and":[{"deleteAt":{"$exists":false}},{"parent.id":"59edcff98327871ec60c7f33"}]}).sort({"sort":-1}).limit(0); [ RunTime:0.000362s ]
[ sql ] [ Mongo ] db.v_category.find({"$and":[{"deleteAt":{"$exists":false}},{"parent.id":"59edbe018327871ec4465402"}]}).sort({"sort":-1}).limit(0); [ RunTime:0.000495s ]
[ sql ] [ Mongo ] db.v_category.find({"$and":[{"deleteAt":{"$exists":false}},{"parent.id":"59eebd0e83278727511813b2"}]}).sort({"sort":-1}).limit(0); [ RunTime:0.000438s ]
[ sql ] [ Mongo ] db.v_category.find({"$and":[{"deleteAt":{"$exists":false}},{"parent.id":"59eebd3083278720677c8f62"}]}).sort({"sort":-1}).limit(0); [ RunTime:0.000433s ]
[ sql ] [ Mongo ] db.v_category.find({"$and":[{"deleteAt":{"$exists":false}},{"parent.id":"59eebd5283278727511813b3"}]}).sort({"sort":-1}).limit(0); [ RunTime:0.000517s ]
[ sql ] [ Mongo ] db.v_category.find({"$and":[{"deleteAt":{"$exists":false}},{"parent.id":"59eebd7f832787275413a1e2"}]}).sort({"sort":-1}).limit(0); [ RunTime:0.000452s ]
[ sql ] [ Mongo ] db.v_category.find({"$and":[{"deleteAt":{"$exists":false}},{"parent.id":"59eebda8832787274f22f022"}]}).sort({"sort":-1}).limit(0); [ RunTime:0.000437s ]
[ sql ] [ Mongo ] db.v_category.find({"$and":[{"deleteAt":{"$exists":false}},{"parent.id":"59eec70d832787275413a1e3"}]}).sort({"sort":-1}).limit(0); [ RunTime:0.000378s ]
[ sql ] [ Mongo ] db.v_category.find({"$and":[{"deleteAt":{"$exists":false}},{"parent.id":"59eecad683278727511813b7"}]}).sort({"sort":-1}).limit(0); [ RunTime:0.000487s ]
[ sql ] [ Mongo ] db.v_category.find({"$and":[{"deleteAt":{"$exists":false}},{"parent.id":"59eecaf1832787275413a1e5"}]}).sort({"sort":-1}).limit(0); [ RunTime:0.000430s ]
[ sql ] [ Mongo ] db.v_category.find({"$and":[{"deleteAt":{"$exists":false}},{"parent.id":"59eecb128327872f7146d5b4"}]}).sort({"sort":-1}).limit(0); [ RunTime:0.000541s ]
[ sql ] [ Mongo ] db.v_category.find({"$and":[{"deleteAt":{"$exists":false}},{"parent.id":"59eed10483278720677c8f64"}]}).sort({"sort":-1}).limit(0); [ RunTime:0.000518s ]
[ sql ] [ Mongo ] db.v_category.find({"$and":[{"deleteAt":{"$exists":false}},{"parent.id":"59eed1ad8327872f723e7b33"}]}).sort({"sort":-1}).limit(0); [ RunTime:0.000479s ]
[ sql ] [ Mongo ] db.v_category.find({"$and":[{"deleteAt":{"$exists":false}},{"parent.id":"59eed2248327872f723e7b34"}]}).sort({"sort":-1}).limit(0); [ RunTime:0.000473s ]
[ sql ] [ Mongo ] db.v_category.find({"$and":[{"deleteAt":{"$exists":false}},{"parent.id":"59eed263832787275045f304"}]}).sort({"sort":-1}).limit(0); [ RunTime:0.000425s ]
[ sql ] [ Mongo ] db.v_category.find({"$and":[{"deleteAt":{"$exists":false}},{"parent.id":"59eed27c83278779784b7ff6"}]}).sort({"sort":-1}).limit(0); [ RunTime:0.000306s ]
[ sql ] [ Mongo ] db.v_category.find({"$and":[{"deleteAt":{"$exists":false}},{"parent.id":"59eed29683278720677c8f65"}]}).sort({"sort":-1}).limit(0); [ RunTime:0.000401s ]
[ sql ] [ Mongo ] db.v_category.find({"$and":[{"deleteAt":{"$exists":false}},{"parent.id":"59eed128832787274f22f025"}]}).sort({"sort":-1}).limit(0); [ RunTime:0.000403s ]
[ sql ] [ Mongo ] db.v_category.find({"$and":[{"deleteAt":{"$exists":false}},{"parent.id":"59eed14283278779784b7ff5"}]}).sort({"sort":-1}).limit(0); [ RunTime:0.000392s ]
[ sql ] [ Mongo ] db.v_category.find({"$and":[{"deleteAt":{"$exists":false}},{"parent.id":"59eed1558327872f723e7b32"}]}).sort({"sort":-1}).limit(0); [ RunTime:0.000351s ]
[ sql ] [ Mongo ] db.v_category.find({"$and":[{"deleteAt":{"$exists":false}},{"parent.id":"59eed16e832787274f22f026"}]}).sort({"sort":-1}).limit(0); [ RunTime:0.000344s ]
[ sql ] [ Mongo ] db.v_category.find({"$and":[{"deleteAt":{"$exists":false}},{"parent.id":"59eecb2783278727511813b8"}]}).sort({"sort":-1}).limit(0); [ RunTime:0.000412s ]
[ sql ] [ Mongo ] db.v_category.find({"$and":[{"deleteAt":{"$exists":false}},{"parent.id":"59eed2b583278727511813b9"}]}).sort({"sort":-1}).limit(0); [ RunTime:0.000424s ]
[ sql ] [ Mongo ] db.v_category.find({"$and":[{"deleteAt":{"$exists":false}},{"parent.id":"59eed2e083278720677c8f66"}]}).sort({"sort":-1}).limit(0); [ RunTime:0.000317s ]
[ sql ] [ Mongo ] db.v_category.find({"$and":[{"deleteAt":{"$exists":false}},{"parent.id":"59eed2fe832787275045f305"}]}).sort({"sort":-1}).limit(0); [ RunTime:0.000319s ]
[ sql ] [ Mongo ] db.v_category.find({"$and":[{"deleteAt":{"$exists":false}},{"parent.id":"59eed3118327872f723e7b35"}]}).sort({"sort":-1}).limit(0); [ RunTime:0.000318s ]
[ sql ] [ Mongo ] db.v_category.find({"$and":[{"deleteAt":{"$exists":false}},{"parent.id":"59eed32583278727531f5a92"}]}).sort({"sort":-1}).limit(0); [ RunTime:0.000325s ]
[ sql ] [ Mongo ] db.v_category.find({"$and":[{"deleteAt":{"$exists":false}},{"parent.id":"59eed33f83278739392a2602"}]}).sort({"sort":-1}).limit(0); [ RunTime:0.000334s ]
[ sql ] [ Mongo ] db.v_category.find({"$and":[{"deleteAt":{"$exists":false}},{"parent.id":"59eed3518327872f723e7b36"}]}).sort({"sort":-1}).limit(0); [ RunTime:0.000372s ]
[ sql ] [ Mongo ] db.v_category.find({"$and":[{"deleteAt":{"$exists":false}},{"parent.id":"59eed2ca83278779784b7ff7"}]}).sort({"sort":-1}).limit(0); [ RunTime:0.000402s ]
[ sql ] [ Mongo ] db.v_category.find({"$and":[{"deleteAt":{"$exists":false}},{"parent.id":"59eecb4783278779784b7ff4"}]}).sort({"sort":-1}).limit(0); [ RunTime:0.000410s ]
[ sql ] [ Mongo ] db.v_category.find({"$and":[{"deleteAt":{"$exists":false}},{"parent.id":"59eed4378327872f723e7b37"}]}).sort({"sort":-1}).limit(0); [ RunTime:0.000346s ]
[ sql ] [ Mongo ] db.v_category.find({"$and":[{"deleteAt":{"$exists":false}},{"parent.id":"59eed44a8327872f7146d5b6"}]}).sort({"sort":-1}).limit(0); [ RunTime:0.000322s ]
[ sql ] [ Mongo ] db.v_category.find({"$and":[{"deleteAt":{"$exists":false}},{"parent.id":"59eed45a83278727511813ba"}]}).sort({"sort":-1}).limit(0); [ RunTime:0.000354s ]
[ sql ] [ Mongo ] db.v_category.find({"$and":[{"deleteAt":{"$exists":false}},{"parent.id":"59eecb768327872f7146d5b5"}]}).sort({"sort":-1}).limit(0); [ RunTime:0.000349s ]
[ sql ] [ Mongo ] db.v_category.find({"$and":[{"deleteAt":{"$exists":false}},{"parent.id":"59eed48c8327872f723e7b38"}]}).sort({"sort":-1}).limit(0); [ RunTime:0.000303s ]
[ sql ] [ Mongo ] db.v_category.find({"$and":[{"deleteAt":{"$exists":false}},{"parent.id":"59eed49d83278727531f5a93"}]}).sort({"sort":-1}).limit(0); [ RunTime:0.000304s ]
[ sql ] [ Mongo ] db.v_category.find({"$and":[{"deleteAt":{"$exists":false}},{"parent.id":"59eed4c883278739392a2603"}]}).sort({"sort":-1}).limit(0); [ RunTime:0.000374s ]
[ sql ] [ Mongo ] db.v_category.find({"$and":[{"deleteAt":{"$exists":false}},{"parent.id":"59eed516832787274f22f027"}]}).sort({"sort":-1}).limit(0); [ RunTime:0.000419s ]
[ sql ] [ Mongo ] db.v_category.find({"$and":[{"deleteAt":{"$exists":false}},{"parent.id":"59eed5b283278727511813bb"}]}).sort({"sort":-1}).limit(0); [ RunTime:0.000268s ]
[ sql ] [ Mongo ] db.v_category.find({"$and":[{"deleteAt":{"$exists":false}},{"parent.id":"59eed5d783278739392a2604"}]}).sort({"sort":-1}).limit(0); [ RunTime:0.000273s ]
[ sql ] [ Mongo ] db.v_category.find({"$and":[{"deleteAt":{"$exists":false}},{"parent.id":"59eed52b83278779784b7ff8"}]}).sort({"sort":-1}).limit(0); [ RunTime:0.000413s ]
[ sql ] [ Mongo ] db.v_category.find({"$and":[{"deleteAt":{"$exists":false}},{"parent.id":"59eed621832787275413a1e6"}]}).sort({"sort":-1}).limit(0); [ RunTime:0.000439s ]
[ sql ] [ Mongo ] db.v_category.find({"$and":[{"deleteAt":{"$exists":false}},{"parent.id":"59eed55283278720677c8f67"}]}).sort({"sort":-1}).limit(0); [ RunTime:0.000389s ]
[ sql ] [ Mongo ] db.v_category.find({"$and":[{"deleteAt":{"$exists":false}},{"parent.id":"59eed56c832787275045f306"}]}).sort({"sort":-1}).limit(0); [ RunTime:0.000498s ]
[ sql ] [ Mongo ] db.v_category.find({"$and":[{"deleteAt":{"$exists":false}},{"parent.id":"59eed64a8327872f7146d5b7"}]}).sort({"sort":-1}).limit(0); [ RunTime:0.000407s ]
[ sql ] [ Mongo ] db.v_category.find({"$and":[{"deleteAt":{"$exists":false}},{"parent.id":"59eed6f183278727531f5a94"}]}).sort({"sort":-1}).limit(0); [ RunTime:0.000372s ]
[ sql ] [ Mongo ] db.v_category.find({"$and":[{"deleteAt":{"$exists":false}},{"parent.id":"59eed7b983278727511813bc"}]}).sort({"sort":-1}).limit(0); [ RunTime:0.000393s ]
[ sql ] [ Mongo ] db.v_category.find({"$and":[{"deleteAt":{"$exists":false}},{"parent.id":"59eed8c98327872f723e7b3a"}]}).sort({"sort":-1}).limit(0); [ RunTime:0.000414s ]
[ sql ] [ Mongo ] db.v_category.find({"$and":[{"deleteAt":{"$exists":false}},{"parent.id":"59eed8e383278727511813bd"}]}).sort({"sort":-1}).limit(0); [ RunTime:0.000295s ]
[ sql ] [ Mongo ] db.v_category.find({"$and":[{"deleteAt":{"$exists":false}},{"parent.id":"59eed704832787274f22f028"}]}).sort({"sort":-1}).limit(0); [ RunTime:0.000260s ]
[ sql ] [ Mongo ] db.v_category.find({"$and":[{"deleteAt":{"$exists":false}},{"parent.id":"59eed90883278779784b7ff9"}]}).sort({"sort":-1}).limit(0); [ RunTime:0.000262s ]
[ sql ] [ Mongo ] db.v_category.find({"$and":[{"deleteAt":{"$exists":false}},{"parent.id":"59eed92a83278727531f5a95"}]}).sort({"sort":-1}).limit(0); [ RunTime:0.000309s ]
[ sql ] [ Mongo ] db.v_category.find({"$and":[{"deleteAt":{"$exists":false}},{"parent.id":"59eed66383278739392a2605"}]}).sort({"sort":-1}).limit(0); [ RunTime:0.000383s ]
[ sql ] [ Mongo ] db.v_category.find({"$and":[{"deleteAt":{"$exists":false}},{"parent.id":"59eed75d8327872f7146d5b8"}]}).sort({"sort":-1}).limit(0); [ RunTime:0.000242s ]
[ sql ] [ Mongo ] db.v_category.find({"$and":[{"deleteAt":{"$exists":false}},{"parent.id":"59eed77f83278739392a2606"}]}).sort({"sort":-1}).limit(0); [ RunTime:0.000318s ]
[ sql ] [ Mongo ] db.v_category.find({"$and":[{"deleteAt":{"$exists":false}},{"parent.id":"59eed5988327872f723e7b39"}]}).sort({"sort":-1}).limit(0); [ RunTime:0.000341s ]
[ sql ] [ Mongo ] db.v_category.find({"$and":[{"deleteAt":{"$exists":false}},{"parent.id":"59eed6c1832787275045f307"}]}).sort({"sort":-1}).limit(0); [ RunTime:0.000311s ]
[ sql ] [ Mongo ] db.v_category.find({"$and":[{"deleteAt":{"$exists":false}},{"parent.id":"59eed6d3832787275413a1e7"}]}).sort({"sort":-1}).limit(0); [ RunTime:0.000313s ]
