---------------------------------------------------------------
[ 2017-11-02T10:28:16+08:00 ] 127.0.0.1 127.0.0.1 GET /
[ info ] hunan.admin.com/ [运行时间：0.079976s][吞吐率：12.50req/s] [内存消耗：522.03kb] [文件加载：54]
[ info ] [ LANG ] /home/calf/admin//thinkphp/lang/zh-cn.php
[ info ] [ ROUTE ] array (
  'type' => 'module',
  'module' => 
  array (
    0 => 'index',
    1 => 'index',
    2 => 'index',
  ),
  'convert' => false,
)
[ info ] [ HEADER ] array (
  'host' => 'hunan.admin.com',
  'connection' => 'keep-alive',
  'upgrade-insecure-requests' => '1',
  'user-agent' => 'Mozilla/5.0 (X11; Linux x86_64) AppleWebKit/537.36 (KHTML, like Gecko) Ubuntu Chromium/62.0.3202.62 Chrome/62.0.3202.62 Safari/537.36',
  'accept' => 'text/html,application/xhtml+xml,application/xml;q=0.9,image/webp,image/apng,*/*;q=0.8',
  'accept-encoding' => 'gzip, deflate',
  'accept-language' => 'zh-CN,zh;q=0.9',
  'cookie' => '__utma=263463772.1899665212.1506839425.1508554965.1508632765.5; __utmz=263463772.1506839425.1.1.utmcsr=(direct)|utmccn=(direct)|utmcmd=(none)',
)
[ info ] [ PARAM ] array (
)
[ info ] [ RUN ] app\index\controller\Index->index[ /home/calf/admin/hunan/application/index/controller/Index.php ]
[ info ] [ VIEW ] /home/calf/admin/hunan/application/index/view/index/index.html [ array (
) ]
[ info ] [ LOG ] INIT File
---------------------------------------------------------------
[ 2017-11-02T10:28:16+08:00 ] 127.0.0.1 127.0.0.1 POST /admin/menu/index
[ info ] hunan.admin.com/admin/menu/index [运行时间：0.007741s][吞吐率：129.18req/s] [内存消耗：478.19kb] [文件加载：49]
[ info ] [ LANG ] /home/calf/admin//thinkphp/lang/zh-cn.php
[ info ] [ ROUTE ] array (
  'type' => 'module',
  'module' => 
  array (
    0 => 'admin',
    1 => 'menu',
    2 => 'index',
  ),
)
[ info ] [ HEADER ] array (
  'host' => 'hunan.admin.com',
  'connection' => 'keep-alive',
  'content-length' => '2',
  'accept' => 'application/json',
  'origin' => 'null',
  'user-agent' => 'Mozilla/5.0 (X11; Linux x86_64) AppleWebKit/537.36 (KHTML, like Gecko) Ubuntu Chromium/62.0.3202.62 Chrome/62.0.3202.62 Safari/537.36',
  'content-type' => 'application/json',
  'accept-encoding' => 'gzip, deflate',
  'accept-language' => 'zh-CN,zh;q=0.9',
  'cookie' => '__utma=263463772.1899665212.1506839425.1508554965.1508632765.5; __utmz=263463772.1506839425.1.1.utmcsr=(direct)|utmccn=(direct)|utmcmd=(none)',
)
[ info ] [ PARAM ] array (
)
[ info ] [ SESSION ] INIT array (
  'id' => '',
  'var_session_id' => '',
  'prefix' => 'think',
  'type' => '',
  'auto_start' => true,
)
[ info ] [ LOG ] INIT File
---------------------------------------------------------------
[ 2017-11-02T10:28:16+08:00 ] 127.0.0.1 127.0.0.1 POST /article/cate/index
[ info ] hunan.admin.com/article/cate/index [运行时间：0.004299s][吞吐率：232.60req/s] [内存消耗：488.06kb] [文件加载：50]
[ info ] [ LANG ] /home/calf/admin//thinkphp/lang/zh-cn.php
[ info ] [ ROUTE ] array (
  'type' => 'module',
  'module' => 
  array (
    0 => 'article',
    1 => 'cate',
    2 => 'index',
  ),
)
[ info ] [ HEADER ] array (
  'host' => 'hunan.admin.com',
  'connection' => 'keep-alive',
  'content-length' => '14',
  'accept' => 'application/json',
  'origin' => 'null',
  'user-agent' => 'Mozilla/5.0 (X11; Linux x86_64) AppleWebKit/537.36 (KHTML, like Gecko) Ubuntu Chromium/62.0.3202.62 Chrome/62.0.3202.62 Safari/537.36',
  'content-type' => 'application/json',
  'accept-encoding' => 'gzip, deflate',
  'accept-language' => 'zh-CN,zh;q=0.9',
  'cookie' => '__utma=263463772.1899665212.1506839425.1508554965.1508632765.5; __utmz=263463772.1506839425.1.1.utmcsr=(direct)|utmccn=(direct)|utmcmd=(none); PHPSESSID=rvnbb9j2qptcb9t6edol32j8l6',
)
[ info ] [ PARAM ] array (
  'tree' => false,
)
[ info ] [ SESSION ] INIT array (
  'id' => '',
  'var_session_id' => '',
  'prefix' => 'think',
  'type' => '',
  'auto_start' => true,
)
[ info ] [ LOG ] INIT File
---------------------------------------------------------------
[ 2017-11-02T10:28:16+08:00 ] 127.0.0.1 127.0.0.1 POST /article/article/index
[ info ] hunan.admin.com/article/article/index [运行时间：0.003833s][吞吐率：260.89req/s] [内存消耗：488.27kb] [文件加载：50]
[ info ] [ LANG ] /home/calf/admin//thinkphp/lang/zh-cn.php
[ info ] [ ROUTE ] array (
  'type' => 'module',
  'module' => 
  array (
    0 => 'article',
    1 => 'article',
    2 => 'index',
  ),
)
[ info ] [ HEADER ] array (
  'host' => 'hunan.admin.com',
  'connection' => 'keep-alive',
  'content-length' => '35',
  'accept' => 'application/json',
  'origin' => 'null',
  'user-agent' => 'Mozilla/5.0 (X11; Linux x86_64) AppleWebKit/537.36 (KHTML, like Gecko) Ubuntu Chromium/62.0.3202.62 Chrome/62.0.3202.62 Safari/537.36',
  'content-type' => 'application/json',
  'accept-encoding' => 'gzip, deflate',
  'accept-language' => 'zh-CN,zh;q=0.9',
  'cookie' => '__utma=263463772.1899665212.1506839425.1508554965.1508632765.5; __utmz=263463772.1506839425.1.1.utmcsr=(direct)|utmccn=(direct)|utmcmd=(none); PHPSESSID=rvnbb9j2qptcb9t6edol32j8l6',
)
[ info ] [ PARAM ] array (
  'page' => 1,
  'limit' => 20,
  'category' => 
  array (
  ),
)
[ info ] [ SESSION ] INIT array (
  'id' => '',
  'var_session_id' => '',
  'prefix' => 'think',
  'type' => '',
  'auto_start' => true,
)
[ info ] [ LOG ] INIT File
---------------------------------------------------------------
[ 2017-11-02T10:28:16+08:00 ] 127.0.0.1 127.0.0.1 GET /favicon.ico
[ info ] hunan.admin.com/favicon.ico [运行时间：0.005226s][吞吐率：191.35req/s] [内存消耗：502.19kb] [文件加载：54]
[ info ] [ LANG ] /home/calf/admin//thinkphp/lang/zh-cn.php
[ info ] [ ROUTE ] array (
  'type' => 'module',
  'module' => 
  array (
    0 => 'index',
    1 => 'index',
    2 => 'index',
  ),
  'convert' => false,
)
[ info ] [ HEADER ] array (
  'host' => 'hunan.admin.com',
  'connection' => 'keep-alive',
  'user-agent' => 'Mozilla/5.0 (X11; Linux x86_64) AppleWebKit/537.36 (KHTML, like Gecko) Ubuntu Chromium/62.0.3202.62 Chrome/62.0.3202.62 Safari/537.36',
  'accept' => 'image/webp,image/apng,image/*,*/*;q=0.8',
  'accept-encoding' => 'gzip, deflate',
  'accept-language' => 'zh-CN,zh;q=0.9',
  'cookie' => '__utma=263463772.1899665212.1506839425.1508554965.1508632765.5; __utmz=263463772.1506839425.1.1.utmcsr=(direct)|utmccn=(direct)|utmcmd=(none); PHPSESSID=rvnbb9j2qptcb9t6edol32j8l6; thinkphp_show_page_trace=0|0',
)
[ info ] [ PARAM ] array (
)
[ info ] [ RUN ] app\index\controller\Index->index[ /home/calf/admin/hunan/application/index/controller/Index.php ]
[ info ] [ VIEW ] /home/calf/admin/hunan/application/index/view/index/index.html [ array (
) ]
[ info ] [ LOG ] INIT File
---------------------------------------------------------------
[ 2017-11-02T10:28:16+08:00 ] 127.0.0.1 127.0.0.1 GET /login
[ info ] hunan.admin.com/login [运行时间：0.006664s][吞吐率：150.06req/s] [内存消耗：502.65kb] [文件加载：54]
[ info ] [ LANG ] /home/calf/admin//thinkphp/lang/zh-cn.php
[ info ] [ ROUTE ] array (
  'type' => 'module',
  'module' => 
  array (
    0 => 'index',
    1 => 'index',
    2 => 'index',
  ),
  'convert' => false,
)
[ info ] [ HEADER ] array (
  'host' => 'hunan.admin.com',
  'connection' => 'keep-alive',
  'upgrade-insecure-requests' => '1',
  'user-agent' => 'Mozilla/5.0 (X11; Linux x86_64) AppleWebKit/537.36 (KHTML, like Gecko) Ubuntu Chromium/62.0.3202.62 Chrome/62.0.3202.62 Safari/537.36',
  'accept' => 'text/html,application/xhtml+xml,application/xml;q=0.9,image/webp,image/apng,*/*;q=0.8',
  'accept-encoding' => 'gzip, deflate',
  'accept-language' => 'zh-CN,zh;q=0.9',
  'cookie' => '__utma=263463772.1899665212.1506839425.1508554965.1508632765.5; __utmz=263463772.1506839425.1.1.utmcsr=(direct)|utmccn=(direct)|utmcmd=(none); PHPSESSID=rvnbb9j2qptcb9t6edol32j8l6; thinkphp_show_page_trace=0|0',
)
[ info ] [ PARAM ] array (
)
[ info ] [ RUN ] app\index\controller\Index->index[ /home/calf/admin/hunan/application/index/controller/Index.php ]
[ info ] [ VIEW ] /home/calf/admin/hunan/application/index/view/index/index.html [ array (
) ]
[ info ] [ LOG ] INIT File
---------------------------------------------------------------
[ 2017-11-02T10:28:17+08:00 ] 127.0.0.1 127.0.0.1 GET /favicon.ico
[ info ] hunan.admin.com/favicon.ico [运行时间：0.004522s][吞吐率：221.15req/s] [内存消耗：502.19kb] [文件加载：54]
[ info ] [ LANG ] /home/calf/admin//thinkphp/lang/zh-cn.php
[ info ] [ ROUTE ] array (
  'type' => 'module',
  'module' => 
  array (
    0 => 'index',
    1 => 'index',
    2 => 'index',
  ),
  'convert' => false,
)
[ info ] [ HEADER ] array (
  'host' => 'hunan.admin.com',
  'connection' => 'keep-alive',
  'user-agent' => 'Mozilla/5.0 (X11; Linux x86_64) AppleWebKit/537.36 (KHTML, like Gecko) Ubuntu Chromium/62.0.3202.62 Chrome/62.0.3202.62 Safari/537.36',
  'accept' => 'image/webp,image/apng,image/*,*/*;q=0.8',
  'accept-encoding' => 'gzip, deflate',
  'accept-language' => 'zh-CN,zh;q=0.9',
  'cookie' => '__utma=263463772.1899665212.1506839425.1508554965.1508632765.5; __utmz=263463772.1506839425.1.1.utmcsr=(direct)|utmccn=(direct)|utmcmd=(none); PHPSESSID=rvnbb9j2qptcb9t6edol32j8l6; thinkphp_show_page_trace=0|0',
)
[ info ] [ PARAM ] array (
)
[ info ] [ RUN ] app\index\controller\Index->index[ /home/calf/admin/hunan/application/index/controller/Index.php ]
[ info ] [ VIEW ] /home/calf/admin/hunan/application/index/view/index/index.html [ array (
) ]
[ info ] [ LOG ] INIT File
---------------------------------------------------------------
[ 2017-11-02T10:28:20+08:00 ] 127.0.0.1 127.0.0.1 POST /login/index/login
[ info ] hunan.admin.com/login/index/login [运行时间：0.036142s][吞吐率：27.67req/s] [内存消耗：713.59kb] [文件加载：61]
[ info ] [ LANG ] /home/calf/admin//thinkphp/lang/zh-cn.php
[ info ] [ ROUTE ] array (
  'type' => 'module',
  'module' => 
  array (
    0 => 'login',
    1 => 'index',
    2 => 'login',
  ),
)
[ info ] [ HEADER ] array (
  'host' => 'hunan.admin.com',
  'connection' => 'keep-alive',
  'content-length' => '39',
  'accept' => 'application/json',
  'origin' => 'null',
  'user-agent' => 'Mozilla/5.0 (X11; Linux x86_64) AppleWebKit/537.36 (KHTML, like Gecko) Ubuntu Chromium/62.0.3202.62 Chrome/62.0.3202.62 Safari/537.36',
  'content-type' => 'application/json',
  'accept-encoding' => 'gzip, deflate',
  'accept-language' => 'zh-CN,zh;q=0.9',
  'cookie' => '__utma=263463772.1899665212.1506839425.1508554965.1508632765.5; __utmz=263463772.1506839425.1.1.utmcsr=(direct)|utmccn=(direct)|utmcmd=(none); PHPSESSID=rvnbb9j2qptcb9t6edol32j8l6; thinkphp_show_page_trace=0|0',
)
[ info ] [ PARAM ] array (
  'username' => 'admin',
  'password' => 'admin',
)
[ info ] [ RUN ] app\login\controller\Index->login[ /home/calf/admin/hunan/application/login/controller/Index.php ]
[ info ] [ DB ] INIT \think\mongo\Connection
[ info ] [ SESSION ] INIT array (
  'id' => '',
  'var_session_id' => '',
  'prefix' => 'think',
  'type' => '',
  'auto_start' => true,
)
[ info ] [ LOG ] INIT File
[ sql ] [ DB ] CONNECT:[ UseTime:0.000475s ] 
[ sql ] [ Mongo ] db.admin.find({"$and":[{"password":"21232f297a57a5a743894a0e4a801fc3"},{"username":"admin"}]}).limit(1); [ RunTime:0.001433s ]
---------------------------------------------------------------
[ 2017-11-02T10:28:23+08:00 ] 127.0.0.1 127.0.0.1 POST /admin/menu/index
[ info ] hunan.admin.com/admin/menu/index [运行时间：0.012143s][吞吐率：82.35req/s] [内存消耗：593.97kb] [文件加载：55]
[ info ] [ LANG ] /home/calf/admin//thinkphp/lang/zh-cn.php
[ info ] [ ROUTE ] array (
  'type' => 'module',
  'module' => 
  array (
    0 => 'admin',
    1 => 'menu',
    2 => 'index',
  ),
)
[ info ] [ HEADER ] array (
  'host' => 'hunan.admin.com',
  'connection' => 'keep-alive',
  'content-length' => '2',
  'accept' => 'application/json',
  'origin' => 'null',
  'user-agent' => 'Mozilla/5.0 (X11; Linux x86_64) AppleWebKit/537.36 (KHTML, like Gecko) Ubuntu Chromium/62.0.3202.62 Chrome/62.0.3202.62 Safari/537.36',
  'content-type' => 'application/json',
  'accept-encoding' => 'gzip, deflate',
  'accept-language' => 'zh-CN,zh;q=0.9',
  'cookie' => '__utma=263463772.1899665212.1506839425.1508554965.1508632765.5; __utmz=263463772.1506839425.1.1.utmcsr=(direct)|utmccn=(direct)|utmcmd=(none); PHPSESSID=rvnbb9j2qptcb9t6edol32j8l6; thinkphp_show_page_trace=0|0',
)
[ info ] [ PARAM ] array (
)
[ info ] [ SESSION ] INIT array (
  'id' => '',
  'var_session_id' => '',
  'prefix' => 'think',
  'type' => '',
  'auto_start' => true,
)
[ info ] [ RUN ] app\admin\controller\Menu->index[ /home/calf/admin/hunan/application/admin/controller/Menu.php ]
[ info ] [ LOG ] INIT File
---------------------------------------------------------------
[ 2017-11-02T10:28:23+08:00 ] 127.0.0.1 127.0.0.1 POST /article/cate/index
[ info ] hunan.admin.com/article/cate/index [运行时间：0.017249s][吞吐率：57.97req/s] [内存消耗：775.09kb] [文件加载：63]
[ info ] [ LANG ] /home/calf/admin//thinkphp/lang/zh-cn.php
[ info ] [ ROUTE ] array (
  'type' => 'module',
  'module' => 
  array (
    0 => 'article',
    1 => 'cate',
    2 => 'index',
  ),
)
[ info ] [ HEADER ] array (
  'host' => 'hunan.admin.com',
  'connection' => 'keep-alive',
  'content-length' => '14',
  'accept' => 'application/json',
  'origin' => 'null',
  'user-agent' => 'Mozilla/5.0 (X11; Linux x86_64) AppleWebKit/537.36 (KHTML, like Gecko) Ubuntu Chromium/62.0.3202.62 Chrome/62.0.3202.62 Safari/537.36',
  'content-type' => 'application/json',
  'accept-encoding' => 'gzip, deflate',
  'accept-language' => 'zh-CN,zh;q=0.9',
  'cookie' => '__utma=263463772.1899665212.1506839425.1508554965.1508632765.5; __utmz=263463772.1506839425.1.1.utmcsr=(direct)|utmccn=(direct)|utmcmd=(none); PHPSESSID=rvnbb9j2qptcb9t6edol32j8l6; thinkphp_show_page_trace=0|0',
)
[ info ] [ PARAM ] array (
  'tree' => false,
)
[ info ] [ SESSION ] INIT array (
  'id' => '',
  'var_session_id' => '',
  'prefix' => 'think',
  'type' => '',
  'auto_start' => true,
)
[ info ] [ RUN ] app\article\controller\Cate->index[ /home/calf/admin/hunan/application/article/controller/Cate.php ]
[ info ] [ DB ] INIT \think\mongo\Connection
[ info ] [ LOG ] INIT File
[ sql ] [ DB ] CONNECT:[ UseTime:0.000032s ] 
[ sql ] [ Mongo ] db.article_category.find({"$and":[{"deleteAt":{"$exists":false}}]}).limit(0); [ RunTime:0.000916s ]
---------------------------------------------------------------
[ 2017-11-02T10:28:23+08:00 ] 127.0.0.1 127.0.0.1 POST /article/article/index
[ info ] hunan.admin.com/article/article/index [运行时间：0.027954s][吞吐率：35.77req/s] [内存消耗：800.33kb] [文件加载：66]
[ info ] [ LANG ] /home/calf/admin//thinkphp/lang/zh-cn.php
[ info ] [ ROUTE ] array (
  'type' => 'module',
  'module' => 
  array (
    0 => 'article',
    1 => 'article',
    2 => 'index',
  ),
)
[ info ] [ HEADER ] array (
  'host' => 'hunan.admin.com',
  'connection' => 'keep-alive',
  'content-length' => '35',
  'accept' => 'application/json',
  'origin' => 'null',
  'user-agent' => 'Mozilla/5.0 (X11; Linux x86_64) AppleWebKit/537.36 (KHTML, like Gecko) Ubuntu Chromium/62.0.3202.62 Chrome/62.0.3202.62 Safari/537.36',
  'content-type' => 'application/json',
  'accept-encoding' => 'gzip, deflate',
  'accept-language' => 'zh-CN,zh;q=0.9',
  'cookie' => '__utma=263463772.1899665212.1506839425.1508554965.1508632765.5; __utmz=263463772.1506839425.1.1.utmcsr=(direct)|utmccn=(direct)|utmcmd=(none); PHPSESSID=rvnbb9j2qptcb9t6edol32j8l6; thinkphp_show_page_trace=0|0',
)
[ info ] [ PARAM ] array (
  'page' => 1,
  'limit' => 20,
  'category' => 
  array (
  ),
)
[ info ] [ SESSION ] INIT array (
  'id' => '',
  'var_session_id' => '',
  'prefix' => 'think',
  'type' => '',
  'auto_start' => true,
)
[ info ] [ RUN ] app\article\controller\Article->index[ /home/calf/admin/hunan/application/article/controller/Article.php ]
[ info ] [ DB ] INIT \think\mongo\Connection
[ info ] [ LOG ] INIT File
[ error ] [8]未定义变量: map[/home/calf/admin/hunan/application/article/controller/Article.php:52]
[ error ] [8]未定义变量: map[/home/calf/admin/hunan/application/article/controller/Article.php:53]
[ sql ] [ DB ] CONNECT:[ UseTime:0.000026s ] 
[ sql ] [ Mongo ] db.article.find({"$and":[{"deleteAt":{"$exists":false}}]}).sort({"sort":-1}).limit(20); [ RunTime:0.004210s ]
[ sql ] [ Mongo ] db.count({"count":"article","query":{"$and":[{"deleteAt":{"$exists":false}}]},"limit":0}); [ RunTime:0.000794s ]
---------------------------------------------------------------
[ 2017-11-02T10:28:23+08:00 ] 127.0.0.1 127.0.0.1 GET /favicon.ico
[ info ] hunan.admin.com/favicon.ico [运行时间：0.004969s][吞吐率：201.24req/s] [内存消耗：502.19kb] [文件加载：54]
[ info ] [ LANG ] /home/calf/admin//thinkphp/lang/zh-cn.php
[ info ] [ ROUTE ] array (
  'type' => 'module',
  'module' => 
  array (
    0 => 'index',
    1 => 'index',
    2 => 'index',
  ),
  'convert' => false,
)
[ info ] [ HEADER ] array (
  'host' => 'hunan.admin.com',
  'connection' => 'keep-alive',
  'user-agent' => 'Mozilla/5.0 (X11; Linux x86_64) AppleWebKit/537.36 (KHTML, like Gecko) Ubuntu Chromium/62.0.3202.62 Chrome/62.0.3202.62 Safari/537.36',
  'accept' => 'image/webp,image/apng,image/*,*/*;q=0.8',
  'accept-encoding' => 'gzip, deflate',
  'accept-language' => 'zh-CN,zh;q=0.9',
  'cookie' => '__utma=263463772.1899665212.1506839425.1508554965.1508632765.5; __utmz=263463772.1506839425.1.1.utmcsr=(direct)|utmccn=(direct)|utmcmd=(none); PHPSESSID=rvnbb9j2qptcb9t6edol32j8l6; thinkphp_show_page_trace=0|0',
)
[ info ] [ PARAM ] array (
)
[ info ] [ RUN ] app\index\controller\Index->index[ /home/calf/admin/hunan/application/index/controller/Index.php ]
[ info ] [ VIEW ] /home/calf/admin/hunan/application/index/view/index/index.html [ array (
) ]
[ info ] [ LOG ] INIT File
---------------------------------------------------------------
[ 2017-11-02T10:28:28+08:00 ] 127.0.0.1 127.0.0.1 POST /venue/hall/index
[ info ] hunan.admin.com/venue/hall/index [运行时间：0.013316s][吞吐率：75.10req/s] [内存消耗：798.79kb] [文件加载：65]
[ info ] [ LANG ] /home/calf/admin//thinkphp/lang/zh-cn.php
[ info ] [ ROUTE ] array (
  'type' => 'module',
  'module' => 
  array (
    0 => 'venue',
    1 => 'hall',
    2 => 'index',
  ),
)
[ info ] [ HEADER ] array (
  'host' => 'hunan.admin.com',
  'connection' => 'keep-alive',
  'content-length' => '21',
  'accept' => 'application/json',
  'origin' => 'null',
  'user-agent' => 'Mozilla/5.0 (X11; Linux x86_64) AppleWebKit/537.36 (KHTML, like Gecko) Ubuntu Chromium/62.0.3202.62 Chrome/62.0.3202.62 Safari/537.36',
  'content-type' => 'application/json',
  'accept-encoding' => 'gzip, deflate',
  'accept-language' => 'zh-CN,zh;q=0.9',
  'cookie' => '__utma=263463772.1899665212.1506839425.1508554965.1508632765.5; __utmz=263463772.1506839425.1.1.utmcsr=(direct)|utmccn=(direct)|utmcmd=(none); PHPSESSID=rvnbb9j2qptcb9t6edol32j8l6; thinkphp_show_page_trace=0|0',
)
[ info ] [ PARAM ] array (
  'page' => 1,
  'limit' => 10,
)
[ info ] [ SESSION ] INIT array (
  'id' => '',
  'var_session_id' => '',
  'prefix' => 'think',
  'type' => '',
  'auto_start' => true,
)
[ info ] [ RUN ] app\venue\controller\Hall->index[ /home/calf/admin/hunan/application/venue/controller/Hall.php ]
[ info ] [ DB ] INIT \think\mongo\Connection
[ info ] [ LOG ] INIT File
[ error ] [8]未定义变量: map[/home/calf/admin/hunan/application/venue/controller/Hall.php:23]
[ error ] [8]未定义变量: map[/home/calf/admin/hunan/application/venue/controller/Hall.php:24]
[ sql ] [ DB ] CONNECT:[ UseTime:0.000015s ] 
[ sql ] [ Mongo ] db.hall.find({"$and":[{"deleteAt":{"$exists":false}}]}).sort({"sort":-1}).limit(10); [ RunTime:0.000571s ]
[ sql ] [ Mongo ] db.count({"count":"hall","query":{"$and":[{"deleteAt":{"$exists":false}}]},"limit":0}); [ RunTime:0.000436s ]
---------------------------------------------------------------
[ 2017-11-02T10:28:28+08:00 ] 127.0.0.1 127.0.0.1 GET /favicon.ico
[ info ] hunan.admin.com/favicon.ico [运行时间：0.007224s][吞吐率：138.43req/s] [内存消耗：502.19kb] [文件加载：54]
[ info ] [ LANG ] /home/calf/admin//thinkphp/lang/zh-cn.php
[ info ] [ ROUTE ] array (
  'type' => 'module',
  'module' => 
  array (
    0 => 'index',
    1 => 'index',
    2 => 'index',
  ),
  'convert' => false,
)
[ info ] [ HEADER ] array (
  'host' => 'hunan.admin.com',
  'connection' => 'keep-alive',
  'user-agent' => 'Mozilla/5.0 (X11; Linux x86_64) AppleWebKit/537.36 (KHTML, like Gecko) Ubuntu Chromium/62.0.3202.62 Chrome/62.0.3202.62 Safari/537.36',
  'accept' => 'image/webp,image/apng,image/*,*/*;q=0.8',
  'accept-encoding' => 'gzip, deflate',
  'accept-language' => 'zh-CN,zh;q=0.9',
  'cookie' => '__utma=263463772.1899665212.1506839425.1508554965.1508632765.5; __utmz=263463772.1506839425.1.1.utmcsr=(direct)|utmccn=(direct)|utmcmd=(none); PHPSESSID=rvnbb9j2qptcb9t6edol32j8l6; thinkphp_show_page_trace=0|0',
)
[ info ] [ PARAM ] array (
)
[ info ] [ RUN ] app\index\controller\Index->index[ /home/calf/admin/hunan/application/index/controller/Index.php ]
[ info ] [ VIEW ] /home/calf/admin/hunan/application/index/view/index/index.html [ array (
) ]
[ info ] [ LOG ] INIT File
---------------------------------------------------------------
[ 2017-11-02T10:28:30+08:00 ] 127.0.0.1 127.0.0.1 POST /venue/cate/index
[ info ] hunan.admin.com/venue/cate/index [运行时间：0.011441s][吞吐率：87.41req/s] [内存消耗：774.86kb] [文件加载：62]
[ info ] [ LANG ] /home/calf/admin//thinkphp/lang/zh-cn.php
[ info ] [ ROUTE ] array (
  'type' => 'module',
  'module' => 
  array (
    0 => 'venue',
    1 => 'cate',
    2 => 'index',
  ),
)
[ info ] [ HEADER ] array (
  'host' => 'hunan.admin.com',
  'connection' => 'keep-alive',
  'content-length' => '14',
  'accept' => 'application/json',
  'origin' => 'null',
  'user-agent' => 'Mozilla/5.0 (X11; Linux x86_64) AppleWebKit/537.36 (KHTML, like Gecko) Ubuntu Chromium/62.0.3202.62 Chrome/62.0.3202.62 Safari/537.36',
  'content-type' => 'application/json',
  'accept-encoding' => 'gzip, deflate',
  'accept-language' => 'zh-CN,zh;q=0.9',
  'cookie' => '__utma=263463772.1899665212.1506839425.1508554965.1508632765.5; __utmz=263463772.1506839425.1.1.utmcsr=(direct)|utmccn=(direct)|utmcmd=(none); PHPSESSID=rvnbb9j2qptcb9t6edol32j8l6; thinkphp_show_page_trace=0|0',
)
[ info ] [ PARAM ] array (
  'tree' => false,
)
[ info ] [ SESSION ] INIT array (
  'id' => '',
  'var_session_id' => '',
  'prefix' => 'think',
  'type' => '',
  'auto_start' => true,
)
[ info ] [ RUN ] app\venue\controller\Cate->index[ /home/calf/admin/hunan/application/venue/controller/Cate.php ]
[ info ] [ DB ] INIT \think\mongo\Connection
[ info ] [ LOG ] INIT File
[ sql ] [ DB ] CONNECT:[ UseTime:0.000014s ] 
[ sql ] [ Mongo ] db.v_category.find({"$and":[{"deleteAt":{"$exists":false}}]}).limit(0); [ RunTime:0.000561s ]
---------------------------------------------------------------
[ 2017-11-02T10:28:30+08:00 ] 127.0.0.1 127.0.0.1 GET /favicon.ico
[ info ] hunan.admin.com/favicon.ico [运行时间：0.004224s][吞吐率：236.74req/s] [内存消耗：502.19kb] [文件加载：54]
[ info ] [ LANG ] /home/calf/admin//thinkphp/lang/zh-cn.php
[ info ] [ ROUTE ] array (
  'type' => 'module',
  'module' => 
  array (
    0 => 'index',
    1 => 'index',
    2 => 'index',
  ),
  'convert' => false,
)
[ info ] [ HEADER ] array (
  'host' => 'hunan.admin.com',
  'connection' => 'keep-alive',
  'user-agent' => 'Mozilla/5.0 (X11; Linux x86_64) AppleWebKit/537.36 (KHTML, like Gecko) Ubuntu Chromium/62.0.3202.62 Chrome/62.0.3202.62 Safari/537.36',
  'accept' => 'image/webp,image/apng,image/*,*/*;q=0.8',
  'accept-encoding' => 'gzip, deflate',
  'accept-language' => 'zh-CN,zh;q=0.9',
  'cookie' => '__utma=263463772.1899665212.1506839425.1508554965.1508632765.5; __utmz=263463772.1506839425.1.1.utmcsr=(direct)|utmccn=(direct)|utmcmd=(none); PHPSESSID=rvnbb9j2qptcb9t6edol32j8l6; thinkphp_show_page_trace=0|0',
)
[ info ] [ PARAM ] array (
)
[ info ] [ RUN ] app\index\controller\Index->index[ /home/calf/admin/hunan/application/index/controller/Index.php ]
[ info ] [ VIEW ] /home/calf/admin/hunan/application/index/view/index/index.html [ array (
) ]
[ info ] [ LOG ] INIT File
---------------------------------------------------------------
[ 2017-11-02T10:28:30+08:00 ] 127.0.0.1 127.0.0.1 POST /venue/exhibition/index
[ info ] hunan.admin.com/venue/exhibition/index [运行时间：0.023241s][吞吐率：43.03req/s] [内存消耗：799.67kb] [文件加载：65]
[ info ] [ LANG ] /home/calf/admin//thinkphp/lang/zh-cn.php
[ info ] [ ROUTE ] array (
  'type' => 'module',
  'module' => 
  array (
    0 => 'venue',
    1 => 'exhibition',
    2 => 'index',
  ),
)
[ info ] [ HEADER ] array (
  'host' => 'hunan.admin.com',
  'connection' => 'keep-alive',
  'content-length' => '35',
  'accept' => 'application/json',
  'origin' => 'null',
  'user-agent' => 'Mozilla/5.0 (X11; Linux x86_64) AppleWebKit/537.36 (KHTML, like Gecko) Ubuntu Chromium/62.0.3202.62 Chrome/62.0.3202.62 Safari/537.36',
  'content-type' => 'application/json',
  'accept-encoding' => 'gzip, deflate',
  'accept-language' => 'zh-CN,zh;q=0.9',
  'cookie' => '__utma=263463772.1899665212.1506839425.1508554965.1508632765.5; __utmz=263463772.1506839425.1.1.utmcsr=(direct)|utmccn=(direct)|utmcmd=(none); PHPSESSID=rvnbb9j2qptcb9t6edol32j8l6; thinkphp_show_page_trace=0|0',
)
[ info ] [ PARAM ] array (
  'page' => 1,
  'limit' => 10,
  'category' => 
  array (
  ),
)
[ info ] [ SESSION ] INIT array (
  'id' => '',
  'var_session_id' => '',
  'prefix' => 'think',
  'type' => '',
  'auto_start' => true,
)
[ info ] [ RUN ] app\venue\controller\Exhibition->index[ /home/calf/admin/hunan/application/venue/controller/Exhibition.php ]
[ info ] [ DB ] INIT \think\mongo\Connection
[ info ] [ LOG ] INIT File
[ error ] [8]未定义变量: map[/home/calf/admin/hunan/application/venue/controller/Exhibition.php:54]
[ error ] [8]未定义变量: map[/home/calf/admin/hunan/application/venue/controller/Exhibition.php:55]
[ sql ] [ DB ] CONNECT:[ UseTime:0.000105s ] 
[ sql ] [ Mongo ] db.exhibition.find({"$and":[{"deleteAt":{"$exists":false}}]}).sort({"sort":-1}).limit(10); [ RunTime:0.001716s ]
[ sql ] [ Mongo ] db.count({"count":"exhibition","query":{"$and":[{"deleteAt":{"$exists":false}}]},"limit":0}); [ RunTime:0.000745s ]
---------------------------------------------------------------
[ 2017-11-02T10:28:35+08:00 ] 127.0.0.1 127.0.0.1 POST /venue/cate/index
[ info ] hunan.admin.com/venue/cate/index [运行时间：0.018475s][吞吐率：54.13req/s] [内存消耗：771.13kb] [文件加载：62]
[ info ] [ LANG ] /home/calf/admin//thinkphp/lang/zh-cn.php
[ info ] [ ROUTE ] array (
  'type' => 'module',
  'module' => 
  array (
    0 => 'venue',
    1 => 'cate',
    2 => 'index',
  ),
)
[ info ] [ HEADER ] array (
  'host' => 'hunan.admin.com',
  'connection' => 'keep-alive',
  'content-length' => '14',
  'accept' => 'application/json',
  'origin' => 'null',
  'user-agent' => 'Mozilla/5.0 (X11; Linux x86_64) AppleWebKit/537.36 (KHTML, like Gecko) Ubuntu Chromium/62.0.3202.62 Chrome/62.0.3202.62 Safari/537.36',
  'content-type' => 'application/json',
  'accept-encoding' => 'gzip, deflate',
  'accept-language' => 'zh-CN,zh;q=0.9',
  'cookie' => '__utma=263463772.1899665212.1506839425.1508554965.1508632765.5; __utmz=263463772.1506839425.1.1.utmcsr=(direct)|utmccn=(direct)|utmcmd=(none); PHPSESSID=rvnbb9j2qptcb9t6edol32j8l6; thinkphp_show_page_trace=0|0',
)
[ info ] [ PARAM ] array (
  'tree' => false,
)
[ info ] [ SESSION ] INIT array (
  'id' => '',
  'var_session_id' => '',
  'prefix' => 'think',
  'type' => '',
  'auto_start' => true,
)
[ info ] [ RUN ] app\venue\controller\Cate->index[ /home/calf/admin/hunan/application/venue/controller/Cate.php ]
[ info ] [ DB ] INIT \think\mongo\Connection
[ info ] [ LOG ] INIT File
[ sql ] [ DB ] CONNECT:[ UseTime:0.000028s ] 
[ sql ] [ Mongo ] db.v_category.find({"$and":[{"deleteAt":{"$exists":false}}]}).limit(0); [ RunTime:0.000773s ]
---------------------------------------------------------------
[ 2017-11-02T10:28:35+08:00 ] 127.0.0.1 127.0.0.1 GET /favicon.ico
[ info ] hunan.admin.com/favicon.ico [运行时间：0.006488s][吞吐率：154.13req/s] [内存消耗：502.19kb] [文件加载：54]
[ info ] [ LANG ] /home/calf/admin//thinkphp/lang/zh-cn.php
[ info ] [ ROUTE ] array (
  'type' => 'module',
  'module' => 
  array (
    0 => 'index',
    1 => 'index',
    2 => 'index',
  ),
  'convert' => false,
)
[ info ] [ HEADER ] array (
  'host' => 'hunan.admin.com',
  'connection' => 'keep-alive',
  'user-agent' => 'Mozilla/5.0 (X11; Linux x86_64) AppleWebKit/537.36 (KHTML, like Gecko) Ubuntu Chromium/62.0.3202.62 Chrome/62.0.3202.62 Safari/537.36',
  'accept' => 'image/webp,image/apng,image/*,*/*;q=0.8',
  'accept-encoding' => 'gzip, deflate',
  'accept-language' => 'zh-CN,zh;q=0.9',
  'cookie' => '__utma=263463772.1899665212.1506839425.1508554965.1508632765.5; __utmz=263463772.1506839425.1.1.utmcsr=(direct)|utmccn=(direct)|utmcmd=(none); PHPSESSID=rvnbb9j2qptcb9t6edol32j8l6; thinkphp_show_page_trace=0|0',
)
[ info ] [ PARAM ] array (
)
[ info ] [ RUN ] app\index\controller\Index->index[ /home/calf/admin/hunan/application/index/controller/Index.php ]
[ info ] [ VIEW ] /home/calf/admin/hunan/application/index/view/index/index.html [ array (
) ]
[ info ] [ LOG ] INIT File
---------------------------------------------------------------
[ 2017-11-02T10:28:35+08:00 ] 127.0.0.1 127.0.0.1 POST /venue/hall/index
[ info ] hunan.admin.com/venue/hall/index [运行时间：0.009249s][吞吐率：108.12req/s] [内存消耗：794.83kb] [文件加载：65]
[ info ] [ LANG ] /home/calf/admin//thinkphp/lang/zh-cn.php
[ info ] [ ROUTE ] array (
  'type' => 'module',
  'module' => 
  array (
    0 => 'venue',
    1 => 'hall',
    2 => 'index',
  ),
)
[ info ] [ HEADER ] array (
  'host' => 'hunan.admin.com',
  'connection' => 'keep-alive',
  'content-length' => '14',
  'accept' => 'application/json',
  'origin' => 'null',
  'user-agent' => 'Mozilla/5.0 (X11; Linux x86_64) AppleWebKit/537.36 (KHTML, like Gecko) Ubuntu Chromium/62.0.3202.62 Chrome/62.0.3202.62 Safari/537.36',
  'content-type' => 'application/json',
  'accept-encoding' => 'gzip, deflate',
  'accept-language' => 'zh-CN,zh;q=0.9',
  'cookie' => '__utma=263463772.1899665212.1506839425.1508554965.1508632765.5; __utmz=263463772.1506839425.1.1.utmcsr=(direct)|utmccn=(direct)|utmcmd=(none); PHPSESSID=rvnbb9j2qptcb9t6edol32j8l6; thinkphp_show_page_trace=0|0',
)
[ info ] [ PARAM ] array (
  'tree' => false,
)
[ info ] [ SESSION ] INIT array (
  'id' => '',
  'var_session_id' => '',
  'prefix' => 'think',
  'type' => '',
  'auto_start' => true,
)
[ info ] [ RUN ] app\venue\controller\Hall->index[ /home/calf/admin/hunan/application/venue/controller/Hall.php ]
[ info ] [ DB ] INIT \think\mongo\Connection
[ info ] [ LOG ] INIT File
[ error ] [8]未定义变量: map[/home/calf/admin/hunan/application/venue/controller/Hall.php:23]
[ error ] [8]未定义变量: map[/home/calf/admin/hunan/application/venue/controller/Hall.php:24]
[ sql ] [ DB ] CONNECT:[ UseTime:0.000017s ] 
[ sql ] [ Mongo ] db.hall.find({"$and":[{"deleteAt":{"$exists":false}}]}).sort({"sort":-1}).limit(0); [ RunTime:0.000579s ]
[ sql ] [ Mongo ] db.count({"count":"hall","query":{"$and":[{"deleteAt":{"$exists":false}}]},"limit":0}); [ RunTime:0.000665s ]
---------------------------------------------------------------
[ 2017-11-02T10:28:35+08:00 ] 127.0.0.1 127.0.0.1 POST /venue/exhibition/detail
[ info ] hunan.admin.com/venue/exhibition/detail [运行时间：0.006763s][吞吐率：147.86req/s] [内存消耗：771.45kb] [文件加载：62]
[ info ] [ LANG ] /home/calf/admin//thinkphp/lang/zh-cn.php
[ info ] [ ROUTE ] array (
  'type' => 'module',
  'module' => 
  array (
    0 => 'venue',
    1 => 'exhibition',
    2 => 'detail',
  ),
)
[ info ] [ HEADER ] array (
  'host' => 'hunan.admin.com',
  'connection' => 'keep-alive',
  'content-length' => '34',
  'accept' => 'application/json',
  'origin' => 'null',
  'user-agent' => 'Mozilla/5.0 (X11; Linux x86_64) AppleWebKit/537.36 (KHTML, like Gecko) Ubuntu Chromium/62.0.3202.62 Chrome/62.0.3202.62 Safari/537.36',
  'content-type' => 'application/json',
  'accept-encoding' => 'gzip, deflate',
  'accept-language' => 'zh-CN,zh;q=0.9',
  'cookie' => '__utma=263463772.1899665212.1506839425.1508554965.1508632765.5; __utmz=263463772.1506839425.1.1.utmcsr=(direct)|utmccn=(direct)|utmcmd=(none); PHPSESSID=rvnbb9j2qptcb9t6edol32j8l6; thinkphp_show_page_trace=0|0',
)
[ info ] [ PARAM ] array (
  '_id' => '59e6e9b883278748932a2822',
)
[ info ] [ SESSION ] INIT array (
  'id' => '',
  'var_session_id' => '',
  'prefix' => 'think',
  'type' => '',
  'auto_start' => true,
)
[ info ] [ RUN ] app\venue\controller\Exhibition->detail[ /home/calf/admin/hunan/application/venue/controller/Exhibition.php ]
[ info ] [ DB ] INIT \think\mongo\Connection
[ info ] [ LOG ] INIT File
[ sql ] [ DB ] CONNECT:[ UseTime:0.000011s ] 
[ sql ] [ Mongo ] db.exhibition.find({"$and":[{"deleteAt":{"$exists":false}},{"_id":"59e6e9b883278748932a2822"}]}).limit(1); [ RunTime:0.001657s ]
---------------------------------------------------------------
[ 2017-11-02T10:29:01+08:00 ] 127.0.0.1 127.0.0.1 POST /venue/cate/index
[ info ] hunan.admin.com/venue/cate/index [运行时间：0.020136s][吞吐率：49.66req/s] [内存消耗：771.14kb] [文件加载：62]
[ info ] [ LANG ] /home/calf/admin//thinkphp/lang/zh-cn.php
[ info ] [ ROUTE ] array (
  'type' => 'module',
  'module' => 
  array (
    0 => 'venue',
    1 => 'cate',
    2 => 'index',
  ),
)
[ info ] [ HEADER ] array (
  'host' => 'hunan.admin.com',
  'connection' => 'keep-alive',
  'content-length' => '14',
  'accept' => 'application/json',
  'origin' => 'null',
  'user-agent' => 'Mozilla/5.0 (X11; Linux x86_64) AppleWebKit/537.36 (KHTML, like Gecko) Ubuntu Chromium/62.0.3202.62 Chrome/62.0.3202.62 Safari/537.36',
  'content-type' => 'application/json',
  'accept-encoding' => 'gzip, deflate',
  'accept-language' => 'zh-CN,zh;q=0.9',
  'cookie' => '__utma=263463772.1899665212.1506839425.1508554965.1508632765.5; __utmz=263463772.1506839425.1.1.utmcsr=(direct)|utmccn=(direct)|utmcmd=(none); PHPSESSID=rvnbb9j2qptcb9t6edol32j8l6; thinkphp_show_page_trace=0|0',
)
[ info ] [ PARAM ] array (
  'tree' => false,
)
[ info ] [ SESSION ] INIT array (
  'id' => '',
  'var_session_id' => '',
  'prefix' => 'think',
  'type' => '',
  'auto_start' => true,
)
[ info ] [ RUN ] app\venue\controller\Cate->index[ /home/calf/admin/hunan/application/venue/controller/Cate.php ]
[ info ] [ DB ] INIT \think\mongo\Connection
[ info ] [ LOG ] INIT File
[ sql ] [ DB ] CONNECT:[ UseTime:0.000092s ] 
[ sql ] [ Mongo ] db.v_category.find({"$and":[{"deleteAt":{"$exists":false}}]}).limit(0); [ RunTime:0.001567s ]
---------------------------------------------------------------
[ 2017-11-02T10:29:01+08:00 ] 127.0.0.1 127.0.0.1 GET /favicon.ico
[ info ] hunan.admin.com/favicon.ico [运行时间：0.005898s][吞吐率：169.55req/s] [内存消耗：502.19kb] [文件加载：54]
[ info ] [ LANG ] /home/calf/admin//thinkphp/lang/zh-cn.php
[ info ] [ ROUTE ] array (
  'type' => 'module',
  'module' => 
  array (
    0 => 'index',
    1 => 'index',
    2 => 'index',
  ),
  'convert' => false,
)
[ info ] [ HEADER ] array (
  'host' => 'hunan.admin.com',
  'connection' => 'keep-alive',
  'user-agent' => 'Mozilla/5.0 (X11; Linux x86_64) AppleWebKit/537.36 (KHTML, like Gecko) Ubuntu Chromium/62.0.3202.62 Chrome/62.0.3202.62 Safari/537.36',
  'accept' => 'image/webp,image/apng,image/*,*/*;q=0.8',
  'accept-encoding' => 'gzip, deflate',
  'accept-language' => 'zh-CN,zh;q=0.9',
  'cookie' => '__utma=263463772.1899665212.1506839425.1508554965.1508632765.5; __utmz=263463772.1506839425.1.1.utmcsr=(direct)|utmccn=(direct)|utmcmd=(none); PHPSESSID=rvnbb9j2qptcb9t6edol32j8l6; thinkphp_show_page_trace=0|0',
)
[ info ] [ PARAM ] array (
)
[ info ] [ RUN ] app\index\controller\Index->index[ /home/calf/admin/hunan/application/index/controller/Index.php ]
[ info ] [ VIEW ] /home/calf/admin/hunan/application/index/view/index/index.html [ array (
) ]
[ info ] [ LOG ] INIT File
---------------------------------------------------------------
[ 2017-11-02T10:29:01+08:00 ] 127.0.0.1 127.0.0.1 POST /venue/exhibition/index
[ info ] hunan.admin.com/venue/exhibition/index [运行时间：0.025012s][吞吐率：39.98req/s] [内存消耗：795.92kb] [文件加载：65]
[ info ] [ LANG ] /home/calf/admin//thinkphp/lang/zh-cn.php
[ info ] [ ROUTE ] array (
  'type' => 'module',
  'module' => 
  array (
    0 => 'venue',
    1 => 'exhibition',
    2 => 'index',
  ),
)
[ info ] [ HEADER ] array (
  'host' => 'hunan.admin.com',
  'connection' => 'keep-alive',
  'content-length' => '35',
  'accept' => 'application/json',
  'origin' => 'null',
  'user-agent' => 'Mozilla/5.0 (X11; Linux x86_64) AppleWebKit/537.36 (KHTML, like Gecko) Ubuntu Chromium/62.0.3202.62 Chrome/62.0.3202.62 Safari/537.36',
  'content-type' => 'application/json',
  'accept-encoding' => 'gzip, deflate',
  'accept-language' => 'zh-CN,zh;q=0.9',
  'cookie' => '__utma=263463772.1899665212.1506839425.1508554965.1508632765.5; __utmz=263463772.1506839425.1.1.utmcsr=(direct)|utmccn=(direct)|utmcmd=(none); PHPSESSID=rvnbb9j2qptcb9t6edol32j8l6; thinkphp_show_page_trace=0|0',
)
[ info ] [ PARAM ] array (
  'page' => 1,
  'limit' => 10,
  'category' => 
  array (
  ),
)
[ info ] [ SESSION ] INIT array (
  'id' => '',
  'var_session_id' => '',
  'prefix' => 'think',
  'type' => '',
  'auto_start' => true,
)
[ info ] [ RUN ] app\venue\controller\Exhibition->index[ /home/calf/admin/hunan/application/venue/controller/Exhibition.php ]
[ info ] [ DB ] INIT \think\mongo\Connection
[ info ] [ LOG ] INIT File
[ error ] [8]未定义变量: map[/home/calf/admin/hunan/application/venue/controller/Exhibition.php:54]
[ error ] [8]未定义变量: map[/home/calf/admin/hunan/application/venue/controller/Exhibition.php:55]
[ sql ] [ DB ] CONNECT:[ UseTime:0.000084s ] 
[ sql ] [ Mongo ] db.exhibition.find({"$and":[{"deleteAt":{"$exists":false}}]}).sort({"sort":-1}).limit(10); [ RunTime:0.002296s ]
[ sql ] [ Mongo ] db.count({"count":"exhibition","query":{"$and":[{"deleteAt":{"$exists":false}}]},"limit":0}); [ RunTime:0.004842s ]
---------------------------------------------------------------
[ 2017-11-02T10:29:03+08:00 ] 127.0.0.1 127.0.0.1 POST /venue/cate/index
[ info ] hunan.admin.com/venue/cate/index [运行时间：0.018256s][吞吐率：54.78req/s] [内存消耗：771.13kb] [文件加载：62]
[ info ] [ LANG ] /home/calf/admin//thinkphp/lang/zh-cn.php
[ info ] [ ROUTE ] array (
  'type' => 'module',
  'module' => 
  array (
    0 => 'venue',
    1 => 'cate',
    2 => 'index',
  ),
)
[ info ] [ HEADER ] array (
  'host' => 'hunan.admin.com',
  'connection' => 'keep-alive',
  'content-length' => '14',
  'accept' => 'application/json',
  'origin' => 'null',
  'user-agent' => 'Mozilla/5.0 (X11; Linux x86_64) AppleWebKit/537.36 (KHTML, like Gecko) Ubuntu Chromium/62.0.3202.62 Chrome/62.0.3202.62 Safari/537.36',
  'content-type' => 'application/json',
  'accept-encoding' => 'gzip, deflate',
  'accept-language' => 'zh-CN,zh;q=0.9',
  'cookie' => '__utma=263463772.1899665212.1506839425.1508554965.1508632765.5; __utmz=263463772.1506839425.1.1.utmcsr=(direct)|utmccn=(direct)|utmcmd=(none); PHPSESSID=rvnbb9j2qptcb9t6edol32j8l6; thinkphp_show_page_trace=0|0',
)
[ info ] [ PARAM ] array (
  'tree' => false,
)
[ info ] [ SESSION ] INIT array (
  'id' => '',
  'var_session_id' => '',
  'prefix' => 'think',
  'type' => '',
  'auto_start' => true,
)
[ info ] [ RUN ] app\venue\controller\Cate->index[ /home/calf/admin/hunan/application/venue/controller/Cate.php ]
[ info ] [ DB ] INIT \think\mongo\Connection
[ info ] [ LOG ] INIT File
[ sql ] [ DB ] CONNECT:[ UseTime:0.000026s ] 
[ sql ] [ Mongo ] db.v_category.find({"$and":[{"deleteAt":{"$exists":false}}]}).limit(0); [ RunTime:0.000674s ]
---------------------------------------------------------------
[ 2017-11-02T10:29:03+08:00 ] 127.0.0.1 127.0.0.1 GET /favicon.ico
[ info ] hunan.admin.com/favicon.ico [运行时间：0.007355s][吞吐率：135.96req/s] [内存消耗：502.19kb] [文件加载：54]
[ info ] [ LANG ] /home/calf/admin//thinkphp/lang/zh-cn.php
[ info ] [ ROUTE ] array (
  'type' => 'module',
  'module' => 
  array (
    0 => 'index',
    1 => 'index',
    2 => 'index',
  ),
  'convert' => false,
)
[ info ] [ HEADER ] array (
  'host' => 'hunan.admin.com',
  'connection' => 'keep-alive',
  'user-agent' => 'Mozilla/5.0 (X11; Linux x86_64) AppleWebKit/537.36 (KHTML, like Gecko) Ubuntu Chromium/62.0.3202.62 Chrome/62.0.3202.62 Safari/537.36',
  'accept' => 'image/webp,image/apng,image/*,*/*;q=0.8',
  'accept-encoding' => 'gzip, deflate',
  'accept-language' => 'zh-CN,zh;q=0.9',
  'cookie' => '__utma=263463772.1899665212.1506839425.1508554965.1508632765.5; __utmz=263463772.1506839425.1.1.utmcsr=(direct)|utmccn=(direct)|utmcmd=(none); PHPSESSID=rvnbb9j2qptcb9t6edol32j8l6; thinkphp_show_page_trace=0|0',
)
[ info ] [ PARAM ] array (
)
[ info ] [ RUN ] app\index\controller\Index->index[ /home/calf/admin/hunan/application/index/controller/Index.php ]
[ info ] [ VIEW ] /home/calf/admin/hunan/application/index/view/index/index.html [ array (
) ]
[ info ] [ LOG ] INIT File
---------------------------------------------------------------
[ 2017-11-02T10:29:03+08:00 ] 127.0.0.1 127.0.0.1 POST /venue/hall/index
[ info ] hunan.admin.com/venue/hall/index [运行时间：0.009833s][吞吐率：101.70req/s] [内存消耗：794.83kb] [文件加载：65]
[ info ] [ LANG ] /home/calf/admin//thinkphp/lang/zh-cn.php
[ info ] [ ROUTE ] array (
  'type' => 'module',
  'module' => 
  array (
    0 => 'venue',
    1 => 'hall',
    2 => 'index',
  ),
)
[ info ] [ HEADER ] array (
  'host' => 'hunan.admin.com',
  'connection' => 'keep-alive',
  'content-length' => '14',
  'accept' => 'application/json',
  'origin' => 'null',
  'user-agent' => 'Mozilla/5.0 (X11; Linux x86_64) AppleWebKit/537.36 (KHTML, like Gecko) Ubuntu Chromium/62.0.3202.62 Chrome/62.0.3202.62 Safari/537.36',
  'content-type' => 'application/json',
  'accept-encoding' => 'gzip, deflate',
  'accept-language' => 'zh-CN,zh;q=0.9',
  'cookie' => '__utma=263463772.1899665212.1506839425.1508554965.1508632765.5; __utmz=263463772.1506839425.1.1.utmcsr=(direct)|utmccn=(direct)|utmcmd=(none); PHPSESSID=rvnbb9j2qptcb9t6edol32j8l6; thinkphp_show_page_trace=0|0',
)
[ info ] [ PARAM ] array (
  'tree' => false,
)
[ info ] [ SESSION ] INIT array (
  'id' => '',
  'var_session_id' => '',
  'prefix' => 'think',
  'type' => '',
  'auto_start' => true,
)
[ info ] [ RUN ] app\venue\controller\Hall->index[ /home/calf/admin/hunan/application/venue/controller/Hall.php ]
[ info ] [ DB ] INIT \think\mongo\Connection
[ info ] [ LOG ] INIT File
[ error ] [8]未定义变量: map[/home/calf/admin/hunan/application/venue/controller/Hall.php:23]
[ error ] [8]未定义变量: map[/home/calf/admin/hunan/application/venue/controller/Hall.php:24]
[ sql ] [ DB ] CONNECT:[ UseTime:0.000019s ] 
[ sql ] [ Mongo ] db.hall.find({"$and":[{"deleteAt":{"$exists":false}}]}).sort({"sort":-1}).limit(0); [ RunTime:0.000614s ]
[ sql ] [ Mongo ] db.count({"count":"hall","query":{"$and":[{"deleteAt":{"$exists":false}}]},"limit":0}); [ RunTime:0.000462s ]
---------------------------------------------------------------
[ 2017-11-02T10:29:03+08:00 ] 127.0.0.1 127.0.0.1 POST /venue/exhibition/detail
[ info ] hunan.admin.com/venue/exhibition/detail [运行时间：0.008585s][吞吐率：116.48req/s] [内存消耗：771.47kb] [文件加载：62]
[ info ] [ LANG ] /home/calf/admin//thinkphp/lang/zh-cn.php
[ info ] [ ROUTE ] array (
  'type' => 'module',
  'module' => 
  array (
    0 => 'venue',
    1 => 'exhibition',
    2 => 'detail',
  ),
)
[ info ] [ HEADER ] array (
  'host' => 'hunan.admin.com',
  'connection' => 'keep-alive',
  'content-length' => '34',
  'accept' => 'application/json',
  'origin' => 'null',
  'user-agent' => 'Mozilla/5.0 (X11; Linux x86_64) AppleWebKit/537.36 (KHTML, like Gecko) Ubuntu Chromium/62.0.3202.62 Chrome/62.0.3202.62 Safari/537.36',
  'content-type' => 'application/json',
  'accept-encoding' => 'gzip, deflate',
  'accept-language' => 'zh-CN,zh;q=0.9',
  'cookie' => '__utma=263463772.1899665212.1506839425.1508554965.1508632765.5; __utmz=263463772.1506839425.1.1.utmcsr=(direct)|utmccn=(direct)|utmcmd=(none); PHPSESSID=rvnbb9j2qptcb9t6edol32j8l6; thinkphp_show_page_trace=0|0',
)
[ info ] [ PARAM ] array (
  '_id' => '59cca1be50af9831712c3bf4',
)
[ info ] [ SESSION ] INIT array (
  'id' => '',
  'var_session_id' => '',
  'prefix' => 'think',
  'type' => '',
  'auto_start' => true,
)
[ info ] [ RUN ] app\venue\controller\Exhibition->detail[ /home/calf/admin/hunan/application/venue/controller/Exhibition.php ]
[ info ] [ DB ] INIT \think\mongo\Connection
[ info ] [ LOG ] INIT File
[ sql ] [ DB ] CONNECT:[ UseTime:0.000027s ] 
[ sql ] [ Mongo ] db.exhibition.find({"$and":[{"deleteAt":{"$exists":false}},{"_id":"59cca1be50af9831712c3bf4"}]}).limit(1); [ RunTime:0.000851s ]
---------------------------------------------------------------
[ 2017-11-02T10:56:10+08:00 ] 127.0.0.1 127.0.0.1 GET /v/venue/exhibition/edit/59cca1be50af9831712c3bf4
[ info ] hunan.admin.com/v/venue/exhibition/edit/59cca1be50af9831712c3bf4 [运行时间：0.004312s][吞吐率：231.91req/s] [内存消耗：504.45kb] [文件加载：54]
[ info ] [ LANG ] /home/calf/admin//thinkphp/lang/zh-cn.php
[ info ] [ ROUTE ] array (
  'type' => 'module',
  'module' => 
  array (
    0 => 'index',
    1 => 'index',
    2 => 'index',
  ),
  'convert' => false,
)
[ info ] [ HEADER ] array (
  'host' => 'hunan.admin.com',
  'connection' => 'keep-alive',
  'cache-control' => 'max-age=0',
  'upgrade-insecure-requests' => '1',
  'user-agent' => 'Mozilla/5.0 (X11; Linux x86_64) AppleWebKit/537.36 (KHTML, like Gecko) Ubuntu Chromium/62.0.3202.62 Chrome/62.0.3202.62 Safari/537.36',
  'accept' => 'text/html,application/xhtml+xml,application/xml;q=0.9,image/webp,image/apng,*/*;q=0.8',
  'accept-encoding' => 'gzip, deflate',
  'accept-language' => 'zh-CN,zh;q=0.9',
  'cookie' => '__utma=263463772.1899665212.1506839425.1508554965.1508632765.5; __utmz=263463772.1506839425.1.1.utmcsr=(direct)|utmccn=(direct)|utmcmd=(none); PHPSESSID=rvnbb9j2qptcb9t6edol32j8l6; thinkphp_show_page_trace=0|0',
)
[ info ] [ PARAM ] array (
  'v' => 'venue',
  'exhibition' => 'edit',
)
[ info ] [ RUN ] app\index\controller\Index->index[ /home/calf/admin/hunan/application/index/controller/Index.php ]
[ info ] [ VIEW ] /home/calf/admin/hunan/application/index/view/index/index.html [ array (
) ]
[ info ] [ LOG ] INIT File
---------------------------------------------------------------
[ 2017-11-02T10:56:10+08:00 ] 127.0.0.1 127.0.0.1 POST /admin/menu/index
[ info ] hunan.admin.com/admin/menu/index [运行时间：0.005016s][吞吐率：199.36req/s] [内存消耗：593.96kb] [文件加载：55]
[ info ] [ LANG ] /home/calf/admin//thinkphp/lang/zh-cn.php
[ info ] [ ROUTE ] array (
  'type' => 'module',
  'module' => 
  array (
    0 => 'admin',
    1 => 'menu',
    2 => 'index',
  ),
)
[ info ] [ HEADER ] array (
  'host' => 'hunan.admin.com',
  'connection' => 'keep-alive',
  'content-length' => '2',
  'accept' => 'application/json',
  'origin' => 'null',
  'user-agent' => 'Mozilla/5.0 (X11; Linux x86_64) AppleWebKit/537.36 (KHTML, like Gecko) Ubuntu Chromium/62.0.3202.62 Chrome/62.0.3202.62 Safari/537.36',
  'content-type' => 'application/json',
  'accept-encoding' => 'gzip, deflate',
  'accept-language' => 'zh-CN,zh;q=0.9',
  'cookie' => '__utma=263463772.1899665212.1506839425.1508554965.1508632765.5; __utmz=263463772.1506839425.1.1.utmcsr=(direct)|utmccn=(direct)|utmcmd=(none); PHPSESSID=rvnbb9j2qptcb9t6edol32j8l6; thinkphp_show_page_trace=0|0',
)
[ info ] [ PARAM ] array (
)
[ info ] [ SESSION ] INIT array (
  'id' => '',
  'var_session_id' => '',
  'prefix' => 'think',
  'type' => '',
  'auto_start' => true,
)
[ info ] [ RUN ] app\admin\controller\Menu->index[ /home/calf/admin/hunan/application/admin/controller/Menu.php ]
[ info ] [ LOG ] INIT File
---------------------------------------------------------------
[ 2017-11-02T10:56:10+08:00 ] 127.0.0.1 127.0.0.1 POST /venue/cate/index
[ info ] hunan.admin.com/venue/cate/index [运行时间：0.011802s][吞吐率：84.73req/s] [内存消耗：771.13kb] [文件加载：62]
[ info ] [ LANG ] /home/calf/admin//thinkphp/lang/zh-cn.php
[ info ] [ ROUTE ] array (
  'type' => 'module',
  'module' => 
  array (
    0 => 'venue',
    1 => 'cate',
    2 => 'index',
  ),
)
[ info ] [ HEADER ] array (
  'host' => 'hunan.admin.com',
  'connection' => 'keep-alive',
  'content-length' => '14',
  'accept' => 'application/json',
  'origin' => 'null',
  'user-agent' => 'Mozilla/5.0 (X11; Linux x86_64) AppleWebKit/537.36 (KHTML, like Gecko) Ubuntu Chromium/62.0.3202.62 Chrome/62.0.3202.62 Safari/537.36',
  'content-type' => 'application/json',
  'accept-encoding' => 'gzip, deflate',
  'accept-language' => 'zh-CN,zh;q=0.9',
  'cookie' => '__utma=263463772.1899665212.1506839425.1508554965.1508632765.5; __utmz=263463772.1506839425.1.1.utmcsr=(direct)|utmccn=(direct)|utmcmd=(none); PHPSESSID=rvnbb9j2qptcb9t6edol32j8l6; thinkphp_show_page_trace=0|0',
)
[ info ] [ PARAM ] array (
  'tree' => false,
)
[ info ] [ SESSION ] INIT array (
  'id' => '',
  'var_session_id' => '',
  'prefix' => 'think',
  'type' => '',
  'auto_start' => true,
)
[ info ] [ RUN ] app\venue\controller\Cate->index[ /home/calf/admin/hunan/application/venue/controller/Cate.php ]
[ info ] [ DB ] INIT \think\mongo\Connection
[ info ] [ LOG ] INIT File
[ sql ] [ DB ] CONNECT:[ UseTime:0.000017s ] 
[ sql ] [ Mongo ] db.v_category.find({"$and":[{"deleteAt":{"$exists":false}}]}).limit(0); [ RunTime:0.000915s ]
---------------------------------------------------------------
[ 2017-11-02T10:56:10+08:00 ] 127.0.0.1 127.0.0.1 POST /venue/hall/index
[ info ] hunan.admin.com/venue/hall/index [运行时间：0.008977s][吞吐率：111.40req/s] [内存消耗：794.83kb] [文件加载：65]
[ info ] [ LANG ] /home/calf/admin//thinkphp/lang/zh-cn.php
[ info ] [ ROUTE ] array (
  'type' => 'module',
  'module' => 
  array (
    0 => 'venue',
    1 => 'hall',
    2 => 'index',
  ),
)
[ info ] [ HEADER ] array (
  'host' => 'hunan.admin.com',
  'connection' => 'keep-alive',
  'content-length' => '14',
  'accept' => 'application/json',
  'origin' => 'null',
  'user-agent' => 'Mozilla/5.0 (X11; Linux x86_64) AppleWebKit/537.36 (KHTML, like Gecko) Ubuntu Chromium/62.0.3202.62 Chrome/62.0.3202.62 Safari/537.36',
  'content-type' => 'application/json',
  'accept-encoding' => 'gzip, deflate',
  'accept-language' => 'zh-CN,zh;q=0.9',
  'cookie' => '__utma=263463772.1899665212.1506839425.1508554965.1508632765.5; __utmz=263463772.1506839425.1.1.utmcsr=(direct)|utmccn=(direct)|utmcmd=(none); PHPSESSID=rvnbb9j2qptcb9t6edol32j8l6; thinkphp_show_page_trace=0|0',
)
[ info ] [ PARAM ] array (
  'tree' => false,
)
[ info ] [ SESSION ] INIT array (
  'id' => '',
  'var_session_id' => '',
  'prefix' => 'think',
  'type' => '',
  'auto_start' => true,
)
[ info ] [ RUN ] app\venue\controller\Hall->index[ /home/calf/admin/hunan/application/venue/controller/Hall.php ]
[ info ] [ DB ] INIT \think\mongo\Connection
[ info ] [ LOG ] INIT File
[ error ] [8]未定义变量: map[/home/calf/admin/hunan/application/venue/controller/Hall.php:23]
[ error ] [8]未定义变量: map[/home/calf/admin/hunan/application/venue/controller/Hall.php:24]
[ sql ] [ DB ] CONNECT:[ UseTime:0.000019s ] 
[ sql ] [ Mongo ] db.hall.find({"$and":[{"deleteAt":{"$exists":false}}]}).sort({"sort":-1}).limit(0); [ RunTime:0.000732s ]
[ sql ] [ Mongo ] db.count({"count":"hall","query":{"$and":[{"deleteAt":{"$exists":false}}]},"limit":0}); [ RunTime:0.000454s ]
---------------------------------------------------------------
[ 2017-11-02T10:56:10+08:00 ] 127.0.0.1 127.0.0.1 GET /favicon.ico
[ info ] hunan.admin.com/favicon.ico [运行时间：0.005891s][吞吐率：169.75req/s] [内存消耗：502.77kb] [文件加载：54]
[ info ] [ LANG ] /home/calf/admin//thinkphp/lang/zh-cn.php
[ info ] [ ROUTE ] array (
  'type' => 'module',
  'module' => 
  array (
    0 => 'index',
    1 => 'index',
    2 => 'index',
  ),
  'convert' => false,
)
[ info ] [ HEADER ] array (
  'host' => 'hunan.admin.com',
  'connection' => 'keep-alive',
  'pragma' => 'no-cache',
  'cache-control' => 'no-cache',
  'user-agent' => 'Mozilla/5.0 (X11; Linux x86_64) AppleWebKit/537.36 (KHTML, like Gecko) Ubuntu Chromium/62.0.3202.62 Chrome/62.0.3202.62 Safari/537.36',
  'accept' => 'image/webp,image/apng,image/*,*/*;q=0.8',
  'accept-encoding' => 'gzip, deflate',
  'accept-language' => 'zh-CN,zh;q=0.9',
  'cookie' => '__utma=263463772.1899665212.1506839425.1508554965.1508632765.5; __utmz=263463772.1506839425.1.1.utmcsr=(direct)|utmccn=(direct)|utmcmd=(none); PHPSESSID=rvnbb9j2qptcb9t6edol32j8l6; thinkphp_show_page_trace=0|0',
)
[ info ] [ PARAM ] array (
)
[ info ] [ RUN ] app\index\controller\Index->index[ /home/calf/admin/hunan/application/index/controller/Index.php ]
[ info ] [ VIEW ] /home/calf/admin/hunan/application/index/view/index/index.html [ array (
) ]
[ info ] [ LOG ] INIT File
---------------------------------------------------------------
[ 2017-11-02T10:56:10+08:00 ] 127.0.0.1 127.0.0.1 POST /venue/exhibition/detail
[ info ] hunan.admin.com/venue/exhibition/detail [运行时间：0.007503s][吞吐率：133.28req/s] [内存消耗：771.47kb] [文件加载：62]
[ info ] [ LANG ] /home/calf/admin//thinkphp/lang/zh-cn.php
[ info ] [ ROUTE ] array (
  'type' => 'module',
  'module' => 
  array (
    0 => 'venue',
    1 => 'exhibition',
    2 => 'detail',
  ),
)
[ info ] [ HEADER ] array (
  'host' => 'hunan.admin.com',
  'connection' => 'keep-alive',
  'content-length' => '34',
  'accept' => 'application/json',
  'origin' => 'null',
  'user-agent' => 'Mozilla/5.0 (X11; Linux x86_64) AppleWebKit/537.36 (KHTML, like Gecko) Ubuntu Chromium/62.0.3202.62 Chrome/62.0.3202.62 Safari/537.36',
  'content-type' => 'application/json',
  'accept-encoding' => 'gzip, deflate',
  'accept-language' => 'zh-CN,zh;q=0.9',
  'cookie' => '__utma=263463772.1899665212.1506839425.1508554965.1508632765.5; __utmz=263463772.1506839425.1.1.utmcsr=(direct)|utmccn=(direct)|utmcmd=(none); PHPSESSID=rvnbb9j2qptcb9t6edol32j8l6; thinkphp_show_page_trace=0|0',
)
[ info ] [ PARAM ] array (
  '_id' => '59cca1be50af9831712c3bf4',
)
[ info ] [ SESSION ] INIT array (
  'id' => '',
  'var_session_id' => '',
  'prefix' => 'think',
  'type' => '',
  'auto_start' => true,
)
[ info ] [ RUN ] app\venue\controller\Exhibition->detail[ /home/calf/admin/hunan/application/venue/controller/Exhibition.php ]
[ info ] [ DB ] INIT \think\mongo\Connection
[ info ] [ LOG ] INIT File
[ sql ] [ DB ] CONNECT:[ UseTime:0.000016s ] 
[ sql ] [ Mongo ] db.exhibition.find({"$and":[{"deleteAt":{"$exists":false}},{"_id":"59cca1be50af9831712c3bf4"}]}).limit(1); [ RunTime:0.000668s ]
---------------------------------------------------------------
[ 2017-11-02T10:56:19+08:00 ] 127.0.0.1 127.0.0.1 POST /venue/cate/index
[ info ] hunan.admin.com/venue/cate/index [运行时间：0.010913s][吞吐率：91.63req/s] [内存消耗：771.13kb] [文件加载：62]
[ info ] [ LANG ] /home/calf/admin//thinkphp/lang/zh-cn.php
[ info ] [ ROUTE ] array (
  'type' => 'module',
  'module' => 
  array (
    0 => 'venue',
    1 => 'cate',
    2 => 'index',
  ),
)
[ info ] [ HEADER ] array (
  'host' => 'hunan.admin.com',
  'connection' => 'keep-alive',
  'content-length' => '14',
  'accept' => 'application/json',
  'origin' => 'null',
  'user-agent' => 'Mozilla/5.0 (X11; Linux x86_64) AppleWebKit/537.36 (KHTML, like Gecko) Ubuntu Chromium/62.0.3202.62 Chrome/62.0.3202.62 Safari/537.36',
  'content-type' => 'application/json',
  'accept-encoding' => 'gzip, deflate',
  'accept-language' => 'zh-CN,zh;q=0.9',
  'cookie' => '__utma=263463772.1899665212.1506839425.1508554965.1508632765.5; __utmz=263463772.1506839425.1.1.utmcsr=(direct)|utmccn=(direct)|utmcmd=(none); PHPSESSID=rvnbb9j2qptcb9t6edol32j8l6; thinkphp_show_page_trace=0|0',
)
[ info ] [ PARAM ] array (
  'tree' => false,
)
[ info ] [ SESSION ] INIT array (
  'id' => '',
  'var_session_id' => '',
  'prefix' => 'think',
  'type' => '',
  'auto_start' => true,
)
[ info ] [ RUN ] app\venue\controller\Cate->index[ /home/calf/admin/hunan/application/venue/controller/Cate.php ]
[ info ] [ DB ] INIT \think\mongo\Connection
[ info ] [ LOG ] INIT File
[ sql ] [ DB ] CONNECT:[ UseTime:0.000016s ] 
[ sql ] [ Mongo ] db.v_category.find({"$and":[{"deleteAt":{"$exists":false}}]}).limit(0); [ RunTime:0.000643s ]
---------------------------------------------------------------
[ 2017-11-02T10:56:19+08:00 ] 127.0.0.1 127.0.0.1 POST /venue/exhibition/index
[ info ] hunan.admin.com/venue/exhibition/index [运行时间：0.016588s][吞吐率：60.28req/s] [内存消耗：795.95kb] [文件加载：65]
[ info ] [ LANG ] /home/calf/admin//thinkphp/lang/zh-cn.php
[ info ] [ ROUTE ] array (
  'type' => 'module',
  'module' => 
  array (
    0 => 'venue',
    1 => 'exhibition',
    2 => 'index',
  ),
)
[ info ] [ HEADER ] array (
  'host' => 'hunan.admin.com',
  'connection' => 'keep-alive',
  'content-length' => '35',
  'accept' => 'application/json',
  'origin' => 'null',
  'user-agent' => 'Mozilla/5.0 (X11; Linux x86_64) AppleWebKit/537.36 (KHTML, like Gecko) Ubuntu Chromium/62.0.3202.62 Chrome/62.0.3202.62 Safari/537.36',
  'content-type' => 'application/json',
  'accept-encoding' => 'gzip, deflate',
  'accept-language' => 'zh-CN,zh;q=0.9',
  'cookie' => '__utma=263463772.1899665212.1506839425.1508554965.1508632765.5; __utmz=263463772.1506839425.1.1.utmcsr=(direct)|utmccn=(direct)|utmcmd=(none); PHPSESSID=rvnbb9j2qptcb9t6edol32j8l6; thinkphp_show_page_trace=0|0',
)
[ info ] [ PARAM ] array (
  'page' => 1,
  'limit' => 10,
  'category' => 
  array (
  ),
)
[ info ] [ SESSION ] INIT array (
  'id' => '',
  'var_session_id' => '',
  'prefix' => 'think',
  'type' => '',
  'auto_start' => true,
)
[ info ] [ RUN ] app\venue\controller\Exhibition->index[ /home/calf/admin/hunan/application/venue/controller/Exhibition.php ]
[ info ] [ DB ] INIT \think\mongo\Connection
[ info ] [ LOG ] INIT File
[ error ] [8]未定义变量: map[/home/calf/admin/hunan/application/venue/controller/Exhibition.php:54]
[ error ] [8]未定义变量: map[/home/calf/admin/hunan/application/venue/controller/Exhibition.php:55]
[ sql ] [ DB ] CONNECT:[ UseTime:0.000015s ] 
[ sql ] [ Mongo ] db.exhibition.find({"$and":[{"deleteAt":{"$exists":false}}]}).sort({"sort":-1}).limit(10); [ RunTime:0.000683s ]
[ sql ] [ Mongo ] db.count({"count":"exhibition","query":{"$and":[{"deleteAt":{"$exists":false}}]},"limit":0}); [ RunTime:0.000419s ]
---------------------------------------------------------------
[ 2017-11-02T10:56:19+08:00 ] 127.0.0.1 127.0.0.1 GET /favicon.ico
[ info ] hunan.admin.com/favicon.ico [运行时间：0.009997s][吞吐率：100.03req/s] [内存消耗：503.23kb] [文件加载：54]
[ info ] [ LANG ] /home/calf/admin//thinkphp/lang/zh-cn.php
[ info ] [ ROUTE ] array (
  'type' => 'module',
  'module' => 
  array (
    0 => 'index',
    1 => 'index',
    2 => 'index',
  ),
  'convert' => false,
)
[ info ] [ HEADER ] array (
  'host' => 'hunan.admin.com',
  'connection' => 'keep-alive',
  'user-agent' => 'Mozilla/5.0 (X11; Linux x86_64) AppleWebKit/537.36 (KHTML, like Gecko) Ubuntu Chromium/62.0.3202.62 Chrome/62.0.3202.62 Safari/537.36',
  'accept' => 'image/webp,image/apng,image/*,*/*;q=0.8',
  'accept-encoding' => 'gzip, deflate',
  'accept-language' => 'zh-CN,zh;q=0.9',
  'cookie' => '__utma=263463772.1899665212.1506839425.1508554965.1508632765.5; __utmz=263463772.1506839425.1.1.utmcsr=(direct)|utmccn=(direct)|utmcmd=(none); PHPSESSID=rvnbb9j2qptcb9t6edol32j8l6; thinkphp_show_page_trace=0|0',
)
[ info ] [ PARAM ] array (
)
[ info ] [ RUN ] app\index\controller\Index->index[ /home/calf/admin/hunan/application/index/controller/Index.php ]
[ info ] [ VIEW ] /home/calf/admin/hunan/application/index/view/index/index.html [ array (
) ]
[ info ] [ LOG ] INIT File
---------------------------------------------------------------
[ 2017-11-02T10:56:34+08:00 ] 127.0.0.1 127.0.0.1 GET /favicon.ico
[ info ] hunan.admin.com/favicon.ico [运行时间：0.008446s][吞吐率：118.40req/s] [内存消耗：502.19kb] [文件加载：54]
[ info ] [ LANG ] /home/calf/admin//thinkphp/lang/zh-cn.php
[ info ] [ ROUTE ] array (
  'type' => 'module',
  'module' => 
  array (
    0 => 'index',
    1 => 'index',
    2 => 'index',
  ),
  'convert' => false,
)
[ info ] [ HEADER ] array (
  'host' => 'hunan.admin.com',
  'connection' => 'keep-alive',
  'user-agent' => 'Mozilla/5.0 (X11; Linux x86_64) AppleWebKit/537.36 (KHTML, like Gecko) Ubuntu Chromium/62.0.3202.62 Chrome/62.0.3202.62 Safari/537.36',
  'accept' => 'image/webp,image/apng,image/*,*/*;q=0.8',
  'accept-encoding' => 'gzip, deflate',
  'accept-language' => 'zh-CN,zh;q=0.9',
  'cookie' => '__utma=263463772.1899665212.1506839425.1508554965.1508632765.5; __utmz=263463772.1506839425.1.1.utmcsr=(direct)|utmccn=(direct)|utmcmd=(none); PHPSESSID=rvnbb9j2qptcb9t6edol32j8l6; thinkphp_show_page_trace=0|0',
)
[ info ] [ PARAM ] array (
)
[ info ] [ RUN ] app\index\controller\Index->index[ /home/calf/admin/hunan/application/index/controller/Index.php ]
[ info ] [ VIEW ] /home/calf/admin/hunan/application/index/view/index/index.html [ array (
) ]
[ info ] [ LOG ] INIT File
---------------------------------------------------------------
[ 2017-11-02T10:56:51+08:00 ] 127.0.0.1 127.0.0.1 POST /venue/exhibition/index
[ info ] hunan.admin.com/venue/exhibition/index [运行时间：0.010409s][吞吐率：96.07req/s] [内存消耗：772.53kb] [文件加载：62]
[ info ] [ LANG ] /home/calf/admin//thinkphp/lang/zh-cn.php
[ info ] [ ROUTE ] array (
  'type' => 'module',
  'module' => 
  array (
    0 => 'venue',
    1 => 'exhibition',
    2 => 'index',
  ),
)
[ info ] [ HEADER ] array (
  'host' => 'hunan.admin.com',
  'connection' => 'keep-alive',
  'content-length' => '18',
  'accept' => 'application/json',
  'origin' => 'null',
  'user-agent' => 'Mozilla/5.0 (X11; Linux x86_64) AppleWebKit/537.36 (KHTML, like Gecko) Ubuntu Chromium/62.0.3202.62 Chrome/62.0.3202.62 Safari/537.36',
  'content-type' => 'application/json',
  'accept-encoding' => 'gzip, deflate',
  'accept-language' => 'zh-CN,zh;q=0.9',
  'cookie' => '__utma=263463772.1899665212.1506839425.1508554965.1508632765.5; __utmz=263463772.1506839425.1.1.utmcsr=(direct)|utmccn=(direct)|utmcmd=(none); PHPSESSID=rvnbb9j2qptcb9t6edol32j8l6; thinkphp_show_page_trace=0|0',
)
[ info ] [ PARAM ] array (
  'selectAll' => true,
)
[ info ] [ SESSION ] INIT array (
  'id' => '',
  'var_session_id' => '',
  'prefix' => 'think',
  'type' => '',
  'auto_start' => true,
)
[ info ] [ RUN ] app\venue\controller\Exhibition->index[ /home/calf/admin/hunan/application/venue/controller/Exhibition.php ]
[ info ] [ DB ] INIT \think\mongo\Connection
[ info ] [ LOG ] INIT File
[ sql ] [ DB ] CONNECT:[ UseTime:0.000043s ] 
[ sql ] [ Mongo ] db.exhibition.find({"$and":[{"deleteAt":{"$exists":false}}]}).sort({"sort":-1}).limit(0); [ RunTime:0.001268s ]
---------------------------------------------------------------
[ 2017-11-02T10:56:51+08:00 ] 127.0.0.1 127.0.0.1 GET /favicon.ico
[ info ] hunan.admin.com/favicon.ico [运行时间：0.004398s][吞吐率：227.37req/s] [内存消耗：502.19kb] [文件加载：54]
[ info ] [ LANG ] /home/calf/admin//thinkphp/lang/zh-cn.php
[ info ] [ ROUTE ] array (
  'type' => 'module',
  'module' => 
  array (
    0 => 'index',
    1 => 'index',
    2 => 'index',
  ),
  'convert' => false,
)
[ info ] [ HEADER ] array (
  'host' => 'hunan.admin.com',
  'connection' => 'keep-alive',
  'user-agent' => 'Mozilla/5.0 (X11; Linux x86_64) AppleWebKit/537.36 (KHTML, like Gecko) Ubuntu Chromium/62.0.3202.62 Chrome/62.0.3202.62 Safari/537.36',
  'accept' => 'image/webp,image/apng,image/*,*/*;q=0.8',
  'accept-encoding' => 'gzip, deflate',
  'accept-language' => 'zh-CN,zh;q=0.9',
  'cookie' => '__utma=263463772.1899665212.1506839425.1508554965.1508632765.5; __utmz=263463772.1506839425.1.1.utmcsr=(direct)|utmccn=(direct)|utmcmd=(none); PHPSESSID=rvnbb9j2qptcb9t6edol32j8l6; thinkphp_show_page_trace=0|0',
)
[ info ] [ PARAM ] array (
)
[ info ] [ RUN ] app\index\controller\Index->index[ /home/calf/admin/hunan/application/index/controller/Index.php ]
[ info ] [ VIEW ] /home/calf/admin/hunan/application/index/view/index/index.html [ array (
) ]
[ info ] [ LOG ] INIT File
---------------------------------------------------------------
[ 2017-11-02T10:56:51+08:00 ] 127.0.0.1 127.0.0.1 POST /venue/exhibit/index
[ info ] hunan.admin.com/venue/exhibit/index [运行时间：0.021589s][吞吐率：46.32req/s] [内存消耗：799.48kb] [文件加载：65]
[ info ] [ LANG ] /home/calf/admin//thinkphp/lang/zh-cn.php
[ info ] [ ROUTE ] array (
  'type' => 'module',
  'module' => 
  array (
    0 => 'venue',
    1 => 'exhibit',
    2 => 'index',
  ),
)
[ info ] [ HEADER ] array (
  'host' => 'hunan.admin.com',
  'connection' => 'keep-alive',
  'content-length' => '37',
  'accept' => 'application/json',
  'origin' => 'null',
  'user-agent' => 'Mozilla/5.0 (X11; Linux x86_64) AppleWebKit/537.36 (KHTML, like Gecko) Ubuntu Chromium/62.0.3202.62 Chrome/62.0.3202.62 Safari/537.36',
  'content-type' => 'application/json',
  'accept-encoding' => 'gzip, deflate',
  'accept-language' => 'zh-CN,zh;q=0.9',
  'cookie' => '__utma=263463772.1899665212.1506839425.1508554965.1508632765.5; __utmz=263463772.1506839425.1.1.utmcsr=(direct)|utmccn=(direct)|utmcmd=(none); PHPSESSID=rvnbb9j2qptcb9t6edol32j8l6; thinkphp_show_page_trace=0|0',
)
[ info ] [ PARAM ] array (
  'page' => 1,
  'limit' => 20,
  'exhibition' => 
  array (
  ),
)
[ info ] [ SESSION ] INIT array (
  'id' => '',
  'var_session_id' => '',
  'prefix' => 'think',
  'type' => '',
  'auto_start' => true,
)
[ info ] [ RUN ] app\venue\controller\Exhibit->index[ /home/calf/admin/hunan/application/venue/controller/Exhibit.php ]
[ info ] [ DB ] INIT \think\mongo\Connection
[ info ] [ LOG ] INIT File
[ error ] [8]未定义变量: map[/home/calf/admin/hunan/application/venue/controller/Exhibit.php:52]
[ error ] [8]未定义变量: map[/home/calf/admin/hunan/application/venue/controller/Exhibit.php:53]
[ sql ] [ DB ] CONNECT:[ UseTime:0.000016s ] 
[ sql ] [ Mongo ] db.exhibit.find({"$and":[{"deleteAt":{"$exists":false}}]}).sort({"sort":-1}).limit(20); [ RunTime:0.001571s ]
[ sql ] [ Mongo ] db.count({"count":"exhibit","query":{"$and":[{"deleteAt":{"$exists":false}}]},"limit":0}); [ RunTime:0.000620s ]
---------------------------------------------------------------
[ 2017-11-02T10:56:52+08:00 ] 127.0.0.1 127.0.0.1 POST /venue/cate/index
[ info ] hunan.admin.com/venue/cate/index [运行时间：0.010935s][吞吐率：91.45req/s] [内存消耗：771.13kb] [文件加载：62]
[ info ] [ LANG ] /home/calf/admin//thinkphp/lang/zh-cn.php
[ info ] [ ROUTE ] array (
  'type' => 'module',
  'module' => 
  array (
    0 => 'venue',
    1 => 'cate',
    2 => 'index',
  ),
)
[ info ] [ HEADER ] array (
  'host' => 'hunan.admin.com',
  'connection' => 'keep-alive',
  'content-length' => '14',
  'accept' => 'application/json',
  'origin' => 'null',
  'user-agent' => 'Mozilla/5.0 (X11; Linux x86_64) AppleWebKit/537.36 (KHTML, like Gecko) Ubuntu Chromium/62.0.3202.62 Chrome/62.0.3202.62 Safari/537.36',
  'content-type' => 'application/json',
  'accept-encoding' => 'gzip, deflate',
  'accept-language' => 'zh-CN,zh;q=0.9',
  'cookie' => '__utma=263463772.1899665212.1506839425.1508554965.1508632765.5; __utmz=263463772.1506839425.1.1.utmcsr=(direct)|utmccn=(direct)|utmcmd=(none); PHPSESSID=rvnbb9j2qptcb9t6edol32j8l6; thinkphp_show_page_trace=0|0',
)
[ info ] [ PARAM ] array (
  'tree' => false,
)
[ info ] [ SESSION ] INIT array (
  'id' => '',
  'var_session_id' => '',
  'prefix' => 'think',
  'type' => '',
  'auto_start' => true,
)
[ info ] [ RUN ] app\venue\controller\Cate->index[ /home/calf/admin/hunan/application/venue/controller/Cate.php ]
[ info ] [ DB ] INIT \think\mongo\Connection
[ info ] [ LOG ] INIT File
[ sql ] [ DB ] CONNECT:[ UseTime:0.000016s ] 
[ sql ] [ Mongo ] db.v_category.find({"$and":[{"deleteAt":{"$exists":false}}]}).limit(0); [ RunTime:0.000505s ]
---------------------------------------------------------------
[ 2017-11-02T10:56:52+08:00 ] 127.0.0.1 127.0.0.1 POST /venue/exhibition/index
[ info ] hunan.admin.com/venue/exhibition/index [运行时间：0.015272s][吞吐率：65.48req/s] [内存消耗：795.95kb] [文件加载：65]
[ info ] [ LANG ] /home/calf/admin//thinkphp/lang/zh-cn.php
[ info ] [ ROUTE ] array (
  'type' => 'module',
  'module' => 
  array (
    0 => 'venue',
    1 => 'exhibition',
    2 => 'index',
  ),
)
[ info ] [ HEADER ] array (
  'host' => 'hunan.admin.com',
  'connection' => 'keep-alive',
  'content-length' => '35',
  'accept' => 'application/json',
  'origin' => 'null',
  'user-agent' => 'Mozilla/5.0 (X11; Linux x86_64) AppleWebKit/537.36 (KHTML, like Gecko) Ubuntu Chromium/62.0.3202.62 Chrome/62.0.3202.62 Safari/537.36',
  'content-type' => 'application/json',
  'accept-encoding' => 'gzip, deflate',
  'accept-language' => 'zh-CN,zh;q=0.9',
  'cookie' => '__utma=263463772.1899665212.1506839425.1508554965.1508632765.5; __utmz=263463772.1506839425.1.1.utmcsr=(direct)|utmccn=(direct)|utmcmd=(none); PHPSESSID=rvnbb9j2qptcb9t6edol32j8l6; thinkphp_show_page_trace=0|0',
)
[ info ] [ PARAM ] array (
  'page' => 1,
  'limit' => 10,
  'category' => 
  array (
  ),
)
[ info ] [ SESSION ] INIT array (
  'id' => '',
  'var_session_id' => '',
  'prefix' => 'think',
  'type' => '',
  'auto_start' => true,
)
[ info ] [ RUN ] app\venue\controller\Exhibition->index[ /home/calf/admin/hunan/application/venue/controller/Exhibition.php ]
[ info ] [ DB ] INIT \think\mongo\Connection
[ info ] [ LOG ] INIT File
[ error ] [8]未定义变量: map[/home/calf/admin/hunan/application/venue/controller/Exhibition.php:54]
[ error ] [8]未定义变量: map[/home/calf/admin/hunan/application/venue/controller/Exhibition.php:55]
[ sql ] [ DB ] CONNECT:[ UseTime:0.000020s ] 
[ sql ] [ Mongo ] db.exhibition.find({"$and":[{"deleteAt":{"$exists":false}}]}).sort({"sort":-1}).limit(10); [ RunTime:0.000946s ]
[ sql ] [ Mongo ] db.count({"count":"exhibition","query":{"$and":[{"deleteAt":{"$exists":false}}]},"limit":0}); [ RunTime:0.000503s ]
---------------------------------------------------------------
[ 2017-11-02T10:56:52+08:00 ] 127.0.0.1 127.0.0.1 GET /favicon.ico
[ info ] hunan.admin.com/favicon.ico [运行时间：0.005523s][吞吐率：181.06req/s] [内存消耗：502.19kb] [文件加载：54]
[ info ] [ LANG ] /home/calf/admin//thinkphp/lang/zh-cn.php
[ info ] [ ROUTE ] array (
  'type' => 'module',
  'module' => 
  array (
    0 => 'index',
    1 => 'index',
    2 => 'index',
  ),
  'convert' => false,
)
[ info ] [ HEADER ] array (
  'host' => 'hunan.admin.com',
  'connection' => 'keep-alive',
  'user-agent' => 'Mozilla/5.0 (X11; Linux x86_64) AppleWebKit/537.36 (KHTML, like Gecko) Ubuntu Chromium/62.0.3202.62 Chrome/62.0.3202.62 Safari/537.36',
  'accept' => 'image/webp,image/apng,image/*,*/*;q=0.8',
  'accept-encoding' => 'gzip, deflate',
  'accept-language' => 'zh-CN,zh;q=0.9',
  'cookie' => '__utma=263463772.1899665212.1506839425.1508554965.1508632765.5; __utmz=263463772.1506839425.1.1.utmcsr=(direct)|utmccn=(direct)|utmcmd=(none); PHPSESSID=rvnbb9j2qptcb9t6edol32j8l6; thinkphp_show_page_trace=0|0',
)
[ info ] [ PARAM ] array (
)
[ info ] [ RUN ] app\index\controller\Index->index[ /home/calf/admin/hunan/application/index/controller/Index.php ]
[ info ] [ VIEW ] /home/calf/admin/hunan/application/index/view/index/index.html [ array (
) ]
[ info ] [ LOG ] INIT File
---------------------------------------------------------------
[ 2017-11-02T11:20:54+08:00 ] 127.0.0.1 127.0.0.1 GET /
[ info ] hunan.admin.com/ [运行时间：0.010554s][吞吐率：94.75req/s] [内存消耗：547.61kb] [文件加载：56]
[ info ] [ LANG ] /home/calf/admin//thinkphp/lang/zh-cn.php
[ info ] [ ROUTE ] array (
  'type' => 'module',
  'module' => 
  array (
    0 => 'index',
    1 => 'index',
    2 => 'index',
  ),
  'convert' => false,
)
[ info ] [ HEADER ] array (
  'host' => 'hunan.admin.com',
  'connection' => 'keep-alive',
  'upgrade-insecure-requests' => '1',
  'user-agent' => 'Mozilla/5.0 (X11; Linux x86_64) AppleWebKit/537.36 (KHTML, like Gecko) Ubuntu Chromium/62.0.3202.62 Chrome/62.0.3202.62 Safari/537.36',
  'accept' => 'text/html,application/xhtml+xml,application/xml;q=0.9,image/webp,image/apng,*/*;q=0.8',
  'accept-encoding' => 'gzip, deflate',
  'accept-language' => 'zh-CN,zh;q=0.9',
  'cookie' => '__utma=263463772.1899665212.1506839425.1508554965.1508632765.5; __utmz=263463772.1506839425.1.1.utmcsr=(direct)|utmccn=(direct)|utmcmd=(none); PHPSESSID=rvnbb9j2qptcb9t6edol32j8l6; thinkphp_show_page_trace=0|0',
)
[ info ] [ PARAM ] array (
)
[ info ] [ RUN ] app\index\controller\Index->index[ /home/calf/admin/hunan/application/index/controller/Index.php ]
[ info ] [ VIEW ] /home/calf/admin/hunan/application/index/view/index/index.html [ array (
) ]
[ info ] [ LOG ] INIT File
---------------------------------------------------------------
[ 2017-11-02T14:57:28+08:00 ] 127.0.0.1 127.0.0.1 GET /
[ info ] hunan.admin.com/ [运行时间：0.006189s][吞吐率：161.57req/s] [内存消耗：504.55kb] [文件加载：54]
[ info ] [ LANG ] /home/calf/admin//thinkphp/lang/zh-cn.php
[ info ] [ ROUTE ] array (
  'type' => 'module',
  'module' => 
  array (
    0 => 'index',
    1 => 'index',
    2 => 'index',
  ),
  'convert' => false,
)
[ info ] [ HEADER ] array (
  'host' => 'hunan.admin.com',
  'connection' => 'keep-alive',
  'upgrade-insecure-requests' => '1',
  'user-agent' => 'Mozilla/5.0 (X11; Linux x86_64) AppleWebKit/537.36 (KHTML, like Gecko) Ubuntu Chromium/62.0.3202.62 Chrome/62.0.3202.62 Safari/537.36',
  'accept' => 'text/html,application/xhtml+xml,application/xml;q=0.9,image/webp,image/apng,*/*;q=0.8',
  'accept-encoding' => 'gzip, deflate',
  'accept-language' => 'zh-CN,zh;q=0.9',
  'cookie' => '__utma=263463772.1899665212.1506839425.1508554965.1508632765.5; __utmz=263463772.1506839425.1.1.utmcsr=(direct)|utmccn=(direct)|utmcmd=(none); PHPSESSID=rvnbb9j2qptcb9t6edol32j8l6; thinkphp_show_page_trace=0|0',
)
[ info ] [ PARAM ] array (
)
[ info ] [ RUN ] app\index\controller\Index->index[ /home/calf/admin/hunan/application/index/controller/Index.php ]
[ info ] [ VIEW ] /home/calf/admin/hunan/application/index/view/index/index.html [ array (
) ]
[ info ] [ LOG ] INIT File
