---------------------------------------------------------------
[ 2017-11-15T11:19:08+08:00 ] 127.0.0.1 127.0.0.1 POST /article/cate/index
[ info ] hunan.admin.com/article/cate/index [运行时间：0.098658s][吞吐率：10.14req/s] [内存消耗：1,353.10kb] [文件加载：50]
[ info ] [ LANG ] /home/calf/admin//thinkphp/lang/zh-cn.php
[ info ] [ ROUTE ] array (
  'type' => 'module',
  'module' => 
  array (
    0 => 'article',
    1 => 'cate',
    2 => 'index',
  ),
)
[ info ] [ HEADER ] array (
  'host' => 'hunan.admin.com',
  'connection' => 'keep-alive',
  'content-length' => '13',
  'accept' => 'application/json',
  'origin' => 'http://localhost:3000',
  'user-agent' => 'Mozilla/5.0 (X11; Linux x86_64) AppleWebKit/537.36 (KHTML, like Gecko) Ubuntu Chromium/62.0.3202.75 Chrome/62.0.3202.75 Safari/537.36',
  'content-type' => 'application/json',
  'accept-encoding' => 'gzip, deflate',
  'accept-language' => 'zh-CN,zh;q=0.9',
  'cookie' => '__utma=263463772.1899665212.1506839425.1508554965.1508632765.5; __utmz=263463772.1506839425.1.1.utmcsr=(direct)|utmccn=(direct)|utmcmd=(none)',
)
[ info ] [ PARAM ] array (
  'tree' => true,
)
[ info ] [ SESSION ] INIT array (
  'id' => '',
  'var_session_id' => '',
  'prefix' => 'think',
  'type' => '',
  'auto_start' => true,
)
[ info ] [ LOG ] INIT File
---------------------------------------------------------------
[ 2017-11-15T11:19:08+08:00 ] 127.0.0.1 127.0.0.1 POST /admin/menu/index
[ info ] hunan.admin.com/admin/menu/index [运行时间：0.099141s][吞吐率：10.09req/s] [内存消耗：1,533.71kb] [文件加载：49]
[ info ] [ LANG ] /home/calf/admin//thinkphp/lang/zh-cn.php
[ info ] [ ROUTE ] array (
  'type' => 'module',
  'module' => 
  array (
    0 => 'admin',
    1 => 'menu',
    2 => 'index',
  ),
)
[ info ] [ HEADER ] array (
  'host' => 'hunan.admin.com',
  'connection' => 'keep-alive',
  'content-length' => '2',
  'accept' => 'application/json',
  'origin' => 'http://localhost:3000',
  'user-agent' => 'Mozilla/5.0 (X11; Linux x86_64) AppleWebKit/537.36 (KHTML, like Gecko) Ubuntu Chromium/62.0.3202.75 Chrome/62.0.3202.75 Safari/537.36',
  'content-type' => 'application/json',
  'accept-encoding' => 'gzip, deflate',
  'accept-language' => 'zh-CN,zh;q=0.9',
  'cookie' => '__utma=263463772.1899665212.1506839425.1508554965.1508632765.5; __utmz=263463772.1506839425.1.1.utmcsr=(direct)|utmccn=(direct)|utmcmd=(none)',
)
[ info ] [ PARAM ] array (
)
[ info ] [ SESSION ] INIT array (
  'id' => '',
  'var_session_id' => '',
  'prefix' => 'think',
  'type' => '',
  'auto_start' => true,
)
[ info ] [ LOG ] INIT File
---------------------------------------------------------------
[ 2017-11-15T11:19:08+08:00 ] 127.0.0.1 127.0.0.1 POST /article/article/index
[ info ] hunan.admin.com/article/article/index [运行时间：0.100744s][吞吐率：9.93req/s] [内存消耗：2,066.94kb] [文件加载：50]
[ info ] [ LANG ] /home/calf/admin//thinkphp/lang/zh-cn.php
[ info ] [ ROUTE ] array (
  'type' => 'module',
  'module' => 
  array (
    0 => 'article',
    1 => 'article',
    2 => 'index',
  ),
)
[ info ] [ HEADER ] array (
  'host' => 'hunan.admin.com',
  'connection' => 'keep-alive',
  'content-length' => '35',
  'accept' => 'application/json',
  'origin' => 'http://localhost:3000',
  'user-agent' => 'Mozilla/5.0 (X11; Linux x86_64) AppleWebKit/537.36 (KHTML, like Gecko) Ubuntu Chromium/62.0.3202.75 Chrome/62.0.3202.75 Safari/537.36',
  'content-type' => 'application/json',
  'accept-encoding' => 'gzip, deflate',
  'accept-language' => 'zh-CN,zh;q=0.9',
  'cookie' => '__utma=263463772.1899665212.1506839425.1508554965.1508632765.5; __utmz=263463772.1506839425.1.1.utmcsr=(direct)|utmccn=(direct)|utmcmd=(none)',
)
[ info ] [ PARAM ] array (
  'page' => 1,
  'limit' => 20,
  'category' => 
  array (
  ),
)
[ info ] [ SESSION ] INIT array (
  'id' => '',
  'var_session_id' => '',
  'prefix' => 'think',
  'type' => '',
  'auto_start' => true,
)
[ info ] [ LOG ] INIT File
---------------------------------------------------------------
[ 2017-11-15T11:19:13+08:00 ] 127.0.0.1 127.0.0.1 POST /login/index/login
[ info ] hunan.admin.com/login/index/login [运行时间：0.054468s][吞吐率：18.36req/s] [内存消耗：714.53kb] [文件加载：61]
[ info ] [ LANG ] /home/calf/admin//thinkphp/lang/zh-cn.php
[ info ] [ ROUTE ] array (
  'type' => 'module',
  'module' => 
  array (
    0 => 'login',
    1 => 'index',
    2 => 'login',
  ),
)
[ info ] [ HEADER ] array (
  'host' => 'hunan.admin.com',
  'connection' => 'keep-alive',
  'content-length' => '39',
  'accept' => 'application/json',
  'origin' => 'http://localhost:3000',
  'user-agent' => 'Mozilla/5.0 (X11; Linux x86_64) AppleWebKit/537.36 (KHTML, like Gecko) Ubuntu Chromium/62.0.3202.75 Chrome/62.0.3202.75 Safari/537.36',
  'content-type' => 'application/json',
  'accept-encoding' => 'gzip, deflate',
  'accept-language' => 'zh-CN,zh;q=0.9',
  'cookie' => '__utma=263463772.1899665212.1506839425.1508554965.1508632765.5; __utmz=263463772.1506839425.1.1.utmcsr=(direct)|utmccn=(direct)|utmcmd=(none); PHPSESSID=rght0s2g6d7nvo8iq1cima3ik7',
)
[ info ] [ PARAM ] array (
  'username' => 'admin',
  'password' => 'admin',
)
[ info ] [ RUN ] app\login\controller\Index->login[ /home/calf/admin/hunan/application/login/controller/Index.php ]
[ info ] [ DB ] INIT \think\mongo\Connection
[ info ] [ SESSION ] INIT array (
  'id' => '',
  'var_session_id' => '',
  'prefix' => 'think',
  'type' => '',
  'auto_start' => true,
)
[ info ] [ LOG ] INIT File
[ sql ] [ DB ] CONNECT:[ UseTime:0.000489s ] 
[ sql ] [ Mongo ] db.admin.find({"$and":[{"password":"21232f297a57a5a743894a0e4a801fc3"},{"username":"admin"}]}).limit(1); [ RunTime:0.001760s ]
---------------------------------------------------------------
[ 2017-11-15T11:19:16+08:00 ] 127.0.0.1 127.0.0.1 POST /admin/menu/index
[ info ] hunan.admin.com/admin/menu/index [运行时间：0.006644s][吞吐率：150.51req/s] [内存消耗：593.97kb] [文件加载：55]
[ info ] [ LANG ] /home/calf/admin//thinkphp/lang/zh-cn.php
[ info ] [ ROUTE ] array (
  'type' => 'module',
  'module' => 
  array (
    0 => 'admin',
    1 => 'menu',
    2 => 'index',
  ),
)
[ info ] [ HEADER ] array (
  'host' => 'hunan.admin.com',
  'connection' => 'keep-alive',
  'content-length' => '2',
  'accept' => 'application/json',
  'origin' => 'http://localhost:3000',
  'user-agent' => 'Mozilla/5.0 (X11; Linux x86_64) AppleWebKit/537.36 (KHTML, like Gecko) Ubuntu Chromium/62.0.3202.75 Chrome/62.0.3202.75 Safari/537.36',
  'content-type' => 'application/json',
  'accept-encoding' => 'gzip, deflate',
  'accept-language' => 'zh-CN,zh;q=0.9',
  'cookie' => '__utma=263463772.1899665212.1506839425.1508554965.1508632765.5; __utmz=263463772.1506839425.1.1.utmcsr=(direct)|utmccn=(direct)|utmcmd=(none); PHPSESSID=rght0s2g6d7nvo8iq1cima3ik7',
)
[ info ] [ PARAM ] array (
)
[ info ] [ SESSION ] INIT array (
  'id' => '',
  'var_session_id' => '',
  'prefix' => 'think',
  'type' => '',
  'auto_start' => true,
)
[ info ] [ RUN ] app\admin\controller\Menu->index[ /home/calf/admin/hunan/application/admin/controller/Menu.php ]
[ info ] [ LOG ] INIT File
---------------------------------------------------------------
[ 2017-11-15T11:19:16+08:00 ] 127.0.0.1 127.0.0.1 POST /article/cate/index
[ info ] hunan.admin.com/article/cate/index [运行时间：0.019640s][吞吐率：50.92req/s] [内存消耗：780.41kb] [文件加载：63]
[ info ] [ LANG ] /home/calf/admin//thinkphp/lang/zh-cn.php
[ info ] [ ROUTE ] array (
  'type' => 'module',
  'module' => 
  array (
    0 => 'article',
    1 => 'cate',
    2 => 'index',
  ),
)
[ info ] [ HEADER ] array (
  'host' => 'hunan.admin.com',
  'connection' => 'keep-alive',
  'content-length' => '13',
  'accept' => 'application/json',
  'origin' => 'http://localhost:3000',
  'user-agent' => 'Mozilla/5.0 (X11; Linux x86_64) AppleWebKit/537.36 (KHTML, like Gecko) Ubuntu Chromium/62.0.3202.75 Chrome/62.0.3202.75 Safari/537.36',
  'content-type' => 'application/json',
  'accept-encoding' => 'gzip, deflate',
  'accept-language' => 'zh-CN,zh;q=0.9',
  'cookie' => '__utma=263463772.1899665212.1506839425.1508554965.1508632765.5; __utmz=263463772.1506839425.1.1.utmcsr=(direct)|utmccn=(direct)|utmcmd=(none); PHPSESSID=rght0s2g6d7nvo8iq1cima3ik7',
)
[ info ] [ PARAM ] array (
  'tree' => true,
)
[ info ] [ SESSION ] INIT array (
  'id' => '',
  'var_session_id' => '',
  'prefix' => 'think',
  'type' => '',
  'auto_start' => true,
)
[ info ] [ RUN ] app\article\controller\Cate->index[ /home/calf/admin/hunan/application/article/controller/Cate.php ]
[ info ] [ DB ] INIT \think\mongo\Connection
[ info ] [ LOG ] INIT File
[ sql ] [ DB ] CONNECT:[ UseTime:0.000016s ] 
[ sql ] [ Mongo ] db.article_category.find({"$and":[{"deleteAt":{"$exists":false}},{"parent":{"$exists":false}}]}).limit(0); [ RunTime:0.000724s ]
[ sql ] [ Mongo ] db.article_category.find({"$and":[{"deleteAt":{"$exists":false}},{"parent.id":"59cca1be50af9831712c3b77"}]}).limit(0); [ RunTime:0.000541s ]
[ sql ] [ Mongo ] db.article_category.find({"$and":[{"deleteAt":{"$exists":false}},{"parent.id":"59cca1be50af9831712c3b78"}]}).limit(0); [ RunTime:0.000559s ]
[ sql ] [ Mongo ] db.article_category.find({"$and":[{"deleteAt":{"$exists":false}},{"parent.id":"59cca1be50af9831712c3b79"}]}).limit(0); [ RunTime:0.000677s ]
[ sql ] [ Mongo ] db.article_category.find({"$and":[{"deleteAt":{"$exists":false}},{"parent.id":"59cca1be50af9831712c3b7c"}]}).limit(0); [ RunTime:0.001044s ]
[ sql ] [ Mongo ] db.article_category.find({"$and":[{"deleteAt":{"$exists":false}},{"parent.id":"59cca1be50af9831712c3b7d"}]}).limit(0); [ RunTime:0.000600s ]
[ sql ] [ Mongo ] db.article_category.find({"$and":[{"deleteAt":{"$exists":false}},{"parent.id":"59cca1be50af9831712c3b7e"}]}).limit(0); [ RunTime:0.000894s ]
[ sql ] [ Mongo ] db.article_category.find({"$and":[{"deleteAt":{"$exists":false}},{"parent.id":"59cca1be50af9831712c3b7f"}]}).limit(0); [ RunTime:0.000522s ]
---------------------------------------------------------------
[ 2017-11-15T11:19:16+08:00 ] 127.0.0.1 127.0.0.1 POST /article/article/index
[ info ] hunan.admin.com/article/article/index [运行时间：0.021230s][吞吐率：47.10req/s] [内存消耗：800.24kb] [文件加载：66]
[ info ] [ LANG ] /home/calf/admin//thinkphp/lang/zh-cn.php
[ info ] [ ROUTE ] array (
  'type' => 'module',
  'module' => 
  array (
    0 => 'article',
    1 => 'article',
    2 => 'index',
  ),
)
[ info ] [ HEADER ] array (
  'host' => 'hunan.admin.com',
  'connection' => 'keep-alive',
  'content-length' => '35',
  'accept' => 'application/json',
  'origin' => 'http://localhost:3000',
  'user-agent' => 'Mozilla/5.0 (X11; Linux x86_64) AppleWebKit/537.36 (KHTML, like Gecko) Ubuntu Chromium/62.0.3202.75 Chrome/62.0.3202.75 Safari/537.36',
  'content-type' => 'application/json',
  'accept-encoding' => 'gzip, deflate',
  'accept-language' => 'zh-CN,zh;q=0.9',
  'cookie' => '__utma=263463772.1899665212.1506839425.1508554965.1508632765.5; __utmz=263463772.1506839425.1.1.utmcsr=(direct)|utmccn=(direct)|utmcmd=(none); PHPSESSID=rght0s2g6d7nvo8iq1cima3ik7',
)
[ info ] [ PARAM ] array (
  'page' => 1,
  'limit' => 20,
  'category' => 
  array (
  ),
)
[ info ] [ SESSION ] INIT array (
  'id' => '',
  'var_session_id' => '',
  'prefix' => 'think',
  'type' => '',
  'auto_start' => true,
)
[ info ] [ RUN ] app\article\controller\Article->index[ /home/calf/admin/hunan/application/article/controller/Article.php ]
[ info ] [ DB ] INIT \think\mongo\Connection
[ info ] [ LOG ] INIT File
[ error ] [8]未定义变量: map[/home/calf/admin/hunan/application/article/controller/Article.php:52]
[ error ] [8]未定义变量: map[/home/calf/admin/hunan/application/article/controller/Article.php:53]
[ sql ] [ DB ] CONNECT:[ UseTime:0.000014s ] 
[ sql ] [ Mongo ] db.article.find({"$and":[{"deleteAt":{"$exists":false}}]}).sort({"sort":-1}).limit(20); [ RunTime:0.003652s ]
[ sql ] [ Mongo ] db.count({"count":"article","query":{"$and":[{"deleteAt":{"$exists":false}}]},"limit":0}); [ RunTime:0.000633s ]
---------------------------------------------------------------
[ 2017-11-15T11:19:20+08:00 ] 127.0.0.1 127.0.0.1 POST /article/cate/index
[ info ] hunan.admin.com/article/cate/index [运行时间：0.018218s][吞吐率：54.89req/s] [内存消耗：776.59kb] [文件加载：63]
[ info ] [ LANG ] /home/calf/admin//thinkphp/lang/zh-cn.php
[ info ] [ ROUTE ] array (
  'type' => 'module',
  'module' => 
  array (
    0 => 'article',
    1 => 'cate',
    2 => 'index',
  ),
)
[ info ] [ HEADER ] array (
  'host' => 'hunan.admin.com',
  'connection' => 'keep-alive',
  'content-length' => '13',
  'accept' => 'application/json',
  'origin' => 'http://localhost:3000',
  'user-agent' => 'Mozilla/5.0 (X11; Linux x86_64) AppleWebKit/537.36 (KHTML, like Gecko) Ubuntu Chromium/62.0.3202.75 Chrome/62.0.3202.75 Safari/537.36',
  'content-type' => 'application/json',
  'accept-encoding' => 'gzip, deflate',
  'accept-language' => 'zh-CN,zh;q=0.9',
  'cookie' => '__utma=263463772.1899665212.1506839425.1508554965.1508632765.5; __utmz=263463772.1506839425.1.1.utmcsr=(direct)|utmccn=(direct)|utmcmd=(none); PHPSESSID=rght0s2g6d7nvo8iq1cima3ik7',
)
[ info ] [ PARAM ] array (
  'tree' => true,
)
[ info ] [ SESSION ] INIT array (
  'id' => '',
  'var_session_id' => '',
  'prefix' => 'think',
  'type' => '',
  'auto_start' => true,
)
[ info ] [ RUN ] app\article\controller\Cate->index[ /home/calf/admin/hunan/application/article/controller/Cate.php ]
[ info ] [ DB ] INIT \think\mongo\Connection
[ info ] [ LOG ] INIT File
[ sql ] [ DB ] CONNECT:[ UseTime:0.000024s ] 
[ sql ] [ Mongo ] db.article_category.find({"$and":[{"deleteAt":{"$exists":false}},{"parent":{"$exists":false}}]}).limit(0); [ RunTime:0.000580s ]
[ sql ] [ Mongo ] db.article_category.find({"$and":[{"deleteAt":{"$exists":false}},{"parent.id":"59cca1be50af9831712c3b77"}]}).limit(0); [ RunTime:0.000475s ]
[ sql ] [ Mongo ] db.article_category.find({"$and":[{"deleteAt":{"$exists":false}},{"parent.id":"59cca1be50af9831712c3b78"}]}).limit(0); [ RunTime:0.000409s ]
[ sql ] [ Mongo ] db.article_category.find({"$and":[{"deleteAt":{"$exists":false}},{"parent.id":"59cca1be50af9831712c3b79"}]}).limit(0); [ RunTime:0.000412s ]
[ sql ] [ Mongo ] db.article_category.find({"$and":[{"deleteAt":{"$exists":false}},{"parent.id":"59cca1be50af9831712c3b7c"}]}).limit(0); [ RunTime:0.000420s ]
[ sql ] [ Mongo ] db.article_category.find({"$and":[{"deleteAt":{"$exists":false}},{"parent.id":"59cca1be50af9831712c3b7d"}]}).limit(0); [ RunTime:0.000420s ]
[ sql ] [ Mongo ] db.article_category.find({"$and":[{"deleteAt":{"$exists":false}},{"parent.id":"59cca1be50af9831712c3b7e"}]}).limit(0); [ RunTime:0.000345s ]
[ sql ] [ Mongo ] db.article_category.find({"$and":[{"deleteAt":{"$exists":false}},{"parent.id":"59cca1be50af9831712c3b7f"}]}).limit(0); [ RunTime:0.000398s ]
---------------------------------------------------------------
[ 2017-11-15T11:19:20+08:00 ] 127.0.0.1 127.0.0.1 POST /article/article/detail
[ info ] hunan.admin.com/article/article/detail [运行时间：0.008518s][吞吐率：117.40req/s] [内存消耗：771.56kb] [文件加载：63]
[ info ] [ LANG ] /home/calf/admin//thinkphp/lang/zh-cn.php
[ info ] [ ROUTE ] array (
  'type' => 'module',
  'module' => 
  array (
    0 => 'article',
    1 => 'article',
    2 => 'detail',
  ),
)
[ info ] [ HEADER ] array (
  'host' => 'hunan.admin.com',
  'connection' => 'keep-alive',
  'content-length' => '34',
  'accept' => 'application/json',
  'origin' => 'http://localhost:3000',
  'user-agent' => 'Mozilla/5.0 (X11; Linux x86_64) AppleWebKit/537.36 (KHTML, like Gecko) Ubuntu Chromium/62.0.3202.75 Chrome/62.0.3202.75 Safari/537.36',
  'content-type' => 'application/json',
  'accept-encoding' => 'gzip, deflate',
  'accept-language' => 'zh-CN,zh;q=0.9',
  'cookie' => '__utma=263463772.1899665212.1506839425.1508554965.1508632765.5; __utmz=263463772.1506839425.1.1.utmcsr=(direct)|utmccn=(direct)|utmcmd=(none); PHPSESSID=rght0s2g6d7nvo8iq1cima3ik7',
)
[ info ] [ PARAM ] array (
  '_id' => '59cca1be50af9831712c3b80',
)
[ info ] [ SESSION ] INIT array (
  'id' => '',
  'var_session_id' => '',
  'prefix' => 'think',
  'type' => '',
  'auto_start' => true,
)
[ info ] [ RUN ] app\article\controller\Article->detail[ /home/calf/admin/hunan/application/article/controller/Article.php ]
[ info ] [ DB ] INIT \think\mongo\Connection
[ info ] [ LOG ] INIT File
[ sql ] [ DB ] CONNECT:[ UseTime:0.000015s ] 
[ sql ] [ Mongo ] db.article.find({"$and":[{"deleteAt":{"$exists":false}},{"_id":"59cca1be50af9831712c3b80"}]}).limit(1); [ RunTime:0.001842s ]
---------------------------------------------------------------
[ 2017-11-15T11:44:49+08:00 ] 127.0.0.1 127.0.0.1 POST /article/cate/index
[ info ] hunan.admin.com/article/cate/index [运行时间：0.019565s][吞吐率：51.11req/s] [内存消耗：776.59kb] [文件加载：63]
[ info ] [ LANG ] /home/calf/admin//thinkphp/lang/zh-cn.php
[ info ] [ ROUTE ] array (
  'type' => 'module',
  'module' => 
  array (
    0 => 'article',
    1 => 'cate',
    2 => 'index',
  ),
)
[ info ] [ HEADER ] array (
  'host' => 'hunan.admin.com',
  'connection' => 'keep-alive',
  'content-length' => '13',
  'accept' => 'application/json',
  'origin' => 'http://localhost:3000',
  'user-agent' => 'Mozilla/5.0 (X11; Linux x86_64) AppleWebKit/537.36 (KHTML, like Gecko) Ubuntu Chromium/62.0.3202.75 Chrome/62.0.3202.75 Safari/537.36',
  'content-type' => 'application/json',
  'accept-encoding' => 'gzip, deflate',
  'accept-language' => 'zh-CN,zh;q=0.9',
  'cookie' => '__utma=263463772.1899665212.1506839425.1508554965.1508632765.5; __utmz=263463772.1506839425.1.1.utmcsr=(direct)|utmccn=(direct)|utmcmd=(none); PHPSESSID=rght0s2g6d7nvo8iq1cima3ik7',
)
[ info ] [ PARAM ] array (
  'tree' => true,
)
[ info ] [ SESSION ] INIT array (
  'id' => '',
  'var_session_id' => '',
  'prefix' => 'think',
  'type' => '',
  'auto_start' => true,
)
[ info ] [ RUN ] app\article\controller\Cate->index[ /home/calf/admin/hunan/application/article/controller/Cate.php ]
[ info ] [ DB ] INIT \think\mongo\Connection
[ info ] [ LOG ] INIT File
[ sql ] [ DB ] CONNECT:[ UseTime:0.000090s ] 
[ sql ] [ Mongo ] db.article_category.find({"$and":[{"deleteAt":{"$exists":false}},{"parent":{"$exists":false}}]}).limit(0); [ RunTime:0.001773s ]
[ sql ] [ Mongo ] db.article_category.find({"$and":[{"deleteAt":{"$exists":false}},{"parent.id":"59cca1be50af9831712c3b77"}]}).limit(0); [ RunTime:0.000402s ]
[ sql ] [ Mongo ] db.article_category.find({"$and":[{"deleteAt":{"$exists":false}},{"parent.id":"59cca1be50af9831712c3b78"}]}).limit(0); [ RunTime:0.000355s ]
[ sql ] [ Mongo ] db.article_category.find({"$and":[{"deleteAt":{"$exists":false}},{"parent.id":"59cca1be50af9831712c3b79"}]}).limit(0); [ RunTime:0.000508s ]
[ sql ] [ Mongo ] db.article_category.find({"$and":[{"deleteAt":{"$exists":false}},{"parent.id":"59cca1be50af9831712c3b7c"}]}).limit(0); [ RunTime:0.000536s ]
[ sql ] [ Mongo ] db.article_category.find({"$and":[{"deleteAt":{"$exists":false}},{"parent.id":"59cca1be50af9831712c3b7d"}]}).limit(0); [ RunTime:0.000549s ]
[ sql ] [ Mongo ] db.article_category.find({"$and":[{"deleteAt":{"$exists":false}},{"parent.id":"59cca1be50af9831712c3b7e"}]}).limit(0); [ RunTime:0.000605s ]
[ sql ] [ Mongo ] db.article_category.find({"$and":[{"deleteAt":{"$exists":false}},{"parent.id":"59cca1be50af9831712c3b7f"}]}).limit(0); [ RunTime:0.000601s ]
---------------------------------------------------------------
[ 2017-11-15T11:44:49+08:00 ] 127.0.0.1 127.0.0.1 POST /article/article/index
[ info ] hunan.admin.com/article/article/index [运行时间：0.031301s][吞吐率：31.95req/s] [内存消耗：795.96kb] [文件加载：66]
[ info ] [ LANG ] /home/calf/admin//thinkphp/lang/zh-cn.php
[ info ] [ ROUTE ] array (
  'type' => 'module',
  'module' => 
  array (
    0 => 'article',
    1 => 'article',
    2 => 'index',
  ),
)
[ info ] [ HEADER ] array (
  'host' => 'hunan.admin.com',
  'connection' => 'keep-alive',
  'content-length' => '35',
  'accept' => 'application/json',
  'origin' => 'http://localhost:3000',
  'user-agent' => 'Mozilla/5.0 (X11; Linux x86_64) AppleWebKit/537.36 (KHTML, like Gecko) Ubuntu Chromium/62.0.3202.75 Chrome/62.0.3202.75 Safari/537.36',
  'content-type' => 'application/json',
  'accept-encoding' => 'gzip, deflate',
  'accept-language' => 'zh-CN,zh;q=0.9',
  'cookie' => '__utma=263463772.1899665212.1506839425.1508554965.1508632765.5; __utmz=263463772.1506839425.1.1.utmcsr=(direct)|utmccn=(direct)|utmcmd=(none); PHPSESSID=rght0s2g6d7nvo8iq1cima3ik7',
)
[ info ] [ PARAM ] array (
  'page' => 1,
  'limit' => 20,
  'category' => 
  array (
  ),
)
[ info ] [ SESSION ] INIT array (
  'id' => '',
  'var_session_id' => '',
  'prefix' => 'think',
  'type' => '',
  'auto_start' => true,
)
[ info ] [ RUN ] app\article\controller\Article->index[ /home/calf/admin/hunan/application/article/controller/Article.php ]
[ info ] [ DB ] INIT \think\mongo\Connection
[ info ] [ LOG ] INIT File
[ error ] [8]未定义变量: map[/home/calf/admin/hunan/application/article/controller/Article.php:52]
[ error ] [8]未定义变量: map[/home/calf/admin/hunan/application/article/controller/Article.php:53]
[ sql ] [ DB ] CONNECT:[ UseTime:0.000096s ] 
[ sql ] [ Mongo ] db.article.find({"$and":[{"deleteAt":{"$exists":false}}]}).sort({"sort":-1}).limit(20); [ RunTime:0.002318s ]
[ sql ] [ Mongo ] db.count({"count":"article","query":{"$and":[{"deleteAt":{"$exists":false}}]},"limit":0}); [ RunTime:0.001323s ]
---------------------------------------------------------------
[ 2017-11-15T11:44:49+08:00 ] 127.0.0.1 127.0.0.1 POST /admin/menu/index
[ info ] hunan.admin.com/admin/menu/index [运行时间：0.040477s][吞吐率：24.71req/s] [内存消耗：593.92kb] [文件加载：55]
[ info ] [ LANG ] /home/calf/admin//thinkphp/lang/zh-cn.php
[ info ] [ ROUTE ] array (
  'type' => 'module',
  'module' => 
  array (
    0 => 'admin',
    1 => 'menu',
    2 => 'index',
  ),
)
[ info ] [ HEADER ] array (
  'host' => 'hunan.admin.com',
  'connection' => 'keep-alive',
  'content-length' => '2',
  'accept' => 'application/json',
  'origin' => 'http://localhost:3000',
  'user-agent' => 'Mozilla/5.0 (X11; Linux x86_64) AppleWebKit/537.36 (KHTML, like Gecko) Ubuntu Chromium/62.0.3202.75 Chrome/62.0.3202.75 Safari/537.36',
  'content-type' => 'application/json',
  'accept-encoding' => 'gzip, deflate',
  'accept-language' => 'zh-CN,zh;q=0.9',
  'cookie' => '__utma=263463772.1899665212.1506839425.1508554965.1508632765.5; __utmz=263463772.1506839425.1.1.utmcsr=(direct)|utmccn=(direct)|utmcmd=(none); PHPSESSID=rght0s2g6d7nvo8iq1cima3ik7',
)
[ info ] [ PARAM ] array (
)
[ info ] [ SESSION ] INIT array (
  'id' => '',
  'var_session_id' => '',
  'prefix' => 'think',
  'type' => '',
  'auto_start' => true,
)
[ info ] [ RUN ] app\admin\controller\Menu->index[ /home/calf/admin/hunan/application/admin/controller/Menu.php ]
[ info ] [ LOG ] INIT File
---------------------------------------------------------------
[ 2017-11-15T13:38:45+08:00 ] 127.0.0.1 127.0.0.1 POST /article/cate/index
[ info ] hunan.admin.com/article/cate/index [运行时间：0.006886s][吞吐率：145.22req/s] [内存消耗：484.42kb] [文件加载：50]
[ info ] [ LANG ] /home/calf/admin//thinkphp/lang/zh-cn.php
[ info ] [ ROUTE ] array (
  'type' => 'module',
  'module' => 
  array (
    0 => 'article',
    1 => 'cate',
    2 => 'index',
  ),
)
[ info ] [ HEADER ] array (
  'host' => 'hunan.admin.com',
  'connection' => 'keep-alive',
  'content-length' => '13',
  'accept' => 'application/json',
  'origin' => 'http://localhost:3000',
  'user-agent' => 'Mozilla/5.0 (X11; Linux x86_64) AppleWebKit/537.36 (KHTML, like Gecko) Ubuntu Chromium/62.0.3202.75 Chrome/62.0.3202.75 Safari/537.36',
  'content-type' => 'application/json',
  'accept-encoding' => 'gzip, deflate',
  'accept-language' => 'zh-CN,zh;q=0.9',
  'cookie' => '__utma=263463772.1899665212.1506839425.1508554965.1508632765.5; __utmz=263463772.1506839425.1.1.utmcsr=(direct)|utmccn=(direct)|utmcmd=(none); PHPSESSID=rght0s2g6d7nvo8iq1cima3ik7',
)
[ info ] [ PARAM ] array (
  'tree' => true,
)
[ info ] [ SESSION ] INIT array (
  'id' => '',
  'var_session_id' => '',
  'prefix' => 'think',
  'type' => '',
  'auto_start' => true,
)
[ info ] [ LOG ] INIT File
---------------------------------------------------------------
[ 2017-11-15T13:38:45+08:00 ] 127.0.0.1 127.0.0.1 POST /admin/menu/index
[ info ] hunan.admin.com/admin/menu/index [运行时间：0.007627s][吞吐率：131.11req/s] [内存消耗：474.23kb] [文件加载：49]
[ info ] [ LANG ] /home/calf/admin//thinkphp/lang/zh-cn.php
[ info ] [ ROUTE ] array (
  'type' => 'module',
  'module' => 
  array (
    0 => 'admin',
    1 => 'menu',
    2 => 'index',
  ),
)
[ info ] [ HEADER ] array (
  'host' => 'hunan.admin.com',
  'connection' => 'keep-alive',
  'content-length' => '2',
  'accept' => 'application/json',
  'origin' => 'http://localhost:3000',
  'user-agent' => 'Mozilla/5.0 (X11; Linux x86_64) AppleWebKit/537.36 (KHTML, like Gecko) Ubuntu Chromium/62.0.3202.75 Chrome/62.0.3202.75 Safari/537.36',
  'content-type' => 'application/json',
  'accept-encoding' => 'gzip, deflate',
  'accept-language' => 'zh-CN,zh;q=0.9',
  'cookie' => '__utma=263463772.1899665212.1506839425.1508554965.1508632765.5; __utmz=263463772.1506839425.1.1.utmcsr=(direct)|utmccn=(direct)|utmcmd=(none); PHPSESSID=rght0s2g6d7nvo8iq1cima3ik7',
)
[ info ] [ PARAM ] array (
)
[ info ] [ SESSION ] INIT array (
  'id' => '',
  'var_session_id' => '',
  'prefix' => 'think',
  'type' => '',
  'auto_start' => true,
)
[ info ] [ LOG ] INIT File
---------------------------------------------------------------
[ 2017-11-15T13:38:45+08:00 ] 127.0.0.1 127.0.0.1 POST /article/article/index
[ info ] hunan.admin.com/article/article/index [运行时间：0.008354s][吞吐率：119.70req/s] [内存消耗：484.86kb] [文件加载：50]
[ info ] [ LANG ] /home/calf/admin//thinkphp/lang/zh-cn.php
[ info ] [ ROUTE ] array (
  'type' => 'module',
  'module' => 
  array (
    0 => 'article',
    1 => 'article',
    2 => 'index',
  ),
)
[ info ] [ HEADER ] array (
  'host' => 'hunan.admin.com',
  'connection' => 'keep-alive',
  'content-length' => '35',
  'accept' => 'application/json',
  'origin' => 'http://localhost:3000',
  'user-agent' => 'Mozilla/5.0 (X11; Linux x86_64) AppleWebKit/537.36 (KHTML, like Gecko) Ubuntu Chromium/62.0.3202.75 Chrome/62.0.3202.75 Safari/537.36',
  'content-type' => 'application/json',
  'accept-encoding' => 'gzip, deflate',
  'accept-language' => 'zh-CN,zh;q=0.9',
  'cookie' => '__utma=263463772.1899665212.1506839425.1508554965.1508632765.5; __utmz=263463772.1506839425.1.1.utmcsr=(direct)|utmccn=(direct)|utmcmd=(none); PHPSESSID=rght0s2g6d7nvo8iq1cima3ik7',
)
[ info ] [ PARAM ] array (
  'page' => 1,
  'limit' => 20,
  'category' => 
  array (
  ),
)
[ info ] [ SESSION ] INIT array (
  'id' => '',
  'var_session_id' => '',
  'prefix' => 'think',
  'type' => '',
  'auto_start' => true,
)
[ info ] [ LOG ] INIT File
---------------------------------------------------------------
[ 2017-11-15T15:46:47+08:00 ] 127.0.0.1 127.0.0.1 GET /
[ info ] hunan.admin.com/ [运行时间：0.008897s][吞吐率：112.40req/s] [内存消耗：506.67kb] [文件加载：54]
[ info ] [ LANG ] /home/calf/admin//thinkphp/lang/zh-cn.php
[ info ] [ ROUTE ] array (
  'type' => 'module',
  'module' => 
  array (
    0 => 'index',
    1 => 'index',
    2 => 'index',
  ),
  'convert' => false,
)
[ info ] [ HEADER ] array (
  'host' => 'hunan.admin.com',
  'connection' => 'keep-alive',
  'upgrade-insecure-requests' => '1',
  'user-agent' => 'Mozilla/5.0 (X11; Linux x86_64) AppleWebKit/537.36 (KHTML, like Gecko) Ubuntu Chromium/62.0.3202.75 Chrome/62.0.3202.75 Safari/537.36',
  'accept' => 'text/html,application/xhtml+xml,application/xml;q=0.9,image/webp,image/apng,*/*;q=0.8',
  'accept-encoding' => 'gzip, deflate',
  'accept-language' => 'zh-CN,zh;q=0.9',
  'cookie' => '__utma=263463772.1899665212.1506839425.1508554965.1508632765.5; __utmz=263463772.1506839425.1.1.utmcsr=(direct)|utmccn=(direct)|utmcmd=(none); PHPSESSID=rght0s2g6d7nvo8iq1cima3ik7',
)
[ info ] [ PARAM ] array (
)
[ info ] [ RUN ] app\index\controller\Index->index[ /home/calf/admin/hunan/application/index/controller/Index.php ]
[ info ] [ VIEW ] /home/calf/admin/hunan/application/index/view/index/index.html [ array (
) ]
[ info ] [ LOG ] INIT File
---------------------------------------------------------------
[ 2017-11-15T18:34:05+08:00 ] 127.0.0.1 127.0.0.1 GET /
[ info ] hunan.admin.com/ [运行时间：0.006108s][吞吐率：163.72req/s] [内存消耗：502.61kb] [文件加载：54]
[ info ] [ LANG ] /home/calf/admin//thinkphp/lang/zh-cn.php
[ info ] [ ROUTE ] array (
  'type' => 'module',
  'module' => 
  array (
    0 => 'index',
    1 => 'index',
    2 => 'index',
  ),
  'convert' => false,
)
[ info ] [ HEADER ] array (
  'host' => 'hunan.admin.com',
  'connection' => 'keep-alive',
  'upgrade-insecure-requests' => '1',
  'user-agent' => 'Mozilla/5.0 (X11; Linux x86_64) AppleWebKit/537.36 (KHTML, like Gecko) Ubuntu Chromium/62.0.3202.75 Chrome/62.0.3202.75 Safari/537.36',
  'accept' => 'text/html,application/xhtml+xml,application/xml;q=0.9,image/webp,image/apng,*/*;q=0.8',
  'accept-encoding' => 'gzip, deflate',
  'accept-language' => 'zh-CN,zh;q=0.9',
  'cookie' => '__utma=263463772.1899665212.1506839425.1508554965.1508632765.5; __utmz=263463772.1506839425.1.1.utmcsr=(direct)|utmccn=(direct)|utmcmd=(none); PHPSESSID=rght0s2g6d7nvo8iq1cima3ik7; thinkphp_show_page_trace=0|0',
)
[ info ] [ PARAM ] array (
)
[ info ] [ RUN ] app\index\controller\Index->index[ /home/calf/admin/hunan/application/index/controller/Index.php ]
[ info ] [ VIEW ] /home/calf/admin/hunan/application/index/view/index/index.html [ array (
) ]
[ info ] [ LOG ] INIT File
---------------------------------------------------------------
[ 2017-11-15T18:34:11+08:00 ] 127.0.0.1 127.0.0.1 GET /v/venue/exhibit/list
[ info ] hunan.admin.com/v/venue/exhibit/list [运行时间：0.008154s][吞吐率：122.64req/s] [内存消耗：504.30kb] [文件加载：54]
[ info ] [ LANG ] /home/calf/admin//thinkphp/lang/zh-cn.php
[ info ] [ ROUTE ] array (
  'type' => 'module',
  'module' => 
  array (
    0 => 'index',
    1 => 'index',
    2 => 'index',
  ),
  'convert' => false,
)
[ info ] [ HEADER ] array (
  'host' => 'hunan.admin.com',
  'connection' => 'keep-alive',
  'cache-control' => 'max-age=0',
  'upgrade-insecure-requests' => '1',
  'user-agent' => 'Mozilla/5.0 (X11; Linux x86_64) AppleWebKit/537.36 (KHTML, like Gecko) Ubuntu Chromium/62.0.3202.75 Chrome/62.0.3202.75 Safari/537.36',
  'accept' => 'text/html,application/xhtml+xml,application/xml;q=0.9,image/webp,image/apng,*/*;q=0.8',
  'accept-encoding' => 'gzip, deflate',
  'accept-language' => 'zh-CN,zh;q=0.9',
  'cookie' => '__utma=263463772.1899665212.1506839425.1508554965.1508632765.5; __utmz=263463772.1506839425.1.1.utmcsr=(direct)|utmccn=(direct)|utmcmd=(none); PHPSESSID=rght0s2g6d7nvo8iq1cima3ik7; thinkphp_show_page_trace=0|0',
)
[ info ] [ PARAM ] array (
  'v' => 'venue',
  'exhibit' => 'list',
)
[ info ] [ RUN ] app\index\controller\Index->index[ /home/calf/admin/hunan/application/index/controller/Index.php ]
[ info ] [ VIEW ] /home/calf/admin/hunan/application/index/view/index/index.html [ array (
) ]
[ info ] [ LOG ] INIT File
