---------------------------------------------------------------
[ 2017-12-26T10:40:38+08:00 ] 127.0.0.1 127.0.0.1 POST /admin/admin/permissions/menu
[ info ] changzhou.admin.com/admin/admin/permissions/menu [运行时间：0.108162s][吞吐率：9.25req/s] [内存消耗：1,678.80kb] [文件加载：47]
[ info ] [ LANG ] /home/calf/admin//thinkphp/lang/zh-cn.php
[ info ] [ ROUTE ] array (
  'type' => 'module',
  'module' => 
  array (
    0 => 'admin',
    1 => 'admin.permissions',
    2 => 'menu',
  ),
  'convert' => false,
)
[ info ] [ HEADER ] array (
  'host' => 'changzhou.admin.com',
  'connection' => 'keep-alive',
  'content-length' => '2',
  'accept' => 'application/json',
  'origin' => 'http://localhost:3000',
  'user-agent' => 'Mozilla/5.0 (X11; Linux x86_64) AppleWebKit/537.36 (KHTML, like Gecko) Ubuntu Chromium/63.0.3239.84 Chrome/63.0.3239.84 Safari/537.36',
  'content-type' => 'application/json',
  'referer' => 'http://localhost:3000/admin/museum/exhibition/list',
  'accept-encoding' => 'gzip, deflate',
  'accept-language' => 'zh-CN,zh;q=0.9',
  'cookie' => '__utma=263463772.1899665212.1506839425.1508554965.1508632765.5; __utmz=263463772.1506839425.1.1.utmcsr=(direct)|utmccn=(direct)|utmcmd=(none)',
)
[ info ] [ PARAM ] array (
)
[ info ] [ RUN ] app\admin\controller\admin\Permissions->menu[ /home/calf/admin/changzhou/application/admin/controller/admin/Permissions.php ]
[ info ] [ LOG ] INIT File
---------------------------------------------------------------
[ 2017-12-26T10:40:38+08:00 ] 127.0.0.1 127.0.0.1 POST /admin/museum/exhibition/select
[ info ] changzhou.admin.com/admin/museum/exhibition/select [运行时间：0.130758s][吞吐率：7.65req/s] [内存消耗：3,771.62kb] [文件加载：58]
[ info ] [ LANG ] /home/calf/admin//thinkphp/lang/zh-cn.php
[ info ] [ ROUTE ] array (
  'type' => 'module',
  'module' => 
  array (
    0 => 'admin',
    1 => 'museum.exhibition',
    2 => 'select',
  ),
  'convert' => false,
)
[ info ] [ HEADER ] array (
  'host' => 'changzhou.admin.com',
  'connection' => 'keep-alive',
  'content-length' => '35',
  'accept' => 'application/json',
  'origin' => 'http://localhost:3000',
  'user-agent' => 'Mozilla/5.0 (X11; Linux x86_64) AppleWebKit/537.36 (KHTML, like Gecko) Ubuntu Chromium/63.0.3239.84 Chrome/63.0.3239.84 Safari/537.36',
  'content-type' => 'application/json',
  'referer' => 'http://localhost:3000/admin/museum/exhibition/list',
  'accept-encoding' => 'gzip, deflate',
  'accept-language' => 'zh-CN,zh;q=0.9',
  'cookie' => '__utma=263463772.1899665212.1506839425.1508554965.1508632765.5; __utmz=263463772.1506839425.1.1.utmcsr=(direct)|utmccn=(direct)|utmcmd=(none)',
)
[ info ] [ PARAM ] array (
  'page' => 1,
  'limit' => 10,
  'category' => 
  array (
  ),
)
[ info ] [ RUN ] app\admin\controller\museum\Exhibition->select[ /home/calf/admin/changzhou/application/admin/controller/museum/Exhibition.php ]
[ info ] [ DB ] INIT \think\mongo\Connection
[ info ] [ LOG ] INIT File
[ error ] [8]未定义变量: map[/home/calf/admin/changzhou/application/admin/controller/museum/Exhibition.php:53]
[ error ] [8]未定义变量: map[/home/calf/admin/changzhou/application/admin/controller/museum/Exhibition.php:54]
[ sql ] [ DB ] CONNECT:[ UseTime:0.000060s ] 
[ sql ] [ Mongo ] db.museum_exhibition.find({"$and":[{"deleteAt":{"$exists":false}}]}).sort({"sort":-1}).limit(10); [ RunTime:0.002554s ]
[ sql ] [ Mongo ] db.count({"count":"museum_exhibition","query":{"$and":[{"deleteAt":{"$exists":false}}]},"limit":0}); [ RunTime:0.000207s ]
---------------------------------------------------------------
[ 2017-12-26T10:40:38+08:00 ] 127.0.0.1 127.0.0.1 POST /admin/museum/category/select
[ info ] changzhou.admin.com/admin/museum/category/select [运行时间：0.131392s][吞吐率：7.61req/s] [内存消耗：2,084.19kb] [文件加载：55]
[ info ] [ LANG ] /home/calf/admin//thinkphp/lang/zh-cn.php
[ info ] [ ROUTE ] array (
  'type' => 'module',
  'module' => 
  array (
    0 => 'admin',
    1 => 'museum.category',
    2 => 'select',
  ),
  'convert' => false,
)
[ info ] [ HEADER ] array (
  'host' => 'changzhou.admin.com',
  'connection' => 'keep-alive',
  'content-length' => '13',
  'accept' => 'application/json',
  'origin' => 'http://localhost:3000',
  'user-agent' => 'Mozilla/5.0 (X11; Linux x86_64) AppleWebKit/537.36 (KHTML, like Gecko) Ubuntu Chromium/63.0.3239.84 Chrome/63.0.3239.84 Safari/537.36',
  'content-type' => 'application/json',
  'referer' => 'http://localhost:3000/admin/museum/exhibition/list',
  'accept-encoding' => 'gzip, deflate',
  'accept-language' => 'zh-CN,zh;q=0.9',
  'cookie' => '__utma=263463772.1899665212.1506839425.1508554965.1508632765.5; __utmz=263463772.1506839425.1.1.utmcsr=(direct)|utmccn=(direct)|utmcmd=(none)',
)
[ info ] [ PARAM ] array (
  'tree' => true,
)
[ info ] [ RUN ] app\admin\controller\museum\Category->select[ /home/calf/admin/changzhou/application/admin/controller/museum/Category.php ]
[ info ] [ DB ] INIT \think\mongo\Connection
[ info ] [ LOG ] INIT File
[ sql ] [ DB ] CONNECT:[ UseTime:0.000449s ] 
[ sql ] [ Mongo ] db.museum_category.find({"$and":[{"deleteAt":{"$exists":false}},{"parent":{"$exists":false}}]}).sort({"sort":-1}).limit(0); [ RunTime:0.001628s ]
[ sql ] [ Mongo ] db.museum_category.find({"$and":[{"deleteAt":{"$exists":false}},{"parent.id":"5a325ef283278716e108e262"}]}).sort({"sort":-1}).limit(0); [ RunTime:0.000387s ]
[ sql ] [ Mongo ] db.museum_category.find({"$and":[{"deleteAt":{"$exists":false}},{"parent.id":"5a333861832787179207e182"}]}).sort({"sort":-1}).limit(0); [ RunTime:0.000294s ]
[ sql ] [ Mongo ] db.museum_category.find({"$and":[{"deleteAt":{"$exists":false}},{"parent.id":"5a38c65183278715101d0a62"}]}).sort({"sort":-1}).limit(0); [ RunTime:0.000242s ]
---------------------------------------------------------------
[ 2017-12-26T14:59:56+08:00 ] 127.0.0.1 127.0.0.1 POST /admin/admin/permissions/menu
[ info ] changzhou.admin.com/admin/admin/permissions/menu [运行时间：0.131673s][吞吐率：7.59req/s] [内存消耗：1,022.52kb] [文件加载：47]
[ info ] [ LANG ] /home/calf/admin//thinkphp/lang/zh-cn.php
[ info ] [ ROUTE ] array (
  'type' => 'module',
  'module' => 
  array (
    0 => 'admin',
    1 => 'admin.permissions',
    2 => 'menu',
  ),
  'convert' => false,
)
[ info ] [ HEADER ] array (
  'host' => 'changzhou.admin.com',
  'connection' => 'keep-alive',
  'content-length' => '2',
  'accept' => 'application/json',
  'origin' => 'http://localhost:3000',
  'user-agent' => 'Mozilla/5.0 (X11; Linux x86_64) AppleWebKit/537.36 (KHTML, like Gecko) Ubuntu Chromium/63.0.3239.84 Chrome/63.0.3239.84 Safari/537.36',
  'content-type' => 'application/json',
  'referer' => 'http://localhost:3000/admin/museum/exhibition/list',
  'accept-encoding' => 'gzip, deflate',
  'accept-language' => 'zh-CN,zh;q=0.9',
  'cookie' => '__utma=263463772.1899665212.1506839425.1508554965.1508632765.5; __utmz=263463772.1506839425.1.1.utmcsr=(direct)|utmccn=(direct)|utmcmd=(none)',
)
[ info ] [ PARAM ] array (
)
[ info ] [ RUN ] app\admin\controller\admin\Permissions->menu[ /home/calf/admin/changzhou/application/admin/controller/admin/Permissions.php ]
[ info ] [ LOG ] INIT File
---------------------------------------------------------------
[ 2017-12-26T14:59:56+08:00 ] 127.0.0.1 127.0.0.1 POST /admin/museum/exhibition/select
[ info ] changzhou.admin.com/admin/museum/exhibition/select [运行时间：0.156249s][吞吐率：6.40req/s] [内存消耗：2,669.13kb] [文件加载：58]
[ info ] [ LANG ] /home/calf/admin//thinkphp/lang/zh-cn.php
[ info ] [ ROUTE ] array (
  'type' => 'module',
  'module' => 
  array (
    0 => 'admin',
    1 => 'museum.exhibition',
    2 => 'select',
  ),
  'convert' => false,
)
[ info ] [ HEADER ] array (
  'host' => 'changzhou.admin.com',
  'connection' => 'keep-alive',
  'content-length' => '35',
  'accept' => 'application/json',
  'origin' => 'http://localhost:3000',
  'user-agent' => 'Mozilla/5.0 (X11; Linux x86_64) AppleWebKit/537.36 (KHTML, like Gecko) Ubuntu Chromium/63.0.3239.84 Chrome/63.0.3239.84 Safari/537.36',
  'content-type' => 'application/json',
  'referer' => 'http://localhost:3000/admin/museum/exhibition/list',
  'accept-encoding' => 'gzip, deflate',
  'accept-language' => 'zh-CN,zh;q=0.9',
  'cookie' => '__utma=263463772.1899665212.1506839425.1508554965.1508632765.5; __utmz=263463772.1506839425.1.1.utmcsr=(direct)|utmccn=(direct)|utmcmd=(none)',
)
[ info ] [ PARAM ] array (
  'page' => 1,
  'limit' => 10,
  'category' => 
  array (
  ),
)
[ info ] [ RUN ] app\admin\controller\museum\Exhibition->select[ /home/calf/admin/changzhou/application/admin/controller/museum/Exhibition.php ]
[ info ] [ DB ] INIT \think\mongo\Connection
[ info ] [ LOG ] INIT File
[ error ] [8]未定义变量: map[/home/calf/admin/changzhou/application/admin/controller/museum/Exhibition.php:53]
[ error ] [8]未定义变量: map[/home/calf/admin/changzhou/application/admin/controller/museum/Exhibition.php:54]
[ sql ] [ DB ] CONNECT:[ UseTime:0.003040s ] 
[ sql ] [ Mongo ] db.museum_exhibition.find({"$and":[{"deleteAt":{"$exists":false}}]}).sort({"sort":-1}).limit(10); [ RunTime:0.002350s ]
[ sql ] [ Mongo ] db.count({"count":"museum_exhibition","query":{"$and":[{"deleteAt":{"$exists":false}}]},"limit":0}); [ RunTime:0.000359s ]
---------------------------------------------------------------
[ 2017-12-26T14:59:56+08:00 ] 127.0.0.1 127.0.0.1 POST /admin/museum/category/select
[ info ] changzhou.admin.com/admin/museum/category/select [运行时间：0.168154s][吞吐率：5.95req/s] [内存消耗：2,842.91kb] [文件加载：55]
[ info ] [ LANG ] /home/calf/admin//thinkphp/lang/zh-cn.php
[ info ] [ ROUTE ] array (
  'type' => 'module',
  'module' => 
  array (
    0 => 'admin',
    1 => 'museum.category',
    2 => 'select',
  ),
  'convert' => false,
)
[ info ] [ HEADER ] array (
  'host' => 'changzhou.admin.com',
  'connection' => 'keep-alive',
  'content-length' => '13',
  'accept' => 'application/json',
  'origin' => 'http://localhost:3000',
  'user-agent' => 'Mozilla/5.0 (X11; Linux x86_64) AppleWebKit/537.36 (KHTML, like Gecko) Ubuntu Chromium/63.0.3239.84 Chrome/63.0.3239.84 Safari/537.36',
  'content-type' => 'application/json',
  'referer' => 'http://localhost:3000/admin/museum/exhibition/list',
  'accept-encoding' => 'gzip, deflate',
  'accept-language' => 'zh-CN,zh;q=0.9',
  'cookie' => '__utma=263463772.1899665212.1506839425.1508554965.1508632765.5; __utmz=263463772.1506839425.1.1.utmcsr=(direct)|utmccn=(direct)|utmcmd=(none)',
)
[ info ] [ PARAM ] array (
  'tree' => true,
)
[ info ] [ RUN ] app\admin\controller\museum\Category->select[ /home/calf/admin/changzhou/application/admin/controller/museum/Category.php ]
[ info ] [ DB ] INIT \think\mongo\Connection
[ info ] [ LOG ] INIT File
[ sql ] [ DB ] CONNECT:[ UseTime:0.000718s ] 
[ sql ] [ Mongo ] db.museum_category.find({"$and":[{"deleteAt":{"$exists":false}},{"parent":{"$exists":false}}]}).sort({"sort":-1}).limit(0); [ RunTime:0.002816s ]
[ sql ] [ Mongo ] db.museum_category.find({"$and":[{"deleteAt":{"$exists":false}},{"parent.id":"5a325ef283278716e108e262"}]}).sort({"sort":-1}).limit(0); [ RunTime:0.001174s ]
[ sql ] [ Mongo ] db.museum_category.find({"$and":[{"deleteAt":{"$exists":false}},{"parent.id":"5a333861832787179207e182"}]}).sort({"sort":-1}).limit(0); [ RunTime:0.000338s ]
[ sql ] [ Mongo ] db.museum_category.find({"$and":[{"deleteAt":{"$exists":false}},{"parent.id":"5a38c65183278715101d0a62"}]}).sort({"sort":-1}).limit(0); [ RunTime:0.000261s ]
---------------------------------------------------------------
[ 2017-12-26T15:11:38+08:00 ] 127.0.0.1 127.0.0.1 POST /admin/volunteer/category/select
[ info ] changzhou.admin.com/admin/volunteer/category/select [运行时间：0.020589s][吞吐率：48.57req/s] [内存消耗：827.19kb] [文件加载：55]
[ info ] [ LANG ] /home/calf/admin//thinkphp/lang/zh-cn.php
[ info ] [ ROUTE ] array (
  'type' => 'module',
  'module' => 
  array (
    0 => 'admin',
    1 => 'volunteer.category',
    2 => 'select',
  ),
  'convert' => false,
)
[ info ] [ HEADER ] array (
  'host' => 'changzhou.admin.com',
  'connection' => 'keep-alive',
  'content-length' => '13',
  'accept' => 'application/json',
  'origin' => 'http://localhost:3000',
  'user-agent' => 'Mozilla/5.0 (X11; Linux x86_64) AppleWebKit/537.36 (KHTML, like Gecko) Ubuntu Chromium/63.0.3239.84 Chrome/63.0.3239.84 Safari/537.36',
  'content-type' => 'application/json',
  'referer' => 'http://localhost:3000/admin/volunteer/service/list',
  'accept-encoding' => 'gzip, deflate',
  'accept-language' => 'zh-CN,zh;q=0.9',
  'cookie' => '__utma=263463772.1899665212.1506839425.1508554965.1508632765.5; __utmz=263463772.1506839425.1.1.utmcsr=(direct)|utmccn=(direct)|utmcmd=(none)',
)
[ info ] [ PARAM ] array (
  'tree' => true,
)
[ info ] [ RUN ] app\admin\controller\volunteer\Category->select[ /home/calf/admin/changzhou/application/admin/controller/volunteer/Category.php ]
[ info ] [ DB ] INIT \think\mongo\Connection
[ info ] [ LOG ] INIT File
[ sql ] [ DB ] CONNECT:[ UseTime:0.000109s ] 
[ sql ] [ Mongo ] db.volunteer_category.find({"$and":[{"deleteAt":{"$exists":false}},{"parent":{"$exists":false}}]}).sort({"sort":-1}).limit(0); [ RunTime:0.001718s ]
[ sql ] [ Mongo ] db.volunteer_category.find({"$and":[{"deleteAt":{"$exists":false}},{"parent.id":"5a377efa8327875d2838afe2"}]}).sort({"sort":-1}).limit(0); [ RunTime:0.000454s ]
[ sql ] [ Mongo ] db.volunteer_category.find({"$and":[{"deleteAt":{"$exists":false}},{"parent.id":"5a377f7d8327875d2b66d773"}]}).sort({"sort":-1}).limit(0); [ RunTime:0.000562s ]
[ sql ] [ Mongo ] db.volunteer_category.find({"$and":[{"deleteAt":{"$exists":false}},{"parent.id":"5a39fe3683278741236b3b01"}]}).sort({"sort":-1}).limit(0); [ RunTime:0.000407s ]
---------------------------------------------------------------
[ 2017-12-26T15:11:38+08:00 ] 127.0.0.1 127.0.0.1 POST /admin/volunteer/service/select
[ info ] changzhou.admin.com/admin/volunteer/service/select [运行时间：0.020850s][吞吐率：47.96req/s] [内存消耗：848.41kb] [文件加载：58]
[ info ] [ LANG ] /home/calf/admin//thinkphp/lang/zh-cn.php
[ info ] [ ROUTE ] array (
  'type' => 'module',
  'module' => 
  array (
    0 => 'admin',
    1 => 'volunteer.service',
    2 => 'select',
  ),
  'convert' => false,
)
[ info ] [ HEADER ] array (
  'host' => 'changzhou.admin.com',
  'connection' => 'keep-alive',
  'content-length' => '35',
  'accept' => 'application/json',
  'origin' => 'http://localhost:3000',
  'user-agent' => 'Mozilla/5.0 (X11; Linux x86_64) AppleWebKit/537.36 (KHTML, like Gecko) Ubuntu Chromium/63.0.3239.84 Chrome/63.0.3239.84 Safari/537.36',
  'content-type' => 'application/json',
  'referer' => 'http://localhost:3000/admin/volunteer/service/list',
  'accept-encoding' => 'gzip, deflate',
  'accept-language' => 'zh-CN,zh;q=0.9',
  'cookie' => '__utma=263463772.1899665212.1506839425.1508554965.1508632765.5; __utmz=263463772.1506839425.1.1.utmcsr=(direct)|utmccn=(direct)|utmcmd=(none)',
)
[ info ] [ PARAM ] array (
  'page' => 1,
  'limit' => 10,
  'category' => 
  array (
  ),
)
[ info ] [ RUN ] app\admin\controller\volunteer\Service->select[ /home/calf/admin/changzhou/application/admin/controller/volunteer/Service.php ]
[ info ] [ DB ] INIT \think\mongo\Connection
[ info ] [ LOG ] INIT File
[ error ] [8]未定义变量: map[/home/calf/admin/changzhou/application/admin/controller/volunteer/Service.php:53]
[ error ] [8]未定义变量: map[/home/calf/admin/changzhou/application/admin/controller/volunteer/Service.php:54]
[ sql ] [ DB ] CONNECT:[ UseTime:0.000062s ] 
[ sql ] [ Mongo ] db.volunteer_service.find({"$and":[{"deleteAt":{"$exists":false}}]}).sort({"sort":-1}).limit(10); [ RunTime:0.002426s ]
[ sql ] [ Mongo ] db.count({"count":"volunteer_service","query":{"$and":[{"deleteAt":{"$exists":false}}]},"limit":0}); [ RunTime:0.000273s ]
---------------------------------------------------------------
[ 2017-12-26T15:12:42+08:00 ] 127.0.0.1 127.0.0.1 POST /admin/activity/category/select
[ info ] changzhou.admin.com/admin/activity/category/select [运行时间：0.016823s][吞吐率：59.44req/s] [内存消耗：825.62kb] [文件加载：55]
[ info ] [ LANG ] /home/calf/admin//thinkphp/lang/zh-cn.php
[ info ] [ ROUTE ] array (
  'type' => 'module',
  'module' => 
  array (
    0 => 'admin',
    1 => 'activity.category',
    2 => 'select',
  ),
  'convert' => false,
)
[ info ] [ HEADER ] array (
  'host' => 'changzhou.admin.com',
  'connection' => 'keep-alive',
  'content-length' => '13',
  'accept' => 'application/json',
  'origin' => 'http://localhost:3000',
  'user-agent' => 'Mozilla/5.0 (X11; Linux x86_64) AppleWebKit/537.36 (KHTML, like Gecko) Ubuntu Chromium/63.0.3239.84 Chrome/63.0.3239.84 Safari/537.36',
  'content-type' => 'application/json',
  'referer' => 'http://localhost:3000/admin/activity/activity/list',
  'accept-encoding' => 'gzip, deflate',
  'accept-language' => 'zh-CN,zh;q=0.9',
  'cookie' => '__utma=263463772.1899665212.1506839425.1508554965.1508632765.5; __utmz=263463772.1506839425.1.1.utmcsr=(direct)|utmccn=(direct)|utmcmd=(none)',
)
[ info ] [ PARAM ] array (
  'tree' => true,
)
[ info ] [ RUN ] app\admin\controller\activity\Category->select[ /home/calf/admin/changzhou/application/admin/controller/activity/Category.php ]
[ info ] [ DB ] INIT \think\mongo\Connection
[ info ] [ LOG ] INIT File
[ sql ] [ DB ] CONNECT:[ UseTime:0.000098s ] 
[ sql ] [ Mongo ] db.activity_category.find({"$and":[{"deleteAt":{"$exists":false}},{"parent":{"$exists":false}}]}).sort({"sort":-1}).limit(0); [ RunTime:0.001194s ]
[ sql ] [ Mongo ] db.activity_category.find({"$and":[{"deleteAt":{"$exists":false}},{"parent.id":"5a3731a48327875ed01f3fc1"}]}).sort({"sort":-1}).limit(0); [ RunTime:0.000344s ]
[ sql ] [ Mongo ] db.activity_category.find({"$and":[{"deleteAt":{"$exists":false}},{"parent.id":"5a3731978327875d77499e52"}]}).sort({"sort":-1}).limit(0); [ RunTime:0.000301s ]
---------------------------------------------------------------
[ 2017-12-26T15:12:42+08:00 ] 127.0.0.1 127.0.0.1 POST /admin/activity/activity/select
[ info ] changzhou.admin.com/admin/activity/activity/select [运行时间：0.021866s][吞吐率：45.73req/s] [内存消耗：846.84kb] [文件加载：58]
[ info ] [ LANG ] /home/calf/admin//thinkphp/lang/zh-cn.php
[ info ] [ ROUTE ] array (
  'type' => 'module',
  'module' => 
  array (
    0 => 'admin',
    1 => 'activity.activity',
    2 => 'select',
  ),
  'convert' => false,
)
[ info ] [ HEADER ] array (
  'host' => 'changzhou.admin.com',
  'connection' => 'keep-alive',
  'content-length' => '35',
  'accept' => 'application/json',
  'origin' => 'http://localhost:3000',
  'user-agent' => 'Mozilla/5.0 (X11; Linux x86_64) AppleWebKit/537.36 (KHTML, like Gecko) Ubuntu Chromium/63.0.3239.84 Chrome/63.0.3239.84 Safari/537.36',
  'content-type' => 'application/json',
  'referer' => 'http://localhost:3000/admin/activity/activity/list',
  'accept-encoding' => 'gzip, deflate',
  'accept-language' => 'zh-CN,zh;q=0.9',
  'cookie' => '__utma=263463772.1899665212.1506839425.1508554965.1508632765.5; __utmz=263463772.1506839425.1.1.utmcsr=(direct)|utmccn=(direct)|utmcmd=(none)',
)
[ info ] [ PARAM ] array (
  'page' => 1,
  'limit' => 10,
  'category' => 
  array (
  ),
)
[ info ] [ RUN ] app\admin\controller\activity\Activity->select[ /home/calf/admin/changzhou/application/admin/controller/activity/Activity.php ]
[ info ] [ DB ] INIT \think\mongo\Connection
[ info ] [ LOG ] INIT File
[ error ] [8]未定义变量: map[/home/calf/admin/changzhou/application/admin/controller/activity/Activity.php:53]
[ error ] [8]未定义变量: map[/home/calf/admin/changzhou/application/admin/controller/activity/Activity.php:54]
[ sql ] [ DB ] CONNECT:[ UseTime:0.000075s ] 
[ sql ] [ Mongo ] db.activity_activity.find({"$and":[{"deleteAt":{"$exists":false}}]}).sort({"sort":-1}).limit(10); [ RunTime:0.003140s ]
[ sql ] [ Mongo ] db.count({"count":"activity_activity","query":{"$and":[{"deleteAt":{"$exists":false}}]},"limit":0}); [ RunTime:0.000396s ]
---------------------------------------------------------------
[ 2017-12-26T17:29:10+08:00 ] 127.0.0.1 127.0.0.1 GET /volunteer/news/select?category[name]=sqzyz&page=1&limit=1
[ info ] changzhou.admin.com/volunteer/news/select?category[name]=sqzyz&page=1&limit=1 [运行时间：0.013911s][吞吐率：71.89req/s] [内存消耗：820.43kb] [文件加载：55]
[ info ] [ LANG ] /home/calf/admin//thinkphp/lang/zh-cn.php
[ info ] [ ROUTE ] array (
  'type' => 'module',
  'module' => 
  array (
    0 => 'volunteer',
    1 => 'news',
    2 => 'select',
  ),
  'convert' => false,
)
[ info ] [ HEADER ] array (
  'host' => 'changzhou.admin.com',
  'connection' => 'keep-alive',
  'user-agent' => 'Mozilla/5.0 (X11; Linux x86_64) AppleWebKit/537.36 (KHTML, like Gecko) Ubuntu Chromium/63.0.3239.84 Chrome/63.0.3239.84 Safari/537.36',
  'upgrade-insecure-requests' => '1',
  'accept' => 'text/html,application/xhtml+xml,application/xml;q=0.9,image/webp,image/apng,*/*;q=0.8',
  'accept-encoding' => 'gzip, deflate',
  'accept-language' => 'zh-CN,zh;q=0.9',
  'cookie' => '__utma=263463772.1899665212.1506839425.1508554965.1508632765.5; __utmz=263463772.1506839425.1.1.utmcsr=(direct)|utmccn=(direct)|utmcmd=(none)',
)
[ info ] [ PARAM ] array (
  'category' => 
  array (
    'name' => 'sqzyz',
  ),
  'page' => '1',
  'limit' => '1',
)
[ info ] [ RUN ] app\volunteer\controller\News->select[ /home/calf/admin/changzhou/application/volunteer/controller/News.php ]
[ info ] [ DB ] INIT \think\mongo\Connection
[ info ] [ LOG ] INIT File
[ sql ] [ DB ] CONNECT:[ UseTime:0.000017s ] 
[ sql ] [ Mongo ] db.volunteer_news.find({"$and":[{"deleteAt":{"$exists":false}},{"category.name":"sqzyz"},{"isShow":true}]}).sort({"createAt":-1,"sort":-1}).limit(1); [ RunTime:0.004293s ]
[ sql ] [ Mongo ] db.count({"count":"volunteer_news","query":{"$and":[{"deleteAt":{"$exists":false}},{"category.name":"sqzyz"},{"isShow":true}]},"limit":0}); [ RunTime:0.000282s ]
---------------------------------------------------------------
[ 2017-12-26T17:29:10+08:00 ] 127.0.0.1 127.0.0.1 GET /favicon.ico
[ info ] changzhou.admin.com/favicon.ico [运行时间：0.011108s][吞吐率：90.02req/s] [内存消耗：624.48kb] [文件加载：47]
[ info ] [ LANG ] /home/calf/admin//thinkphp/lang/zh-cn.php
[ info ] [ ROUTE ] array (
  'type' => 'module',
  'module' => 
  array (
    0 => 'index',
    1 => 'index',
    2 => 'index',
  ),
  'convert' => false,
)
[ info ] [ HEADER ] array (
  'host' => 'changzhou.admin.com',
  'connection' => 'keep-alive',
  'user-agent' => 'Mozilla/5.0 (X11; Linux x86_64) AppleWebKit/537.36 (KHTML, like Gecko) Ubuntu Chromium/63.0.3239.84 Chrome/63.0.3239.84 Safari/537.36',
  'accept' => 'image/webp,image/apng,image/*,*/*;q=0.8',
  'referer' => 'http://changzhou.admin.com/volunteer/news/select?category[name]=sqzyz&page=1&limit=1',
  'accept-encoding' => 'gzip, deflate',
  'accept-language' => 'zh-CN,zh;q=0.9',
  'cookie' => '__utma=263463772.1899665212.1506839425.1508554965.1508632765.5; __utmz=263463772.1506839425.1.1.utmcsr=(direct)|utmccn=(direct)|utmcmd=(none)',
)
[ info ] [ PARAM ] array (
)
[ info ] [ RUN ] app\index\controller\Index->index[ /home/calf/admin/changzhou/application/index/controller/Index.php ]
[ info ] [ VIEW ] /home/calf/admin/changzhou/application/index/view/index/index.html [ array (
) ]
[ info ] [ LOG ] INIT File
